ERROR - 2024-10-15 09:45:06 --> mysqli_sql_exception: Cannot add or update a child row: a foreign key constraint fails (`cointic_template`.`catproduct_fort`, CONSTRAINT `catproduct_fort_ibfk_1` FOREIGN KEY (`idrel`) REFERENCES `relmarcasolucion` (`idrel`) ON DELETE RESTRICT ON UPDATE CASCADE) in C:\wamp64\www\Api_Template\system\Database\MySQLi\Connection.php:295
Stack trace:
#0 C:\wamp64\www\Api_Template\system\Database\MySQLi\Connection.php(295): mysqli->query('UPDATE `CatProd...', 0)
#1 C:\wamp64\www\Api_Template\system\Database\BaseConnection.php(691): CodeIgniter\Database\MySQLi\Connection->execute('UPDATE `CatProd...')
#2 C:\wamp64\www\Api_Template\system\Database\BaseConnection.php(605): CodeIgniter\Database\BaseConnection->simpleQuery('UPDATE `CatProd...')
#3 C:\wamp64\www\Api_Template\system\Database\BaseBuilder.php(2476): CodeIgniter\Database\BaseConnection->query('UPDATE `CatProd...', Array, false)
#4 C:\wamp64\www\Api_Template\app\Models\Producto.php(49): CodeIgniter\Database\BaseBuilder->update(Array)
#5 C:\wamp64\www\Api_Template\app\Controllers\Productos.php(96): App\Models\Producto->actualizarProductos('1', Array)
#6 C:\wamp64\www\Api_Template\system\CodeIgniter.php(934): App\Controllers\Productos->LeerExcel()
#7 C:\wamp64\www\Api_Template\system\CodeIgniter.php(499): CodeIgniter\CodeIgniter->runController(Object(App\Controllers\Productos))
#8 C:\wamp64\www\Api_Template\system\CodeIgniter.php(368): CodeIgniter\CodeIgniter->handleRequest(NULL, Object(Config\Cache), false)
#9 C:\wamp64\www\Api_Template\index.php(73): CodeIgniter\CodeIgniter->run()
#10 {main}
CRITICAL - 2024-10-15 09:45:06 --> Cannot add or update a child row: a foreign key constraint fails (`cointic_template`.`catproduct_fort`, CONSTRAINT `catproduct_fort_ibfk_1` FOREIGN KEY (`idrel`) REFERENCES `relmarcasolucion` (`idrel`) ON DELETE RESTRICT ON UPDATE CASCADE)
in SYSTEMPATH\Database\BaseConnection.php on line 645.
 1 SYSTEMPATH\Database\BaseBuilder.php(2476): CodeIgniter\Database\BaseConnection->query('UPDATE `CatProduct_Fort` SET `Unit` = :Unit:, `SKU` = :SKU:, `Description` = :Description:, `Price` = :Price:, `Contract_1Yr` = :Contract_1Yr:, `Contract_2Yr` = :Contract_2Yr:, `Contract_3Yr` = :Contract_3Yr:, `Contract_4Yr` = :Contract_4Yr:, `Contract_5Yr` = :Contract_5Yr:, `Comments` = :Comments:, `Category` = :Category:, `idrel` = :idrel:
WHERE `idProducto_Fort` = :idProducto_Fort:', [...], false)
 2 APPPATH\Models\Producto.php(49): CodeIgniter\Database\BaseBuilder->update([...])
 3 APPPATH\Controllers\Productos.php(96): App\Models\Producto->actualizarProductos('1', [...])
 4 SYSTEMPATH\CodeIgniter.php(934): App\Controllers\Productos->LeerExcel()
 5 SYSTEMPATH\CodeIgniter.php(499): CodeIgniter\CodeIgniter->runController(Object(App\Controllers\Productos))
 6 SYSTEMPATH\CodeIgniter.php(368): CodeIgniter\CodeIgniter->handleRequest(null, Object(Config\Cache), false)
 7 FCPATH\index.php(73): CodeIgniter\CodeIgniter->run()
ERROR - 2024-10-15 09:45:10 --> mysqli_sql_exception: Cannot add or update a child row: a foreign key constraint fails (`cointic_template`.`catproduct_fort`, CONSTRAINT `catproduct_fort_ibfk_1` FOREIGN KEY (`idrel`) REFERENCES `relmarcasolucion` (`idrel`) ON DELETE RESTRICT ON UPDATE CASCADE) in C:\wamp64\www\Api_Template\system\Database\MySQLi\Connection.php:295
Stack trace:
#0 C:\wamp64\www\Api_Template\system\Database\MySQLi\Connection.php(295): mysqli->query('UPDATE `CatProd...', 0)
#1 C:\wamp64\www\Api_Template\system\Database\BaseConnection.php(691): CodeIgniter\Database\MySQLi\Connection->execute('UPDATE `CatProd...')
#2 C:\wamp64\www\Api_Template\system\Database\BaseConnection.php(605): CodeIgniter\Database\BaseConnection->simpleQuery('UPDATE `CatProd...')
#3 C:\wamp64\www\Api_Template\system\Database\BaseBuilder.php(2476): CodeIgniter\Database\BaseConnection->query('UPDATE `CatProd...', Array, false)
#4 C:\wamp64\www\Api_Template\app\Models\Producto.php(49): CodeIgniter\Database\BaseBuilder->update(Array)
#5 C:\wamp64\www\Api_Template\app\Controllers\Productos.php(96): App\Models\Producto->actualizarProductos('1', Array)
#6 C:\wamp64\www\Api_Template\system\CodeIgniter.php(934): App\Controllers\Productos->LeerExcel()
#7 C:\wamp64\www\Api_Template\system\CodeIgniter.php(499): CodeIgniter\CodeIgniter->runController(Object(App\Controllers\Productos))
#8 C:\wamp64\www\Api_Template\system\CodeIgniter.php(368): CodeIgniter\CodeIgniter->handleRequest(NULL, Object(Config\Cache), false)
#9 C:\wamp64\www\Api_Template\index.php(73): CodeIgniter\CodeIgniter->run()
#10 {main}
CRITICAL - 2024-10-15 09:45:10 --> Cannot add or update a child row: a foreign key constraint fails (`cointic_template`.`catproduct_fort`, CONSTRAINT `catproduct_fort_ibfk_1` FOREIGN KEY (`idrel`) REFERENCES `relmarcasolucion` (`idrel`) ON DELETE RESTRICT ON UPDATE CASCADE)
in SYSTEMPATH\Database\BaseConnection.php on line 645.
 1 SYSTEMPATH\Database\BaseBuilder.php(2476): CodeIgniter\Database\BaseConnection->query('UPDATE `CatProduct_Fort` SET `Unit` = :Unit:, `SKU` = :SKU:, `Description` = :Description:, `Price` = :Price:, `Contract_1Yr` = :Contract_1Yr:, `Contract_2Yr` = :Contract_2Yr:, `Contract_3Yr` = :Contract_3Yr:, `Contract_4Yr` = :Contract_4Yr:, `Contract_5Yr` = :Contract_5Yr:, `Comments` = :Comments:, `Category` = :Category:, `idrel` = :idrel:
WHERE `idProducto_Fort` = :idProducto_Fort:', [...], false)
 2 APPPATH\Models\Producto.php(49): CodeIgniter\Database\BaseBuilder->update([...])
 3 APPPATH\Controllers\Productos.php(96): App\Models\Producto->actualizarProductos('1', [...])
 4 SYSTEMPATH\CodeIgniter.php(934): App\Controllers\Productos->LeerExcel()
 5 SYSTEMPATH\CodeIgniter.php(499): CodeIgniter\CodeIgniter->runController(Object(App\Controllers\Productos))
 6 SYSTEMPATH\CodeIgniter.php(368): CodeIgniter\CodeIgniter->handleRequest(null, Object(Config\Cache), false)
 7 FCPATH\index.php(73): CodeIgniter\CodeIgniter->run()
ERROR - 2024-10-15 09:45:40 --> mysqli_sql_exception: Cannot add or update a child row: a foreign key constraint fails (`cointic_template`.`catproduct_fort`, CONSTRAINT `catproduct_fort_ibfk_1` FOREIGN KEY (`idrel`) REFERENCES `relmarcasolucion` (`idrel`) ON DELETE RESTRICT ON UPDATE CASCADE) in C:\wamp64\www\Api_Template\system\Database\MySQLi\Connection.php:295
Stack trace:
#0 C:\wamp64\www\Api_Template\system\Database\MySQLi\Connection.php(295): mysqli->query('UPDATE `CatProd...', 0)
#1 C:\wamp64\www\Api_Template\system\Database\BaseConnection.php(691): CodeIgniter\Database\MySQLi\Connection->execute('UPDATE `CatProd...')
#2 C:\wamp64\www\Api_Template\system\Database\BaseConnection.php(605): CodeIgniter\Database\BaseConnection->simpleQuery('UPDATE `CatProd...')
#3 C:\wamp64\www\Api_Template\system\Database\BaseBuilder.php(2476): CodeIgniter\Database\BaseConnection->query('UPDATE `CatProd...', Array, false)
#4 C:\wamp64\www\Api_Template\app\Models\Producto.php(49): CodeIgniter\Database\BaseBuilder->update(Array)
#5 C:\wamp64\www\Api_Template\app\Controllers\Productos.php(96): App\Models\Producto->actualizarProductos('1', Array)
#6 C:\wamp64\www\Api_Template\system\CodeIgniter.php(934): App\Controllers\Productos->LeerExcel()
#7 C:\wamp64\www\Api_Template\system\CodeIgniter.php(499): CodeIgniter\CodeIgniter->runController(Object(App\Controllers\Productos))
#8 C:\wamp64\www\Api_Template\system\CodeIgniter.php(368): CodeIgniter\CodeIgniter->handleRequest(NULL, Object(Config\Cache), false)
#9 C:\wamp64\www\Api_Template\index.php(73): CodeIgniter\CodeIgniter->run()
#10 {main}
CRITICAL - 2024-10-15 09:45:40 --> Cannot add or update a child row: a foreign key constraint fails (`cointic_template`.`catproduct_fort`, CONSTRAINT `catproduct_fort_ibfk_1` FOREIGN KEY (`idrel`) REFERENCES `relmarcasolucion` (`idrel`) ON DELETE RESTRICT ON UPDATE CASCADE)
in SYSTEMPATH\Database\BaseConnection.php on line 645.
 1 SYSTEMPATH\Database\BaseBuilder.php(2476): CodeIgniter\Database\BaseConnection->query('UPDATE `CatProduct_Fort` SET `Unit` = :Unit:, `SKU` = :SKU:, `Description` = :Description:, `Price` = :Price:, `Contract_1Yr` = :Contract_1Yr:, `Contract_2Yr` = :Contract_2Yr:, `Contract_3Yr` = :Contract_3Yr:, `Contract_4Yr` = :Contract_4Yr:, `Contract_5Yr` = :Contract_5Yr:, `Comments` = :Comments:, `Category` = :Category:, `idrel` = :idrel:
WHERE `idProducto_Fort` = :idProducto_Fort:', [...], false)
 2 APPPATH\Models\Producto.php(49): CodeIgniter\Database\BaseBuilder->update([...])
 3 APPPATH\Controllers\Productos.php(96): App\Models\Producto->actualizarProductos('1', [...])
 4 SYSTEMPATH\CodeIgniter.php(934): App\Controllers\Productos->LeerExcel()
 5 SYSTEMPATH\CodeIgniter.php(499): CodeIgniter\CodeIgniter->runController(Object(App\Controllers\Productos))
 6 SYSTEMPATH\CodeIgniter.php(368): CodeIgniter\CodeIgniter->handleRequest(null, Object(Config\Cache), false)
 7 FCPATH\index.php(73): CodeIgniter\CodeIgniter->run()
ERROR - 2024-10-15 09:46:28 --> mysqli_sql_exception: Cannot add or update a child row: a foreign key constraint fails (`cointic_template`.`catproduct_fort`, CONSTRAINT `catproduct_fort_ibfk_1` FOREIGN KEY (`idrel`) REFERENCES `relmarcasolucion` (`idrel`) ON DELETE RESTRICT ON UPDATE CASCADE) in C:\wamp64\www\Api_Template\system\Database\MySQLi\Connection.php:295
Stack trace:
#0 C:\wamp64\www\Api_Template\system\Database\MySQLi\Connection.php(295): mysqli->query('UPDATE `CatProd...', 0)
#1 C:\wamp64\www\Api_Template\system\Database\BaseConnection.php(691): CodeIgniter\Database\MySQLi\Connection->execute('UPDATE `CatProd...')
#2 C:\wamp64\www\Api_Template\system\Database\BaseConnection.php(605): CodeIgniter\Database\BaseConnection->simpleQuery('UPDATE `CatProd...')
#3 C:\wamp64\www\Api_Template\system\Database\BaseBuilder.php(2476): CodeIgniter\Database\BaseConnection->query('UPDATE `CatProd...', Array, false)
#4 C:\wamp64\www\Api_Template\app\Models\Producto.php(49): CodeIgniter\Database\BaseBuilder->update(Array)
#5 C:\wamp64\www\Api_Template\app\Controllers\Productos.php(96): App\Models\Producto->actualizarProductos('1', Array)
#6 C:\wamp64\www\Api_Template\system\CodeIgniter.php(934): App\Controllers\Productos->LeerExcel()
#7 C:\wamp64\www\Api_Template\system\CodeIgniter.php(499): CodeIgniter\CodeIgniter->runController(Object(App\Controllers\Productos))
#8 C:\wamp64\www\Api_Template\system\CodeIgniter.php(368): CodeIgniter\CodeIgniter->handleRequest(NULL, Object(Config\Cache), false)
#9 C:\wamp64\www\Api_Template\index.php(73): CodeIgniter\CodeIgniter->run()
#10 {main}
CRITICAL - 2024-10-15 09:46:28 --> Cannot add or update a child row: a foreign key constraint fails (`cointic_template`.`catproduct_fort`, CONSTRAINT `catproduct_fort_ibfk_1` FOREIGN KEY (`idrel`) REFERENCES `relmarcasolucion` (`idrel`) ON DELETE RESTRICT ON UPDATE CASCADE)
in SYSTEMPATH\Database\BaseConnection.php on line 645.
 1 SYSTEMPATH\Database\BaseBuilder.php(2476): CodeIgniter\Database\BaseConnection->query('UPDATE `CatProduct_Fort` SET `Unit` = :Unit:, `SKU` = :SKU:, `Description` = :Description:, `Price` = :Price:, `Contract_1Yr` = :Contract_1Yr:, `Contract_2Yr` = :Contract_2Yr:, `Contract_3Yr` = :Contract_3Yr:, `Contract_4Yr` = :Contract_4Yr:, `Contract_5Yr` = :Contract_5Yr:, `Comments` = :Comments:, `Category` = :Category:, `idrel` = :idrel:
WHERE `idProducto_Fort` = :idProducto_Fort:', [...], false)
 2 APPPATH\Models\Producto.php(49): CodeIgniter\Database\BaseBuilder->update([...])
 3 APPPATH\Controllers\Productos.php(96): App\Models\Producto->actualizarProductos('1', [...])
 4 SYSTEMPATH\CodeIgniter.php(934): App\Controllers\Productos->LeerExcel()
 5 SYSTEMPATH\CodeIgniter.php(499): CodeIgniter\CodeIgniter->runController(Object(App\Controllers\Productos))
 6 SYSTEMPATH\CodeIgniter.php(368): CodeIgniter\CodeIgniter->handleRequest(null, Object(Config\Cache), false)
 7 FCPATH\index.php(73): CodeIgniter\CodeIgniter->run()
ERROR - 2024-10-15 09:49:30 --> mysqli_sql_exception: Cannot add or update a child row: a foreign key constraint fails (`cointic_template`.`catproduct_fort`, CONSTRAINT `catproduct_fort_ibfk_1` FOREIGN KEY (`idrel`) REFERENCES `relmarcasolucion` (`idrel`) ON DELETE RESTRICT ON UPDATE CASCADE) in C:\wamp64\www\Api_Template\system\Database\MySQLi\Connection.php:295
Stack trace:
#0 C:\wamp64\www\Api_Template\system\Database\MySQLi\Connection.php(295): mysqli->query('UPDATE `CatProd...', 0)
#1 C:\wamp64\www\Api_Template\system\Database\BaseConnection.php(691): CodeIgniter\Database\MySQLi\Connection->execute('UPDATE `CatProd...')
#2 C:\wamp64\www\Api_Template\system\Database\BaseConnection.php(605): CodeIgniter\Database\BaseConnection->simpleQuery('UPDATE `CatProd...')
#3 C:\wamp64\www\Api_Template\system\Database\BaseBuilder.php(2476): CodeIgniter\Database\BaseConnection->query('UPDATE `CatProd...', Array, false)
#4 C:\wamp64\www\Api_Template\app\Models\Producto.php(49): CodeIgniter\Database\BaseBuilder->update(Array)
#5 C:\wamp64\www\Api_Template\app\Controllers\Productos.php(96): App\Models\Producto->actualizarProductos('1', Array)
#6 C:\wamp64\www\Api_Template\system\CodeIgniter.php(934): App\Controllers\Productos->LeerExcel()
#7 C:\wamp64\www\Api_Template\system\CodeIgniter.php(499): CodeIgniter\CodeIgniter->runController(Object(App\Controllers\Productos))
#8 C:\wamp64\www\Api_Template\system\CodeIgniter.php(368): CodeIgniter\CodeIgniter->handleRequest(NULL, Object(Config\Cache), false)
#9 C:\wamp64\www\Api_Template\index.php(73): CodeIgniter\CodeIgniter->run()
#10 {main}
CRITICAL - 2024-10-15 09:49:30 --> Cannot add or update a child row: a foreign key constraint fails (`cointic_template`.`catproduct_fort`, CONSTRAINT `catproduct_fort_ibfk_1` FOREIGN KEY (`idrel`) REFERENCES `relmarcasolucion` (`idrel`) ON DELETE RESTRICT ON UPDATE CASCADE)
in SYSTEMPATH\Database\BaseConnection.php on line 645.
 1 SYSTEMPATH\Database\BaseBuilder.php(2476): CodeIgniter\Database\BaseConnection->query('UPDATE `CatProduct_Fort` SET `Unit` = :Unit:, `SKU` = :SKU:, `Description` = :Description:, `Price` = :Price:, `Contract_1Yr` = :Contract_1Yr:, `Contract_2Yr` = :Contract_2Yr:, `Contract_3Yr` = :Contract_3Yr:, `Contract_4Yr` = :Contract_4Yr:, `Contract_5Yr` = :Contract_5Yr:, `Comments` = :Comments:, `Category` = :Category:, `idrel` = :idrel:
WHERE `idProducto_Fort` = :idProducto_Fort:', [...], false)
 2 APPPATH\Models\Producto.php(49): CodeIgniter\Database\BaseBuilder->update([...])
 3 APPPATH\Controllers\Productos.php(96): App\Models\Producto->actualizarProductos('1', [...])
 4 SYSTEMPATH\CodeIgniter.php(934): App\Controllers\Productos->LeerExcel()
 5 SYSTEMPATH\CodeIgniter.php(499): CodeIgniter\CodeIgniter->runController(Object(App\Controllers\Productos))
 6 SYSTEMPATH\CodeIgniter.php(368): CodeIgniter\CodeIgniter->handleRequest(null, Object(Config\Cache), false)
 7 FCPATH\index.php(73): CodeIgniter\CodeIgniter->run()
ERROR - 2024-10-15 09:51:54 --> mysqli_sql_exception: Cannot add or update a child row: a foreign key constraint fails (`cointic_template`.`catproduct_fort`, CONSTRAINT `catproduct_fort_ibfk_1` FOREIGN KEY (`idrel`) REFERENCES `relmarcasolucion` (`idrel`) ON DELETE RESTRICT ON UPDATE CASCADE) in C:\wamp64\www\Api_Template\system\Database\MySQLi\Connection.php:295
Stack trace:
#0 C:\wamp64\www\Api_Template\system\Database\MySQLi\Connection.php(295): mysqli->query('INSERT INTO `Ca...', 0)
#1 C:\wamp64\www\Api_Template\system\Database\BaseConnection.php(691): CodeIgniter\Database\MySQLi\Connection->execute('INSERT INTO `Ca...')
#2 C:\wamp64\www\Api_Template\system\Database\BaseConnection.php(605): CodeIgniter\Database\BaseConnection->simpleQuery('INSERT INTO `Ca...')
#3 C:\wamp64\www\Api_Template\system\Database\BaseBuilder.php(2309): CodeIgniter\Database\BaseConnection->query('INSERT INTO `Ca...', Array, false)
#4 C:\wamp64\www\Api_Template\app\Models\Producto.php(40): CodeIgniter\Database\BaseBuilder->insert(Array)
#5 C:\wamp64\www\Api_Template\app\Controllers\Productos.php(99): App\Models\Producto->crearProducto(Array)
#6 C:\wamp64\www\Api_Template\system\CodeIgniter.php(934): App\Controllers\Productos->LeerExcel()
#7 C:\wamp64\www\Api_Template\system\CodeIgniter.php(499): CodeIgniter\CodeIgniter->runController(Object(App\Controllers\Productos))
#8 C:\wamp64\www\Api_Template\system\CodeIgniter.php(368): CodeIgniter\CodeIgniter->handleRequest(NULL, Object(Config\Cache), false)
#9 C:\wamp64\www\Api_Template\index.php(73): CodeIgniter\CodeIgniter->run()
#10 {main}
CRITICAL - 2024-10-15 09:51:54 --> Cannot add or update a child row: a foreign key constraint fails (`cointic_template`.`catproduct_fort`, CONSTRAINT `catproduct_fort_ibfk_1` FOREIGN KEY (`idrel`) REFERENCES `relmarcasolucion` (`idrel`) ON DELETE RESTRICT ON UPDATE CASCADE)
in SYSTEMPATH\Database\BaseConnection.php on line 645.
 1 SYSTEMPATH\Database\BaseBuilder.php(2309): CodeIgniter\Database\BaseConnection->query('INSERT INTO `CatProduct_Fort` (`Unit`, `SKU`, `Description`, `Price`, `Contract_1Yr`, `Contract_2Yr`, `Contract_3Yr`, `Contract_4Yr`, `Contract_5Yr`, `Comments`, `Category`, `idrel`) VALUES (:Unit:, :SKU:, :Description:, :Price:, :Contract_1Yr:, :Contract_2Yr:, :Contract_3Yr:, :Contract_4Yr:, :Contract_5Yr:, :Comments:, :Category:, :idrel:)', [...], false)
 2 APPPATH\Models\Producto.php(40): CodeIgniter\Database\BaseBuilder->insert([...])
 3 APPPATH\Controllers\Productos.php(99): App\Models\Producto->crearProducto([...])
 4 SYSTEMPATH\CodeIgniter.php(934): App\Controllers\Productos->LeerExcel()
 5 SYSTEMPATH\CodeIgniter.php(499): CodeIgniter\CodeIgniter->runController(Object(App\Controllers\Productos))
 6 SYSTEMPATH\CodeIgniter.php(368): CodeIgniter\CodeIgniter->handleRequest(null, Object(Config\Cache), false)
 7 FCPATH\index.php(73): CodeIgniter\CodeIgniter->run()
ERROR - 2024-10-15 09:53:29 --> mysqli_sql_exception: Cannot add or update a child row: a foreign key constraint fails (`cointic_template`.`catproduct_fort`, CONSTRAINT `catproduct_fort_ibfk_1` FOREIGN KEY (`idrel`) REFERENCES `relmarcasolucion` (`idrel`) ON DELETE RESTRICT ON UPDATE CASCADE) in C:\wamp64\www\Api_Template\system\Database\MySQLi\Connection.php:295
Stack trace:
#0 C:\wamp64\www\Api_Template\system\Database\MySQLi\Connection.php(295): mysqli->query('UPDATE `CatProd...', 0)
#1 C:\wamp64\www\Api_Template\system\Database\BaseConnection.php(691): CodeIgniter\Database\MySQLi\Connection->execute('UPDATE `CatProd...')
#2 C:\wamp64\www\Api_Template\system\Database\BaseConnection.php(605): CodeIgniter\Database\BaseConnection->simpleQuery('UPDATE `CatProd...')
#3 C:\wamp64\www\Api_Template\system\Database\BaseBuilder.php(2476): CodeIgniter\Database\BaseConnection->query('UPDATE `CatProd...', Array, false)
#4 C:\wamp64\www\Api_Template\app\Models\Producto.php(49): CodeIgniter\Database\BaseBuilder->update(Array)
#5 C:\wamp64\www\Api_Template\app\Controllers\Productos.php(96): App\Models\Producto->actualizarProductos('1', Array)
#6 C:\wamp64\www\Api_Template\system\CodeIgniter.php(934): App\Controllers\Productos->LeerExcel()
#7 C:\wamp64\www\Api_Template\system\CodeIgniter.php(499): CodeIgniter\CodeIgniter->runController(Object(App\Controllers\Productos))
#8 C:\wamp64\www\Api_Template\system\CodeIgniter.php(368): CodeIgniter\CodeIgniter->handleRequest(NULL, Object(Config\Cache), false)
#9 C:\wamp64\www\Api_Template\index.php(73): CodeIgniter\CodeIgniter->run()
#10 {main}
CRITICAL - 2024-10-15 09:53:29 --> Cannot add or update a child row: a foreign key constraint fails (`cointic_template`.`catproduct_fort`, CONSTRAINT `catproduct_fort_ibfk_1` FOREIGN KEY (`idrel`) REFERENCES `relmarcasolucion` (`idrel`) ON DELETE RESTRICT ON UPDATE CASCADE)
in SYSTEMPATH\Database\BaseConnection.php on line 645.
 1 SYSTEMPATH\Database\BaseBuilder.php(2476): CodeIgniter\Database\BaseConnection->query('UPDATE `CatProduct_Fort` SET `Unit` = :Unit:, `SKU` = :SKU:, `Description` = :Description:, `Price` = :Price:, `Contract_1Yr` = :Contract_1Yr:, `Contract_2Yr` = :Contract_2Yr:, `Contract_3Yr` = :Contract_3Yr:, `Contract_4Yr` = :Contract_4Yr:, `Contract_5Yr` = :Contract_5Yr:, `Comments` = :Comments:, `Category` = :Category:, `idrel` = :idrel:
WHERE `idProducto_Fort` = :idProducto_Fort:', [...], false)
 2 APPPATH\Models\Producto.php(49): CodeIgniter\Database\BaseBuilder->update([...])
 3 APPPATH\Controllers\Productos.php(96): App\Models\Producto->actualizarProductos('1', [...])
 4 SYSTEMPATH\CodeIgniter.php(934): App\Controllers\Productos->LeerExcel()
 5 SYSTEMPATH\CodeIgniter.php(499): CodeIgniter\CodeIgniter->runController(Object(App\Controllers\Productos))
 6 SYSTEMPATH\CodeIgniter.php(368): CodeIgniter\CodeIgniter->handleRequest(null, Object(Config\Cache), false)
 7 FCPATH\index.php(73): CodeIgniter\CodeIgniter->run()
ERROR - 2024-10-15 09:55:20 --> mysqli_sql_exception: Cannot add or update a child row: a foreign key constraint fails (`cointic_template`.`catproduct_fort`, CONSTRAINT `catproduct_fort_ibfk_1` FOREIGN KEY (`idrel`) REFERENCES `relmarcasolucion` (`idrel`) ON DELETE RESTRICT ON UPDATE CASCADE) in C:\wamp64\www\Api_Template\system\Database\MySQLi\Connection.php:295
Stack trace:
#0 C:\wamp64\www\Api_Template\system\Database\MySQLi\Connection.php(295): mysqli->query('INSERT INTO `Ca...', 0)
#1 C:\wamp64\www\Api_Template\system\Database\BaseConnection.php(691): CodeIgniter\Database\MySQLi\Connection->execute('INSERT INTO `Ca...')
#2 C:\wamp64\www\Api_Template\system\Database\BaseConnection.php(605): CodeIgniter\Database\BaseConnection->simpleQuery('INSERT INTO `Ca...')
#3 C:\wamp64\www\Api_Template\system\Database\BaseBuilder.php(2309): CodeIgniter\Database\BaseConnection->query('INSERT INTO `Ca...', Array, false)
#4 C:\wamp64\www\Api_Template\app\Models\Producto.php(40): CodeIgniter\Database\BaseBuilder->insert(Array)
#5 C:\wamp64\www\Api_Template\app\Controllers\Productos.php(99): App\Models\Producto->crearProducto(Array)
#6 C:\wamp64\www\Api_Template\system\CodeIgniter.php(934): App\Controllers\Productos->LeerExcel()
#7 C:\wamp64\www\Api_Template\system\CodeIgniter.php(499): CodeIgniter\CodeIgniter->runController(Object(App\Controllers\Productos))
#8 C:\wamp64\www\Api_Template\system\CodeIgniter.php(368): CodeIgniter\CodeIgniter->handleRequest(NULL, Object(Config\Cache), false)
#9 C:\wamp64\www\Api_Template\index.php(73): CodeIgniter\CodeIgniter->run()
#10 {main}
CRITICAL - 2024-10-15 09:55:20 --> Cannot add or update a child row: a foreign key constraint fails (`cointic_template`.`catproduct_fort`, CONSTRAINT `catproduct_fort_ibfk_1` FOREIGN KEY (`idrel`) REFERENCES `relmarcasolucion` (`idrel`) ON DELETE RESTRICT ON UPDATE CASCADE)
in SYSTEMPATH\Database\BaseConnection.php on line 645.
 1 SYSTEMPATH\Database\BaseBuilder.php(2309): CodeIgniter\Database\BaseConnection->query('INSERT INTO `CatProduct_Fort` (`Unit`, `SKU`, `Description`, `Price`, `Contract_1Yr`, `Contract_2Yr`, `Contract_3Yr`, `Contract_4Yr`, `Contract_5Yr`, `Comments`, `Category`, `idrel`) VALUES (:Unit:, :SKU:, :Description:, :Price:, :Contract_1Yr:, :Contract_2Yr:, :Contract_3Yr:, :Contract_4Yr:, :Contract_5Yr:, :Comments:, :Category:, :idrel:)', [...], false)
 2 APPPATH\Models\Producto.php(40): CodeIgniter\Database\BaseBuilder->insert([...])
 3 APPPATH\Controllers\Productos.php(99): App\Models\Producto->crearProducto([...])
 4 SYSTEMPATH\CodeIgniter.php(934): App\Controllers\Productos->LeerExcel()
 5 SYSTEMPATH\CodeIgniter.php(499): CodeIgniter\CodeIgniter->runController(Object(App\Controllers\Productos))
 6 SYSTEMPATH\CodeIgniter.php(368): CodeIgniter\CodeIgniter->handleRequest(null, Object(Config\Cache), false)
 7 FCPATH\index.php(73): CodeIgniter\CodeIgniter->run()
ERROR - 2024-10-15 09:55:39 --> mysqli_sql_exception: Cannot add or update a child row: a foreign key constraint fails (`cointic_template`.`catproduct_fort`, CONSTRAINT `catproduct_fort_ibfk_1` FOREIGN KEY (`idrel`) REFERENCES `relmarcasolucion` (`idrel`) ON DELETE RESTRICT ON UPDATE CASCADE) in C:\wamp64\www\Api_Template\system\Database\MySQLi\Connection.php:295
Stack trace:
#0 C:\wamp64\www\Api_Template\system\Database\MySQLi\Connection.php(295): mysqli->query('UPDATE `CatProd...', 0)
#1 C:\wamp64\www\Api_Template\system\Database\BaseConnection.php(691): CodeIgniter\Database\MySQLi\Connection->execute('UPDATE `CatProd...')
#2 C:\wamp64\www\Api_Template\system\Database\BaseConnection.php(605): CodeIgniter\Database\BaseConnection->simpleQuery('UPDATE `CatProd...')
#3 C:\wamp64\www\Api_Template\system\Database\BaseBuilder.php(2476): CodeIgniter\Database\BaseConnection->query('UPDATE `CatProd...', Array, false)
#4 C:\wamp64\www\Api_Template\app\Models\Producto.php(49): CodeIgniter\Database\BaseBuilder->update(Array)
#5 C:\wamp64\www\Api_Template\app\Controllers\Productos.php(96): App\Models\Producto->actualizarProductos('1', Array)
#6 C:\wamp64\www\Api_Template\system\CodeIgniter.php(934): App\Controllers\Productos->LeerExcel()
#7 C:\wamp64\www\Api_Template\system\CodeIgniter.php(499): CodeIgniter\CodeIgniter->runController(Object(App\Controllers\Productos))
#8 C:\wamp64\www\Api_Template\system\CodeIgniter.php(368): CodeIgniter\CodeIgniter->handleRequest(NULL, Object(Config\Cache), false)
#9 C:\wamp64\www\Api_Template\index.php(73): CodeIgniter\CodeIgniter->run()
#10 {main}
CRITICAL - 2024-10-15 09:55:39 --> Cannot add or update a child row: a foreign key constraint fails (`cointic_template`.`catproduct_fort`, CONSTRAINT `catproduct_fort_ibfk_1` FOREIGN KEY (`idrel`) REFERENCES `relmarcasolucion` (`idrel`) ON DELETE RESTRICT ON UPDATE CASCADE)
in SYSTEMPATH\Database\BaseConnection.php on line 645.
 1 SYSTEMPATH\Database\BaseBuilder.php(2476): CodeIgniter\Database\BaseConnection->query('UPDATE `CatProduct_Fort` SET `Unit` = :Unit:, `SKU` = :SKU:, `Description` = :Description:, `Price` = :Price:, `Contract_1Yr` = :Contract_1Yr:, `Contract_2Yr` = :Contract_2Yr:, `Contract_3Yr` = :Contract_3Yr:, `Contract_4Yr` = :Contract_4Yr:, `Contract_5Yr` = :Contract_5Yr:, `Comments` = :Comments:, `Category` = :Category:, `idrel` = :idrel:
WHERE `idProducto_Fort` = :idProducto_Fort:', [...], false)
 2 APPPATH\Models\Producto.php(49): CodeIgniter\Database\BaseBuilder->update([...])
 3 APPPATH\Controllers\Productos.php(96): App\Models\Producto->actualizarProductos('1', [...])
 4 SYSTEMPATH\CodeIgniter.php(934): App\Controllers\Productos->LeerExcel()
 5 SYSTEMPATH\CodeIgniter.php(499): CodeIgniter\CodeIgniter->runController(Object(App\Controllers\Productos))
 6 SYSTEMPATH\CodeIgniter.php(368): CodeIgniter\CodeIgniter->handleRequest(null, Object(Config\Cache), false)
 7 FCPATH\index.php(73): CodeIgniter\CodeIgniter->run()
ERROR - 2024-10-15 09:56:33 --> mysqli_sql_exception: Cannot add or update a child row: a foreign key constraint fails (`cointic_template`.`catproduct_fort`, CONSTRAINT `catproduct_fort_ibfk_1` FOREIGN KEY (`idrel`) REFERENCES `relmarcasolucion` (`idrel`) ON DELETE RESTRICT ON UPDATE CASCADE) in C:\wamp64\www\Api_Template\system\Database\MySQLi\Connection.php:295
Stack trace:
#0 C:\wamp64\www\Api_Template\system\Database\MySQLi\Connection.php(295): mysqli->query('UPDATE `CatProd...', 0)
#1 C:\wamp64\www\Api_Template\system\Database\BaseConnection.php(691): CodeIgniter\Database\MySQLi\Connection->execute('UPDATE `CatProd...')
#2 C:\wamp64\www\Api_Template\system\Database\BaseConnection.php(605): CodeIgniter\Database\BaseConnection->simpleQuery('UPDATE `CatProd...')
#3 C:\wamp64\www\Api_Template\system\Database\BaseBuilder.php(2476): CodeIgniter\Database\BaseConnection->query('UPDATE `CatProd...', Array, false)
#4 C:\wamp64\www\Api_Template\app\Models\Producto.php(49): CodeIgniter\Database\BaseBuilder->update(Array)
#5 C:\wamp64\www\Api_Template\app\Controllers\Productos.php(96): App\Models\Producto->actualizarProductos('1', Array)
#6 C:\wamp64\www\Api_Template\system\CodeIgniter.php(934): App\Controllers\Productos->LeerExcel()
#7 C:\wamp64\www\Api_Template\system\CodeIgniter.php(499): CodeIgniter\CodeIgniter->runController(Object(App\Controllers\Productos))
#8 C:\wamp64\www\Api_Template\system\CodeIgniter.php(368): CodeIgniter\CodeIgniter->handleRequest(NULL, Object(Config\Cache), false)
#9 C:\wamp64\www\Api_Template\index.php(73): CodeIgniter\CodeIgniter->run()
#10 {main}
CRITICAL - 2024-10-15 09:56:33 --> Cannot add or update a child row: a foreign key constraint fails (`cointic_template`.`catproduct_fort`, CONSTRAINT `catproduct_fort_ibfk_1` FOREIGN KEY (`idrel`) REFERENCES `relmarcasolucion` (`idrel`) ON DELETE RESTRICT ON UPDATE CASCADE)
in SYSTEMPATH\Database\BaseConnection.php on line 645.
 1 SYSTEMPATH\Database\BaseBuilder.php(2476): CodeIgniter\Database\BaseConnection->query('UPDATE `CatProduct_Fort` SET `Unit` = :Unit:, `SKU` = :SKU:, `Description` = :Description:, `Price` = :Price:, `Contract_1Yr` = :Contract_1Yr:, `Contract_2Yr` = :Contract_2Yr:, `Contract_3Yr` = :Contract_3Yr:, `Contract_4Yr` = :Contract_4Yr:, `Contract_5Yr` = :Contract_5Yr:, `Comments` = :Comments:, `Category` = :Category:, `idrel` = :idrel:
WHERE `idProducto_Fort` = :idProducto_Fort:', [...], false)
 2 APPPATH\Models\Producto.php(49): CodeIgniter\Database\BaseBuilder->update([...])
 3 APPPATH\Controllers\Productos.php(96): App\Models\Producto->actualizarProductos('1', [...])
 4 SYSTEMPATH\CodeIgniter.php(934): App\Controllers\Productos->LeerExcel()
 5 SYSTEMPATH\CodeIgniter.php(499): CodeIgniter\CodeIgniter->runController(Object(App\Controllers\Productos))
 6 SYSTEMPATH\CodeIgniter.php(368): CodeIgniter\CodeIgniter->handleRequest(null, Object(Config\Cache), false)
 7 FCPATH\index.php(73): CodeIgniter\CodeIgniter->run()
ERROR - 2024-10-15 09:56:40 --> mysqli_sql_exception: Cannot add or update a child row: a foreign key constraint fails (`cointic_template`.`catproduct_fort`, CONSTRAINT `catproduct_fort_ibfk_1` FOREIGN KEY (`idrel`) REFERENCES `relmarcasolucion` (`idrel`) ON DELETE RESTRICT ON UPDATE CASCADE) in C:\wamp64\www\Api_Template\system\Database\MySQLi\Connection.php:295
Stack trace:
#0 C:\wamp64\www\Api_Template\system\Database\MySQLi\Connection.php(295): mysqli->query('UPDATE `CatProd...', 0)
#1 C:\wamp64\www\Api_Template\system\Database\BaseConnection.php(691): CodeIgniter\Database\MySQLi\Connection->execute('UPDATE `CatProd...')
#2 C:\wamp64\www\Api_Template\system\Database\BaseConnection.php(605): CodeIgniter\Database\BaseConnection->simpleQuery('UPDATE `CatProd...')
#3 C:\wamp64\www\Api_Template\system\Database\BaseBuilder.php(2476): CodeIgniter\Database\BaseConnection->query('UPDATE `CatProd...', Array, false)
#4 C:\wamp64\www\Api_Template\app\Models\Producto.php(49): CodeIgniter\Database\BaseBuilder->update(Array)
#5 C:\wamp64\www\Api_Template\app\Controllers\Productos.php(96): App\Models\Producto->actualizarProductos('1', Array)
#6 C:\wamp64\www\Api_Template\system\CodeIgniter.php(934): App\Controllers\Productos->LeerExcel()
#7 C:\wamp64\www\Api_Template\system\CodeIgniter.php(499): CodeIgniter\CodeIgniter->runController(Object(App\Controllers\Productos))
#8 C:\wamp64\www\Api_Template\system\CodeIgniter.php(368): CodeIgniter\CodeIgniter->handleRequest(NULL, Object(Config\Cache), false)
#9 C:\wamp64\www\Api_Template\index.php(73): CodeIgniter\CodeIgniter->run()
#10 {main}
CRITICAL - 2024-10-15 09:56:40 --> Cannot add or update a child row: a foreign key constraint fails (`cointic_template`.`catproduct_fort`, CONSTRAINT `catproduct_fort_ibfk_1` FOREIGN KEY (`idrel`) REFERENCES `relmarcasolucion` (`idrel`) ON DELETE RESTRICT ON UPDATE CASCADE)
in SYSTEMPATH\Database\BaseConnection.php on line 645.
 1 SYSTEMPATH\Database\BaseBuilder.php(2476): CodeIgniter\Database\BaseConnection->query('UPDATE `CatProduct_Fort` SET `Unit` = :Unit:, `SKU` = :SKU:, `Description` = :Description:, `Price` = :Price:, `Contract_1Yr` = :Contract_1Yr:, `Contract_2Yr` = :Contract_2Yr:, `Contract_3Yr` = :Contract_3Yr:, `Contract_4Yr` = :Contract_4Yr:, `Contract_5Yr` = :Contract_5Yr:, `Comments` = :Comments:, `Category` = :Category:, `idrel` = :idrel:
WHERE `idProducto_Fort` = :idProducto_Fort:', [...], false)
 2 APPPATH\Models\Producto.php(49): CodeIgniter\Database\BaseBuilder->update([...])
 3 APPPATH\Controllers\Productos.php(96): App\Models\Producto->actualizarProductos('1', [...])
 4 SYSTEMPATH\CodeIgniter.php(934): App\Controllers\Productos->LeerExcel()
 5 SYSTEMPATH\CodeIgniter.php(499): CodeIgniter\CodeIgniter->runController(Object(App\Controllers\Productos))
 6 SYSTEMPATH\CodeIgniter.php(368): CodeIgniter\CodeIgniter->handleRequest(null, Object(Config\Cache), false)
 7 FCPATH\index.php(73): CodeIgniter\CodeIgniter->run()
ERROR - 2024-10-15 10:02:00 --> mysqli_sql_exception: Cannot add or update a child row: a foreign key constraint fails (`cointic_template`.`catproduct_fort`, CONSTRAINT `catproduct_fort_ibfk_1` FOREIGN KEY (`idrel`) REFERENCES `relmarcasolucion` (`idrel`) ON DELETE RESTRICT ON UPDATE CASCADE) in C:\wamp64\www\Api_Template\system\Database\MySQLi\Connection.php:295
Stack trace:
#0 C:\wamp64\www\Api_Template\system\Database\MySQLi\Connection.php(295): mysqli->query('UPDATE `CatProd...', 0)
#1 C:\wamp64\www\Api_Template\system\Database\BaseConnection.php(691): CodeIgniter\Database\MySQLi\Connection->execute('UPDATE `CatProd...')
#2 C:\wamp64\www\Api_Template\system\Database\BaseConnection.php(605): CodeIgniter\Database\BaseConnection->simpleQuery('UPDATE `CatProd...')
#3 C:\wamp64\www\Api_Template\system\Database\BaseBuilder.php(2476): CodeIgniter\Database\BaseConnection->query('UPDATE `CatProd...', Array, false)
#4 C:\wamp64\www\Api_Template\app\Models\Producto.php(49): CodeIgniter\Database\BaseBuilder->update(Array)
#5 C:\wamp64\www\Api_Template\app\Controllers\Productos.php(96): App\Models\Producto->actualizarProductos('1', Array)
#6 C:\wamp64\www\Api_Template\system\CodeIgniter.php(934): App\Controllers\Productos->LeerExcel()
#7 C:\wamp64\www\Api_Template\system\CodeIgniter.php(499): CodeIgniter\CodeIgniter->runController(Object(App\Controllers\Productos))
#8 C:\wamp64\www\Api_Template\system\CodeIgniter.php(368): CodeIgniter\CodeIgniter->handleRequest(NULL, Object(Config\Cache), false)
#9 C:\wamp64\www\Api_Template\index.php(73): CodeIgniter\CodeIgniter->run()
#10 {main}
CRITICAL - 2024-10-15 10:02:00 --> Cannot add or update a child row: a foreign key constraint fails (`cointic_template`.`catproduct_fort`, CONSTRAINT `catproduct_fort_ibfk_1` FOREIGN KEY (`idrel`) REFERENCES `relmarcasolucion` (`idrel`) ON DELETE RESTRICT ON UPDATE CASCADE)
in SYSTEMPATH\Database\BaseConnection.php on line 645.
 1 SYSTEMPATH\Database\BaseBuilder.php(2476): CodeIgniter\Database\BaseConnection->query('UPDATE `CatProduct_Fort` SET `Unit` = :Unit:, `SKU` = :SKU:, `Description` = :Description:, `Price` = :Price:, `Contract_1Yr` = :Contract_1Yr:, `Contract_2Yr` = :Contract_2Yr:, `Contract_3Yr` = :Contract_3Yr:, `Contract_4Yr` = :Contract_4Yr:, `Contract_5Yr` = :Contract_5Yr:, `Comments` = :Comments:, `Category` = :Category:, `idrel` = :idrel:
WHERE `idProducto_Fort` = :idProducto_Fort:', [...], false)
 2 APPPATH\Models\Producto.php(49): CodeIgniter\Database\BaseBuilder->update([...])
 3 APPPATH\Controllers\Productos.php(96): App\Models\Producto->actualizarProductos('1', [...])
 4 SYSTEMPATH\CodeIgniter.php(934): App\Controllers\Productos->LeerExcel()
 5 SYSTEMPATH\CodeIgniter.php(499): CodeIgniter\CodeIgniter->runController(Object(App\Controllers\Productos))
 6 SYSTEMPATH\CodeIgniter.php(368): CodeIgniter\CodeIgniter->handleRequest(null, Object(Config\Cache), false)
 7 FCPATH\index.php(73): CodeIgniter\CodeIgniter->run()
ERROR - 2024-10-15 10:04:31 --> mysqli_sql_exception: Cannot add or update a child row: a foreign key constraint fails (`cointic_template`.`catproduct_fort`, CONSTRAINT `catproduct_fort_ibfk_1` FOREIGN KEY (`idrel`) REFERENCES `relmarcasolucion` (`idrel`) ON DELETE RESTRICT ON UPDATE CASCADE) in C:\wamp64\www\Api_Template\system\Database\MySQLi\Connection.php:295
Stack trace:
#0 C:\wamp64\www\Api_Template\system\Database\MySQLi\Connection.php(295): mysqli->query('UPDATE `CatProd...', 0)
#1 C:\wamp64\www\Api_Template\system\Database\BaseConnection.php(691): CodeIgniter\Database\MySQLi\Connection->execute('UPDATE `CatProd...')
#2 C:\wamp64\www\Api_Template\system\Database\BaseConnection.php(605): CodeIgniter\Database\BaseConnection->simpleQuery('UPDATE `CatProd...')
#3 C:\wamp64\www\Api_Template\system\Database\BaseBuilder.php(2476): CodeIgniter\Database\BaseConnection->query('UPDATE `CatProd...', Array, false)
#4 C:\wamp64\www\Api_Template\app\Models\Producto.php(49): CodeIgniter\Database\BaseBuilder->update(Array)
#5 C:\wamp64\www\Api_Template\app\Controllers\Productos.php(97): App\Models\Producto->actualizarProductos('1', Array)
#6 C:\wamp64\www\Api_Template\system\CodeIgniter.php(934): App\Controllers\Productos->LeerExcel()
#7 C:\wamp64\www\Api_Template\system\CodeIgniter.php(499): CodeIgniter\CodeIgniter->runController(Object(App\Controllers\Productos))
#8 C:\wamp64\www\Api_Template\system\CodeIgniter.php(368): CodeIgniter\CodeIgniter->handleRequest(NULL, Object(Config\Cache), false)
#9 C:\wamp64\www\Api_Template\index.php(73): CodeIgniter\CodeIgniter->run()
#10 {main}
CRITICAL - 2024-10-15 10:04:31 --> Cannot add or update a child row: a foreign key constraint fails (`cointic_template`.`catproduct_fort`, CONSTRAINT `catproduct_fort_ibfk_1` FOREIGN KEY (`idrel`) REFERENCES `relmarcasolucion` (`idrel`) ON DELETE RESTRICT ON UPDATE CASCADE)
in SYSTEMPATH\Database\BaseConnection.php on line 645.
 1 SYSTEMPATH\Database\BaseBuilder.php(2476): CodeIgniter\Database\BaseConnection->query('UPDATE `CatProduct_Fort` SET `Unit` = :Unit:, `SKU` = :SKU:, `Description` = :Description:, `Price` = :Price:, `Contract_1Yr` = :Contract_1Yr:, `Contract_2Yr` = :Contract_2Yr:, `Contract_3Yr` = :Contract_3Yr:, `Contract_4Yr` = :Contract_4Yr:, `Contract_5Yr` = :Contract_5Yr:, `Comments` = :Comments:, `Category` = :Category:, `idrel` = :idrel:
WHERE `idProducto_Fort` = :idProducto_Fort:', [...], false)
 2 APPPATH\Models\Producto.php(49): CodeIgniter\Database\BaseBuilder->update([...])
 3 APPPATH\Controllers\Productos.php(97): App\Models\Producto->actualizarProductos('1', [...])
 4 SYSTEMPATH\CodeIgniter.php(934): App\Controllers\Productos->LeerExcel()
 5 SYSTEMPATH\CodeIgniter.php(499): CodeIgniter\CodeIgniter->runController(Object(App\Controllers\Productos))
 6 SYSTEMPATH\CodeIgniter.php(368): CodeIgniter\CodeIgniter->handleRequest(null, Object(Config\Cache), false)
 7 FCPATH\index.php(73): CodeIgniter\CodeIgniter->run()
ERROR - 2024-10-15 10:05:54 --> mysqli_sql_exception: Cannot add or update a child row: a foreign key constraint fails (`cointic_template`.`catproduct_fort`, CONSTRAINT `catproduct_fort_ibfk_1` FOREIGN KEY (`idrel`) REFERENCES `relmarcasolucion` (`idrel`) ON DELETE RESTRICT ON UPDATE CASCADE) in C:\wamp64\www\Api_Template\system\Database\MySQLi\Connection.php:295
Stack trace:
#0 C:\wamp64\www\Api_Template\system\Database\MySQLi\Connection.php(295): mysqli->query('UPDATE `CatProd...', 0)
#1 C:\wamp64\www\Api_Template\system\Database\BaseConnection.php(691): CodeIgniter\Database\MySQLi\Connection->execute('UPDATE `CatProd...')
#2 C:\wamp64\www\Api_Template\system\Database\BaseConnection.php(605): CodeIgniter\Database\BaseConnection->simpleQuery('UPDATE `CatProd...')
#3 C:\wamp64\www\Api_Template\system\Database\BaseBuilder.php(2476): CodeIgniter\Database\BaseConnection->query('UPDATE `CatProd...', Array, false)
#4 C:\wamp64\www\Api_Template\app\Models\Producto.php(49): CodeIgniter\Database\BaseBuilder->update(Array)
#5 C:\wamp64\www\Api_Template\app\Controllers\Productos.php(97): App\Models\Producto->actualizarProductos('1', Array)
#6 C:\wamp64\www\Api_Template\system\CodeIgniter.php(934): App\Controllers\Productos->LeerExcel()
#7 C:\wamp64\www\Api_Template\system\CodeIgniter.php(499): CodeIgniter\CodeIgniter->runController(Object(App\Controllers\Productos))
#8 C:\wamp64\www\Api_Template\system\CodeIgniter.php(368): CodeIgniter\CodeIgniter->handleRequest(NULL, Object(Config\Cache), false)
#9 C:\wamp64\www\Api_Template\index.php(73): CodeIgniter\CodeIgniter->run()
#10 {main}
CRITICAL - 2024-10-15 10:05:54 --> Cannot add or update a child row: a foreign key constraint fails (`cointic_template`.`catproduct_fort`, CONSTRAINT `catproduct_fort_ibfk_1` FOREIGN KEY (`idrel`) REFERENCES `relmarcasolucion` (`idrel`) ON DELETE RESTRICT ON UPDATE CASCADE)
in SYSTEMPATH\Database\BaseConnection.php on line 645.
 1 SYSTEMPATH\Database\BaseBuilder.php(2476): CodeIgniter\Database\BaseConnection->query('UPDATE `CatProduct_Fort` SET `Unit` = :Unit:, `SKU` = :SKU:, `Description` = :Description:, `Price` = :Price:, `Contract_1Yr` = :Contract_1Yr:, `Contract_2Yr` = :Contract_2Yr:, `Contract_3Yr` = :Contract_3Yr:, `Contract_4Yr` = :Contract_4Yr:, `Contract_5Yr` = :Contract_5Yr:, `Comments` = :Comments:, `Category` = :Category:, `idrel` = :idrel:
WHERE `idProducto_Fort` = :idProducto_Fort:', [...], false)
 2 APPPATH\Models\Producto.php(49): CodeIgniter\Database\BaseBuilder->update([...])
 3 APPPATH\Controllers\Productos.php(97): App\Models\Producto->actualizarProductos('1', [...])
 4 SYSTEMPATH\CodeIgniter.php(934): App\Controllers\Productos->LeerExcel()
 5 SYSTEMPATH\CodeIgniter.php(499): CodeIgniter\CodeIgniter->runController(Object(App\Controllers\Productos))
 6 SYSTEMPATH\CodeIgniter.php(368): CodeIgniter\CodeIgniter->handleRequest(null, Object(Config\Cache), false)
 7 FCPATH\index.php(73): CodeIgniter\CodeIgniter->run()
ERROR - 2024-10-15 10:09:45 --> mysqli_sql_exception: Cannot add or update a child row: a foreign key constraint fails (`cointic_template`.`catproduct_fort`, CONSTRAINT `catproduct_fort_ibfk_1` FOREIGN KEY (`idrel`) REFERENCES `relmarcasolucion` (`idrel`) ON DELETE RESTRICT ON UPDATE CASCADE) in C:\wamp64\www\Api_Template\system\Database\MySQLi\Connection.php:295
Stack trace:
#0 C:\wamp64\www\Api_Template\system\Database\MySQLi\Connection.php(295): mysqli->query('UPDATE `CatProd...', 0)
#1 C:\wamp64\www\Api_Template\system\Database\BaseConnection.php(691): CodeIgniter\Database\MySQLi\Connection->execute('UPDATE `CatProd...')
#2 C:\wamp64\www\Api_Template\system\Database\BaseConnection.php(605): CodeIgniter\Database\BaseConnection->simpleQuery('UPDATE `CatProd...')
#3 C:\wamp64\www\Api_Template\system\Database\BaseBuilder.php(2476): CodeIgniter\Database\BaseConnection->query('UPDATE `CatProd...', Array, false)
#4 C:\wamp64\www\Api_Template\app\Models\Producto.php(49): CodeIgniter\Database\BaseBuilder->update(Array)
#5 C:\wamp64\www\Api_Template\app\Controllers\Productos.php(98): App\Models\Producto->actualizarProductos('1', Array)
#6 C:\wamp64\www\Api_Template\system\CodeIgniter.php(934): App\Controllers\Productos->LeerExcel()
#7 C:\wamp64\www\Api_Template\system\CodeIgniter.php(499): CodeIgniter\CodeIgniter->runController(Object(App\Controllers\Productos))
#8 C:\wamp64\www\Api_Template\system\CodeIgniter.php(368): CodeIgniter\CodeIgniter->handleRequest(NULL, Object(Config\Cache), false)
#9 C:\wamp64\www\Api_Template\index.php(73): CodeIgniter\CodeIgniter->run()
#10 {main}
CRITICAL - 2024-10-15 10:09:45 --> Cannot add or update a child row: a foreign key constraint fails (`cointic_template`.`catproduct_fort`, CONSTRAINT `catproduct_fort_ibfk_1` FOREIGN KEY (`idrel`) REFERENCES `relmarcasolucion` (`idrel`) ON DELETE RESTRICT ON UPDATE CASCADE)
in SYSTEMPATH\Database\BaseConnection.php on line 645.
 1 SYSTEMPATH\Database\BaseBuilder.php(2476): CodeIgniter\Database\BaseConnection->query('UPDATE `CatProduct_Fort` SET `Unit` = :Unit:, `SKU` = :SKU:, `Description` = :Description:, `Price` = :Price:, `Contract_1Yr` = :Contract_1Yr:, `Contract_2Yr` = :Contract_2Yr:, `Contract_3Yr` = :Contract_3Yr:, `Contract_4Yr` = :Contract_4Yr:, `Contract_5Yr` = :Contract_5Yr:, `Comments` = :Comments:, `Category` = :Category:, `idrel` = :idrel:
WHERE `idProducto_Fort` = :idProducto_Fort:', [...], false)
 2 APPPATH\Models\Producto.php(49): CodeIgniter\Database\BaseBuilder->update([...])
 3 APPPATH\Controllers\Productos.php(98): App\Models\Producto->actualizarProductos('1', [...])
 4 SYSTEMPATH\CodeIgniter.php(934): App\Controllers\Productos->LeerExcel()
 5 SYSTEMPATH\CodeIgniter.php(499): CodeIgniter\CodeIgniter->runController(Object(App\Controllers\Productos))
 6 SYSTEMPATH\CodeIgniter.php(368): CodeIgniter\CodeIgniter->handleRequest(null, Object(Config\Cache), false)
 7 FCPATH\index.php(73): CodeIgniter\CodeIgniter->run()
ERROR - 2024-10-15 10:10:50 --> mysqli_sql_exception: Cannot add or update a child row: a foreign key constraint fails (`cointic_template`.`catproduct_fort`, CONSTRAINT `catproduct_fort_ibfk_1` FOREIGN KEY (`idrel`) REFERENCES `relmarcasolucion` (`idrel`) ON DELETE RESTRICT ON UPDATE CASCADE) in C:\wamp64\www\Api_Template\system\Database\MySQLi\Connection.php:295
Stack trace:
#0 C:\wamp64\www\Api_Template\system\Database\MySQLi\Connection.php(295): mysqli->query('UPDATE `CatProd...', 0)
#1 C:\wamp64\www\Api_Template\system\Database\BaseConnection.php(691): CodeIgniter\Database\MySQLi\Connection->execute('UPDATE `CatProd...')
#2 C:\wamp64\www\Api_Template\system\Database\BaseConnection.php(605): CodeIgniter\Database\BaseConnection->simpleQuery('UPDATE `CatProd...')
#3 C:\wamp64\www\Api_Template\system\Database\BaseBuilder.php(2476): CodeIgniter\Database\BaseConnection->query('UPDATE `CatProd...', Array, false)
#4 C:\wamp64\www\Api_Template\app\Models\Producto.php(49): CodeIgniter\Database\BaseBuilder->update(Array)
#5 C:\wamp64\www\Api_Template\app\Controllers\Productos.php(99): App\Models\Producto->actualizarProductos('1', Array)
#6 C:\wamp64\www\Api_Template\system\CodeIgniter.php(934): App\Controllers\Productos->LeerExcel()
#7 C:\wamp64\www\Api_Template\system\CodeIgniter.php(499): CodeIgniter\CodeIgniter->runController(Object(App\Controllers\Productos))
#8 C:\wamp64\www\Api_Template\system\CodeIgniter.php(368): CodeIgniter\CodeIgniter->handleRequest(NULL, Object(Config\Cache), false)
#9 C:\wamp64\www\Api_Template\index.php(73): CodeIgniter\CodeIgniter->run()
#10 {main}
CRITICAL - 2024-10-15 10:10:50 --> Cannot add or update a child row: a foreign key constraint fails (`cointic_template`.`catproduct_fort`, CONSTRAINT `catproduct_fort_ibfk_1` FOREIGN KEY (`idrel`) REFERENCES `relmarcasolucion` (`idrel`) ON DELETE RESTRICT ON UPDATE CASCADE)
in SYSTEMPATH\Database\BaseConnection.php on line 645.
 1 SYSTEMPATH\Database\BaseBuilder.php(2476): CodeIgniter\Database\BaseConnection->query('UPDATE `CatProduct_Fort` SET `Unit` = :Unit:, `SKU` = :SKU:, `Description` = :Description:, `Price` = :Price:, `Contract_1Yr` = :Contract_1Yr:, `Contract_2Yr` = :Contract_2Yr:, `Contract_3Yr` = :Contract_3Yr:, `Contract_4Yr` = :Contract_4Yr:, `Contract_5Yr` = :Contract_5Yr:, `Comments` = :Comments:, `Category` = :Category:, `idrel` = :idrel:
WHERE `idProducto_Fort` = :idProducto_Fort:', [...], false)
 2 APPPATH\Models\Producto.php(49): CodeIgniter\Database\BaseBuilder->update([...])
 3 APPPATH\Controllers\Productos.php(99): App\Models\Producto->actualizarProductos('1', [...])
 4 SYSTEMPATH\CodeIgniter.php(934): App\Controllers\Productos->LeerExcel()
 5 SYSTEMPATH\CodeIgniter.php(499): CodeIgniter\CodeIgniter->runController(Object(App\Controllers\Productos))
 6 SYSTEMPATH\CodeIgniter.php(368): CodeIgniter\CodeIgniter->handleRequest(null, Object(Config\Cache), false)
 7 FCPATH\index.php(73): CodeIgniter\CodeIgniter->run()
ERROR - 2024-10-15 10:12:00 --> mysqli_sql_exception: Cannot add or update a child row: a foreign key constraint fails (`cointic_template`.`catproduct_fort`, CONSTRAINT `catproduct_fort_ibfk_1` FOREIGN KEY (`idrel`) REFERENCES `relmarcasolucion` (`idrel`) ON DELETE RESTRICT ON UPDATE CASCADE) in C:\wamp64\www\Api_Template\system\Database\MySQLi\Connection.php:295
Stack trace:
#0 C:\wamp64\www\Api_Template\system\Database\MySQLi\Connection.php(295): mysqli->query('UPDATE `CatProd...', 0)
#1 C:\wamp64\www\Api_Template\system\Database\BaseConnection.php(691): CodeIgniter\Database\MySQLi\Connection->execute('UPDATE `CatProd...')
#2 C:\wamp64\www\Api_Template\system\Database\BaseConnection.php(605): CodeIgniter\Database\BaseConnection->simpleQuery('UPDATE `CatProd...')
#3 C:\wamp64\www\Api_Template\system\Database\BaseBuilder.php(2476): CodeIgniter\Database\BaseConnection->query('UPDATE `CatProd...', Array, false)
#4 C:\wamp64\www\Api_Template\app\Models\Producto.php(49): CodeIgniter\Database\BaseBuilder->update(Array)
#5 C:\wamp64\www\Api_Template\app\Controllers\Productos.php(99): App\Models\Producto->actualizarProductos('1', Array)
#6 C:\wamp64\www\Api_Template\system\CodeIgniter.php(934): App\Controllers\Productos->LeerExcel()
#7 C:\wamp64\www\Api_Template\system\CodeIgniter.php(499): CodeIgniter\CodeIgniter->runController(Object(App\Controllers\Productos))
#8 C:\wamp64\www\Api_Template\system\CodeIgniter.php(368): CodeIgniter\CodeIgniter->handleRequest(NULL, Object(Config\Cache), false)
#9 C:\wamp64\www\Api_Template\index.php(73): CodeIgniter\CodeIgniter->run()
#10 {main}
CRITICAL - 2024-10-15 10:12:00 --> Cannot add or update a child row: a foreign key constraint fails (`cointic_template`.`catproduct_fort`, CONSTRAINT `catproduct_fort_ibfk_1` FOREIGN KEY (`idrel`) REFERENCES `relmarcasolucion` (`idrel`) ON DELETE RESTRICT ON UPDATE CASCADE)
in SYSTEMPATH\Database\BaseConnection.php on line 645.
 1 SYSTEMPATH\Database\BaseBuilder.php(2476): CodeIgniter\Database\BaseConnection->query('UPDATE `CatProduct_Fort` SET `Unit` = :Unit:, `SKU` = :SKU:, `Description` = :Description:, `Price` = :Price:, `Contract_1Yr` = :Contract_1Yr:, `Contract_2Yr` = :Contract_2Yr:, `Contract_3Yr` = :Contract_3Yr:, `Contract_4Yr` = :Contract_4Yr:, `Contract_5Yr` = :Contract_5Yr:, `Comments` = :Comments:, `Category` = :Category:, `idrel` = :idrel:
WHERE `idProducto_Fort` = :idProducto_Fort:', [...], false)
 2 APPPATH\Models\Producto.php(49): CodeIgniter\Database\BaseBuilder->update([...])
 3 APPPATH\Controllers\Productos.php(99): App\Models\Producto->actualizarProductos('1', [...])
 4 SYSTEMPATH\CodeIgniter.php(934): App\Controllers\Productos->LeerExcel()
 5 SYSTEMPATH\CodeIgniter.php(499): CodeIgniter\CodeIgniter->runController(Object(App\Controllers\Productos))
 6 SYSTEMPATH\CodeIgniter.php(368): CodeIgniter\CodeIgniter->handleRequest(null, Object(Config\Cache), false)
 7 FCPATH\index.php(73): CodeIgniter\CodeIgniter->run()
ERROR - 2024-10-15 10:13:33 --> mysqli_sql_exception: Cannot add or update a child row: a foreign key constraint fails (`cointic_template`.`catproduct_fort`, CONSTRAINT `catproduct_fort_ibfk_1` FOREIGN KEY (`idrel`) REFERENCES `relmarcasolucion` (`idrel`) ON DELETE RESTRICT ON UPDATE CASCADE) in C:\wamp64\www\Api_Template\system\Database\MySQLi\Connection.php:295
Stack trace:
#0 C:\wamp64\www\Api_Template\system\Database\MySQLi\Connection.php(295): mysqli->query('UPDATE `CatProd...', 0)
#1 C:\wamp64\www\Api_Template\system\Database\BaseConnection.php(691): CodeIgniter\Database\MySQLi\Connection->execute('UPDATE `CatProd...')
#2 C:\wamp64\www\Api_Template\system\Database\BaseConnection.php(605): CodeIgniter\Database\BaseConnection->simpleQuery('UPDATE `CatProd...')
#3 C:\wamp64\www\Api_Template\system\Database\BaseBuilder.php(2476): CodeIgniter\Database\BaseConnection->query('UPDATE `CatProd...', Array, false)
#4 C:\wamp64\www\Api_Template\app\Models\Producto.php(49): CodeIgniter\Database\BaseBuilder->update(Array)
#5 C:\wamp64\www\Api_Template\app\Controllers\Productos.php(99): App\Models\Producto->actualizarProductos('1', Array)
#6 C:\wamp64\www\Api_Template\system\CodeIgniter.php(934): App\Controllers\Productos->LeerExcel()
#7 C:\wamp64\www\Api_Template\system\CodeIgniter.php(499): CodeIgniter\CodeIgniter->runController(Object(App\Controllers\Productos))
#8 C:\wamp64\www\Api_Template\system\CodeIgniter.php(368): CodeIgniter\CodeIgniter->handleRequest(NULL, Object(Config\Cache), false)
#9 C:\wamp64\www\Api_Template\index.php(73): CodeIgniter\CodeIgniter->run()
#10 {main}
CRITICAL - 2024-10-15 10:13:33 --> Cannot add or update a child row: a foreign key constraint fails (`cointic_template`.`catproduct_fort`, CONSTRAINT `catproduct_fort_ibfk_1` FOREIGN KEY (`idrel`) REFERENCES `relmarcasolucion` (`idrel`) ON DELETE RESTRICT ON UPDATE CASCADE)
in SYSTEMPATH\Database\BaseConnection.php on line 645.
 1 SYSTEMPATH\Database\BaseBuilder.php(2476): CodeIgniter\Database\BaseConnection->query('UPDATE `CatProduct_Fort` SET `Unit` = :Unit:, `SKU` = :SKU:, `Description` = :Description:, `Price` = :Price:, `Contract_1Yr` = :Contract_1Yr:, `Contract_2Yr` = :Contract_2Yr:, `Contract_3Yr` = :Contract_3Yr:, `Contract_4Yr` = :Contract_4Yr:, `Contract_5Yr` = :Contract_5Yr:, `Comments` = :Comments:, `Category` = :Category:, `idrel` = :idrel:
WHERE `idProducto_Fort` = :idProducto_Fort:', [...], false)
 2 APPPATH\Models\Producto.php(49): CodeIgniter\Database\BaseBuilder->update([...])
 3 APPPATH\Controllers\Productos.php(99): App\Models\Producto->actualizarProductos('1', [...])
 4 SYSTEMPATH\CodeIgniter.php(934): App\Controllers\Productos->LeerExcel()
 5 SYSTEMPATH\CodeIgniter.php(499): CodeIgniter\CodeIgniter->runController(Object(App\Controllers\Productos))
 6 SYSTEMPATH\CodeIgniter.php(368): CodeIgniter\CodeIgniter->handleRequest(null, Object(Config\Cache), false)
 7 FCPATH\index.php(73): CodeIgniter\CodeIgniter->run()
CRITICAL - 2024-10-15 10:14:51 --> Undefined variable $spreadSheetAryi
in APPPATH\Controllers\Productos.php on line 28.
 1 APPPATH\Controllers\Productos.php(28): CodeIgniter\Debug\Exceptions->errorHandler(2, 'Undefined variable $spreadSheetAryi', 'APPPATH\\Controllers\\Productos.php', 28)
 2 SYSTEMPATH\CodeIgniter.php(934): App\Controllers\Productos->LeerExcel()
 3 SYSTEMPATH\CodeIgniter.php(499): CodeIgniter\CodeIgniter->runController(Object(App\Controllers\Productos))
 4 SYSTEMPATH\CodeIgniter.php(368): CodeIgniter\CodeIgniter->handleRequest(null, Object(Config\Cache), false)
 5 FCPATH\index.php(73): CodeIgniter\CodeIgniter->run()
ERROR - 2024-10-15 10:15:11 --> mysqli_sql_exception: Cannot add or update a child row: a foreign key constraint fails (`cointic_template`.`catproduct_fort`, CONSTRAINT `catproduct_fort_ibfk_1` FOREIGN KEY (`idrel`) REFERENCES `relmarcasolucion` (`idrel`) ON DELETE RESTRICT ON UPDATE CASCADE) in C:\wamp64\www\Api_Template\system\Database\MySQLi\Connection.php:295
Stack trace:
#0 C:\wamp64\www\Api_Template\system\Database\MySQLi\Connection.php(295): mysqli->query('UPDATE `CatProd...', 0)
#1 C:\wamp64\www\Api_Template\system\Database\BaseConnection.php(691): CodeIgniter\Database\MySQLi\Connection->execute('UPDATE `CatProd...')
#2 C:\wamp64\www\Api_Template\system\Database\BaseConnection.php(605): CodeIgniter\Database\BaseConnection->simpleQuery('UPDATE `CatProd...')
#3 C:\wamp64\www\Api_Template\system\Database\BaseBuilder.php(2476): CodeIgniter\Database\BaseConnection->query('UPDATE `CatProd...', Array, false)
#4 C:\wamp64\www\Api_Template\app\Models\Producto.php(49): CodeIgniter\Database\BaseBuilder->update(Array)
#5 C:\wamp64\www\Api_Template\app\Controllers\Productos.php(100): App\Models\Producto->actualizarProductos('1', Array)
#6 C:\wamp64\www\Api_Template\system\CodeIgniter.php(934): App\Controllers\Productos->LeerExcel()
#7 C:\wamp64\www\Api_Template\system\CodeIgniter.php(499): CodeIgniter\CodeIgniter->runController(Object(App\Controllers\Productos))
#8 C:\wamp64\www\Api_Template\system\CodeIgniter.php(368): CodeIgniter\CodeIgniter->handleRequest(NULL, Object(Config\Cache), false)
#9 C:\wamp64\www\Api_Template\index.php(73): CodeIgniter\CodeIgniter->run()
#10 {main}
CRITICAL - 2024-10-15 10:15:11 --> Cannot add or update a child row: a foreign key constraint fails (`cointic_template`.`catproduct_fort`, CONSTRAINT `catproduct_fort_ibfk_1` FOREIGN KEY (`idrel`) REFERENCES `relmarcasolucion` (`idrel`) ON DELETE RESTRICT ON UPDATE CASCADE)
in SYSTEMPATH\Database\BaseConnection.php on line 645.
 1 SYSTEMPATH\Database\BaseBuilder.php(2476): CodeIgniter\Database\BaseConnection->query('UPDATE `CatProduct_Fort` SET `Unit` = :Unit:, `SKU` = :SKU:, `Description` = :Description:, `Price` = :Price:, `Contract_1Yr` = :Contract_1Yr:, `Contract_2Yr` = :Contract_2Yr:, `Contract_3Yr` = :Contract_3Yr:, `Contract_4Yr` = :Contract_4Yr:, `Contract_5Yr` = :Contract_5Yr:, `Comments` = :Comments:, `Category` = :Category:, `idrel` = :idrel:
WHERE `idProducto_Fort` = :idProducto_Fort:', [...], false)
 2 APPPATH\Models\Producto.php(49): CodeIgniter\Database\BaseBuilder->update([...])
 3 APPPATH\Controllers\Productos.php(100): App\Models\Producto->actualizarProductos('1', [...])
 4 SYSTEMPATH\CodeIgniter.php(934): App\Controllers\Productos->LeerExcel()
 5 SYSTEMPATH\CodeIgniter.php(499): CodeIgniter\CodeIgniter->runController(Object(App\Controllers\Productos))
 6 SYSTEMPATH\CodeIgniter.php(368): CodeIgniter\CodeIgniter->handleRequest(null, Object(Config\Cache), false)
 7 FCPATH\index.php(73): CodeIgniter\CodeIgniter->run()
ERROR - 2024-10-15 10:18:05 --> mysqli_sql_exception: Cannot add or update a child row: a foreign key constraint fails (`cointic_template`.`catproduct_fort`, CONSTRAINT `catproduct_fort_ibfk_1` FOREIGN KEY (`idrel`) REFERENCES `relmarcasolucion` (`idrel`) ON DELETE RESTRICT ON UPDATE CASCADE) in C:\wamp64\www\Api_Template\system\Database\MySQLi\Connection.php:295
Stack trace:
#0 C:\wamp64\www\Api_Template\system\Database\MySQLi\Connection.php(295): mysqli->query('UPDATE `CatProd...', 0)
#1 C:\wamp64\www\Api_Template\system\Database\BaseConnection.php(691): CodeIgniter\Database\MySQLi\Connection->execute('UPDATE `CatProd...')
#2 C:\wamp64\www\Api_Template\system\Database\BaseConnection.php(605): CodeIgniter\Database\BaseConnection->simpleQuery('UPDATE `CatProd...')
#3 C:\wamp64\www\Api_Template\system\Database\BaseBuilder.php(2476): CodeIgniter\Database\BaseConnection->query('UPDATE `CatProd...', Array, false)
#4 C:\wamp64\www\Api_Template\app\Models\Producto.php(49): CodeIgniter\Database\BaseBuilder->update(Array)
#5 C:\wamp64\www\Api_Template\app\Controllers\Productos.php(100): App\Models\Producto->actualizarProductos('1', Array)
#6 C:\wamp64\www\Api_Template\system\CodeIgniter.php(934): App\Controllers\Productos->LeerExcel()
#7 C:\wamp64\www\Api_Template\system\CodeIgniter.php(499): CodeIgniter\CodeIgniter->runController(Object(App\Controllers\Productos))
#8 C:\wamp64\www\Api_Template\system\CodeIgniter.php(368): CodeIgniter\CodeIgniter->handleRequest(NULL, Object(Config\Cache), false)
#9 C:\wamp64\www\Api_Template\index.php(73): CodeIgniter\CodeIgniter->run()
#10 {main}
CRITICAL - 2024-10-15 10:18:05 --> Cannot add or update a child row: a foreign key constraint fails (`cointic_template`.`catproduct_fort`, CONSTRAINT `catproduct_fort_ibfk_1` FOREIGN KEY (`idrel`) REFERENCES `relmarcasolucion` (`idrel`) ON DELETE RESTRICT ON UPDATE CASCADE)
in SYSTEMPATH\Database\BaseConnection.php on line 645.
 1 SYSTEMPATH\Database\BaseBuilder.php(2476): CodeIgniter\Database\BaseConnection->query('UPDATE `CatProduct_Fort` SET `Unit` = :Unit:, `SKU` = :SKU:, `Description` = :Description:, `Price` = :Price:, `Contract_1Yr` = :Contract_1Yr:, `Contract_2Yr` = :Contract_2Yr:, `Contract_3Yr` = :Contract_3Yr:, `Contract_4Yr` = :Contract_4Yr:, `Contract_5Yr` = :Contract_5Yr:, `Comments` = :Comments:, `Category` = :Category:, `idrel` = :idrel:
WHERE `idProducto_Fort` = :idProducto_Fort:', [...], false)
 2 APPPATH\Models\Producto.php(49): CodeIgniter\Database\BaseBuilder->update([...])
 3 APPPATH\Controllers\Productos.php(100): App\Models\Producto->actualizarProductos('1', [...])
 4 SYSTEMPATH\CodeIgniter.php(934): App\Controllers\Productos->LeerExcel()
 5 SYSTEMPATH\CodeIgniter.php(499): CodeIgniter\CodeIgniter->runController(Object(App\Controllers\Productos))
 6 SYSTEMPATH\CodeIgniter.php(368): CodeIgniter\CodeIgniter->handleRequest(null, Object(Config\Cache), false)
 7 FCPATH\index.php(73): CodeIgniter\CodeIgniter->run()
ERROR - 2024-10-15 10:20:46 --> mysqli_sql_exception: Cannot add or update a child row: a foreign key constraint fails (`cointic_template`.`catproduct_fort`, CONSTRAINT `catproduct_fort_ibfk_1` FOREIGN KEY (`idrel`) REFERENCES `relmarcasolucion` (`idrel`) ON DELETE RESTRICT ON UPDATE CASCADE) in C:\wamp64\www\Api_Template\system\Database\MySQLi\Connection.php:295
Stack trace:
#0 C:\wamp64\www\Api_Template\system\Database\MySQLi\Connection.php(295): mysqli->query('INSERT INTO `Ca...', 0)
#1 C:\wamp64\www\Api_Template\system\Database\BaseConnection.php(691): CodeIgniter\Database\MySQLi\Connection->execute('INSERT INTO `Ca...')
#2 C:\wamp64\www\Api_Template\system\Database\BaseConnection.php(605): CodeIgniter\Database\BaseConnection->simpleQuery('INSERT INTO `Ca...')
#3 C:\wamp64\www\Api_Template\system\Database\BaseBuilder.php(2309): CodeIgniter\Database\BaseConnection->query('INSERT INTO `Ca...', Array, false)
#4 C:\wamp64\www\Api_Template\app\Models\Producto.php(40): CodeIgniter\Database\BaseBuilder->insert(Array)
#5 C:\wamp64\www\Api_Template\app\Controllers\Productos.php(103): App\Models\Producto->crearProducto(Array)
#6 C:\wamp64\www\Api_Template\system\CodeIgniter.php(934): App\Controllers\Productos->LeerExcel()
#7 C:\wamp64\www\Api_Template\system\CodeIgniter.php(499): CodeIgniter\CodeIgniter->runController(Object(App\Controllers\Productos))
#8 C:\wamp64\www\Api_Template\system\CodeIgniter.php(368): CodeIgniter\CodeIgniter->handleRequest(NULL, Object(Config\Cache), false)
#9 C:\wamp64\www\Api_Template\index.php(73): CodeIgniter\CodeIgniter->run()
#10 {main}
CRITICAL - 2024-10-15 10:20:46 --> Cannot add or update a child row: a foreign key constraint fails (`cointic_template`.`catproduct_fort`, CONSTRAINT `catproduct_fort_ibfk_1` FOREIGN KEY (`idrel`) REFERENCES `relmarcasolucion` (`idrel`) ON DELETE RESTRICT ON UPDATE CASCADE)
in SYSTEMPATH\Database\BaseConnection.php on line 645.
 1 SYSTEMPATH\Database\BaseBuilder.php(2309): CodeIgniter\Database\BaseConnection->query('INSERT INTO `CatProduct_Fort` (`Unit`, `SKU`, `Description`, `Price`, `Contract_1Yr`, `Contract_2Yr`, `Contract_3Yr`, `Contract_4Yr`, `Contract_5Yr`, `Comments`, `Category`, `idrel`) VALUES (:Unit:, :SKU:, :Description:, :Price:, :Contract_1Yr:, :Contract_2Yr:, :Contract_3Yr:, :Contract_4Yr:, :Contract_5Yr:, :Comments:, :Category:, :idrel:)', [...], false)
 2 APPPATH\Models\Producto.php(40): CodeIgniter\Database\BaseBuilder->insert([...])
 3 APPPATH\Controllers\Productos.php(103): App\Models\Producto->crearProducto([...])
 4 SYSTEMPATH\CodeIgniter.php(934): App\Controllers\Productos->LeerExcel()
 5 SYSTEMPATH\CodeIgniter.php(499): CodeIgniter\CodeIgniter->runController(Object(App\Controllers\Productos))
 6 SYSTEMPATH\CodeIgniter.php(368): CodeIgniter\CodeIgniter->handleRequest(null, Object(Config\Cache), false)
 7 FCPATH\index.php(73): CodeIgniter\CodeIgniter->run()
ERROR - 2024-10-15 10:22:15 --> mysqli_sql_exception: Cannot add or update a child row: a foreign key constraint fails (`cointic_template`.`catproduct_fort`, CONSTRAINT `catproduct_fort_ibfk_1` FOREIGN KEY (`idrel`) REFERENCES `relmarcasolucion` (`idrel`) ON DELETE RESTRICT ON UPDATE CASCADE) in C:\wamp64\www\Api_Template\system\Database\MySQLi\Connection.php:295
Stack trace:
#0 C:\wamp64\www\Api_Template\system\Database\MySQLi\Connection.php(295): mysqli->query('UPDATE `CatProd...', 0)
#1 C:\wamp64\www\Api_Template\system\Database\BaseConnection.php(691): CodeIgniter\Database\MySQLi\Connection->execute('UPDATE `CatProd...')
#2 C:\wamp64\www\Api_Template\system\Database\BaseConnection.php(605): CodeIgniter\Database\BaseConnection->simpleQuery('UPDATE `CatProd...')
#3 C:\wamp64\www\Api_Template\system\Database\BaseBuilder.php(2476): CodeIgniter\Database\BaseConnection->query('UPDATE `CatProd...', Array, false)
#4 C:\wamp64\www\Api_Template\app\Models\Producto.php(49): CodeIgniter\Database\BaseBuilder->update(Array)
#5 C:\wamp64\www\Api_Template\app\Controllers\Productos.php(100): App\Models\Producto->actualizarProductos('1', Array)
#6 C:\wamp64\www\Api_Template\system\CodeIgniter.php(934): App\Controllers\Productos->LeerExcel()
#7 C:\wamp64\www\Api_Template\system\CodeIgniter.php(499): CodeIgniter\CodeIgniter->runController(Object(App\Controllers\Productos))
#8 C:\wamp64\www\Api_Template\system\CodeIgniter.php(368): CodeIgniter\CodeIgniter->handleRequest(NULL, Object(Config\Cache), false)
#9 C:\wamp64\www\Api_Template\index.php(73): CodeIgniter\CodeIgniter->run()
#10 {main}
CRITICAL - 2024-10-15 10:22:15 --> Cannot add or update a child row: a foreign key constraint fails (`cointic_template`.`catproduct_fort`, CONSTRAINT `catproduct_fort_ibfk_1` FOREIGN KEY (`idrel`) REFERENCES `relmarcasolucion` (`idrel`) ON DELETE RESTRICT ON UPDATE CASCADE)
in SYSTEMPATH\Database\BaseConnection.php on line 645.
 1 SYSTEMPATH\Database\BaseBuilder.php(2476): CodeIgniter\Database\BaseConnection->query('UPDATE `CatProduct_Fort` SET `Unit` = :Unit:, `SKU` = :SKU:, `Description` = :Description:, `Price` = :Price:, `Contract_1Yr` = :Contract_1Yr:, `Contract_2Yr` = :Contract_2Yr:, `Contract_3Yr` = :Contract_3Yr:, `Contract_4Yr` = :Contract_4Yr:, `Contract_5Yr` = :Contract_5Yr:, `Comments` = :Comments:, `Category` = :Category:, `idrel` = :idrel:
WHERE `idProducto_Fort` = :idProducto_Fort:', [...], false)
 2 APPPATH\Models\Producto.php(49): CodeIgniter\Database\BaseBuilder->update([...])
 3 APPPATH\Controllers\Productos.php(100): App\Models\Producto->actualizarProductos('1', [...])
 4 SYSTEMPATH\CodeIgniter.php(934): App\Controllers\Productos->LeerExcel()
 5 SYSTEMPATH\CodeIgniter.php(499): CodeIgniter\CodeIgniter->runController(Object(App\Controllers\Productos))
 6 SYSTEMPATH\CodeIgniter.php(368): CodeIgniter\CodeIgniter->handleRequest(null, Object(Config\Cache), false)
 7 FCPATH\index.php(73): CodeIgniter\CodeIgniter->run()
ERROR - 2024-10-15 10:24:33 --> mysqli_sql_exception: Cannot add or update a child row: a foreign key constraint fails (`cointic_template`.`catproduct_fort`, CONSTRAINT `catproduct_fort_ibfk_1` FOREIGN KEY (`idrel`) REFERENCES `relmarcasolucion` (`idrel`) ON DELETE RESTRICT ON UPDATE CASCADE) in C:\wamp64\www\Api_Template\system\Database\MySQLi\Connection.php:295
Stack trace:
#0 C:\wamp64\www\Api_Template\system\Database\MySQLi\Connection.php(295): mysqli->query('UPDATE `CatProd...', 0)
#1 C:\wamp64\www\Api_Template\system\Database\BaseConnection.php(691): CodeIgniter\Database\MySQLi\Connection->execute('UPDATE `CatProd...')
#2 C:\wamp64\www\Api_Template\system\Database\BaseConnection.php(605): CodeIgniter\Database\BaseConnection->simpleQuery('UPDATE `CatProd...')
#3 C:\wamp64\www\Api_Template\system\Database\BaseBuilder.php(2476): CodeIgniter\Database\BaseConnection->query('UPDATE `CatProd...', Array, false)
#4 C:\wamp64\www\Api_Template\app\Models\Producto.php(49): CodeIgniter\Database\BaseBuilder->update(Array)
#5 C:\wamp64\www\Api_Template\app\Controllers\Productos.php(98): App\Models\Producto->actualizarProductos('1', Array)
#6 C:\wamp64\www\Api_Template\system\CodeIgniter.php(934): App\Controllers\Productos->LeerExcel()
#7 C:\wamp64\www\Api_Template\system\CodeIgniter.php(499): CodeIgniter\CodeIgniter->runController(Object(App\Controllers\Productos))
#8 C:\wamp64\www\Api_Template\system\CodeIgniter.php(368): CodeIgniter\CodeIgniter->handleRequest(NULL, Object(Config\Cache), false)
#9 C:\wamp64\www\Api_Template\index.php(73): CodeIgniter\CodeIgniter->run()
#10 {main}
CRITICAL - 2024-10-15 10:24:33 --> Cannot add or update a child row: a foreign key constraint fails (`cointic_template`.`catproduct_fort`, CONSTRAINT `catproduct_fort_ibfk_1` FOREIGN KEY (`idrel`) REFERENCES `relmarcasolucion` (`idrel`) ON DELETE RESTRICT ON UPDATE CASCADE)
in SYSTEMPATH\Database\BaseConnection.php on line 645.
 1 SYSTEMPATH\Database\BaseBuilder.php(2476): CodeIgniter\Database\BaseConnection->query('UPDATE `CatProduct_Fort` SET `Unit` = :Unit:, `SKU` = :SKU:, `Description` = :Description:, `Price` = :Price:, `Contract_1Yr` = :Contract_1Yr:, `Contract_2Yr` = :Contract_2Yr:, `Contract_3Yr` = :Contract_3Yr:, `Contract_4Yr` = :Contract_4Yr:, `Contract_5Yr` = :Contract_5Yr:, `Comments` = :Comments:, `Category` = :Category:, `idrel` = :idrel:
WHERE `idProducto_Fort` = :idProducto_Fort:', [...], false)
 2 APPPATH\Models\Producto.php(49): CodeIgniter\Database\BaseBuilder->update([...])
 3 APPPATH\Controllers\Productos.php(98): App\Models\Producto->actualizarProductos('1', [...])
 4 SYSTEMPATH\CodeIgniter.php(934): App\Controllers\Productos->LeerExcel()
 5 SYSTEMPATH\CodeIgniter.php(499): CodeIgniter\CodeIgniter->runController(Object(App\Controllers\Productos))
 6 SYSTEMPATH\CodeIgniter.php(368): CodeIgniter\CodeIgniter->handleRequest(null, Object(Config\Cache), false)
 7 FCPATH\index.php(73): CodeIgniter\CodeIgniter->run()
ERROR - 2024-10-15 10:27:21 --> mysqli_sql_exception: Cannot add or update a child row: a foreign key constraint fails (`cointic_template`.`catproduct_fort`, CONSTRAINT `catproduct_fort_ibfk_1` FOREIGN KEY (`idrel`) REFERENCES `relmarcasolucion` (`idrel`) ON DELETE RESTRICT ON UPDATE CASCADE) in C:\wamp64\www\Api_Template\system\Database\MySQLi\Connection.php:295
Stack trace:
#0 C:\wamp64\www\Api_Template\system\Database\MySQLi\Connection.php(295): mysqli->query('UPDATE `CatProd...', 0)
#1 C:\wamp64\www\Api_Template\system\Database\BaseConnection.php(691): CodeIgniter\Database\MySQLi\Connection->execute('UPDATE `CatProd...')
#2 C:\wamp64\www\Api_Template\system\Database\BaseConnection.php(605): CodeIgniter\Database\BaseConnection->simpleQuery('UPDATE `CatProd...')
#3 C:\wamp64\www\Api_Template\system\Database\BaseBuilder.php(2476): CodeIgniter\Database\BaseConnection->query('UPDATE `CatProd...', Array, false)
#4 C:\wamp64\www\Api_Template\app\Models\Producto.php(49): CodeIgniter\Database\BaseBuilder->update(Array)
#5 C:\wamp64\www\Api_Template\app\Controllers\Productos.php(99): App\Models\Producto->actualizarProductos('1', Array)
#6 C:\wamp64\www\Api_Template\system\CodeIgniter.php(934): App\Controllers\Productos->LeerExcel()
#7 C:\wamp64\www\Api_Template\system\CodeIgniter.php(499): CodeIgniter\CodeIgniter->runController(Object(App\Controllers\Productos))
#8 C:\wamp64\www\Api_Template\system\CodeIgniter.php(368): CodeIgniter\CodeIgniter->handleRequest(NULL, Object(Config\Cache), false)
#9 C:\wamp64\www\Api_Template\index.php(73): CodeIgniter\CodeIgniter->run()
#10 {main}
CRITICAL - 2024-10-15 10:27:21 --> Cannot add or update a child row: a foreign key constraint fails (`cointic_template`.`catproduct_fort`, CONSTRAINT `catproduct_fort_ibfk_1` FOREIGN KEY (`idrel`) REFERENCES `relmarcasolucion` (`idrel`) ON DELETE RESTRICT ON UPDATE CASCADE)
in SYSTEMPATH\Database\BaseConnection.php on line 645.
 1 SYSTEMPATH\Database\BaseBuilder.php(2476): CodeIgniter\Database\BaseConnection->query('UPDATE `CatProduct_Fort` SET `Unit` = :Unit:, `SKU` = :SKU:, `Description` = :Description:, `Price` = :Price:, `Contract_1Yr` = :Contract_1Yr:, `Contract_2Yr` = :Contract_2Yr:, `Contract_3Yr` = :Contract_3Yr:, `Contract_4Yr` = :Contract_4Yr:, `Contract_5Yr` = :Contract_5Yr:, `Comments` = :Comments:, `Category` = :Category:, `idrel` = :idrel:
WHERE `idProducto_Fort` = :idProducto_Fort:', [...], false)
 2 APPPATH\Models\Producto.php(49): CodeIgniter\Database\BaseBuilder->update([...])
 3 APPPATH\Controllers\Productos.php(99): App\Models\Producto->actualizarProductos('1', [...])
 4 SYSTEMPATH\CodeIgniter.php(934): App\Controllers\Productos->LeerExcel()
 5 SYSTEMPATH\CodeIgniter.php(499): CodeIgniter\CodeIgniter->runController(Object(App\Controllers\Productos))
 6 SYSTEMPATH\CodeIgniter.php(368): CodeIgniter\CodeIgniter->handleRequest(null, Object(Config\Cache), false)
 7 FCPATH\index.php(73): CodeIgniter\CodeIgniter->run()
ERROR - 2024-10-15 10:28:33 --> mysqli_sql_exception: Cannot add or update a child row: a foreign key constraint fails (`cointic_template`.`catproduct_fort`, CONSTRAINT `catproduct_fort_ibfk_1` FOREIGN KEY (`idrel`) REFERENCES `relmarcasolucion` (`idrel`) ON DELETE RESTRICT ON UPDATE CASCADE) in C:\wamp64\www\Api_Template\system\Database\MySQLi\Connection.php:295
Stack trace:
#0 C:\wamp64\www\Api_Template\system\Database\MySQLi\Connection.php(295): mysqli->query('UPDATE `CatProd...', 0)
#1 C:\wamp64\www\Api_Template\system\Database\BaseConnection.php(691): CodeIgniter\Database\MySQLi\Connection->execute('UPDATE `CatProd...')
#2 C:\wamp64\www\Api_Template\system\Database\BaseConnection.php(605): CodeIgniter\Database\BaseConnection->simpleQuery('UPDATE `CatProd...')
#3 C:\wamp64\www\Api_Template\system\Database\BaseBuilder.php(2476): CodeIgniter\Database\BaseConnection->query('UPDATE `CatProd...', Array, false)
#4 C:\wamp64\www\Api_Template\app\Models\Producto.php(49): CodeIgniter\Database\BaseBuilder->update(Array)
#5 C:\wamp64\www\Api_Template\app\Controllers\Productos.php(99): App\Models\Producto->actualizarProductos('1', Array)
#6 C:\wamp64\www\Api_Template\system\CodeIgniter.php(934): App\Controllers\Productos->LeerExcel()
#7 C:\wamp64\www\Api_Template\system\CodeIgniter.php(499): CodeIgniter\CodeIgniter->runController(Object(App\Controllers\Productos))
#8 C:\wamp64\www\Api_Template\system\CodeIgniter.php(368): CodeIgniter\CodeIgniter->handleRequest(NULL, Object(Config\Cache), false)
#9 C:\wamp64\www\Api_Template\index.php(73): CodeIgniter\CodeIgniter->run()
#10 {main}
CRITICAL - 2024-10-15 10:28:33 --> Cannot add or update a child row: a foreign key constraint fails (`cointic_template`.`catproduct_fort`, CONSTRAINT `catproduct_fort_ibfk_1` FOREIGN KEY (`idrel`) REFERENCES `relmarcasolucion` (`idrel`) ON DELETE RESTRICT ON UPDATE CASCADE)
in SYSTEMPATH\Database\BaseConnection.php on line 645.
 1 SYSTEMPATH\Database\BaseBuilder.php(2476): CodeIgniter\Database\BaseConnection->query('UPDATE `CatProduct_Fort` SET `Unit` = :Unit:, `SKU` = :SKU:, `Description` = :Description:, `Price` = :Price:, `Contract_1Yr` = :Contract_1Yr:, `Contract_2Yr` = :Contract_2Yr:, `Contract_3Yr` = :Contract_3Yr:, `Contract_4Yr` = :Contract_4Yr:, `Contract_5Yr` = :Contract_5Yr:, `Comments` = :Comments:, `Category` = :Category:, `idrel` = :idrel:
WHERE `idProducto_Fort` = :idProducto_Fort:', [...], false)
 2 APPPATH\Models\Producto.php(49): CodeIgniter\Database\BaseBuilder->update([...])
 3 APPPATH\Controllers\Productos.php(99): App\Models\Producto->actualizarProductos('1', [...])
 4 SYSTEMPATH\CodeIgniter.php(934): App\Controllers\Productos->LeerExcel()
 5 SYSTEMPATH\CodeIgniter.php(499): CodeIgniter\CodeIgniter->runController(Object(App\Controllers\Productos))
 6 SYSTEMPATH\CodeIgniter.php(368): CodeIgniter\CodeIgniter->handleRequest(null, Object(Config\Cache), false)
 7 FCPATH\index.php(73): CodeIgniter\CodeIgniter->run()
