CRITICAL - 2024-08-01 09:25:02 --> Wrong number of segments
in FCPATH\vendor\firebase\php-jwt\src\JWT.php on line 103.
 1 APPPATH\Models\WebToken.php(28): Firebase\JWT\JWT::decode('null', Object(Firebase\JWT\Key))
 2 APPPATH\Controllers\Usuarios.php(332): App\Models\WebToken->decodificarJWT('null')
 3 SYSTEMPATH\CodeIgniter.php(934): App\Controllers\Usuarios->ObtenerUsuarios()
 4 SYSTEMPATH\CodeIgniter.php(499): CodeIgniter\CodeIgniter->runController(Object(App\Controllers\Usuarios))
 5 SYSTEMPATH\CodeIgniter.php(368): CodeIgniter\CodeIgniter->handleRequest(null, Object(Config\Cache), false)
 6 FCPATH\index.php(73): CodeIgniter\CodeIgniter->run()
CRITICAL - 2024-08-01 09:25:02 --> Wrong number of segments
in FCPATH\vendor\firebase\php-jwt\src\JWT.php on line 103.
 1 APPPATH\Models\WebToken.php(28): Firebase\JWT\JWT::decode('null', Object(Firebase\JWT\Key))
 2 APPPATH\Controllers\Usuarios.php(344): App\Models\WebToken->decodificarJWT('null')
 3 SYSTEMPATH\CodeIgniter.php(934): App\Controllers\Usuarios->ObtenerUsuariosNumeros()
 4 SYSTEMPATH\CodeIgniter.php(499): CodeIgniter\CodeIgniter->runController(Object(App\Controllers\Usuarios))
 5 SYSTEMPATH\CodeIgniter.php(368): CodeIgniter\CodeIgniter->handleRequest(null, Object(Config\Cache), false)
 6 FCPATH\index.php(73): CodeIgniter\CodeIgniter->run()
CRITICAL - 2024-08-01 09:25:04 --> Wrong number of segments
in FCPATH\vendor\firebase\php-jwt\src\JWT.php on line 103.
 1 APPPATH\Models\WebToken.php(28): Firebase\JWT\JWT::decode('null', Object(Firebase\JWT\Key))
 2 APPPATH\Controllers\Usuarios.php(332): App\Models\WebToken->decodificarJWT('null')
 3 SYSTEMPATH\CodeIgniter.php(934): App\Controllers\Usuarios->ObtenerUsuarios()
 4 SYSTEMPATH\CodeIgniter.php(499): CodeIgniter\CodeIgniter->runController(Object(App\Controllers\Usuarios))
 5 SYSTEMPATH\CodeIgniter.php(368): CodeIgniter\CodeIgniter->handleRequest(null, Object(Config\Cache), false)
 6 FCPATH\index.php(73): CodeIgniter\CodeIgniter->run()
CRITICAL - 2024-08-01 09:25:04 --> Wrong number of segments
in FCPATH\vendor\firebase\php-jwt\src\JWT.php on line 103.
 1 APPPATH\Models\WebToken.php(28): Firebase\JWT\JWT::decode('null', Object(Firebase\JWT\Key))
 2 APPPATH\Controllers\Usuarios.php(344): App\Models\WebToken->decodificarJWT('null')
 3 SYSTEMPATH\CodeIgniter.php(934): App\Controllers\Usuarios->ObtenerUsuariosNumeros()
 4 SYSTEMPATH\CodeIgniter.php(499): CodeIgniter\CodeIgniter->runController(Object(App\Controllers\Usuarios))
 5 SYSTEMPATH\CodeIgniter.php(368): CodeIgniter\CodeIgniter->handleRequest(null, Object(Config\Cache), false)
 6 FCPATH\index.php(73): CodeIgniter\CodeIgniter->run()
