ERROR - 2024-10-28 09:57:01 --> mysqli_sql_exception: Table 'cointic_template.catproduct_sonic' doesn't exist in C:\wamp64\www\Api_Template\system\Database\MySQLi\Connection.php:295
Stack trace:
#0 C:\wamp64\www\Api_Template\system\Database\MySQLi\Connection.php(295): mysqli->query('SELECT *\nFROM `...', 0)
#1 C:\wamp64\www\Api_Template\system\Database\BaseConnection.php(691): CodeIgniter\Database\MySQLi\Connection->execute('SELECT *\nFROM `...')
#2 C:\wamp64\www\Api_Template\system\Database\BaseConnection.php(605): CodeIgniter\Database\BaseConnection->simpleQuery('SELECT *\nFROM `...')
#3 C:\wamp64\www\Api_Template\system\Database\BaseBuilder.php(1616): CodeIgniter\Database\BaseConnection->query('SELECT *\nFROM `...', Array, false)
#4 C:\wamp64\www\Api_Template\app\Models\Sonic.php(40): CodeIgniter\Database\BaseBuilder->get()
#5 C:\wamp64\www\Api_Template\app\Controllers\Sonics.php(127): App\Models\Sonic->getNumeroProductos('0', '5', 'SKU', '', '')
#6 C:\wamp64\www\Api_Template\system\CodeIgniter.php(934): App\Controllers\Sonics->obtenerNumeroProductos()
#7 C:\wamp64\www\Api_Template\system\CodeIgniter.php(499): CodeIgniter\CodeIgniter->runController(Object(App\Controllers\Sonics))
#8 C:\wamp64\www\Api_Template\system\CodeIgniter.php(368): CodeIgniter\CodeIgniter->handleRequest(NULL, Object(Config\Cache), false)
#9 C:\wamp64\www\Api_Template\index.php(73): CodeIgniter\CodeIgniter->run()
#10 {main}
CRITICAL - 2024-10-28 09:57:01 --> Table 'cointic_template.catproduct_sonic' doesn't exist
in SYSTEMPATH\Database\BaseConnection.php on line 645.
 1 SYSTEMPATH\Database\BaseBuilder.php(1616): CodeIgniter\Database\BaseConnection->query('SELECT *
FROM `CatProduct_Sonic`
WHERE `SKU` LIKE :SKU: ESCAPE \'!\'
OR  `Description` LIKE :Description: ESCAPE \'!\'', [...], false)
 2 APPPATH\Models\Sonic.php(40): CodeIgniter\Database\BaseBuilder->get()
 3 APPPATH\Controllers\Sonics.php(127): App\Models\Sonic->getNumeroProductos('0', '5', 'SKU', 'C:\\wamp64\\www\\Api_Template', 'C:\\wamp64\\www\\Api_Template')
 4 SYSTEMPATH\CodeIgniter.php(934): App\Controllers\Sonics->obtenerNumeroProductos()
 5 SYSTEMPATH\CodeIgniter.php(499): CodeIgniter\CodeIgniter->runController(Object(App\Controllers\Sonics))
 6 SYSTEMPATH\CodeIgniter.php(368): CodeIgniter\CodeIgniter->handleRequest(null, Object(Config\Cache), false)
 7 FCPATH\index.php(73): CodeIgniter\CodeIgniter->run()
ERROR - 2024-10-28 09:57:01 --> mysqli_sql_exception: Table 'cointic_template.catproduct_sonic' doesn't exist in C:\wamp64\www\Api_Template\system\Database\MySQLi\Connection.php:295
Stack trace:
#0 C:\wamp64\www\Api_Template\system\Database\MySQLi\Connection.php(295): mysqli->query('SELECT `CatProd...', 0)
#1 C:\wamp64\www\Api_Template\system\Database\BaseConnection.php(691): CodeIgniter\Database\MySQLi\Connection->execute('SELECT `CatProd...')
#2 C:\wamp64\www\Api_Template\system\Database\BaseConnection.php(605): CodeIgniter\Database\BaseConnection->simpleQuery('SELECT `CatProd...')
#3 C:\wamp64\www\Api_Template\system\Database\BaseBuilder.php(1616): CodeIgniter\Database\BaseConnection->query('SELECT `CatProd...', Array, false)
#4 C:\wamp64\www\Api_Template\app\Models\Sonic.php(29): CodeIgniter\Database\BaseBuilder->get()
#5 C:\wamp64\www\Api_Template\app\Controllers\Sonics.php(117): App\Models\Sonic->getProductos('0', '5', 'SKU', '', '')
#6 C:\wamp64\www\Api_Template\system\CodeIgniter.php(934): App\Controllers\Sonics->obtenerProductos()
#7 C:\wamp64\www\Api_Template\system\CodeIgniter.php(499): CodeIgniter\CodeIgniter->runController(Object(App\Controllers\Sonics))
#8 C:\wamp64\www\Api_Template\system\CodeIgniter.php(368): CodeIgniter\CodeIgniter->handleRequest(NULL, Object(Config\Cache), false)
#9 C:\wamp64\www\Api_Template\index.php(73): CodeIgniter\CodeIgniter->run()
#10 {main}
CRITICAL - 2024-10-28 09:57:01 --> Table 'cointic_template.catproduct_sonic' doesn't exist
in SYSTEMPATH\Database\BaseConnection.php on line 645.
 1 SYSTEMPATH\Database\BaseBuilder.php(1616): CodeIgniter\Database\BaseConnection->query('SELECT `CatProduct_Sonic`.*
FROM `CatProduct_Sonic`
WHERE `SKU` LIKE :SKU: ESCAPE \'!\'
OR  `Description` LIKE :Description: ESCAPE \'!\'
ORDER BY `CatProduct_Sonic`. `idproduct_Sonic`, `idrel`
 LIMIT 5', [...], false)
 2 APPPATH\Models\Sonic.php(29): CodeIgniter\Database\BaseBuilder->get()
 3 APPPATH\Controllers\Sonics.php(117): App\Models\Sonic->getProductos('0', '5', 'SKU', 'C:\\wamp64\\www\\Api_Template', 'C:\\wamp64\\www\\Api_Template')
 4 SYSTEMPATH\CodeIgniter.php(934): App\Controllers\Sonics->obtenerProductos()
 5 SYSTEMPATH\CodeIgniter.php(499): CodeIgniter\CodeIgniter->runController(Object(App\Controllers\Sonics))
 6 SYSTEMPATH\CodeIgniter.php(368): CodeIgniter\CodeIgniter->handleRequest(null, Object(Config\Cache), false)
 7 FCPATH\index.php(73): CodeIgniter\CodeIgniter->run()
ERROR - 2024-10-28 10:01:55 --> mysqli_sql_exception: Table 'cointic_template.catproduct_sonic' doesn't exist in C:\wamp64\www\Api_Template\system\Database\MySQLi\Connection.php:295
Stack trace:
#0 C:\wamp64\www\Api_Template\system\Database\MySQLi\Connection.php(295): mysqli->query('SELECT *\nFROM `...', 0)
#1 C:\wamp64\www\Api_Template\system\Database\BaseConnection.php(691): CodeIgniter\Database\MySQLi\Connection->execute('SELECT *\nFROM `...')
#2 C:\wamp64\www\Api_Template\system\Database\BaseConnection.php(605): CodeIgniter\Database\BaseConnection->simpleQuery('SELECT *\nFROM `...')
#3 C:\wamp64\www\Api_Template\system\Database\BaseBuilder.php(1616): CodeIgniter\Database\BaseConnection->query('SELECT *\nFROM `...', Array, false)
#4 C:\wamp64\www\Api_Template\app\Models\Sonic.php(40): CodeIgniter\Database\BaseBuilder->get()
#5 C:\wamp64\www\Api_Template\app\Controllers\Sonics.php(127): App\Models\Sonic->getNumeroProductos('0', '5', 'SKU', '', '')
#6 C:\wamp64\www\Api_Template\system\CodeIgniter.php(934): App\Controllers\Sonics->obtenerNumeroProductos()
#7 C:\wamp64\www\Api_Template\system\CodeIgniter.php(499): CodeIgniter\CodeIgniter->runController(Object(App\Controllers\Sonics))
#8 C:\wamp64\www\Api_Template\system\CodeIgniter.php(368): CodeIgniter\CodeIgniter->handleRequest(NULL, Object(Config\Cache), false)
#9 C:\wamp64\www\Api_Template\index.php(73): CodeIgniter\CodeIgniter->run()
#10 {main}
CRITICAL - 2024-10-28 10:01:55 --> Table 'cointic_template.catproduct_sonic' doesn't exist
in SYSTEMPATH\Database\BaseConnection.php on line 645.
 1 SYSTEMPATH\Database\BaseBuilder.php(1616): CodeIgniter\Database\BaseConnection->query('SELECT *
FROM `CatProduct_Sonic`
WHERE `SKU` LIKE :SKU: ESCAPE \'!\'
OR  `Description` LIKE :Description: ESCAPE \'!\'', [...], false)
 2 APPPATH\Models\Sonic.php(40): CodeIgniter\Database\BaseBuilder->get()
 3 APPPATH\Controllers\Sonics.php(127): App\Models\Sonic->getNumeroProductos('0', '5', 'SKU', 'C:\\wamp64\\www\\Api_Template', 'C:\\wamp64\\www\\Api_Template')
 4 SYSTEMPATH\CodeIgniter.php(934): App\Controllers\Sonics->obtenerNumeroProductos()
 5 SYSTEMPATH\CodeIgniter.php(499): CodeIgniter\CodeIgniter->runController(Object(App\Controllers\Sonics))
 6 SYSTEMPATH\CodeIgniter.php(368): CodeIgniter\CodeIgniter->handleRequest(null, Object(Config\Cache), false)
 7 FCPATH\index.php(73): CodeIgniter\CodeIgniter->run()
ERROR - 2024-10-28 10:01:55 --> mysqli_sql_exception: Table 'cointic_template.catproduct_sonic' doesn't exist in C:\wamp64\www\Api_Template\system\Database\MySQLi\Connection.php:295
Stack trace:
#0 C:\wamp64\www\Api_Template\system\Database\MySQLi\Connection.php(295): mysqli->query('SELECT `CatProd...', 0)
#1 C:\wamp64\www\Api_Template\system\Database\BaseConnection.php(691): CodeIgniter\Database\MySQLi\Connection->execute('SELECT `CatProd...')
#2 C:\wamp64\www\Api_Template\system\Database\BaseConnection.php(605): CodeIgniter\Database\BaseConnection->simpleQuery('SELECT `CatProd...')
#3 C:\wamp64\www\Api_Template\system\Database\BaseBuilder.php(1616): CodeIgniter\Database\BaseConnection->query('SELECT `CatProd...', Array, false)
#4 C:\wamp64\www\Api_Template\app\Models\Sonic.php(29): CodeIgniter\Database\BaseBuilder->get()
#5 C:\wamp64\www\Api_Template\app\Controllers\Sonics.php(117): App\Models\Sonic->getProductos('0', '5', 'SKU', '', '')
#6 C:\wamp64\www\Api_Template\system\CodeIgniter.php(934): App\Controllers\Sonics->obtenerProductos()
#7 C:\wamp64\www\Api_Template\system\CodeIgniter.php(499): CodeIgniter\CodeIgniter->runController(Object(App\Controllers\Sonics))
#8 C:\wamp64\www\Api_Template\system\CodeIgniter.php(368): CodeIgniter\CodeIgniter->handleRequest(NULL, Object(Config\Cache), false)
#9 C:\wamp64\www\Api_Template\index.php(73): CodeIgniter\CodeIgniter->run()
#10 {main}
CRITICAL - 2024-10-28 10:01:55 --> Table 'cointic_template.catproduct_sonic' doesn't exist
in SYSTEMPATH\Database\BaseConnection.php on line 645.
 1 SYSTEMPATH\Database\BaseBuilder.php(1616): CodeIgniter\Database\BaseConnection->query('SELECT `CatProduct_Sonic`.*
FROM `CatProduct_Sonic`
WHERE `SKU` LIKE :SKU: ESCAPE \'!\'
OR  `Description` LIKE :Description: ESCAPE \'!\'
ORDER BY `CatProduct_Sonic`. `idproduct_Sonic`, `idrel`
 LIMIT 5', [...], false)
 2 APPPATH\Models\Sonic.php(29): CodeIgniter\Database\BaseBuilder->get()
 3 APPPATH\Controllers\Sonics.php(117): App\Models\Sonic->getProductos('0', '5', 'SKU', 'C:\\wamp64\\www\\Api_Template', 'C:\\wamp64\\www\\Api_Template')
 4 SYSTEMPATH\CodeIgniter.php(934): App\Controllers\Sonics->obtenerProductos()
 5 SYSTEMPATH\CodeIgniter.php(499): CodeIgniter\CodeIgniter->runController(Object(App\Controllers\Sonics))
 6 SYSTEMPATH\CodeIgniter.php(368): CodeIgniter\CodeIgniter->handleRequest(null, Object(Config\Cache), false)
 7 FCPATH\index.php(73): CodeIgniter\CodeIgniter->run()
ERROR - 2024-10-28 10:02:36 --> mysqli_sql_exception: Table 'cointic_template.catproduct_sonic' doesn't exist in C:\wamp64\www\Api_Template\system\Database\MySQLi\Connection.php:295
Stack trace:
#0 C:\wamp64\www\Api_Template\system\Database\MySQLi\Connection.php(295): mysqli->query('SELECT *\nFROM `...', 0)
#1 C:\wamp64\www\Api_Template\system\Database\BaseConnection.php(691): CodeIgniter\Database\MySQLi\Connection->execute('SELECT *\nFROM `...')
#2 C:\wamp64\www\Api_Template\system\Database\BaseConnection.php(605): CodeIgniter\Database\BaseConnection->simpleQuery('SELECT *\nFROM `...')
#3 C:\wamp64\www\Api_Template\system\Database\BaseBuilder.php(1616): CodeIgniter\Database\BaseConnection->query('SELECT *\nFROM `...', Array, false)
#4 C:\wamp64\www\Api_Template\app\Models\Sonic.php(40): CodeIgniter\Database\BaseBuilder->get()
#5 C:\wamp64\www\Api_Template\app\Controllers\Sonics.php(127): App\Models\Sonic->getNumeroProductos('0', '5', 'SKU', '', '')
#6 C:\wamp64\www\Api_Template\system\CodeIgniter.php(934): App\Controllers\Sonics->obtenerNumeroProductos()
#7 C:\wamp64\www\Api_Template\system\CodeIgniter.php(499): CodeIgniter\CodeIgniter->runController(Object(App\Controllers\Sonics))
#8 C:\wamp64\www\Api_Template\system\CodeIgniter.php(368): CodeIgniter\CodeIgniter->handleRequest(NULL, Object(Config\Cache), false)
#9 C:\wamp64\www\Api_Template\index.php(73): CodeIgniter\CodeIgniter->run()
#10 {main}
CRITICAL - 2024-10-28 10:02:36 --> Table 'cointic_template.catproduct_sonic' doesn't exist
in SYSTEMPATH\Database\BaseConnection.php on line 645.
 1 SYSTEMPATH\Database\BaseBuilder.php(1616): CodeIgniter\Database\BaseConnection->query('SELECT *
FROM `CatProduct_Sonic`
WHERE `SKU` LIKE :SKU: ESCAPE \'!\'
OR  `Description` LIKE :Description: ESCAPE \'!\'', [...], false)
 2 APPPATH\Models\Sonic.php(40): CodeIgniter\Database\BaseBuilder->get()
 3 APPPATH\Controllers\Sonics.php(127): App\Models\Sonic->getNumeroProductos('0', '5', 'SKU', 'C:\\wamp64\\www\\Api_Template', 'C:\\wamp64\\www\\Api_Template')
 4 SYSTEMPATH\CodeIgniter.php(934): App\Controllers\Sonics->obtenerNumeroProductos()
 5 SYSTEMPATH\CodeIgniter.php(499): CodeIgniter\CodeIgniter->runController(Object(App\Controllers\Sonics))
 6 SYSTEMPATH\CodeIgniter.php(368): CodeIgniter\CodeIgniter->handleRequest(null, Object(Config\Cache), false)
 7 FCPATH\index.php(73): CodeIgniter\CodeIgniter->run()
ERROR - 2024-10-28 10:02:36 --> mysqli_sql_exception: Table 'cointic_template.catproduct_sonic' doesn't exist in C:\wamp64\www\Api_Template\system\Database\MySQLi\Connection.php:295
Stack trace:
#0 C:\wamp64\www\Api_Template\system\Database\MySQLi\Connection.php(295): mysqli->query('SELECT `CatProd...', 0)
#1 C:\wamp64\www\Api_Template\system\Database\BaseConnection.php(691): CodeIgniter\Database\MySQLi\Connection->execute('SELECT `CatProd...')
#2 C:\wamp64\www\Api_Template\system\Database\BaseConnection.php(605): CodeIgniter\Database\BaseConnection->simpleQuery('SELECT `CatProd...')
#3 C:\wamp64\www\Api_Template\system\Database\BaseBuilder.php(1616): CodeIgniter\Database\BaseConnection->query('SELECT `CatProd...', Array, false)
#4 C:\wamp64\www\Api_Template\app\Models\Sonic.php(29): CodeIgniter\Database\BaseBuilder->get()
#5 C:\wamp64\www\Api_Template\app\Controllers\Sonics.php(117): App\Models\Sonic->getProductos('0', '5', 'SKU', '', '')
#6 C:\wamp64\www\Api_Template\system\CodeIgniter.php(934): App\Controllers\Sonics->obtenerProductos()
#7 C:\wamp64\www\Api_Template\system\CodeIgniter.php(499): CodeIgniter\CodeIgniter->runController(Object(App\Controllers\Sonics))
#8 C:\wamp64\www\Api_Template\system\CodeIgniter.php(368): CodeIgniter\CodeIgniter->handleRequest(NULL, Object(Config\Cache), false)
#9 C:\wamp64\www\Api_Template\index.php(73): CodeIgniter\CodeIgniter->run()
#10 {main}
CRITICAL - 2024-10-28 10:02:36 --> Table 'cointic_template.catproduct_sonic' doesn't exist
in SYSTEMPATH\Database\BaseConnection.php on line 645.
 1 SYSTEMPATH\Database\BaseBuilder.php(1616): CodeIgniter\Database\BaseConnection->query('SELECT `CatProduct_Sonic`.*
FROM `CatProduct_Sonic`
WHERE `SKU` LIKE :SKU: ESCAPE \'!\'
OR  `Description` LIKE :Description: ESCAPE \'!\'
ORDER BY `CatProduct_Sonic`. `idproduct_Sonic`, `idrel`
 LIMIT 5', [...], false)
 2 APPPATH\Models\Sonic.php(29): CodeIgniter\Database\BaseBuilder->get()
 3 APPPATH\Controllers\Sonics.php(117): App\Models\Sonic->getProductos('0', '5', 'SKU', 'C:\\wamp64\\www\\Api_Template', 'C:\\wamp64\\www\\Api_Template')
 4 SYSTEMPATH\CodeIgniter.php(934): App\Controllers\Sonics->obtenerProductos()
 5 SYSTEMPATH\CodeIgniter.php(499): CodeIgniter\CodeIgniter->runController(Object(App\Controllers\Sonics))
 6 SYSTEMPATH\CodeIgniter.php(368): CodeIgniter\CodeIgniter->handleRequest(null, Object(Config\Cache), false)
 7 FCPATH\index.php(73): CodeIgniter\CodeIgniter->run()
ERROR - 2024-10-28 10:02:43 --> mysqli_sql_exception: Table 'cointic_template.catproduct_sonic' doesn't exist in C:\wamp64\www\Api_Template\system\Database\MySQLi\Connection.php:295
Stack trace:
#0 C:\wamp64\www\Api_Template\system\Database\MySQLi\Connection.php(295): mysqli->query('SELECT *\nFROM `...', 0)
#1 C:\wamp64\www\Api_Template\system\Database\BaseConnection.php(691): CodeIgniter\Database\MySQLi\Connection->execute('SELECT *\nFROM `...')
#2 C:\wamp64\www\Api_Template\system\Database\BaseConnection.php(605): CodeIgniter\Database\BaseConnection->simpleQuery('SELECT *\nFROM `...')
#3 C:\wamp64\www\Api_Template\system\Database\BaseBuilder.php(1616): CodeIgniter\Database\BaseConnection->query('SELECT *\nFROM `...', Array, false)
#4 C:\wamp64\www\Api_Template\app\Models\Sonic.php(40): CodeIgniter\Database\BaseBuilder->get()
#5 C:\wamp64\www\Api_Template\app\Controllers\Sonics.php(127): App\Models\Sonic->getNumeroProductos('0', '5', 'SKU', '', '')
#6 C:\wamp64\www\Api_Template\system\CodeIgniter.php(934): App\Controllers\Sonics->obtenerNumeroProductos()
#7 C:\wamp64\www\Api_Template\system\CodeIgniter.php(499): CodeIgniter\CodeIgniter->runController(Object(App\Controllers\Sonics))
#8 C:\wamp64\www\Api_Template\system\CodeIgniter.php(368): CodeIgniter\CodeIgniter->handleRequest(NULL, Object(Config\Cache), false)
#9 C:\wamp64\www\Api_Template\index.php(73): CodeIgniter\CodeIgniter->run()
#10 {main}
CRITICAL - 2024-10-28 10:02:43 --> Table 'cointic_template.catproduct_sonic' doesn't exist
in SYSTEMPATH\Database\BaseConnection.php on line 645.
 1 SYSTEMPATH\Database\BaseBuilder.php(1616): CodeIgniter\Database\BaseConnection->query('SELECT *
FROM `CatProduct_Sonic`
WHERE `SKU` LIKE :SKU: ESCAPE \'!\'
OR  `Description` LIKE :Description: ESCAPE \'!\'', [...], false)
 2 APPPATH\Models\Sonic.php(40): CodeIgniter\Database\BaseBuilder->get()
 3 APPPATH\Controllers\Sonics.php(127): App\Models\Sonic->getNumeroProductos('0', '5', 'SKU', 'C:\\wamp64\\www\\Api_Template', 'C:\\wamp64\\www\\Api_Template')
 4 SYSTEMPATH\CodeIgniter.php(934): App\Controllers\Sonics->obtenerNumeroProductos()
 5 SYSTEMPATH\CodeIgniter.php(499): CodeIgniter\CodeIgniter->runController(Object(App\Controllers\Sonics))
 6 SYSTEMPATH\CodeIgniter.php(368): CodeIgniter\CodeIgniter->handleRequest(null, Object(Config\Cache), false)
 7 FCPATH\index.php(73): CodeIgniter\CodeIgniter->run()
ERROR - 2024-10-28 10:02:43 --> mysqli_sql_exception: Table 'cointic_template.catproduct_sonic' doesn't exist in C:\wamp64\www\Api_Template\system\Database\MySQLi\Connection.php:295
Stack trace:
#0 C:\wamp64\www\Api_Template\system\Database\MySQLi\Connection.php(295): mysqli->query('SELECT `CatProd...', 0)
#1 C:\wamp64\www\Api_Template\system\Database\BaseConnection.php(691): CodeIgniter\Database\MySQLi\Connection->execute('SELECT `CatProd...')
#2 C:\wamp64\www\Api_Template\system\Database\BaseConnection.php(605): CodeIgniter\Database\BaseConnection->simpleQuery('SELECT `CatProd...')
#3 C:\wamp64\www\Api_Template\system\Database\BaseBuilder.php(1616): CodeIgniter\Database\BaseConnection->query('SELECT `CatProd...', Array, false)
#4 C:\wamp64\www\Api_Template\app\Models\Sonic.php(29): CodeIgniter\Database\BaseBuilder->get()
#5 C:\wamp64\www\Api_Template\app\Controllers\Sonics.php(117): App\Models\Sonic->getProductos('0', '5', 'SKU', '', '')
#6 C:\wamp64\www\Api_Template\system\CodeIgniter.php(934): App\Controllers\Sonics->obtenerProductos()
#7 C:\wamp64\www\Api_Template\system\CodeIgniter.php(499): CodeIgniter\CodeIgniter->runController(Object(App\Controllers\Sonics))
#8 C:\wamp64\www\Api_Template\system\CodeIgniter.php(368): CodeIgniter\CodeIgniter->handleRequest(NULL, Object(Config\Cache), false)
#9 C:\wamp64\www\Api_Template\index.php(73): CodeIgniter\CodeIgniter->run()
#10 {main}
CRITICAL - 2024-10-28 10:02:43 --> Table 'cointic_template.catproduct_sonic' doesn't exist
in SYSTEMPATH\Database\BaseConnection.php on line 645.
 1 SYSTEMPATH\Database\BaseBuilder.php(1616): CodeIgniter\Database\BaseConnection->query('SELECT `CatProduct_Sonic`.*
FROM `CatProduct_Sonic`
WHERE `SKU` LIKE :SKU: ESCAPE \'!\'
OR  `Description` LIKE :Description: ESCAPE \'!\'
ORDER BY `CatProduct_Sonic`. `idproduct_Sonic`, `idrel`
 LIMIT 5', [...], false)
 2 APPPATH\Models\Sonic.php(29): CodeIgniter\Database\BaseBuilder->get()
 3 APPPATH\Controllers\Sonics.php(117): App\Models\Sonic->getProductos('0', '5', 'SKU', 'C:\\wamp64\\www\\Api_Template', 'C:\\wamp64\\www\\Api_Template')
 4 SYSTEMPATH\CodeIgniter.php(934): App\Controllers\Sonics->obtenerProductos()
 5 SYSTEMPATH\CodeIgniter.php(499): CodeIgniter\CodeIgniter->runController(Object(App\Controllers\Sonics))
 6 SYSTEMPATH\CodeIgniter.php(368): CodeIgniter\CodeIgniter->handleRequest(null, Object(Config\Cache), false)
 7 FCPATH\index.php(73): CodeIgniter\CodeIgniter->run()
ERROR - 2024-10-28 10:03:09 --> mysqli_sql_exception: Table 'cointic_template.catproduct_sonic' doesn't exist in C:\wamp64\www\Api_Template\system\Database\MySQLi\Connection.php:295
Stack trace:
#0 C:\wamp64\www\Api_Template\system\Database\MySQLi\Connection.php(295): mysqli->query('SELECT `CatProd...', 0)
#1 C:\wamp64\www\Api_Template\system\Database\BaseConnection.php(691): CodeIgniter\Database\MySQLi\Connection->execute('SELECT `CatProd...')
#2 C:\wamp64\www\Api_Template\system\Database\BaseConnection.php(605): CodeIgniter\Database\BaseConnection->simpleQuery('SELECT `CatProd...')
#3 C:\wamp64\www\Api_Template\system\Database\BaseBuilder.php(1616): CodeIgniter\Database\BaseConnection->query('SELECT `CatProd...', Array, false)
#4 C:\wamp64\www\Api_Template\app\Models\Sonic.php(29): CodeIgniter\Database\BaseBuilder->get()
#5 C:\wamp64\www\Api_Template\app\Controllers\Sonics.php(117): App\Models\Sonic->getProductos('0', '5', 'SKU', '', '')
#6 C:\wamp64\www\Api_Template\system\CodeIgniter.php(934): App\Controllers\Sonics->obtenerProductos()
#7 C:\wamp64\www\Api_Template\system\CodeIgniter.php(499): CodeIgniter\CodeIgniter->runController(Object(App\Controllers\Sonics))
#8 C:\wamp64\www\Api_Template\system\CodeIgniter.php(368): CodeIgniter\CodeIgniter->handleRequest(NULL, Object(Config\Cache), false)
#9 C:\wamp64\www\Api_Template\index.php(73): CodeIgniter\CodeIgniter->run()
#10 {main}
ERROR - 2024-10-28 10:03:09 --> mysqli_sql_exception: Table 'cointic_template.catproduct_sonic' doesn't exist in C:\wamp64\www\Api_Template\system\Database\MySQLi\Connection.php:295
Stack trace:
#0 C:\wamp64\www\Api_Template\system\Database\MySQLi\Connection.php(295): mysqli->query('SELECT *\nFROM `...', 0)
#1 C:\wamp64\www\Api_Template\system\Database\BaseConnection.php(691): CodeIgniter\Database\MySQLi\Connection->execute('SELECT *\nFROM `...')
#2 C:\wamp64\www\Api_Template\system\Database\BaseConnection.php(605): CodeIgniter\Database\BaseConnection->simpleQuery('SELECT *\nFROM `...')
#3 C:\wamp64\www\Api_Template\system\Database\BaseBuilder.php(1616): CodeIgniter\Database\BaseConnection->query('SELECT *\nFROM `...', Array, false)
#4 C:\wamp64\www\Api_Template\app\Models\Sonic.php(40): CodeIgniter\Database\BaseBuilder->get()
#5 C:\wamp64\www\Api_Template\app\Controllers\Sonics.php(127): App\Models\Sonic->getNumeroProductos('0', '5', 'SKU', '', '')
#6 C:\wamp64\www\Api_Template\system\CodeIgniter.php(934): App\Controllers\Sonics->obtenerNumeroProductos()
#7 C:\wamp64\www\Api_Template\system\CodeIgniter.php(499): CodeIgniter\CodeIgniter->runController(Object(App\Controllers\Sonics))
#8 C:\wamp64\www\Api_Template\system\CodeIgniter.php(368): CodeIgniter\CodeIgniter->handleRequest(NULL, Object(Config\Cache), false)
#9 C:\wamp64\www\Api_Template\index.php(73): CodeIgniter\CodeIgniter->run()
#10 {main}
CRITICAL - 2024-10-28 10:03:09 --> Table 'cointic_template.catproduct_sonic' doesn't exist
in SYSTEMPATH\Database\BaseConnection.php on line 645.
 1 SYSTEMPATH\Database\BaseBuilder.php(1616): CodeIgniter\Database\BaseConnection->query('SELECT `CatProduct_Sonic`.*
FROM `CatProduct_Sonic`
WHERE `SKU` LIKE :SKU: ESCAPE \'!\'
OR  `Description` LIKE :Description: ESCAPE \'!\'
ORDER BY `CatProduct_Sonic`. `idproduct_Sonic`, `idrel`
 LIMIT 5', [...], false)
 2 APPPATH\Models\Sonic.php(29): CodeIgniter\Database\BaseBuilder->get()
 3 APPPATH\Controllers\Sonics.php(117): App\Models\Sonic->getProductos('0', '5', 'SKU', 'C:\\wamp64\\www\\Api_Template', 'C:\\wamp64\\www\\Api_Template')
 4 SYSTEMPATH\CodeIgniter.php(934): App\Controllers\Sonics->obtenerProductos()
 5 SYSTEMPATH\CodeIgniter.php(499): CodeIgniter\CodeIgniter->runController(Object(App\Controllers\Sonics))
 6 SYSTEMPATH\CodeIgniter.php(368): CodeIgniter\CodeIgniter->handleRequest(null, Object(Config\Cache), false)
 7 FCPATH\index.php(73): CodeIgniter\CodeIgniter->run()
CRITICAL - 2024-10-28 10:03:09 --> Table 'cointic_template.catproduct_sonic' doesn't exist
in SYSTEMPATH\Database\BaseConnection.php on line 645.
 1 SYSTEMPATH\Database\BaseBuilder.php(1616): CodeIgniter\Database\BaseConnection->query('SELECT *
FROM `CatProduct_Sonic`
WHERE `SKU` LIKE :SKU: ESCAPE \'!\'
OR  `Description` LIKE :Description: ESCAPE \'!\'', [...], false)
 2 APPPATH\Models\Sonic.php(40): CodeIgniter\Database\BaseBuilder->get()
 3 APPPATH\Controllers\Sonics.php(127): App\Models\Sonic->getNumeroProductos('0', '5', 'SKU', 'C:\\wamp64\\www\\Api_Template', 'C:\\wamp64\\www\\Api_Template')
 4 SYSTEMPATH\CodeIgniter.php(934): App\Controllers\Sonics->obtenerNumeroProductos()
 5 SYSTEMPATH\CodeIgniter.php(499): CodeIgniter\CodeIgniter->runController(Object(App\Controllers\Sonics))
 6 SYSTEMPATH\CodeIgniter.php(368): CodeIgniter\CodeIgniter->handleRequest(null, Object(Config\Cache), false)
 7 FCPATH\index.php(73): CodeIgniter\CodeIgniter->run()
ERROR - 2024-10-28 10:05:04 --> mysqli_sql_exception: Table 'cointic_template.catproduct_sonic' doesn't exist in C:\wamp64\www\Api_Template\system\Database\MySQLi\Connection.php:295
Stack trace:
#0 C:\wamp64\www\Api_Template\system\Database\MySQLi\Connection.php(295): mysqli->query('SELECT `CatProd...', 0)
#1 C:\wamp64\www\Api_Template\system\Database\BaseConnection.php(691): CodeIgniter\Database\MySQLi\Connection->execute('SELECT `CatProd...')
#2 C:\wamp64\www\Api_Template\system\Database\BaseConnection.php(605): CodeIgniter\Database\BaseConnection->simpleQuery('SELECT `CatProd...')
#3 C:\wamp64\www\Api_Template\system\Database\BaseBuilder.php(1616): CodeIgniter\Database\BaseConnection->query('SELECT `CatProd...', Array, false)
#4 C:\wamp64\www\Api_Template\app\Models\Sonic.php(29): CodeIgniter\Database\BaseBuilder->get()
#5 C:\wamp64\www\Api_Template\app\Controllers\Sonics.php(117): App\Models\Sonic->getProductos('0', '5', 'SKU', '', '')
#6 C:\wamp64\www\Api_Template\system\CodeIgniter.php(934): App\Controllers\Sonics->obtenerProductos()
#7 C:\wamp64\www\Api_Template\system\CodeIgniter.php(499): CodeIgniter\CodeIgniter->runController(Object(App\Controllers\Sonics))
#8 C:\wamp64\www\Api_Template\system\CodeIgniter.php(368): CodeIgniter\CodeIgniter->handleRequest(NULL, Object(Config\Cache), false)
#9 C:\wamp64\www\Api_Template\index.php(73): CodeIgniter\CodeIgniter->run()
#10 {main}
CRITICAL - 2024-10-28 10:05:04 --> Table 'cointic_template.catproduct_sonic' doesn't exist
in SYSTEMPATH\Database\BaseConnection.php on line 645.
 1 SYSTEMPATH\Database\BaseBuilder.php(1616): CodeIgniter\Database\BaseConnection->query('SELECT `CatProduct_Sonic`.*
FROM `CatProduct_Sonic`
WHERE `SKU` LIKE :SKU: ESCAPE \'!\'
OR  `Description` LIKE :Description: ESCAPE \'!\'
ORDER BY `CatProduct_Sonic`. `idproduct_Sonic`, `idrel`
 LIMIT 5', [...], false)
 2 APPPATH\Models\Sonic.php(29): CodeIgniter\Database\BaseBuilder->get()
 3 APPPATH\Controllers\Sonics.php(117): App\Models\Sonic->getProductos('0', '5', 'SKU', 'C:\\wamp64\\www\\Api_Template', 'C:\\wamp64\\www\\Api_Template')
 4 SYSTEMPATH\CodeIgniter.php(934): App\Controllers\Sonics->obtenerProductos()
 5 SYSTEMPATH\CodeIgniter.php(499): CodeIgniter\CodeIgniter->runController(Object(App\Controllers\Sonics))
 6 SYSTEMPATH\CodeIgniter.php(368): CodeIgniter\CodeIgniter->handleRequest(null, Object(Config\Cache), false)
 7 FCPATH\index.php(73): CodeIgniter\CodeIgniter->run()
ERROR - 2024-10-28 10:05:04 --> mysqli_sql_exception: Table 'cointic_template.catproduct_sonic' doesn't exist in C:\wamp64\www\Api_Template\system\Database\MySQLi\Connection.php:295
Stack trace:
#0 C:\wamp64\www\Api_Template\system\Database\MySQLi\Connection.php(295): mysqli->query('SELECT *\nFROM `...', 0)
#1 C:\wamp64\www\Api_Template\system\Database\BaseConnection.php(691): CodeIgniter\Database\MySQLi\Connection->execute('SELECT *\nFROM `...')
#2 C:\wamp64\www\Api_Template\system\Database\BaseConnection.php(605): CodeIgniter\Database\BaseConnection->simpleQuery('SELECT *\nFROM `...')
#3 C:\wamp64\www\Api_Template\system\Database\BaseBuilder.php(1616): CodeIgniter\Database\BaseConnection->query('SELECT *\nFROM `...', Array, false)
#4 C:\wamp64\www\Api_Template\app\Models\Sonic.php(40): CodeIgniter\Database\BaseBuilder->get()
#5 C:\wamp64\www\Api_Template\app\Controllers\Sonics.php(127): App\Models\Sonic->getNumeroProductos('0', '5', 'SKU', '', '')
#6 C:\wamp64\www\Api_Template\system\CodeIgniter.php(934): App\Controllers\Sonics->obtenerNumeroProductos()
#7 C:\wamp64\www\Api_Template\system\CodeIgniter.php(499): CodeIgniter\CodeIgniter->runController(Object(App\Controllers\Sonics))
#8 C:\wamp64\www\Api_Template\system\CodeIgniter.php(368): CodeIgniter\CodeIgniter->handleRequest(NULL, Object(Config\Cache), false)
#9 C:\wamp64\www\Api_Template\index.php(73): CodeIgniter\CodeIgniter->run()
#10 {main}
CRITICAL - 2024-10-28 10:05:04 --> Table 'cointic_template.catproduct_sonic' doesn't exist
in SYSTEMPATH\Database\BaseConnection.php on line 645.
 1 SYSTEMPATH\Database\BaseBuilder.php(1616): CodeIgniter\Database\BaseConnection->query('SELECT *
FROM `CatProduct_Sonic`
WHERE `SKU` LIKE :SKU: ESCAPE \'!\'
OR  `Description` LIKE :Description: ESCAPE \'!\'', [...], false)
 2 APPPATH\Models\Sonic.php(40): CodeIgniter\Database\BaseBuilder->get()
 3 APPPATH\Controllers\Sonics.php(127): App\Models\Sonic->getNumeroProductos('0', '5', 'SKU', 'C:\\wamp64\\www\\Api_Template', 'C:\\wamp64\\www\\Api_Template')
 4 SYSTEMPATH\CodeIgniter.php(934): App\Controllers\Sonics->obtenerNumeroProductos()
 5 SYSTEMPATH\CodeIgniter.php(499): CodeIgniter\CodeIgniter->runController(Object(App\Controllers\Sonics))
 6 SYSTEMPATH\CodeIgniter.php(368): CodeIgniter\CodeIgniter->handleRequest(null, Object(Config\Cache), false)
 7 FCPATH\index.php(73): CodeIgniter\CodeIgniter->run()
ERROR - 2024-10-28 10:05:34 --> mysqli_sql_exception: Table 'cointic_template.catproduct_sonic' doesn't exist in C:\wamp64\www\Api_Template\system\Database\MySQLi\Connection.php:295
Stack trace:
#0 C:\wamp64\www\Api_Template\system\Database\MySQLi\Connection.php(295): mysqli->query('SELECT *\nFROM `...', 0)
#1 C:\wamp64\www\Api_Template\system\Database\BaseConnection.php(691): CodeIgniter\Database\MySQLi\Connection->execute('SELECT *\nFROM `...')
#2 C:\wamp64\www\Api_Template\system\Database\BaseConnection.php(605): CodeIgniter\Database\BaseConnection->simpleQuery('SELECT *\nFROM `...')
#3 C:\wamp64\www\Api_Template\system\Database\BaseBuilder.php(1616): CodeIgniter\Database\BaseConnection->query('SELECT *\nFROM `...', Array, false)
#4 C:\wamp64\www\Api_Template\app\Models\Sonic.php(40): CodeIgniter\Database\BaseBuilder->get()
#5 C:\wamp64\www\Api_Template\app\Controllers\Sonics.php(127): App\Models\Sonic->getNumeroProductos('0', '5', 'SKU', '', '')
#6 C:\wamp64\www\Api_Template\system\CodeIgniter.php(934): App\Controllers\Sonics->obtenerNumeroProductos()
#7 C:\wamp64\www\Api_Template\system\CodeIgniter.php(499): CodeIgniter\CodeIgniter->runController(Object(App\Controllers\Sonics))
#8 C:\wamp64\www\Api_Template\system\CodeIgniter.php(368): CodeIgniter\CodeIgniter->handleRequest(NULL, Object(Config\Cache), false)
#9 C:\wamp64\www\Api_Template\index.php(73): CodeIgniter\CodeIgniter->run()
#10 {main}
CRITICAL - 2024-10-28 10:05:34 --> Table 'cointic_template.catproduct_sonic' doesn't exist
in SYSTEMPATH\Database\BaseConnection.php on line 645.
 1 SYSTEMPATH\Database\BaseBuilder.php(1616): CodeIgniter\Database\BaseConnection->query('SELECT *
FROM `CatProduct_Sonic`
WHERE `SKU` LIKE :SKU: ESCAPE \'!\'
OR  `Description` LIKE :Description: ESCAPE \'!\'', [...], false)
 2 APPPATH\Models\Sonic.php(40): CodeIgniter\Database\BaseBuilder->get()
 3 APPPATH\Controllers\Sonics.php(127): App\Models\Sonic->getNumeroProductos('0', '5', 'SKU', 'C:\\wamp64\\www\\Api_Template', 'C:\\wamp64\\www\\Api_Template')
 4 SYSTEMPATH\CodeIgniter.php(934): App\Controllers\Sonics->obtenerNumeroProductos()
 5 SYSTEMPATH\CodeIgniter.php(499): CodeIgniter\CodeIgniter->runController(Object(App\Controllers\Sonics))
 6 SYSTEMPATH\CodeIgniter.php(368): CodeIgniter\CodeIgniter->handleRequest(null, Object(Config\Cache), false)
 7 FCPATH\index.php(73): CodeIgniter\CodeIgniter->run()
ERROR - 2024-10-28 10:05:34 --> mysqli_sql_exception: Table 'cointic_template.catproduct_sonic' doesn't exist in C:\wamp64\www\Api_Template\system\Database\MySQLi\Connection.php:295
Stack trace:
#0 C:\wamp64\www\Api_Template\system\Database\MySQLi\Connection.php(295): mysqli->query('SELECT `CatProd...', 0)
#1 C:\wamp64\www\Api_Template\system\Database\BaseConnection.php(691): CodeIgniter\Database\MySQLi\Connection->execute('SELECT `CatProd...')
#2 C:\wamp64\www\Api_Template\system\Database\BaseConnection.php(605): CodeIgniter\Database\BaseConnection->simpleQuery('SELECT `CatProd...')
#3 C:\wamp64\www\Api_Template\system\Database\BaseBuilder.php(1616): CodeIgniter\Database\BaseConnection->query('SELECT `CatProd...', Array, false)
#4 C:\wamp64\www\Api_Template\app\Models\Sonic.php(29): CodeIgniter\Database\BaseBuilder->get()
#5 C:\wamp64\www\Api_Template\app\Controllers\Sonics.php(117): App\Models\Sonic->getProductos('0', '5', 'SKU', '', '')
#6 C:\wamp64\www\Api_Template\system\CodeIgniter.php(934): App\Controllers\Sonics->obtenerProductos()
#7 C:\wamp64\www\Api_Template\system\CodeIgniter.php(499): CodeIgniter\CodeIgniter->runController(Object(App\Controllers\Sonics))
#8 C:\wamp64\www\Api_Template\system\CodeIgniter.php(368): CodeIgniter\CodeIgniter->handleRequest(NULL, Object(Config\Cache), false)
#9 C:\wamp64\www\Api_Template\index.php(73): CodeIgniter\CodeIgniter->run()
#10 {main}
CRITICAL - 2024-10-28 10:05:34 --> Table 'cointic_template.catproduct_sonic' doesn't exist
in SYSTEMPATH\Database\BaseConnection.php on line 645.
 1 SYSTEMPATH\Database\BaseBuilder.php(1616): CodeIgniter\Database\BaseConnection->query('SELECT `CatProduct_Sonic`.*
FROM `CatProduct_Sonic`
WHERE `SKU` LIKE :SKU: ESCAPE \'!\'
OR  `Description` LIKE :Description: ESCAPE \'!\'
ORDER BY `CatProduct_Sonic`. `idproduct_Sonic`, `idrel`
 LIMIT 5', [...], false)
 2 APPPATH\Models\Sonic.php(29): CodeIgniter\Database\BaseBuilder->get()
 3 APPPATH\Controllers\Sonics.php(117): App\Models\Sonic->getProductos('0', '5', 'SKU', 'C:\\wamp64\\www\\Api_Template', 'C:\\wamp64\\www\\Api_Template')
 4 SYSTEMPATH\CodeIgniter.php(934): App\Controllers\Sonics->obtenerProductos()
 5 SYSTEMPATH\CodeIgniter.php(499): CodeIgniter\CodeIgniter->runController(Object(App\Controllers\Sonics))
 6 SYSTEMPATH\CodeIgniter.php(368): CodeIgniter\CodeIgniter->handleRequest(null, Object(Config\Cache), false)
 7 FCPATH\index.php(73): CodeIgniter\CodeIgniter->run()
ERROR - 2024-10-28 10:43:33 --> mysqli_sql_exception: Unknown column 'HardwareorSoftware' in 'field list' in C:\wamp64\www\Api_Template\system\Database\MySQLi\Connection.php:295
Stack trace:
#0 C:\wamp64\www\Api_Template\system\Database\MySQLi\Connection.php(295): mysqli->query('INSERT INTO `Ca...', 0)
#1 C:\wamp64\www\Api_Template\system\Database\BaseConnection.php(691): CodeIgniter\Database\MySQLi\Connection->execute('INSERT INTO `Ca...')
#2 C:\wamp64\www\Api_Template\system\Database\BaseConnection.php(605): CodeIgniter\Database\BaseConnection->simpleQuery('INSERT INTO `Ca...')
#3 C:\wamp64\www\Api_Template\system\Database\BaseBuilder.php(2309): CodeIgniter\Database\BaseConnection->query('INSERT INTO `Ca...', Array, false)
#4 C:\wamp64\www\Api_Template\app\Models\Sonic.php(46): CodeIgniter\Database\BaseBuilder->insert(Array)
#5 C:\wamp64\www\Api_Template\app\Controllers\Sonics.php(163): App\Models\Sonic->crearProducto(Array)
#6 C:\wamp64\www\Api_Template\system\CodeIgniter.php(934): App\Controllers\Sonics->CrearProducto()
#7 C:\wamp64\www\Api_Template\system\CodeIgniter.php(499): CodeIgniter\CodeIgniter->runController(Object(App\Controllers\Sonics))
#8 C:\wamp64\www\Api_Template\system\CodeIgniter.php(368): CodeIgniter\CodeIgniter->handleRequest(NULL, Object(Config\Cache), false)
#9 C:\wamp64\www\Api_Template\index.php(73): CodeIgniter\CodeIgniter->run()
#10 {main}
CRITICAL - 2024-10-28 10:43:33 --> Unknown column 'HardwareorSoftware' in 'field list'
in SYSTEMPATH\Database\BaseConnection.php on line 645.
 1 SYSTEMPATH\Database\BaseBuilder.php(2309): CodeIgniter\Database\BaseConnection->query('INSERT INTO `CatProduct_Sonic` (`SKU`, `Description`, `Precio`, `HardwareorSoftware`, `idrel`) VALUES (:SKU:, :Description:, :Precio:, :HardwareorSoftware:, :idrel:)', [...], false)
 2 APPPATH\Models\Sonic.php(46): CodeIgniter\Database\BaseBuilder->insert([...])
 3 APPPATH\Controllers\Sonics.php(163): App\Models\Sonic->crearProducto([...])
 4 SYSTEMPATH\CodeIgniter.php(934): App\Controllers\Sonics->CrearProducto()
 5 SYSTEMPATH\CodeIgniter.php(499): CodeIgniter\CodeIgniter->runController(Object(App\Controllers\Sonics))
 6 SYSTEMPATH\CodeIgniter.php(368): CodeIgniter\CodeIgniter->handleRequest(null, Object(Config\Cache), false)
 7 FCPATH\index.php(73): CodeIgniter\CodeIgniter->run()
ERROR - 2024-10-28 10:44:49 --> mysqli_sql_exception: Unknown column 'HardwareorSoftware' in 'field list' in C:\wamp64\www\Api_Template\system\Database\MySQLi\Connection.php:295
Stack trace:
#0 C:\wamp64\www\Api_Template\system\Database\MySQLi\Connection.php(295): mysqli->query('INSERT INTO `Ca...', 0)
#1 C:\wamp64\www\Api_Template\system\Database\BaseConnection.php(691): CodeIgniter\Database\MySQLi\Connection->execute('INSERT INTO `Ca...')
#2 C:\wamp64\www\Api_Template\system\Database\BaseConnection.php(605): CodeIgniter\Database\BaseConnection->simpleQuery('INSERT INTO `Ca...')
#3 C:\wamp64\www\Api_Template\system\Database\BaseBuilder.php(2309): CodeIgniter\Database\BaseConnection->query('INSERT INTO `Ca...', Array, false)
#4 C:\wamp64\www\Api_Template\app\Models\Sonic.php(46): CodeIgniter\Database\BaseBuilder->insert(Array)
#5 C:\wamp64\www\Api_Template\app\Controllers\Sonics.php(163): App\Models\Sonic->crearProducto(Array)
#6 C:\wamp64\www\Api_Template\system\CodeIgniter.php(934): App\Controllers\Sonics->CrearProducto()
#7 C:\wamp64\www\Api_Template\system\CodeIgniter.php(499): CodeIgniter\CodeIgniter->runController(Object(App\Controllers\Sonics))
#8 C:\wamp64\www\Api_Template\system\CodeIgniter.php(368): CodeIgniter\CodeIgniter->handleRequest(NULL, Object(Config\Cache), false)
#9 C:\wamp64\www\Api_Template\index.php(73): CodeIgniter\CodeIgniter->run()
#10 {main}
CRITICAL - 2024-10-28 10:44:49 --> Unknown column 'HardwareorSoftware' in 'field list'
in SYSTEMPATH\Database\BaseConnection.php on line 645.
 1 SYSTEMPATH\Database\BaseBuilder.php(2309): CodeIgniter\Database\BaseConnection->query('INSERT INTO `CatProduct_Sonic` (`SKU`, `Description`, `Precio`, `HardwareorSoftware`, `idrel`) VALUES (:SKU:, :Description:, :Precio:, :HardwareorSoftware:, :idrel:)', [...], false)
 2 APPPATH\Models\Sonic.php(46): CodeIgniter\Database\BaseBuilder->insert([...])
 3 APPPATH\Controllers\Sonics.php(163): App\Models\Sonic->crearProducto([...])
 4 SYSTEMPATH\CodeIgniter.php(934): App\Controllers\Sonics->CrearProducto()
 5 SYSTEMPATH\CodeIgniter.php(499): CodeIgniter\CodeIgniter->runController(Object(App\Controllers\Sonics))
 6 SYSTEMPATH\CodeIgniter.php(368): CodeIgniter\CodeIgniter->handleRequest(null, Object(Config\Cache), false)
 7 FCPATH\index.php(73): CodeIgniter\CodeIgniter->run()
ERROR - 2024-10-28 10:46:31 --> mysqli_sql_exception: Unknown column 'HardwareorSoftware' in 'field list' in C:\wamp64\www\Api_Template\system\Database\MySQLi\Connection.php:295
Stack trace:
#0 C:\wamp64\www\Api_Template\system\Database\MySQLi\Connection.php(295): mysqli->query('INSERT INTO `Ca...', 0)
#1 C:\wamp64\www\Api_Template\system\Database\BaseConnection.php(691): CodeIgniter\Database\MySQLi\Connection->execute('INSERT INTO `Ca...')
#2 C:\wamp64\www\Api_Template\system\Database\BaseConnection.php(605): CodeIgniter\Database\BaseConnection->simpleQuery('INSERT INTO `Ca...')
#3 C:\wamp64\www\Api_Template\system\Database\BaseBuilder.php(2309): CodeIgniter\Database\BaseConnection->query('INSERT INTO `Ca...', Array, false)
#4 C:\wamp64\www\Api_Template\app\Models\Sonic.php(46): CodeIgniter\Database\BaseBuilder->insert(Array)
#5 C:\wamp64\www\Api_Template\app\Controllers\Sonics.php(163): App\Models\Sonic->crearProducto(Array)
#6 C:\wamp64\www\Api_Template\system\CodeIgniter.php(934): App\Controllers\Sonics->CrearProducto()
#7 C:\wamp64\www\Api_Template\system\CodeIgniter.php(499): CodeIgniter\CodeIgniter->runController(Object(App\Controllers\Sonics))
#8 C:\wamp64\www\Api_Template\system\CodeIgniter.php(368): CodeIgniter\CodeIgniter->handleRequest(NULL, Object(Config\Cache), false)
#9 C:\wamp64\www\Api_Template\index.php(73): CodeIgniter\CodeIgniter->run()
#10 {main}
CRITICAL - 2024-10-28 10:46:31 --> Unknown column 'HardwareorSoftware' in 'field list'
in SYSTEMPATH\Database\BaseConnection.php on line 645.
 1 SYSTEMPATH\Database\BaseBuilder.php(2309): CodeIgniter\Database\BaseConnection->query('INSERT INTO `CatProduct_Sonic` (`SKU`, `Description`, `Precio`, `HardwareorSoftware`, `idrel`) VALUES (:SKU:, :Description:, :Precio:, :HardwareorSoftware:, :idrel:)', [...], false)
 2 APPPATH\Models\Sonic.php(46): CodeIgniter\Database\BaseBuilder->insert([...])
 3 APPPATH\Controllers\Sonics.php(163): App\Models\Sonic->crearProducto([...])
 4 SYSTEMPATH\CodeIgniter.php(934): App\Controllers\Sonics->CrearProducto()
 5 SYSTEMPATH\CodeIgniter.php(499): CodeIgniter\CodeIgniter->runController(Object(App\Controllers\Sonics))
 6 SYSTEMPATH\CodeIgniter.php(368): CodeIgniter\CodeIgniter->handleRequest(null, Object(Config\Cache), false)
 7 FCPATH\index.php(73): CodeIgniter\CodeIgniter->run()
ERROR - 2024-10-28 10:56:01 --> mysqli_sql_exception: You have an error in your SQL syntax; check the manual that corresponds to your MySQL server version for the right syntax to use near '`Software`, `idrel`
 LIMIT 5' at line 5 in C:\wamp64\www\Api_Template\system\Database\MySQLi\Connection.php:295
Stack trace:
#0 C:\wamp64\www\Api_Template\system\Database\MySQLi\Connection.php(295): mysqli->query('SELECT `CatProd...', 0)
#1 C:\wamp64\www\Api_Template\system\Database\BaseConnection.php(691): CodeIgniter\Database\MySQLi\Connection->execute('SELECT `CatProd...')
#2 C:\wamp64\www\Api_Template\system\Database\BaseConnection.php(605): CodeIgniter\Database\BaseConnection->simpleQuery('SELECT `CatProd...')
#3 C:\wamp64\www\Api_Template\system\Database\BaseBuilder.php(1616): CodeIgniter\Database\BaseConnection->query('SELECT `CatProd...', Array, false)
#4 C:\wamp64\www\Api_Template\app\Models\Sonic.php(29): CodeIgniter\Database\BaseBuilder->get()
#5 C:\wamp64\www\Api_Template\app\Controllers\Sonics.php(117): App\Models\Sonic->getProductos('0', '5', 'SKU', '', '')
#6 C:\wamp64\www\Api_Template\system\CodeIgniter.php(934): App\Controllers\Sonics->obtenerProductos()
#7 C:\wamp64\www\Api_Template\system\CodeIgniter.php(499): CodeIgniter\CodeIgniter->runController(Object(App\Controllers\Sonics))
#8 C:\wamp64\www\Api_Template\system\CodeIgniter.php(368): CodeIgniter\CodeIgniter->handleRequest(NULL, Object(Config\Cache), false)
#9 C:\wamp64\www\Api_Template\index.php(73): CodeIgniter\CodeIgniter->run()
#10 {main}
CRITICAL - 2024-10-28 10:56:01 --> You have an error in your SQL syntax; check the manual that corresponds to your MySQL server version for the right syntax to use near '`Software`, `idrel`
 LIMIT 5' at line 5
in SYSTEMPATH\Database\BaseConnection.php on line 645.
 1 SYSTEMPATH\Database\BaseBuilder.php(1616): CodeIgniter\Database\BaseConnection->query('SELECT `CatProduct_Sonic`.*
FROM `CatProduct_Sonic`
WHERE `SKU` LIKE :SKU: ESCAPE \'!\'
OR  `Description` LIKE :Description: ESCAPE \'!\'
ORDER BY `CatProduct_Sonic`. `idproduct_Sonic`, `SKU`, `Description`, `Precio`, `Hardaware or` `Software`, `idrel`
 LIMIT 5', [...], false)
 2 APPPATH\Models\Sonic.php(29): CodeIgniter\Database\BaseBuilder->get()
 3 APPPATH\Controllers\Sonics.php(117): App\Models\Sonic->getProductos('0', '5', 'SKU', 'C:\\wamp64\\www\\Api_Template', 'C:\\wamp64\\www\\Api_Template')
 4 SYSTEMPATH\CodeIgniter.php(934): App\Controllers\Sonics->obtenerProductos()
 5 SYSTEMPATH\CodeIgniter.php(499): CodeIgniter\CodeIgniter->runController(Object(App\Controllers\Sonics))
 6 SYSTEMPATH\CodeIgniter.php(368): CodeIgniter\CodeIgniter->handleRequest(null, Object(Config\Cache), false)
 7 FCPATH\index.php(73): CodeIgniter\CodeIgniter->run()
ERROR - 2024-10-28 10:56:18 --> mysqli_sql_exception: You have an error in your SQL syntax; check the manual that corresponds to your MySQL server version for the right syntax to use near '`Software`, `idrel`
 LIMIT 5' at line 5 in C:\wamp64\www\Api_Template\system\Database\MySQLi\Connection.php:295
Stack trace:
#0 C:\wamp64\www\Api_Template\system\Database\MySQLi\Connection.php(295): mysqli->query('SELECT `CatProd...', 0)
#1 C:\wamp64\www\Api_Template\system\Database\BaseConnection.php(691): CodeIgniter\Database\MySQLi\Connection->execute('SELECT `CatProd...')
#2 C:\wamp64\www\Api_Template\system\Database\BaseConnection.php(605): CodeIgniter\Database\BaseConnection->simpleQuery('SELECT `CatProd...')
#3 C:\wamp64\www\Api_Template\system\Database\BaseBuilder.php(1616): CodeIgniter\Database\BaseConnection->query('SELECT `CatProd...', Array, false)
#4 C:\wamp64\www\Api_Template\app\Models\Sonic.php(29): CodeIgniter\Database\BaseBuilder->get()
#5 C:\wamp64\www\Api_Template\app\Controllers\Sonics.php(117): App\Models\Sonic->getProductos('0', '5', 'SKU', '', '')
#6 C:\wamp64\www\Api_Template\system\CodeIgniter.php(934): App\Controllers\Sonics->obtenerProductos()
#7 C:\wamp64\www\Api_Template\system\CodeIgniter.php(499): CodeIgniter\CodeIgniter->runController(Object(App\Controllers\Sonics))
#8 C:\wamp64\www\Api_Template\system\CodeIgniter.php(368): CodeIgniter\CodeIgniter->handleRequest(NULL, Object(Config\Cache), false)
#9 C:\wamp64\www\Api_Template\index.php(73): CodeIgniter\CodeIgniter->run()
#10 {main}
CRITICAL - 2024-10-28 10:56:18 --> You have an error in your SQL syntax; check the manual that corresponds to your MySQL server version for the right syntax to use near '`Software`, `idrel`
 LIMIT 5' at line 5
in SYSTEMPATH\Database\BaseConnection.php on line 645.
 1 SYSTEMPATH\Database\BaseBuilder.php(1616): CodeIgniter\Database\BaseConnection->query('SELECT `CatProduct_Sonic`.*
FROM `CatProduct_Sonic`
WHERE `SKU` LIKE :SKU: ESCAPE \'!\'
OR  `Description` LIKE :Description: ESCAPE \'!\'
ORDER BY `CatProduct_Sonic`. `idproduct_Sonic`, `SKU`, `Description`, `Precio`, `Hardaware or` `Software`, `idrel`
 LIMIT 5', [...], false)
 2 APPPATH\Models\Sonic.php(29): CodeIgniter\Database\BaseBuilder->get()
 3 APPPATH\Controllers\Sonics.php(117): App\Models\Sonic->getProductos('0', '5', 'SKU', 'C:\\wamp64\\www\\Api_Template', 'C:\\wamp64\\www\\Api_Template')
 4 SYSTEMPATH\CodeIgniter.php(934): App\Controllers\Sonics->obtenerProductos()
 5 SYSTEMPATH\CodeIgniter.php(499): CodeIgniter\CodeIgniter->runController(Object(App\Controllers\Sonics))
 6 SYSTEMPATH\CodeIgniter.php(368): CodeIgniter\CodeIgniter->handleRequest(null, Object(Config\Cache), false)
 7 FCPATH\index.php(73): CodeIgniter\CodeIgniter->run()
ERROR - 2024-10-28 11:02:16 --> mysqli_sql_exception: Unknown column 'HardawareorSoftware' in 'order clause' in C:\wamp64\www\Api_Template\system\Database\MySQLi\Connection.php:295
Stack trace:
#0 C:\wamp64\www\Api_Template\system\Database\MySQLi\Connection.php(295): mysqli->query('SELECT `CatProd...', 0)
#1 C:\wamp64\www\Api_Template\system\Database\BaseConnection.php(691): CodeIgniter\Database\MySQLi\Connection->execute('SELECT `CatProd...')
#2 C:\wamp64\www\Api_Template\system\Database\BaseConnection.php(605): CodeIgniter\Database\BaseConnection->simpleQuery('SELECT `CatProd...')
#3 C:\wamp64\www\Api_Template\system\Database\BaseBuilder.php(1616): CodeIgniter\Database\BaseConnection->query('SELECT `CatProd...', Array, false)
#4 C:\wamp64\www\Api_Template\app\Models\Sonic.php(29): CodeIgniter\Database\BaseBuilder->get()
#5 C:\wamp64\www\Api_Template\app\Controllers\Sonics.php(117): App\Models\Sonic->getProductos('0', '5', 'SKU', '', '')
#6 C:\wamp64\www\Api_Template\system\CodeIgniter.php(934): App\Controllers\Sonics->obtenerProductos()
#7 C:\wamp64\www\Api_Template\system\CodeIgniter.php(499): CodeIgniter\CodeIgniter->runController(Object(App\Controllers\Sonics))
#8 C:\wamp64\www\Api_Template\system\CodeIgniter.php(368): CodeIgniter\CodeIgniter->handleRequest(NULL, Object(Config\Cache), false)
#9 C:\wamp64\www\Api_Template\index.php(73): CodeIgniter\CodeIgniter->run()
#10 {main}
CRITICAL - 2024-10-28 11:02:16 --> Unknown column 'HardawareorSoftware' in 'order clause'
in SYSTEMPATH\Database\BaseConnection.php on line 645.
 1 SYSTEMPATH\Database\BaseBuilder.php(1616): CodeIgniter\Database\BaseConnection->query('SELECT `CatProduct_Sonic`.*
FROM `CatProduct_Sonic`
WHERE `SKU` LIKE :SKU: ESCAPE \'!\'
OR  `Description` LIKE :Description: ESCAPE \'!\'
ORDER BY `CatProduct_Sonic`. `idproduct_Sonic`, `SKU`, `Description`, `Precio`, `HardawareorSoftware`, `idrel`
 LIMIT 5', [...], false)
 2 APPPATH\Models\Sonic.php(29): CodeIgniter\Database\BaseBuilder->get()
 3 APPPATH\Controllers\Sonics.php(117): App\Models\Sonic->getProductos('0', '5', 'SKU', 'C:\\wamp64\\www\\Api_Template', 'C:\\wamp64\\www\\Api_Template')
 4 SYSTEMPATH\CodeIgniter.php(934): App\Controllers\Sonics->obtenerProductos()
 5 SYSTEMPATH\CodeIgniter.php(499): CodeIgniter\CodeIgniter->runController(Object(App\Controllers\Sonics))
 6 SYSTEMPATH\CodeIgniter.php(368): CodeIgniter\CodeIgniter->handleRequest(null, Object(Config\Cache), false)
 7 FCPATH\index.php(73): CodeIgniter\CodeIgniter->run()
ERROR - 2024-10-28 11:03:03 --> mysqli_sql_exception: Unknown column 'HardawareorSoftware' in 'order clause' in C:\wamp64\www\Api_Template\system\Database\MySQLi\Connection.php:295
Stack trace:
#0 C:\wamp64\www\Api_Template\system\Database\MySQLi\Connection.php(295): mysqli->query('SELECT `CatProd...', 0)
#1 C:\wamp64\www\Api_Template\system\Database\BaseConnection.php(691): CodeIgniter\Database\MySQLi\Connection->execute('SELECT `CatProd...')
#2 C:\wamp64\www\Api_Template\system\Database\BaseConnection.php(605): CodeIgniter\Database\BaseConnection->simpleQuery('SELECT `CatProd...')
#3 C:\wamp64\www\Api_Template\system\Database\BaseBuilder.php(1616): CodeIgniter\Database\BaseConnection->query('SELECT `CatProd...', Array, false)
#4 C:\wamp64\www\Api_Template\app\Models\Sonic.php(29): CodeIgniter\Database\BaseBuilder->get()
#5 C:\wamp64\www\Api_Template\app\Controllers\Sonics.php(117): App\Models\Sonic->getProductos('0', '5', 'SKU', '', '')
#6 C:\wamp64\www\Api_Template\system\CodeIgniter.php(934): App\Controllers\Sonics->obtenerProductos()
#7 C:\wamp64\www\Api_Template\system\CodeIgniter.php(499): CodeIgniter\CodeIgniter->runController(Object(App\Controllers\Sonics))
#8 C:\wamp64\www\Api_Template\system\CodeIgniter.php(368): CodeIgniter\CodeIgniter->handleRequest(NULL, Object(Config\Cache), false)
#9 C:\wamp64\www\Api_Template\index.php(73): CodeIgniter\CodeIgniter->run()
#10 {main}
CRITICAL - 2024-10-28 11:03:03 --> Unknown column 'HardawareorSoftware' in 'order clause'
in SYSTEMPATH\Database\BaseConnection.php on line 645.
 1 SYSTEMPATH\Database\BaseBuilder.php(1616): CodeIgniter\Database\BaseConnection->query('SELECT `CatProduct_Sonic`.*
FROM `CatProduct_Sonic`
WHERE `SKU` LIKE :SKU: ESCAPE \'!\'
OR  `Description` LIKE :Description: ESCAPE \'!\'
ORDER BY `CatProduct_Sonic`. `idproduct_Sonic`, `SKU`, `Description`, `Precio`, `HardawareorSoftware`, `idrel`
 LIMIT 5', [...], false)
 2 APPPATH\Models\Sonic.php(29): CodeIgniter\Database\BaseBuilder->get()
 3 APPPATH\Controllers\Sonics.php(117): App\Models\Sonic->getProductos('0', '5', 'SKU', 'C:\\wamp64\\www\\Api_Template', 'C:\\wamp64\\www\\Api_Template')
 4 SYSTEMPATH\CodeIgniter.php(934): App\Controllers\Sonics->obtenerProductos()
 5 SYSTEMPATH\CodeIgniter.php(499): CodeIgniter\CodeIgniter->runController(Object(App\Controllers\Sonics))
 6 SYSTEMPATH\CodeIgniter.php(368): CodeIgniter\CodeIgniter->handleRequest(null, Object(Config\Cache), false)
 7 FCPATH\index.php(73): CodeIgniter\CodeIgniter->run()
ERROR - 2024-10-28 11:05:46 --> mysqli_sql_exception: Unknown column 'HardawareorSoftware' in 'order clause' in C:\wamp64\www\Api_Template\system\Database\MySQLi\Connection.php:295
Stack trace:
#0 C:\wamp64\www\Api_Template\system\Database\MySQLi\Connection.php(295): mysqli->query('SELECT `CatProd...', 0)
#1 C:\wamp64\www\Api_Template\system\Database\BaseConnection.php(691): CodeIgniter\Database\MySQLi\Connection->execute('SELECT `CatProd...')
#2 C:\wamp64\www\Api_Template\system\Database\BaseConnection.php(605): CodeIgniter\Database\BaseConnection->simpleQuery('SELECT `CatProd...')
#3 C:\wamp64\www\Api_Template\system\Database\BaseBuilder.php(1616): CodeIgniter\Database\BaseConnection->query('SELECT `CatProd...', Array, false)
#4 C:\wamp64\www\Api_Template\app\Models\Sonic.php(29): CodeIgniter\Database\BaseBuilder->get()
#5 C:\wamp64\www\Api_Template\app\Controllers\Sonics.php(117): App\Models\Sonic->getProductos('0', '5', 'SKU', '', '')
#6 C:\wamp64\www\Api_Template\system\CodeIgniter.php(934): App\Controllers\Sonics->obtenerProductos()
#7 C:\wamp64\www\Api_Template\system\CodeIgniter.php(499): CodeIgniter\CodeIgniter->runController(Object(App\Controllers\Sonics))
#8 C:\wamp64\www\Api_Template\system\CodeIgniter.php(368): CodeIgniter\CodeIgniter->handleRequest(NULL, Object(Config\Cache), false)
#9 C:\wamp64\www\Api_Template\index.php(73): CodeIgniter\CodeIgniter->run()
#10 {main}
CRITICAL - 2024-10-28 11:05:46 --> Unknown column 'HardawareorSoftware' in 'order clause'
in SYSTEMPATH\Database\BaseConnection.php on line 645.
 1 SYSTEMPATH\Database\BaseBuilder.php(1616): CodeIgniter\Database\BaseConnection->query('SELECT `CatProduct_Sonic`.*
FROM `CatProduct_Sonic`
WHERE `SKU` LIKE :SKU: ESCAPE \'!\'
OR  `Description` LIKE :Description: ESCAPE \'!\'
ORDER BY `CatProduct_Sonic`. `idproduct_Sonic`, `SKU`, `Description`, `Precio`, `HardawareorSoftware`, `idrel`
 LIMIT 5', [...], false)
 2 APPPATH\Models\Sonic.php(29): CodeIgniter\Database\BaseBuilder->get()
 3 APPPATH\Controllers\Sonics.php(117): App\Models\Sonic->getProductos('0', '5', 'SKU', 'C:\\wamp64\\www\\Api_Template', 'C:\\wamp64\\www\\Api_Template')
 4 SYSTEMPATH\CodeIgniter.php(934): App\Controllers\Sonics->obtenerProductos()
 5 SYSTEMPATH\CodeIgniter.php(499): CodeIgniter\CodeIgniter->runController(Object(App\Controllers\Sonics))
 6 SYSTEMPATH\CodeIgniter.php(368): CodeIgniter\CodeIgniter->handleRequest(null, Object(Config\Cache), false)
 7 FCPATH\index.php(73): CodeIgniter\CodeIgniter->run()
ERROR - 2024-10-28 12:39:02 --> mysqli_sql_exception: Unknown column 'CatProduct_Sonic.idproduct_Sonic' in 'order clause' in C:\wamp64\www\Api_Template\system\Database\MySQLi\Connection.php:295
Stack trace:
#0 C:\wamp64\www\Api_Template\system\Database\MySQLi\Connection.php(295): mysqli->query('SELECT `CatProd...', 0)
#1 C:\wamp64\www\Api_Template\system\Database\BaseConnection.php(691): CodeIgniter\Database\MySQLi\Connection->execute('SELECT `CatProd...')
#2 C:\wamp64\www\Api_Template\system\Database\BaseConnection.php(605): CodeIgniter\Database\BaseConnection->simpleQuery('SELECT `CatProd...')
#3 C:\wamp64\www\Api_Template\system\Database\BaseBuilder.php(1616): CodeIgniter\Database\BaseConnection->query('SELECT `CatProd...', Array, false)
#4 C:\wamp64\www\Api_Template\app\Models\Sonic.php(29): CodeIgniter\Database\BaseBuilder->get()
#5 C:\wamp64\www\Api_Template\app\Controllers\Sonics.php(117): App\Models\Sonic->getProductos('0', '5', 'SKU', '', '')
#6 C:\wamp64\www\Api_Template\system\CodeIgniter.php(934): App\Controllers\Sonics->obtenerProductos()
#7 C:\wamp64\www\Api_Template\system\CodeIgniter.php(499): CodeIgniter\CodeIgniter->runController(Object(App\Controllers\Sonics))
#8 C:\wamp64\www\Api_Template\system\CodeIgniter.php(368): CodeIgniter\CodeIgniter->handleRequest(NULL, Object(Config\Cache), false)
#9 C:\wamp64\www\Api_Template\index.php(73): CodeIgniter\CodeIgniter->run()
#10 {main}
CRITICAL - 2024-10-28 12:39:02 --> Unknown column 'CatProduct_Sonic.idproduct_Sonic' in 'order clause'
in SYSTEMPATH\Database\BaseConnection.php on line 645.
 1 SYSTEMPATH\Database\BaseBuilder.php(1616): CodeIgniter\Database\BaseConnection->query('SELECT `CatProduct_Sonic`.*
FROM `CatProduct_Sonic`
WHERE `SKU` LIKE :SKU: ESCAPE \'!\'
OR  `Description` LIKE :Description: ESCAPE \'!\'
ORDER BY `CatProduct_Sonic`. `idproduct_Sonic`, `SKU`, `Description`, `Precio`, `HardwareorSoftware`, `idrel`
 LIMIT 5', [...], false)
 2 APPPATH\Models\Sonic.php(29): CodeIgniter\Database\BaseBuilder->get()
 3 APPPATH\Controllers\Sonics.php(117): App\Models\Sonic->getProductos('0', '5', 'SKU', 'C:\\wamp64\\www\\Api_Template', 'C:\\wamp64\\www\\Api_Template')
 4 SYSTEMPATH\CodeIgniter.php(934): App\Controllers\Sonics->obtenerProductos()
 5 SYSTEMPATH\CodeIgniter.php(499): CodeIgniter\CodeIgniter->runController(Object(App\Controllers\Sonics))
 6 SYSTEMPATH\CodeIgniter.php(368): CodeIgniter\CodeIgniter->handleRequest(null, Object(Config\Cache), false)
 7 FCPATH\index.php(73): CodeIgniter\CodeIgniter->run()
ERROR - 2024-10-28 12:39:48 --> mysqli_sql_exception: Unknown column 'CatProduct_Sonic.idproduct_Sonic' in 'order clause' in C:\wamp64\www\Api_Template\system\Database\MySQLi\Connection.php:295
Stack trace:
#0 C:\wamp64\www\Api_Template\system\Database\MySQLi\Connection.php(295): mysqli->query('SELECT `CatProd...', 0)
#1 C:\wamp64\www\Api_Template\system\Database\BaseConnection.php(691): CodeIgniter\Database\MySQLi\Connection->execute('SELECT `CatProd...')
#2 C:\wamp64\www\Api_Template\system\Database\BaseConnection.php(605): CodeIgniter\Database\BaseConnection->simpleQuery('SELECT `CatProd...')
#3 C:\wamp64\www\Api_Template\system\Database\BaseBuilder.php(1616): CodeIgniter\Database\BaseConnection->query('SELECT `CatProd...', Array, false)
#4 C:\wamp64\www\Api_Template\app\Models\Sonic.php(29): CodeIgniter\Database\BaseBuilder->get()
#5 C:\wamp64\www\Api_Template\app\Controllers\Sonics.php(117): App\Models\Sonic->getProductos('0', '5', 'SKU', '', '')
#6 C:\wamp64\www\Api_Template\system\CodeIgniter.php(934): App\Controllers\Sonics->obtenerProductos()
#7 C:\wamp64\www\Api_Template\system\CodeIgniter.php(499): CodeIgniter\CodeIgniter->runController(Object(App\Controllers\Sonics))
#8 C:\wamp64\www\Api_Template\system\CodeIgniter.php(368): CodeIgniter\CodeIgniter->handleRequest(NULL, Object(Config\Cache), false)
#9 C:\wamp64\www\Api_Template\index.php(73): CodeIgniter\CodeIgniter->run()
#10 {main}
CRITICAL - 2024-10-28 12:39:48 --> Unknown column 'CatProduct_Sonic.idproduct_Sonic' in 'order clause'
in SYSTEMPATH\Database\BaseConnection.php on line 645.
 1 SYSTEMPATH\Database\BaseBuilder.php(1616): CodeIgniter\Database\BaseConnection->query('SELECT `CatProduct_Sonic`.*
FROM `CatProduct_Sonic`
WHERE `SKU` LIKE :SKU: ESCAPE \'!\'
OR  `Description` LIKE :Description: ESCAPE \'!\'
ORDER BY `CatProduct_Sonic`. `idproduct_Sonic`, `SKU`, `Description`, `Precio`, `HardwareorSoftware`, `idrel`
 LIMIT 5', [...], false)
 2 APPPATH\Models\Sonic.php(29): CodeIgniter\Database\BaseBuilder->get()
 3 APPPATH\Controllers\Sonics.php(117): App\Models\Sonic->getProductos('0', '5', 'SKU', 'C:\\wamp64\\www\\Api_Template', 'C:\\wamp64\\www\\Api_Template')
 4 SYSTEMPATH\CodeIgniter.php(934): App\Controllers\Sonics->obtenerProductos()
 5 SYSTEMPATH\CodeIgniter.php(499): CodeIgniter\CodeIgniter->runController(Object(App\Controllers\Sonics))
 6 SYSTEMPATH\CodeIgniter.php(368): CodeIgniter\CodeIgniter->handleRequest(null, Object(Config\Cache), false)
 7 FCPATH\index.php(73): CodeIgniter\CodeIgniter->run()
ERROR - 2024-10-28 12:40:36 --> mysqli_sql_exception: Unknown column 'CatProduct_Sonic.idproduct_Sonic' in 'order clause' in C:\wamp64\www\Api_Template\system\Database\MySQLi\Connection.php:295
Stack trace:
#0 C:\wamp64\www\Api_Template\system\Database\MySQLi\Connection.php(295): mysqli->query('SELECT `CatProd...', 0)
#1 C:\wamp64\www\Api_Template\system\Database\BaseConnection.php(691): CodeIgniter\Database\MySQLi\Connection->execute('SELECT `CatProd...')
#2 C:\wamp64\www\Api_Template\system\Database\BaseConnection.php(605): CodeIgniter\Database\BaseConnection->simpleQuery('SELECT `CatProd...')
#3 C:\wamp64\www\Api_Template\system\Database\BaseBuilder.php(1616): CodeIgniter\Database\BaseConnection->query('SELECT `CatProd...', Array, false)
#4 C:\wamp64\www\Api_Template\app\Models\Sonic.php(29): CodeIgniter\Database\BaseBuilder->get()
#5 C:\wamp64\www\Api_Template\app\Controllers\Sonics.php(117): App\Models\Sonic->getProductos('0', '5', 'SKU', '', '')
#6 C:\wamp64\www\Api_Template\system\CodeIgniter.php(934): App\Controllers\Sonics->obtenerProductos()
#7 C:\wamp64\www\Api_Template\system\CodeIgniter.php(499): CodeIgniter\CodeIgniter->runController(Object(App\Controllers\Sonics))
#8 C:\wamp64\www\Api_Template\system\CodeIgniter.php(368): CodeIgniter\CodeIgniter->handleRequest(NULL, Object(Config\Cache), false)
#9 C:\wamp64\www\Api_Template\index.php(73): CodeIgniter\CodeIgniter->run()
#10 {main}
CRITICAL - 2024-10-28 12:40:36 --> Unknown column 'CatProduct_Sonic.idproduct_Sonic' in 'order clause'
in SYSTEMPATH\Database\BaseConnection.php on line 645.
 1 SYSTEMPATH\Database\BaseBuilder.php(1616): CodeIgniter\Database\BaseConnection->query('SELECT `CatProduct_Sonic`.*
FROM `CatProduct_Sonic`
WHERE `SKU` LIKE :SKU: ESCAPE \'!\'
OR  `Description` LIKE :Description: ESCAPE \'!\'
ORDER BY `CatProduct_Sonic`. `idproduct_Sonic`, `SKU`, `Description`, `Precio`, `HardwareorSoftware`, `idrel`
 LIMIT 5', [...], false)
 2 APPPATH\Models\Sonic.php(29): CodeIgniter\Database\BaseBuilder->get()
 3 APPPATH\Controllers\Sonics.php(117): App\Models\Sonic->getProductos('0', '5', 'SKU', 'C:\\wamp64\\www\\Api_Template', 'C:\\wamp64\\www\\Api_Template')
 4 SYSTEMPATH\CodeIgniter.php(934): App\Controllers\Sonics->obtenerProductos()
 5 SYSTEMPATH\CodeIgniter.php(499): CodeIgniter\CodeIgniter->runController(Object(App\Controllers\Sonics))
 6 SYSTEMPATH\CodeIgniter.php(368): CodeIgniter\CodeIgniter->handleRequest(null, Object(Config\Cache), false)
 7 FCPATH\index.php(73): CodeIgniter\CodeIgniter->run()
CRITICAL - 2024-10-28 12:43:30 --> Undefined variable $idproducto_Sonic
in APPPATH\Models\Sonic.php on line 54.
 1 APPPATH\Models\Sonic.php(54): CodeIgniter\Debug\Exceptions->errorHandler(2, 'Undefined variable $idproducto_Sonic', 'APPPATH\\Models\\Sonic.php', 54)
 2 APPPATH\Controllers\Sonics.php(206): App\Models\Sonic->actualizarProductos('1', [...])
 3 SYSTEMPATH\CodeIgniter.php(934): App\Controllers\Sonics->ActualizarProducto()
 4 SYSTEMPATH\CodeIgniter.php(499): CodeIgniter\CodeIgniter->runController(Object(App\Controllers\Sonics))
 5 SYSTEMPATH\CodeIgniter.php(368): CodeIgniter\CodeIgniter->handleRequest(null, Object(Config\Cache), false)
 6 FCPATH\index.php(73): CodeIgniter\CodeIgniter->run()
CRITICAL - 2024-10-28 12:44:55 --> Undefined variable $idproducto_Sonic
in APPPATH\Models\Sonic.php on line 54.
 1 APPPATH\Models\Sonic.php(54): CodeIgniter\Debug\Exceptions->errorHandler(2, 'Undefined variable $idproducto_Sonic', 'APPPATH\\Models\\Sonic.php', 54)
 2 APPPATH\Controllers\Sonics.php(206): App\Models\Sonic->actualizarProductos('1', [...])
 3 SYSTEMPATH\CodeIgniter.php(934): App\Controllers\Sonics->ActualizarProducto()
 4 SYSTEMPATH\CodeIgniter.php(499): CodeIgniter\CodeIgniter->runController(Object(App\Controllers\Sonics))
 5 SYSTEMPATH\CodeIgniter.php(368): CodeIgniter\CodeIgniter->handleRequest(null, Object(Config\Cache), false)
 6 FCPATH\index.php(73): CodeIgniter\CodeIgniter->run()
CRITICAL - 2024-10-28 12:45:00 --> Undefined variable $idproducto_Sonic
in APPPATH\Models\Sonic.php on line 54.
 1 APPPATH\Models\Sonic.php(54): CodeIgniter\Debug\Exceptions->errorHandler(2, 'Undefined variable $idproducto_Sonic', 'APPPATH\\Models\\Sonic.php', 54)
 2 APPPATH\Controllers\Sonics.php(206): App\Models\Sonic->actualizarProductos('1', [...])
 3 SYSTEMPATH\CodeIgniter.php(934): App\Controllers\Sonics->ActualizarProducto()
 4 SYSTEMPATH\CodeIgniter.php(499): CodeIgniter\CodeIgniter->runController(Object(App\Controllers\Sonics))
 5 SYSTEMPATH\CodeIgniter.php(368): CodeIgniter\CodeIgniter->handleRequest(null, Object(Config\Cache), false)
 6 FCPATH\index.php(73): CodeIgniter\CodeIgniter->run()
CRITICAL - 2024-10-28 12:45:24 --> Undefined variable $idproducto_Sonic
in APPPATH\Models\Sonic.php on line 54.
 1 APPPATH\Models\Sonic.php(54): CodeIgniter\Debug\Exceptions->errorHandler(2, 'Undefined variable $idproducto_Sonic', 'APPPATH\\Models\\Sonic.php', 54)
 2 APPPATH\Controllers\Sonics.php(206): App\Models\Sonic->actualizarProductos('1', [...])
 3 SYSTEMPATH\CodeIgniter.php(934): App\Controllers\Sonics->ActualizarProducto()
 4 SYSTEMPATH\CodeIgniter.php(499): CodeIgniter\CodeIgniter->runController(Object(App\Controllers\Sonics))
 5 SYSTEMPATH\CodeIgniter.php(368): CodeIgniter\CodeIgniter->handleRequest(null, Object(Config\Cache), false)
 6 FCPATH\index.php(73): CodeIgniter\CodeIgniter->run()
CRITICAL - 2024-10-28 12:45:26 --> Undefined variable $idproducto_Sonic
in APPPATH\Models\Sonic.php on line 54.
 1 APPPATH\Models\Sonic.php(54): CodeIgniter\Debug\Exceptions->errorHandler(2, 'Undefined variable $idproducto_Sonic', 'APPPATH\\Models\\Sonic.php', 54)
 2 APPPATH\Controllers\Sonics.php(206): App\Models\Sonic->actualizarProductos('1', [...])
 3 SYSTEMPATH\CodeIgniter.php(934): App\Controllers\Sonics->ActualizarProducto()
 4 SYSTEMPATH\CodeIgniter.php(499): CodeIgniter\CodeIgniter->runController(Object(App\Controllers\Sonics))
 5 SYSTEMPATH\CodeIgniter.php(368): CodeIgniter\CodeIgniter->handleRequest(null, Object(Config\Cache), false)
 6 FCPATH\index.php(73): CodeIgniter\CodeIgniter->run()
CRITICAL - 2024-10-28 12:53:26 --> Undefined variable $idproducto_Sonic
in APPPATH\Models\Sonic.php on line 54.
 1 APPPATH\Models\Sonic.php(54): CodeIgniter\Debug\Exceptions->errorHandler(2, 'Undefined variable $idproducto_Sonic', 'APPPATH\\Models\\Sonic.php', 54)
 2 APPPATH\Controllers\Sonics.php(206): App\Models\Sonic->actualizarProductos('1', [...])
 3 SYSTEMPATH\CodeIgniter.php(934): App\Controllers\Sonics->ActualizarProducto()
 4 SYSTEMPATH\CodeIgniter.php(499): CodeIgniter\CodeIgniter->runController(Object(App\Controllers\Sonics))
 5 SYSTEMPATH\CodeIgniter.php(368): CodeIgniter\CodeIgniter->handleRequest(null, Object(Config\Cache), false)
 6 FCPATH\index.php(73): CodeIgniter\CodeIgniter->run()
