ERROR - 2024-07-16 11:23:51 --> mysqli_sql_exception: Unknown column 'prodrentacaja.archivoTransferencia' in 'field list' in D:\wamp64\www\ApiGlobalOro\system\Database\MySQLi\Connection.php:295
Stack trace:
#0 D:\wamp64\www\ApiGlobalOro\system\Database\MySQLi\Connection.php(295): mysqli->query('SELECT `prodtra...', 0)
#1 D:\wamp64\www\ApiGlobalOro\system\Database\BaseConnection.php(691): CodeIgniter\Database\MySQLi\Connection->execute('SELECT `prodtra...')
#2 D:\wamp64\www\ApiGlobalOro\system\Database\BaseConnection.php(605): CodeIgniter\Database\BaseConnection->simpleQuery('SELECT `prodtra...')
#3 D:\wamp64\www\ApiGlobalOro\system\Database\BaseBuilder.php(1616): CodeIgniter\Database\BaseConnection->query('SELECT `prodtra...', Array, false)
#4 D:\wamp64\www\ApiGlobalOro\app\Models\Venta.php(22): CodeIgniter\Database\BaseBuilder->get()
#5 D:\wamp64\www\ApiGlobalOro\app\Controllers\Ventas.php(27): App\Models\Venta->getVentas('0', '5', '19')
#6 D:\wamp64\www\ApiGlobalOro\system\CodeIgniter.php(934): App\Controllers\Ventas->obtenerVentas()
#7 D:\wamp64\www\ApiGlobalOro\system\CodeIgniter.php(499): CodeIgniter\CodeIgniter->runController(Object(App\Controllers\Ventas))
#8 D:\wamp64\www\ApiGlobalOro\system\CodeIgniter.php(368): CodeIgniter\CodeIgniter->handleRequest(NULL, Object(Config\Cache), false)
#9 D:\wamp64\www\ApiGlobalOro\index.php(73): CodeIgniter\CodeIgniter->run()
#10 {main}
CRITICAL - 2024-07-16 11:23:51 --> Unknown column 'prodrentacaja.archivoTransferencia' in 'field list'
in SYSTEMPATH\Database\BaseConnection.php on line 645.
 1 SYSTEMPATH\Database\BaseBuilder.php(1616): CodeIgniter\Database\BaseConnection->query('SELECT `prodtransaccion`.`idTransaccion`, `prodtransaccion`.`estatusCompra`, `prodtransaccion`.`fecha` as `fechaCompra`, `prodrentacaja`.`fechaInicio` as `inicioRenta`, `prodrentacaja`.`fechaFinal` as `finalRenta`, `prodrentacaja`.`archivoTransferencia` `archivoTransferencia`
FROM `prodtransaccion`
LEFT JOIN `prodrentacaja` ON `prodrentacaja`.`idTransaccion`=`prodtransaccion`.`idTransaccion`
WHERE `prodtransaccion`.`idCliente` = :prodtransaccion.idCliente:
ORDER BY `prodtransaccion`.`idTransaccion` ASC
 LIMIT 5', [...], false)
 2 APPPATH\Models\Venta.php(22): CodeIgniter\Database\BaseBuilder->get()
 3 APPPATH\Controllers\Ventas.php(27): App\Models\Venta->getVentas('0', '5', '19')
 4 SYSTEMPATH\CodeIgniter.php(934): App\Controllers\Ventas->obtenerVentas()
 5 SYSTEMPATH\CodeIgniter.php(499): CodeIgniter\CodeIgniter->runController(Object(App\Controllers\Ventas))
 6 SYSTEMPATH\CodeIgniter.php(368): CodeIgniter\CodeIgniter->handleRequest(null, Object(Config\Cache), false)
 7 FCPATH\index.php(73): CodeIgniter\CodeIgniter->run()
ERROR - 2024-07-16 11:24:07 --> mysqli_sql_exception: Unknown column 'prodrentacaja.archivoTransferencia' in 'field list' in D:\wamp64\www\ApiGlobalOro\system\Database\MySQLi\Connection.php:295
Stack trace:
#0 D:\wamp64\www\ApiGlobalOro\system\Database\MySQLi\Connection.php(295): mysqli->query('SELECT `prodtra...', 0)
#1 D:\wamp64\www\ApiGlobalOro\system\Database\BaseConnection.php(691): CodeIgniter\Database\MySQLi\Connection->execute('SELECT `prodtra...')
#2 D:\wamp64\www\ApiGlobalOro\system\Database\BaseConnection.php(605): CodeIgniter\Database\BaseConnection->simpleQuery('SELECT `prodtra...')
#3 D:\wamp64\www\ApiGlobalOro\system\Database\BaseBuilder.php(1616): CodeIgniter\Database\BaseConnection->query('SELECT `prodtra...', Array, false)
#4 D:\wamp64\www\ApiGlobalOro\app\Models\Venta.php(22): CodeIgniter\Database\BaseBuilder->get()
#5 D:\wamp64\www\ApiGlobalOro\app\Controllers\Ventas.php(27): App\Models\Venta->getVentas('0', '5', '19')
#6 D:\wamp64\www\ApiGlobalOro\system\CodeIgniter.php(934): App\Controllers\Ventas->obtenerVentas()
#7 D:\wamp64\www\ApiGlobalOro\system\CodeIgniter.php(499): CodeIgniter\CodeIgniter->runController(Object(App\Controllers\Ventas))
#8 D:\wamp64\www\ApiGlobalOro\system\CodeIgniter.php(368): CodeIgniter\CodeIgniter->handleRequest(NULL, Object(Config\Cache), false)
#9 D:\wamp64\www\ApiGlobalOro\index.php(73): CodeIgniter\CodeIgniter->run()
#10 {main}
CRITICAL - 2024-07-16 11:24:07 --> Unknown column 'prodrentacaja.archivoTransferencia' in 'field list'
in SYSTEMPATH\Database\BaseConnection.php on line 645.
 1 SYSTEMPATH\Database\BaseBuilder.php(1616): CodeIgniter\Database\BaseConnection->query('SELECT `prodtransaccion`.`idTransaccion`, `prodtransaccion`.`estatusCompra`, `prodtransaccion`.`fecha` as `fechaCompra`, `prodrentacaja`.`fechaInicio` as `inicioRenta`, `prodrentacaja`.`fechaFinal` as `finalRenta`, `prodrentacaja`.`archivoTransferencia`
FROM `prodtransaccion`
LEFT JOIN `prodrentacaja` ON `prodrentacaja`.`idTransaccion`=`prodtransaccion`.`idTransaccion`
WHERE `prodtransaccion`.`idCliente` = :prodtransaccion.idCliente:
ORDER BY `prodtransaccion`.`idTransaccion` ASC
 LIMIT 5', [...], false)
 2 APPPATH\Models\Venta.php(22): CodeIgniter\Database\BaseBuilder->get()
 3 APPPATH\Controllers\Ventas.php(27): App\Models\Venta->getVentas('0', '5', '19')
 4 SYSTEMPATH\CodeIgniter.php(934): App\Controllers\Ventas->obtenerVentas()
 5 SYSTEMPATH\CodeIgniter.php(499): CodeIgniter\CodeIgniter->runController(Object(App\Controllers\Ventas))
 6 SYSTEMPATH\CodeIgniter.php(368): CodeIgniter\CodeIgniter->handleRequest(null, Object(Config\Cache), false)
 7 FCPATH\index.php(73): CodeIgniter\CodeIgniter->run()
