CRITICAL - 2023-02-22 18:41:32 --> Call to a member function auth() on null
in APPPATH\Controllers\Usuarios.php on line 29.
 1 SYSTEMPATH\CodeIgniter.php(934): App\Controllers\Usuarios->autenticar()
 2 SYSTEMPATH\CodeIgniter.php(499): CodeIgniter\CodeIgniter->runController(Object(App\Controllers\Usuarios))
 3 SYSTEMPATH\CodeIgniter.php(368): CodeIgniter\CodeIgniter->handleRequest(null, Object(Config\Cache), false)
 4 FCPATH\index.php(67): CodeIgniter\CodeIgniter->run()
CRITICAL - 2023-02-22 18:49:01 --> Call to a member function auth() on null
in APPPATH\Controllers\Usuarios.php on line 29.
 1 SYSTEMPATH\CodeIgniter.php(934): App\Controllers\Usuarios->autenticar()
 2 SYSTEMPATH\CodeIgniter.php(499): CodeIgniter\CodeIgniter->runController(Object(App\Controllers\Usuarios))
 3 SYSTEMPATH\CodeIgniter.php(368): CodeIgniter\CodeIgniter->handleRequest(null, Object(Config\Cache), false)
 4 FCPATH\index.php(67): CodeIgniter\CodeIgniter->run()
CRITICAL - 2023-02-22 18:49:19 --> Call to a member function auth() on null
in APPPATH\Controllers\Usuarios.php on line 29.
 1 SYSTEMPATH\CodeIgniter.php(934): App\Controllers\Usuarios->autenticar()
 2 SYSTEMPATH\CodeIgniter.php(499): CodeIgniter\CodeIgniter->runController(Object(App\Controllers\Usuarios))
 3 SYSTEMPATH\CodeIgniter.php(368): CodeIgniter\CodeIgniter->handleRequest(null, Object(Config\Cache), false)
 4 FCPATH\index.php(67): CodeIgniter\CodeIgniter->run()
CRITICAL - 2023-02-22 18:49:38 --> Call to a member function auth() on null
in APPPATH\Controllers\Usuarios.php on line 29.
 1 SYSTEMPATH\CodeIgniter.php(934): App\Controllers\Usuarios->autenticar()
 2 SYSTEMPATH\CodeIgniter.php(499): CodeIgniter\CodeIgniter->runController(Object(App\Controllers\Usuarios))
 3 SYSTEMPATH\CodeIgniter.php(368): CodeIgniter\CodeIgniter->handleRequest(null, Object(Config\Cache), false)
 4 FCPATH\index.php(67): CodeIgniter\CodeIgniter->run()
CRITICAL - 2023-02-22 18:49:48 --> Call to a member function auth() on null
in APPPATH\Controllers\Usuarios.php on line 29.
 1 SYSTEMPATH\CodeIgniter.php(934): App\Controllers\Usuarios->autenticar()
 2 SYSTEMPATH\CodeIgniter.php(499): CodeIgniter\CodeIgniter->runController(Object(App\Controllers\Usuarios))
 3 SYSTEMPATH\CodeIgniter.php(368): CodeIgniter\CodeIgniter->handleRequest(null, Object(Config\Cache), false)
 4 FCPATH\index.php(67): CodeIgniter\CodeIgniter->run()
CRITICAL - 2023-02-22 18:57:51 --> Class 'App\Controllers\Controllers' not found
in APPPATH\Controllers\Usuarios.php on line 7.
 1 SYSTEMPATH\Autoloader\Autoloader.php(312): include_once()
 2 SYSTEMPATH\Autoloader\Autoloader.php(289): CodeIgniter\Autoloader\Autoloader->includeFile('APPPATH\\Controllers\\Usuarios.php')
 3 SYSTEMPATH\Autoloader\Autoloader.php(267): CodeIgniter\Autoloader\Autoloader->loadInNamespace('App\\Controllers\\Usuarios')
 4 [internal function]: CodeIgniter\Autoloader\Autoloader->loadClass('App\\Controllers\\Usuarios')
 5 [internal function]: spl_autoload_call('App\\Controllers\\Usuarios')
 6 SYSTEMPATH\CodeIgniter.php(892): class_exists('\\App\\Controllers\\Usuarios', true)
 7 SYSTEMPATH\CodeIgniter.php(486): CodeIgniter\CodeIgniter->startController()
 8 SYSTEMPATH\CodeIgniter.php(368): CodeIgniter\CodeIgniter->handleRequest(null, Object(Config\Cache), false)
 9 FCPATH\index.php(67): CodeIgniter\CodeIgniter->run()
CRITICAL - 2023-02-22 18:57:53 --> Class 'App\Controllers\Controllers' not found
in APPPATH\Controllers\Usuarios.php on line 7.
 1 SYSTEMPATH\Autoloader\Autoloader.php(312): include_once()
 2 SYSTEMPATH\Autoloader\Autoloader.php(289): CodeIgniter\Autoloader\Autoloader->includeFile('APPPATH\\Controllers\\Usuarios.php')
 3 SYSTEMPATH\Autoloader\Autoloader.php(267): CodeIgniter\Autoloader\Autoloader->loadInNamespace('App\\Controllers\\Usuarios')
 4 [internal function]: CodeIgniter\Autoloader\Autoloader->loadClass('App\\Controllers\\Usuarios')
 5 [internal function]: spl_autoload_call('App\\Controllers\\Usuarios')
 6 SYSTEMPATH\CodeIgniter.php(892): class_exists('\\App\\Controllers\\Usuarios', true)
 7 SYSTEMPATH\CodeIgniter.php(486): CodeIgniter\CodeIgniter->startController()
 8 SYSTEMPATH\CodeIgniter.php(368): CodeIgniter\CodeIgniter->handleRequest(null, Object(Config\Cache), false)
 9 FCPATH\index.php(67): CodeIgniter\CodeIgniter->run()
CRITICAL - 2023-02-22 18:57:53 --> Class 'App\Controllers\Controllers' not found
in APPPATH\Controllers\Usuarios.php on line 7.
 1 SYSTEMPATH\Autoloader\Autoloader.php(312): include_once()
 2 SYSTEMPATH\Autoloader\Autoloader.php(289): CodeIgniter\Autoloader\Autoloader->includeFile('APPPATH\\Controllers\\Usuarios.php')
 3 SYSTEMPATH\Autoloader\Autoloader.php(267): CodeIgniter\Autoloader\Autoloader->loadInNamespace('App\\Controllers\\Usuarios')
 4 [internal function]: CodeIgniter\Autoloader\Autoloader->loadClass('App\\Controllers\\Usuarios')
 5 [internal function]: spl_autoload_call('App\\Controllers\\Usuarios')
 6 SYSTEMPATH\CodeIgniter.php(892): class_exists('\\App\\Controllers\\Usuarios', true)
 7 SYSTEMPATH\CodeIgniter.php(486): CodeIgniter\CodeIgniter->startController()
 8 SYSTEMPATH\CodeIgniter.php(368): CodeIgniter\CodeIgniter->handleRequest(null, Object(Config\Cache), false)
 9 FCPATH\index.php(67): CodeIgniter\CodeIgniter->run()
CRITICAL - 2023-02-22 18:58:27 --> Class 'App\Controllers\Controllers' not found
in APPPATH\Controllers\Usuarios.php on line 7.
 1 SYSTEMPATH\Autoloader\Autoloader.php(312): include_once()
 2 SYSTEMPATH\Autoloader\Autoloader.php(289): CodeIgniter\Autoloader\Autoloader->includeFile('APPPATH\\Controllers\\Usuarios.php')
 3 SYSTEMPATH\Autoloader\Autoloader.php(267): CodeIgniter\Autoloader\Autoloader->loadInNamespace('App\\Controllers\\Usuarios')
 4 [internal function]: CodeIgniter\Autoloader\Autoloader->loadClass('App\\Controllers\\Usuarios')
 5 [internal function]: spl_autoload_call('App\\Controllers\\Usuarios')
 6 SYSTEMPATH\CodeIgniter.php(892): class_exists('\\App\\Controllers\\Usuarios', true)
 7 SYSTEMPATH\CodeIgniter.php(486): CodeIgniter\CodeIgniter->startController()
 8 SYSTEMPATH\CodeIgniter.php(368): CodeIgniter\CodeIgniter->handleRequest(null, Object(Config\Cache), false)
 9 FCPATH\index.php(67): CodeIgniter\CodeIgniter->run()
CRITICAL - 2023-02-22 18:58:29 --> Class 'App\Controllers\Controllers' not found
in APPPATH\Controllers\Usuarios.php on line 7.
 1 SYSTEMPATH\Autoloader\Autoloader.php(312): include_once()
 2 SYSTEMPATH\Autoloader\Autoloader.php(289): CodeIgniter\Autoloader\Autoloader->includeFile('APPPATH\\Controllers\\Usuarios.php')
 3 SYSTEMPATH\Autoloader\Autoloader.php(267): CodeIgniter\Autoloader\Autoloader->loadInNamespace('App\\Controllers\\Usuarios')
 4 [internal function]: CodeIgniter\Autoloader\Autoloader->loadClass('App\\Controllers\\Usuarios')
 5 [internal function]: spl_autoload_call('App\\Controllers\\Usuarios')
 6 SYSTEMPATH\CodeIgniter.php(892): class_exists('\\App\\Controllers\\Usuarios', true)
 7 SYSTEMPATH\CodeIgniter.php(486): CodeIgniter\CodeIgniter->startController()
 8 SYSTEMPATH\CodeIgniter.php(368): CodeIgniter\CodeIgniter->handleRequest(null, Object(Config\Cache), false)
 9 FCPATH\index.php(67): CodeIgniter\CodeIgniter->run()
CRITICAL - 2023-02-22 18:58:29 --> Class 'App\Controllers\Controllers' not found
in APPPATH\Controllers\Usuarios.php on line 7.
 1 SYSTEMPATH\Autoloader\Autoloader.php(312): include_once()
 2 SYSTEMPATH\Autoloader\Autoloader.php(289): CodeIgniter\Autoloader\Autoloader->includeFile('APPPATH\\Controllers\\Usuarios.php')
 3 SYSTEMPATH\Autoloader\Autoloader.php(267): CodeIgniter\Autoloader\Autoloader->loadInNamespace('App\\Controllers\\Usuarios')
 4 [internal function]: CodeIgniter\Autoloader\Autoloader->loadClass('App\\Controllers\\Usuarios')
 5 [internal function]: spl_autoload_call('App\\Controllers\\Usuarios')
 6 SYSTEMPATH\CodeIgniter.php(892): class_exists('\\App\\Controllers\\Usuarios', true)
 7 SYSTEMPATH\CodeIgniter.php(486): CodeIgniter\CodeIgniter->startController()
 8 SYSTEMPATH\CodeIgniter.php(368): CodeIgniter\CodeIgniter->handleRequest(null, Object(Config\Cache), false)
 9 FCPATH\index.php(67): CodeIgniter\CodeIgniter->run()
CRITICAL - 2023-02-22 18:58:30 --> Class 'App\Controllers\Controllers' not found
in APPPATH\Controllers\Usuarios.php on line 7.
 1 SYSTEMPATH\Autoloader\Autoloader.php(312): include_once()
 2 SYSTEMPATH\Autoloader\Autoloader.php(289): CodeIgniter\Autoloader\Autoloader->includeFile('APPPATH\\Controllers\\Usuarios.php')
 3 SYSTEMPATH\Autoloader\Autoloader.php(267): CodeIgniter\Autoloader\Autoloader->loadInNamespace('App\\Controllers\\Usuarios')
 4 [internal function]: CodeIgniter\Autoloader\Autoloader->loadClass('App\\Controllers\\Usuarios')
 5 [internal function]: spl_autoload_call('App\\Controllers\\Usuarios')
 6 SYSTEMPATH\CodeIgniter.php(892): class_exists('\\App\\Controllers\\Usuarios', true)
 7 SYSTEMPATH\CodeIgniter.php(486): CodeIgniter\CodeIgniter->startController()
 8 SYSTEMPATH\CodeIgniter.php(368): CodeIgniter\CodeIgniter->handleRequest(null, Object(Config\Cache), false)
 9 FCPATH\index.php(67): CodeIgniter\CodeIgniter->run()
CRITICAL - 2023-02-22 18:58:31 --> Class 'App\Controllers\Controllers' not found
in APPPATH\Controllers\Usuarios.php on line 7.
 1 SYSTEMPATH\Autoloader\Autoloader.php(312): include_once()
 2 SYSTEMPATH\Autoloader\Autoloader.php(289): CodeIgniter\Autoloader\Autoloader->includeFile('APPPATH\\Controllers\\Usuarios.php')
 3 SYSTEMPATH\Autoloader\Autoloader.php(267): CodeIgniter\Autoloader\Autoloader->loadInNamespace('App\\Controllers\\Usuarios')
 4 [internal function]: CodeIgniter\Autoloader\Autoloader->loadClass('App\\Controllers\\Usuarios')
 5 [internal function]: spl_autoload_call('App\\Controllers\\Usuarios')
 6 SYSTEMPATH\CodeIgniter.php(892): class_exists('\\App\\Controllers\\Usuarios', true)
 7 SYSTEMPATH\CodeIgniter.php(486): CodeIgniter\CodeIgniter->startController()
 8 SYSTEMPATH\CodeIgniter.php(368): CodeIgniter\CodeIgniter->handleRequest(null, Object(Config\Cache), false)
 9 FCPATH\index.php(67): CodeIgniter\CodeIgniter->run()
CRITICAL - 2023-02-22 18:58:37 --> Class 'App\Controllers\Controllers' not found
in APPPATH\Controllers\Usuarios.php on line 7.
 1 SYSTEMPATH\Autoloader\Autoloader.php(312): include_once()
 2 SYSTEMPATH\Autoloader\Autoloader.php(289): CodeIgniter\Autoloader\Autoloader->includeFile('APPPATH\\Controllers\\Usuarios.php')
 3 SYSTEMPATH\Autoloader\Autoloader.php(267): CodeIgniter\Autoloader\Autoloader->loadInNamespace('App\\Controllers\\Usuarios')
 4 [internal function]: CodeIgniter\Autoloader\Autoloader->loadClass('App\\Controllers\\Usuarios')
 5 [internal function]: spl_autoload_call('App\\Controllers\\Usuarios')
 6 SYSTEMPATH\CodeIgniter.php(892): class_exists('\\App\\Controllers\\Usuarios', true)
 7 SYSTEMPATH\CodeIgniter.php(486): CodeIgniter\CodeIgniter->startController()
 8 SYSTEMPATH\CodeIgniter.php(368): CodeIgniter\CodeIgniter->handleRequest(null, Object(Config\Cache), false)
 9 FCPATH\index.php(67): CodeIgniter\CodeIgniter->run()
CRITICAL - 2023-02-22 18:58:42 --> Class 'App\Controllers\Controllers' not found
in APPPATH\Controllers\Usuarios.php on line 7.
 1 SYSTEMPATH\Autoloader\Autoloader.php(312): include_once()
 2 SYSTEMPATH\Autoloader\Autoloader.php(289): CodeIgniter\Autoloader\Autoloader->includeFile('APPPATH\\Controllers\\Usuarios.php')
 3 SYSTEMPATH\Autoloader\Autoloader.php(267): CodeIgniter\Autoloader\Autoloader->loadInNamespace('App\\Controllers\\Usuarios')
 4 [internal function]: CodeIgniter\Autoloader\Autoloader->loadClass('App\\Controllers\\Usuarios')
 5 [internal function]: spl_autoload_call('App\\Controllers\\Usuarios')
 6 SYSTEMPATH\CodeIgniter.php(892): class_exists('\\App\\Controllers\\Usuarios', true)
 7 SYSTEMPATH\CodeIgniter.php(486): CodeIgniter\CodeIgniter->startController()
 8 SYSTEMPATH\CodeIgniter.php(368): CodeIgniter\CodeIgniter->handleRequest(null, Object(Config\Cache), false)
 9 FCPATH\index.php(67): CodeIgniter\CodeIgniter->run()
CRITICAL - 2023-02-22 18:58:45 --> Class 'App\Controllers\Controllers' not found
in APPPATH\Controllers\Usuarios.php on line 7.
 1 SYSTEMPATH\Autoloader\Autoloader.php(312): include_once()
 2 SYSTEMPATH\Autoloader\Autoloader.php(289): CodeIgniter\Autoloader\Autoloader->includeFile('APPPATH\\Controllers\\Usuarios.php')
 3 SYSTEMPATH\Autoloader\Autoloader.php(267): CodeIgniter\Autoloader\Autoloader->loadInNamespace('App\\Controllers\\Usuarios')
 4 [internal function]: CodeIgniter\Autoloader\Autoloader->loadClass('App\\Controllers\\Usuarios')
 5 [internal function]: spl_autoload_call('App\\Controllers\\Usuarios')
 6 SYSTEMPATH\CodeIgniter.php(892): class_exists('\\App\\Controllers\\Usuarios', true)
 7 SYSTEMPATH\CodeIgniter.php(486): CodeIgniter\CodeIgniter->startController()
 8 SYSTEMPATH\CodeIgniter.php(368): CodeIgniter\CodeIgniter->handleRequest(null, Object(Config\Cache), false)
 9 FCPATH\index.php(67): CodeIgniter\CodeIgniter->run()
CRITICAL - 2023-02-22 19:02:58 --> Class 'App\Controllers\Controllers' not found
in APPPATH\Controllers\Usuarios.php on line 7.
 1 SYSTEMPATH\Autoloader\Autoloader.php(312): include_once()
 2 SYSTEMPATH\Autoloader\Autoloader.php(289): CodeIgniter\Autoloader\Autoloader->includeFile('APPPATH\\Controllers\\Usuarios.php')
 3 SYSTEMPATH\Autoloader\Autoloader.php(267): CodeIgniter\Autoloader\Autoloader->loadInNamespace('App\\Controllers\\Usuarios')
 4 [internal function]: CodeIgniter\Autoloader\Autoloader->loadClass('App\\Controllers\\Usuarios')
 5 [internal function]: spl_autoload_call('App\\Controllers\\Usuarios')
 6 SYSTEMPATH\CodeIgniter.php(892): class_exists('\\App\\Controllers\\Usuarios', true)
 7 SYSTEMPATH\CodeIgniter.php(486): CodeIgniter\CodeIgniter->startController()
 8 SYSTEMPATH\CodeIgniter.php(368): CodeIgniter\CodeIgniter->handleRequest(null, Object(Config\Cache), false)
 9 FCPATH\index.php(67): CodeIgniter\CodeIgniter->run()
CRITICAL - 2023-02-22 19:02:59 --> Class 'App\Controllers\Controllers' not found
in APPPATH\Controllers\Usuarios.php on line 7.
 1 SYSTEMPATH\Autoloader\Autoloader.php(312): include_once()
 2 SYSTEMPATH\Autoloader\Autoloader.php(289): CodeIgniter\Autoloader\Autoloader->includeFile('APPPATH\\Controllers\\Usuarios.php')
 3 SYSTEMPATH\Autoloader\Autoloader.php(267): CodeIgniter\Autoloader\Autoloader->loadInNamespace('App\\Controllers\\Usuarios')
 4 [internal function]: CodeIgniter\Autoloader\Autoloader->loadClass('App\\Controllers\\Usuarios')
 5 [internal function]: spl_autoload_call('App\\Controllers\\Usuarios')
 6 SYSTEMPATH\CodeIgniter.php(892): class_exists('\\App\\Controllers\\Usuarios', true)
 7 SYSTEMPATH\CodeIgniter.php(486): CodeIgniter\CodeIgniter->startController()
 8 SYSTEMPATH\CodeIgniter.php(368): CodeIgniter\CodeIgniter->handleRequest(null, Object(Config\Cache), false)
 9 FCPATH\index.php(67): CodeIgniter\CodeIgniter->run()
CRITICAL - 2023-02-22 19:02:59 --> Class 'App\Controllers\Controllers' not found
in APPPATH\Controllers\Usuarios.php on line 7.
 1 SYSTEMPATH\Autoloader\Autoloader.php(312): include_once()
 2 SYSTEMPATH\Autoloader\Autoloader.php(289): CodeIgniter\Autoloader\Autoloader->includeFile('APPPATH\\Controllers\\Usuarios.php')
 3 SYSTEMPATH\Autoloader\Autoloader.php(267): CodeIgniter\Autoloader\Autoloader->loadInNamespace('App\\Controllers\\Usuarios')
 4 [internal function]: CodeIgniter\Autoloader\Autoloader->loadClass('App\\Controllers\\Usuarios')
 5 [internal function]: spl_autoload_call('App\\Controllers\\Usuarios')
 6 SYSTEMPATH\CodeIgniter.php(892): class_exists('\\App\\Controllers\\Usuarios', true)
 7 SYSTEMPATH\CodeIgniter.php(486): CodeIgniter\CodeIgniter->startController()
 8 SYSTEMPATH\CodeIgniter.php(368): CodeIgniter\CodeIgniter->handleRequest(null, Object(Config\Cache), false)
 9 FCPATH\index.php(67): CodeIgniter\CodeIgniter->run()
CRITICAL - 2023-02-22 19:03:00 --> Class 'App\Controllers\Controllers' not found
in APPPATH\Controllers\Usuarios.php on line 7.
 1 SYSTEMPATH\Autoloader\Autoloader.php(312): include_once()
 2 SYSTEMPATH\Autoloader\Autoloader.php(289): CodeIgniter\Autoloader\Autoloader->includeFile('APPPATH\\Controllers\\Usuarios.php')
 3 SYSTEMPATH\Autoloader\Autoloader.php(267): CodeIgniter\Autoloader\Autoloader->loadInNamespace('App\\Controllers\\Usuarios')
 4 [internal function]: CodeIgniter\Autoloader\Autoloader->loadClass('App\\Controllers\\Usuarios')
 5 [internal function]: spl_autoload_call('App\\Controllers\\Usuarios')
 6 SYSTEMPATH\CodeIgniter.php(892): class_exists('\\App\\Controllers\\Usuarios', true)
 7 SYSTEMPATH\CodeIgniter.php(486): CodeIgniter\CodeIgniter->startController()
 8 SYSTEMPATH\CodeIgniter.php(368): CodeIgniter\CodeIgniter->handleRequest(null, Object(Config\Cache), false)
 9 FCPATH\index.php(67): CodeIgniter\CodeIgniter->run()
CRITICAL - 2023-02-22 19:03:26 --> Class 'App\Controllers\Controllers' not found
in APPPATH\Controllers\Usuarios.php on line 7.
 1 SYSTEMPATH\Autoloader\Autoloader.php(312): include_once()
 2 SYSTEMPATH\Autoloader\Autoloader.php(289): CodeIgniter\Autoloader\Autoloader->includeFile('APPPATH\\Controllers\\Usuarios.php')
 3 SYSTEMPATH\Autoloader\Autoloader.php(267): CodeIgniter\Autoloader\Autoloader->loadInNamespace('App\\Controllers\\Usuarios')
 4 [internal function]: CodeIgniter\Autoloader\Autoloader->loadClass('App\\Controllers\\Usuarios')
 5 [internal function]: spl_autoload_call('App\\Controllers\\Usuarios')
 6 SYSTEMPATH\CodeIgniter.php(892): class_exists('\\App\\Controllers\\Usuarios', true)
 7 SYSTEMPATH\CodeIgniter.php(486): CodeIgniter\CodeIgniter->startController()
 8 SYSTEMPATH\CodeIgniter.php(368): CodeIgniter\CodeIgniter->handleRequest(null, Object(Config\Cache), false)
 9 FCPATH\index.php(67): CodeIgniter\CodeIgniter->run()
CRITICAL - 2023-02-22 19:04:54 --> Cannot call constructor
in APPPATH\Controllers\Usuarios.php on line 11.
 1 SYSTEMPATH\CodeIgniter.php(906): App\Controllers\Usuarios->__construct()
 2 SYSTEMPATH\CodeIgniter.php(490): CodeIgniter\CodeIgniter->createController()
 3 SYSTEMPATH\CodeIgniter.php(368): CodeIgniter\CodeIgniter->handleRequest(null, Object(Config\Cache), false)
 4 FCPATH\index.php(67): CodeIgniter\CodeIgniter->run()
CRITICAL - 2023-02-22 19:04:56 --> Cannot call constructor
in APPPATH\Controllers\Usuarios.php on line 11.
 1 SYSTEMPATH\CodeIgniter.php(906): App\Controllers\Usuarios->__construct()
 2 SYSTEMPATH\CodeIgniter.php(490): CodeIgniter\CodeIgniter->createController()
 3 SYSTEMPATH\CodeIgniter.php(368): CodeIgniter\CodeIgniter->handleRequest(null, Object(Config\Cache), false)
 4 FCPATH\index.php(67): CodeIgniter\CodeIgniter->run()
CRITICAL - 2023-02-22 19:04:57 --> Cannot call constructor
in APPPATH\Controllers\Usuarios.php on line 11.
 1 SYSTEMPATH\CodeIgniter.php(906): App\Controllers\Usuarios->__construct()
 2 SYSTEMPATH\CodeIgniter.php(490): CodeIgniter\CodeIgniter->createController()
 3 SYSTEMPATH\CodeIgniter.php(368): CodeIgniter\CodeIgniter->handleRequest(null, Object(Config\Cache), false)
 4 FCPATH\index.php(67): CodeIgniter\CodeIgniter->run()
CRITICAL - 2023-02-22 19:04:57 --> Cannot call constructor
in APPPATH\Controllers\Usuarios.php on line 11.
 1 SYSTEMPATH\CodeIgniter.php(906): App\Controllers\Usuarios->__construct()
 2 SYSTEMPATH\CodeIgniter.php(490): CodeIgniter\CodeIgniter->createController()
 3 SYSTEMPATH\CodeIgniter.php(368): CodeIgniter\CodeIgniter->handleRequest(null, Object(Config\Cache), false)
 4 FCPATH\index.php(67): CodeIgniter\CodeIgniter->run()
CRITICAL - 2023-02-22 19:04:58 --> Cannot call constructor
in APPPATH\Controllers\Usuarios.php on line 11.
 1 SYSTEMPATH\CodeIgniter.php(906): App\Controllers\Usuarios->__construct()
 2 SYSTEMPATH\CodeIgniter.php(490): CodeIgniter\CodeIgniter->createController()
 3 SYSTEMPATH\CodeIgniter.php(368): CodeIgniter\CodeIgniter->handleRequest(null, Object(Config\Cache), false)
 4 FCPATH\index.php(67): CodeIgniter\CodeIgniter->run()
CRITICAL - 2023-02-22 19:04:58 --> Cannot call constructor
in APPPATH\Controllers\Usuarios.php on line 11.
 1 SYSTEMPATH\CodeIgniter.php(906): App\Controllers\Usuarios->__construct()
 2 SYSTEMPATH\CodeIgniter.php(490): CodeIgniter\CodeIgniter->createController()
 3 SYSTEMPATH\CodeIgniter.php(368): CodeIgniter\CodeIgniter->handleRequest(null, Object(Config\Cache), false)
 4 FCPATH\index.php(67): CodeIgniter\CodeIgniter->run()
CRITICAL - 2023-02-22 19:05:07 --> Cannot call constructor
in APPPATH\Controllers\Usuarios.php on line 11.
 1 SYSTEMPATH\CodeIgniter.php(906): App\Controllers\Usuarios->__construct()
 2 SYSTEMPATH\CodeIgniter.php(490): CodeIgniter\CodeIgniter->createController()
 3 SYSTEMPATH\CodeIgniter.php(368): CodeIgniter\CodeIgniter->handleRequest(null, Object(Config\Cache), false)
 4 FCPATH\index.php(67): CodeIgniter\CodeIgniter->run()
CRITICAL - 2023-02-22 19:06:36 --> Call to a member function auth() on null
in APPPATH\Controllers\Usuarios.php on line 34.
 1 SYSTEMPATH\CodeIgniter.php(934): App\Controllers\Usuarios->autenticar()
 2 SYSTEMPATH\CodeIgniter.php(499): CodeIgniter\CodeIgniter->runController(Object(App\Controllers\Usuarios))
 3 SYSTEMPATH\CodeIgniter.php(368): CodeIgniter\CodeIgniter->handleRequest(null, Object(Config\Cache), false)
 4 FCPATH\index.php(67): CodeIgniter\CodeIgniter->run()
CRITICAL - 2023-02-22 19:06:50 --> Call to a member function auth() on null
in APPPATH\Controllers\Usuarios.php on line 34.
 1 SYSTEMPATH\CodeIgniter.php(934): App\Controllers\Usuarios->autenticar()
 2 SYSTEMPATH\CodeIgniter.php(499): CodeIgniter\CodeIgniter->runController(Object(App\Controllers\Usuarios))
 3 SYSTEMPATH\CodeIgniter.php(368): CodeIgniter\CodeIgniter->handleRequest(null, Object(Config\Cache), false)
 4 FCPATH\index.php(67): CodeIgniter\CodeIgniter->run()
CRITICAL - 2023-02-22 19:06:59 --> Call to a member function auth() on null
in APPPATH\Controllers\Usuarios.php on line 34.
 1 SYSTEMPATH\CodeIgniter.php(934): App\Controllers\Usuarios->autenticar()
 2 SYSTEMPATH\CodeIgniter.php(499): CodeIgniter\CodeIgniter->runController(Object(App\Controllers\Usuarios))
 3 SYSTEMPATH\CodeIgniter.php(368): CodeIgniter\CodeIgniter->handleRequest(null, Object(Config\Cache), false)
 4 FCPATH\index.php(67): CodeIgniter\CodeIgniter->run()
CRITICAL - 2023-02-22 19:07:19 --> Call to a member function auth() on null
in APPPATH\Controllers\Usuarios.php on line 34.
 1 SYSTEMPATH\CodeIgniter.php(934): App\Controllers\Usuarios->autenticar()
 2 SYSTEMPATH\CodeIgniter.php(499): CodeIgniter\CodeIgniter->runController(Object(App\Controllers\Usuarios))
 3 SYSTEMPATH\CodeIgniter.php(368): CodeIgniter\CodeIgniter->handleRequest(null, Object(Config\Cache), false)
 4 FCPATH\index.php(67): CodeIgniter\CodeIgniter->run()
CRITICAL - 2023-02-22 19:07:23 --> Call to a member function auth() on null
in APPPATH\Controllers\Usuarios.php on line 34.
 1 SYSTEMPATH\CodeIgniter.php(934): App\Controllers\Usuarios->autenticar()
 2 SYSTEMPATH\CodeIgniter.php(499): CodeIgniter\CodeIgniter->runController(Object(App\Controllers\Usuarios))
 3 SYSTEMPATH\CodeIgniter.php(368): CodeIgniter\CodeIgniter->handleRequest(null, Object(Config\Cache), false)
 4 FCPATH\index.php(67): CodeIgniter\CodeIgniter->run()
CRITICAL - 2023-02-22 19:08:00 --> Call to a member function auth() on null
in APPPATH\Controllers\Usuarios.php on line 34.
 1 SYSTEMPATH\CodeIgniter.php(934): App\Controllers\Usuarios->autenticar()
 2 SYSTEMPATH\CodeIgniter.php(499): CodeIgniter\CodeIgniter->runController(Object(App\Controllers\Usuarios))
 3 SYSTEMPATH\CodeIgniter.php(368): CodeIgniter\CodeIgniter->handleRequest(null, Object(Config\Cache), false)
 4 FCPATH\index.php(67): CodeIgniter\CodeIgniter->run()
CRITICAL - 2023-02-22 19:16:32 --> Declaration of App\Models\Usuario::update($idUsuario, $data) must be compatible with CodeIgniter\Model::update($id = NULL, $data = NULL): bool
in APPPATH\Models\Usuario.php on line 46.
 1 [internal function]: CodeIgniter\Debug\Exceptions->shutdownHandler()
CRITICAL - 2023-02-22 19:18:40 --> Declaration of App\Models\Usuario::update($idUsuario, $data) must be compatible with CodeIgniter\Model::update($id = NULL, $data = NULL): bool
in APPPATH\Models\Usuario.php on line 46.
 1 [internal function]: CodeIgniter\Debug\Exceptions->shutdownHandler()
CRITICAL - 2023-02-22 19:21:33 --> Declaration of App\Models\Usuario::update($idUsuario, $data) must be compatible with CodeIgniter\Model::update($id = NULL, $data = NULL): bool
in APPPATH\Models\Usuario.php on line 46.
 1 [internal function]: CodeIgniter\Debug\Exceptions->shutdownHandler()
CRITICAL - 2023-02-22 19:21:34 --> Declaration of App\Models\Usuario::update($idUsuario, $data) must be compatible with CodeIgniter\Model::update($id = NULL, $data = NULL): bool
in APPPATH\Models\Usuario.php on line 46.
 1 [internal function]: CodeIgniter\Debug\Exceptions->shutdownHandler()
CRITICAL - 2023-02-22 19:22:58 --> Declaration of App\Models\Usuario::update($idUsuario, $data) must be compatible with CodeIgniter\Model::update($id = NULL, $data = NULL): bool
in APPPATH\Models\Usuario.php on line 46.
 1 [internal function]: CodeIgniter\Debug\Exceptions->shutdownHandler()
CRITICAL - 2023-02-22 19:41:36 --> Call to a member function getMethod() on null
in APPPATH\Controllers\Usuarios.php on line 26.
 1 SYSTEMPATH\CodeIgniter.php(934): App\Controllers\Usuarios->postAutenticar()
 2 SYSTEMPATH\CodeIgniter.php(499): CodeIgniter\CodeIgniter->runController(Object(App\Controllers\Usuarios))
 3 SYSTEMPATH\CodeIgniter.php(368): CodeIgniter\CodeIgniter->handleRequest(null, Object(Config\Cache), false)
 4 FCPATH\index.php(67): CodeIgniter\CodeIgniter->run()
CRITICAL - 2023-02-22 19:41:45 --> Call to a member function getMethod() on null
in APPPATH\Controllers\Usuarios.php on line 26.
 1 SYSTEMPATH\CodeIgniter.php(934): App\Controllers\Usuarios->postAutenticar()
 2 SYSTEMPATH\CodeIgniter.php(499): CodeIgniter\CodeIgniter->runController(Object(App\Controllers\Usuarios))
 3 SYSTEMPATH\CodeIgniter.php(368): CodeIgniter\CodeIgniter->handleRequest(null, Object(Config\Cache), false)
 4 FCPATH\index.php(67): CodeIgniter\CodeIgniter->run()
CRITICAL - 2023-02-22 19:41:49 --> Call to a member function getMethod() on null
in APPPATH\Controllers\Usuarios.php on line 26.
 1 SYSTEMPATH\CodeIgniter.php(934): App\Controllers\Usuarios->postAutenticar()
 2 SYSTEMPATH\CodeIgniter.php(499): CodeIgniter\CodeIgniter->runController(Object(App\Controllers\Usuarios))
 3 SYSTEMPATH\CodeIgniter.php(368): CodeIgniter\CodeIgniter->handleRequest(null, Object(Config\Cache), false)
 4 FCPATH\index.php(67): CodeIgniter\CodeIgniter->run()
CRITICAL - 2023-02-22 19:42:02 --> Call to a member function getMethod() on null
in APPPATH\Controllers\Usuarios.php on line 26.
 1 SYSTEMPATH\CodeIgniter.php(934): App\Controllers\Usuarios->postAutenticar()
 2 SYSTEMPATH\CodeIgniter.php(499): CodeIgniter\CodeIgniter->runController(Object(App\Controllers\Usuarios))
 3 SYSTEMPATH\CodeIgniter.php(368): CodeIgniter\CodeIgniter->handleRequest(null, Object(Config\Cache), false)
 4 FCPATH\index.php(67): CodeIgniter\CodeIgniter->run()
CRITICAL - 2023-02-22 19:42:12 --> Call to a member function getMethod() on null
in APPPATH\Controllers\Usuarios.php on line 26.
 1 SYSTEMPATH\CodeIgniter.php(934): App\Controllers\Usuarios->postAutenticar()
 2 SYSTEMPATH\CodeIgniter.php(499): CodeIgniter\CodeIgniter->runController(Object(App\Controllers\Usuarios))
 3 SYSTEMPATH\CodeIgniter.php(368): CodeIgniter\CodeIgniter->handleRequest(null, Object(Config\Cache), false)
 4 FCPATH\index.php(67): CodeIgniter\CodeIgniter->run()
CRITICAL - 2023-02-22 19:42:55 --> Call to a member function getMethod() on null
in APPPATH\Controllers\Usuarios.php on line 26.
 1 SYSTEMPATH\CodeIgniter.php(934): App\Controllers\Usuarios->postAutenticar()
 2 SYSTEMPATH\CodeIgniter.php(499): CodeIgniter\CodeIgniter->runController(Object(App\Controllers\Usuarios))
 3 SYSTEMPATH\CodeIgniter.php(368): CodeIgniter\CodeIgniter->handleRequest(null, Object(Config\Cache), false)
 4 FCPATH\index.php(67): CodeIgniter\CodeIgniter->run()
CRITICAL - 2023-02-22 19:43:25 --> Call to a member function getMethod() on null
in APPPATH\Controllers\Usuarios.php on line 26.
 1 SYSTEMPATH\CodeIgniter.php(934): App\Controllers\Usuarios->postAutenticar()
 2 SYSTEMPATH\CodeIgniter.php(499): CodeIgniter\CodeIgniter->runController(Object(App\Controllers\Usuarios))
 3 SYSTEMPATH\CodeIgniter.php(368): CodeIgniter\CodeIgniter->handleRequest(null, Object(Config\Cache), false)
 4 FCPATH\index.php(67): CodeIgniter\CodeIgniter->run()
CRITICAL - 2023-02-22 19:45:53 --> Call to a member function getMethod() on null
in APPPATH\Controllers\Usuarios.php on line 26.
 1 SYSTEMPATH\CodeIgniter.php(934): App\Controllers\Usuarios->postAutenticar()
 2 SYSTEMPATH\CodeIgniter.php(499): CodeIgniter\CodeIgniter->runController(Object(App\Controllers\Usuarios))
 3 SYSTEMPATH\CodeIgniter.php(368): CodeIgniter\CodeIgniter->handleRequest(null, Object(Config\Cache), false)
 4 FCPATH\index.php(67): CodeIgniter\CodeIgniter->run()
CRITICAL - 2023-02-22 19:48:56 --> Call to a member function getMethod() on null
in APPPATH\Controllers\Usuarios.php on line 26.
 1 SYSTEMPATH\CodeIgniter.php(934): App\Controllers\Usuarios->postAutenticar()
 2 SYSTEMPATH\CodeIgniter.php(499): CodeIgniter\CodeIgniter->runController(Object(App\Controllers\Usuarios))
 3 SYSTEMPATH\CodeIgniter.php(368): CodeIgniter\CodeIgniter->handleRequest(null, Object(Config\Cache), false)
 4 FCPATH\index.php(67): CodeIgniter\CodeIgniter->run()
CRITICAL - 2023-02-22 19:48:57 --> Call to a member function getMethod() on null
in APPPATH\Controllers\Usuarios.php on line 26.
 1 SYSTEMPATH\CodeIgniter.php(934): App\Controllers\Usuarios->postAutenticar()
 2 SYSTEMPATH\CodeIgniter.php(499): CodeIgniter\CodeIgniter->runController(Object(App\Controllers\Usuarios))
 3 SYSTEMPATH\CodeIgniter.php(368): CodeIgniter\CodeIgniter->handleRequest(null, Object(Config\Cache), false)
 4 FCPATH\index.php(67): CodeIgniter\CodeIgniter->run()
CRITICAL - 2023-02-22 19:48:58 --> Call to a member function getMethod() on null
in APPPATH\Controllers\Usuarios.php on line 26.
 1 SYSTEMPATH\CodeIgniter.php(934): App\Controllers\Usuarios->postAutenticar()
 2 SYSTEMPATH\CodeIgniter.php(499): CodeIgniter\CodeIgniter->runController(Object(App\Controllers\Usuarios))
 3 SYSTEMPATH\CodeIgniter.php(368): CodeIgniter\CodeIgniter->handleRequest(null, Object(Config\Cache), false)
 4 FCPATH\index.php(67): CodeIgniter\CodeIgniter->run()
CRITICAL - 2023-02-22 19:48:59 --> Call to a member function getMethod() on null
in APPPATH\Controllers\Usuarios.php on line 26.
 1 SYSTEMPATH\CodeIgniter.php(934): App\Controllers\Usuarios->postAutenticar()
 2 SYSTEMPATH\CodeIgniter.php(499): CodeIgniter\CodeIgniter->runController(Object(App\Controllers\Usuarios))
 3 SYSTEMPATH\CodeIgniter.php(368): CodeIgniter\CodeIgniter->handleRequest(null, Object(Config\Cache), false)
 4 FCPATH\index.php(67): CodeIgniter\CodeIgniter->run()
CRITICAL - 2023-02-22 19:48:59 --> Call to a member function getMethod() on null
in APPPATH\Controllers\Usuarios.php on line 26.
 1 SYSTEMPATH\CodeIgniter.php(934): App\Controllers\Usuarios->postAutenticar()
 2 SYSTEMPATH\CodeIgniter.php(499): CodeIgniter\CodeIgniter->runController(Object(App\Controllers\Usuarios))
 3 SYSTEMPATH\CodeIgniter.php(368): CodeIgniter\CodeIgniter->handleRequest(null, Object(Config\Cache), false)
 4 FCPATH\index.php(67): CodeIgniter\CodeIgniter->run()
CRITICAL - 2023-02-22 19:51:20 --> Call to a member function getMethod() on null
in APPPATH\Controllers\Usuarios.php on line 26.
 1 SYSTEMPATH\CodeIgniter.php(934): App\Controllers\Usuarios->postAutenticar()
 2 SYSTEMPATH\CodeIgniter.php(499): CodeIgniter\CodeIgniter->runController(Object(App\Controllers\Usuarios))
 3 SYSTEMPATH\CodeIgniter.php(368): CodeIgniter\CodeIgniter->handleRequest(null, Object(Config\Cache), false)
 4 FCPATH\index.php(67): CodeIgniter\CodeIgniter->run()
CRITICAL - 2023-02-22 19:51:22 --> Call to a member function getMethod() on null
in APPPATH\Controllers\Usuarios.php on line 26.
 1 SYSTEMPATH\CodeIgniter.php(934): App\Controllers\Usuarios->postAutenticar()
 2 SYSTEMPATH\CodeIgniter.php(499): CodeIgniter\CodeIgniter->runController(Object(App\Controllers\Usuarios))
 3 SYSTEMPATH\CodeIgniter.php(368): CodeIgniter\CodeIgniter->handleRequest(null, Object(Config\Cache), false)
 4 FCPATH\index.php(67): CodeIgniter\CodeIgniter->run()
CRITICAL - 2023-02-22 19:51:28 --> Call to a member function getMethod() on null
in APPPATH\Controllers\Usuarios.php on line 26.
 1 SYSTEMPATH\CodeIgniter.php(934): App\Controllers\Usuarios->postAutenticar()
 2 SYSTEMPATH\CodeIgniter.php(499): CodeIgniter\CodeIgniter->runController(Object(App\Controllers\Usuarios))
 3 SYSTEMPATH\CodeIgniter.php(368): CodeIgniter\CodeIgniter->handleRequest(null, Object(Config\Cache), false)
 4 FCPATH\index.php(67): CodeIgniter\CodeIgniter->run()
CRITICAL - 2023-02-22 19:51:30 --> Call to a member function getMethod() on null
in APPPATH\Controllers\Usuarios.php on line 26.
 1 SYSTEMPATH\CodeIgniter.php(934): App\Controllers\Usuarios->postAutenticar()
 2 SYSTEMPATH\CodeIgniter.php(499): CodeIgniter\CodeIgniter->runController(Object(App\Controllers\Usuarios))
 3 SYSTEMPATH\CodeIgniter.php(368): CodeIgniter\CodeIgniter->handleRequest(null, Object(Config\Cache), false)
 4 FCPATH\index.php(67): CodeIgniter\CodeIgniter->run()
CRITICAL - 2023-02-22 19:51:31 --> Call to a member function getMethod() on null
in APPPATH\Controllers\Usuarios.php on line 26.
 1 SYSTEMPATH\CodeIgniter.php(934): App\Controllers\Usuarios->postAutenticar()
 2 SYSTEMPATH\CodeIgniter.php(499): CodeIgniter\CodeIgniter->runController(Object(App\Controllers\Usuarios))
 3 SYSTEMPATH\CodeIgniter.php(368): CodeIgniter\CodeIgniter->handleRequest(null, Object(Config\Cache), false)
 4 FCPATH\index.php(67): CodeIgniter\CodeIgniter->run()
CRITICAL - 2023-02-22 19:51:43 --> Call to a member function getMethod() on null
in APPPATH\Controllers\Usuarios.php on line 26.
 1 SYSTEMPATH\CodeIgniter.php(934): App\Controllers\Usuarios->postAutenticar()
 2 SYSTEMPATH\CodeIgniter.php(499): CodeIgniter\CodeIgniter->runController(Object(App\Controllers\Usuarios))
 3 SYSTEMPATH\CodeIgniter.php(368): CodeIgniter\CodeIgniter->handleRequest(null, Object(Config\Cache), false)
 4 FCPATH\index.php(67): CodeIgniter\CodeIgniter->run()
CRITICAL - 2023-02-22 19:51:45 --> Call to a member function getMethod() on null
in APPPATH\Controllers\Usuarios.php on line 26.
 1 SYSTEMPATH\CodeIgniter.php(934): App\Controllers\Usuarios->postAutenticar()
 2 SYSTEMPATH\CodeIgniter.php(499): CodeIgniter\CodeIgniter->runController(Object(App\Controllers\Usuarios))
 3 SYSTEMPATH\CodeIgniter.php(368): CodeIgniter\CodeIgniter->handleRequest(null, Object(Config\Cache), false)
 4 FCPATH\index.php(67): CodeIgniter\CodeIgniter->run()
CRITICAL - 2023-02-22 19:51:46 --> Call to a member function getMethod() on null
in APPPATH\Controllers\Usuarios.php on line 26.
 1 SYSTEMPATH\CodeIgniter.php(934): App\Controllers\Usuarios->postAutenticar()
 2 SYSTEMPATH\CodeIgniter.php(499): CodeIgniter\CodeIgniter->runController(Object(App\Controllers\Usuarios))
 3 SYSTEMPATH\CodeIgniter.php(368): CodeIgniter\CodeIgniter->handleRequest(null, Object(Config\Cache), false)
 4 FCPATH\index.php(67): CodeIgniter\CodeIgniter->run()
CRITICAL - 2023-02-22 19:51:47 --> Call to a member function getMethod() on null
in APPPATH\Controllers\Usuarios.php on line 26.
 1 SYSTEMPATH\CodeIgniter.php(934): App\Controllers\Usuarios->postAutenticar()
 2 SYSTEMPATH\CodeIgniter.php(499): CodeIgniter\CodeIgniter->runController(Object(App\Controllers\Usuarios))
 3 SYSTEMPATH\CodeIgniter.php(368): CodeIgniter\CodeIgniter->handleRequest(null, Object(Config\Cache), false)
 4 FCPATH\index.php(67): CodeIgniter\CodeIgniter->run()
CRITICAL - 2023-02-22 19:51:53 --> Call to a member function getMethod() on null
in APPPATH\Controllers\Usuarios.php on line 26.
 1 SYSTEMPATH\CodeIgniter.php(934): App\Controllers\Usuarios->postAutenticar()
 2 SYSTEMPATH\CodeIgniter.php(499): CodeIgniter\CodeIgniter->runController(Object(App\Controllers\Usuarios))
 3 SYSTEMPATH\CodeIgniter.php(368): CodeIgniter\CodeIgniter->handleRequest(null, Object(Config\Cache), false)
 4 FCPATH\index.php(67): CodeIgniter\CodeIgniter->run()
CRITICAL - 2023-02-22 19:51:59 --> Call to a member function getMethod() on null
in APPPATH\Controllers\Usuarios.php on line 26.
 1 SYSTEMPATH\CodeIgniter.php(934): App\Controllers\Usuarios->postAutenticar()
 2 SYSTEMPATH\CodeIgniter.php(499): CodeIgniter\CodeIgniter->runController(Object(App\Controllers\Usuarios))
 3 SYSTEMPATH\CodeIgniter.php(368): CodeIgniter\CodeIgniter->handleRequest(null, Object(Config\Cache), false)
 4 FCPATH\index.php(67): CodeIgniter\CodeIgniter->run()
CRITICAL - 2023-02-22 19:52:00 --> Call to a member function getMethod() on null
in APPPATH\Controllers\Usuarios.php on line 26.
 1 SYSTEMPATH\CodeIgniter.php(934): App\Controllers\Usuarios->postAutenticar()
 2 SYSTEMPATH\CodeIgniter.php(499): CodeIgniter\CodeIgniter->runController(Object(App\Controllers\Usuarios))
 3 SYSTEMPATH\CodeIgniter.php(368): CodeIgniter\CodeIgniter->handleRequest(null, Object(Config\Cache), false)
 4 FCPATH\index.php(67): CodeIgniter\CodeIgniter->run()
CRITICAL - 2023-02-22 19:52:00 --> Call to a member function getMethod() on null
in APPPATH\Controllers\Usuarios.php on line 26.
 1 SYSTEMPATH\CodeIgniter.php(934): App\Controllers\Usuarios->postAutenticar()
 2 SYSTEMPATH\CodeIgniter.php(499): CodeIgniter\CodeIgniter->runController(Object(App\Controllers\Usuarios))
 3 SYSTEMPATH\CodeIgniter.php(368): CodeIgniter\CodeIgniter->handleRequest(null, Object(Config\Cache), false)
 4 FCPATH\index.php(67): CodeIgniter\CodeIgniter->run()
CRITICAL - 2023-02-22 19:52:48 --> Call to a member function getMethod() on null
in APPPATH\Controllers\Usuarios.php on line 26.
 1 SYSTEMPATH\CodeIgniter.php(934): App\Controllers\Usuarios->postAutenticar()
 2 SYSTEMPATH\CodeIgniter.php(499): CodeIgniter\CodeIgniter->runController(Object(App\Controllers\Usuarios))
 3 SYSTEMPATH\CodeIgniter.php(368): CodeIgniter\CodeIgniter->handleRequest(null, Object(Config\Cache), false)
 4 FCPATH\index.php(67): CodeIgniter\CodeIgniter->run()
CRITICAL - 2023-02-22 19:52:57 --> Call to a member function getMethod() on null
in APPPATH\Controllers\Usuarios.php on line 26.
 1 SYSTEMPATH\CodeIgniter.php(934): App\Controllers\Usuarios->postAutenticar()
 2 SYSTEMPATH\CodeIgniter.php(499): CodeIgniter\CodeIgniter->runController(Object(App\Controllers\Usuarios))
 3 SYSTEMPATH\CodeIgniter.php(368): CodeIgniter\CodeIgniter->handleRequest(null, Object(Config\Cache), false)
 4 FCPATH\index.php(67): CodeIgniter\CodeIgniter->run()
CRITICAL - 2023-02-22 19:53:14 --> Declaration of App\Models\Usuario::update($idUsuario, $data) must be compatible with CodeIgniter\Model::update($id = NULL, $data = NULL): bool
in APPPATH\Models\Usuario.php on line 46.
 1 [internal function]: CodeIgniter\Debug\Exceptions->shutdownHandler()
CRITICAL - 2023-02-22 19:54:15 --> Class 'App\Controllers\Controllers' not found
in APPPATH\Controllers\Usuarios.php on line 7.
 1 SYSTEMPATH\Autoloader\Autoloader.php(312): include_once()
 2 SYSTEMPATH\Autoloader\Autoloader.php(289): CodeIgniter\Autoloader\Autoloader->includeFile('APPPATH\\Controllers\\Usuarios.php')
 3 SYSTEMPATH\Autoloader\Autoloader.php(267): CodeIgniter\Autoloader\Autoloader->loadInNamespace('App\\Controllers\\Usuarios')
 4 [internal function]: CodeIgniter\Autoloader\Autoloader->loadClass('App\\Controllers\\Usuarios')
 5 [internal function]: spl_autoload_call('App\\Controllers\\Usuarios')
 6 SYSTEMPATH\Router\AutoRouterImproved.php(264): class_exists('App\\Controllers\\Usuarios')
 7 SYSTEMPATH\Router\AutoRouterImproved.php(115): CodeIgniter\Router\AutoRouterImproved->scanControllers([...])
 8 SYSTEMPATH\Router\Router.php(507): CodeIgniter\Router\AutoRouterImproved->getRoute('Usuarios/Autenticar')
 9 SYSTEMPATH\Router\Router.php(206): CodeIgniter\Router\Router->autoRoute('Usuarios/Autenticar')
10 SYSTEMPATH\CodeIgniter.php(815): CodeIgniter\Router\Router->handle('Usuarios/Autenticar')
11 SYSTEMPATH\CodeIgniter.php(449): CodeIgniter\CodeIgniter->tryToRouteIt(Object(CodeIgniter\Router\RouteCollection))
12 SYSTEMPATH\CodeIgniter.php(368): CodeIgniter\CodeIgniter->handleRequest(null, Object(Config\Cache), false)
13 FCPATH\index.php(67): CodeIgniter\CodeIgniter->run()
CRITICAL - 2023-02-22 19:54:29 --> Declaration of App\Models\Usuario::update($idUsuario, $data) must be compatible with CodeIgniter\Model::update($id = NULL, $data = NULL): bool
in APPPATH\Models\Usuario.php on line 46.
 1 [internal function]: CodeIgniter\Debug\Exceptions->shutdownHandler()
CRITICAL - 2023-02-22 19:59:15 --> Declaration of App\Models\Usuario::update($idUsuario, $data) must be compatible with CodeIgniter\Model::update($id = NULL, $data = NULL): bool
in APPPATH\Models\Usuario.php on line 46.
 1 [internal function]: CodeIgniter\Debug\Exceptions->shutdownHandler()
CRITICAL - 2023-02-22 20:15:45 --> Declaration of App\Models\Usuario::update($idUsuario, $data) must be compatible with CodeIgniter\Model::update($id = NULL, $data = NULL): bool
in APPPATH\Models\Usuario.php on line 46.
 1 [internal function]: CodeIgniter\Debug\Exceptions->shutdownHandler()
CRITICAL - 2023-02-22 20:19:49 --> Declaration of App\Models\Usuario::update($idUsuario, $data) must be compatible with CodeIgniter\Model::update($id = NULL, $data = NULL): bool
in APPPATH\Models\Usuario.php on line 46.
 1 [internal function]: CodeIgniter\Debug\Exceptions->shutdownHandler()
CRITICAL - 2023-02-22 20:20:10 --> Declaration of App\Models\Usuario::update($idUsuario, $data) must be compatible with CodeIgniter\Model::update($id = NULL, $data = NULL): bool
in APPPATH\Models\Usuario.php on line 46.
 1 [internal function]: CodeIgniter\Debug\Exceptions->shutdownHandler()
CRITICAL - 2023-02-22 20:22:03 --> Declaration of App\Models\Usuario::update($idUsuario, $data) must be compatible with CodeIgniter\Model::update($id = NULL, $data = NULL): bool
in APPPATH\Models\Usuario.php on line 46.
 1 [internal function]: CodeIgniter\Debug\Exceptions->shutdownHandler()
CRITICAL - 2023-02-22 20:26:02 --> Declaration of App\Models\Usuario::update($idUsuario, $data) must be compatible with CodeIgniter\Model::update($id = NULL, $data = NULL): bool
in APPPATH\Models\Usuario.php on line 46.
 1 [internal function]: CodeIgniter\Debug\Exceptions->shutdownHandler()
CRITICAL - 2023-02-22 20:28:03 --> Declaration of App\Models\Usuario::update($idUsuario, $data) must be compatible with CodeIgniter\Model::update($id = NULL, $data = NULL): bool
in APPPATH\Models\Usuario.php on line 46.
 1 [internal function]: CodeIgniter\Debug\Exceptions->shutdownHandler()
CRITICAL - 2023-02-22 20:30:15 --> Declaration of App\Models\Usuario::update($idUsuario, $data) must be compatible with CodeIgniter\Model::update($id = NULL, $data = NULL): bool
in APPPATH\Models\Usuario.php on line 46.
 1 [internal function]: CodeIgniter\Debug\Exceptions->shutdownHandler()
CRITICAL - 2023-02-22 20:32:21 --> Declaration of App\Models\Usuario::update($idUsuario, $data) must be compatible with CodeIgniter\Model::update($id = NULL, $data = NULL): bool
in APPPATH\Models\Usuario.php on line 46.
 1 [internal function]: CodeIgniter\Debug\Exceptions->shutdownHandler()
CRITICAL - 2023-02-22 20:32:46 --> Declaration of App\Models\Usuario::update($idUsuario = NULL, $data = NULL) must be compatible with CodeIgniter\Model::update($id = NULL, $data = NULL): bool
in APPPATH\Models\Usuario.php on line 46.
 1 [internal function]: CodeIgniter\Debug\Exceptions->shutdownHandler()
CRITICAL - 2023-02-22 20:33:38 --> Declaration of App\Models\Usuario::delete($idUsuario) should be compatible with CodeIgniter\BaseModel::delete($id = NULL, bool $purge = false)
in APPPATH\Models\Usuario.php on line 52.
 1 APPPATH\Models\Usuario.php(5): CodeIgniter\Debug\Exceptions->errorHandler(2, 'Declaration of App\\Models\\Usuario::delete($idUsuario) should be compatible with CodeIgniter\\BaseModel::delete($id = NULL, bool $purge = false)', 'APPPATH\\Models\\Usuario.php', 52, [...])
 2 SYSTEMPATH\Autoloader\Autoloader.php(312): include_once('APPPATH\\Models\\Usuario.php')
 3 SYSTEMPATH\Autoloader\Autoloader.php(289): CodeIgniter\Autoloader\Autoloader->includeFile('APPPATH\\Models\\Usuario.php')
 4 SYSTEMPATH\Autoloader\Autoloader.php(267): CodeIgniter\Autoloader\Autoloader->loadInNamespace('App\\Models\\Usuario')
 5 [internal function]: CodeIgniter\Autoloader\Autoloader->loadClass('App\\Models\\Usuario')
 6 APPPATH\Controllers\Usuarios.php(27): spl_autoload_call('App\\Models\\Usuario')
 7 SYSTEMPATH\CodeIgniter.php(934): App\Controllers\Usuarios->postAutenticar()
 8 SYSTEMPATH\CodeIgniter.php(499): CodeIgniter\CodeIgniter->runController(Object(App\Controllers\Usuarios))
 9 SYSTEMPATH\CodeIgniter.php(368): CodeIgniter\CodeIgniter->handleRequest(null, Object(Config\Cache), false)
10 FCPATH\index.php(67): CodeIgniter\CodeIgniter->run()
CRITICAL - 2023-02-22 20:36:08 --> Undefined variable: db
in APPPATH\Models\Usuario.php on line 17.
 1 APPPATH\Models\Usuario.php(17): CodeIgniter\Debug\Exceptions->errorHandler(8, 'Undefined variable: db', 'APPPATH\\Models\\Usuario.php', 17, [...])
 2 APPPATH\Controllers\Usuarios.php(36): App\Models\Usuario->auth('DylanCointic', 'C0l0ssus', null)
 3 SYSTEMPATH\CodeIgniter.php(934): App\Controllers\Usuarios->postAutenticar()
 4 SYSTEMPATH\CodeIgniter.php(499): CodeIgniter\CodeIgniter->runController(Object(App\Controllers\Usuarios))
 5 SYSTEMPATH\CodeIgniter.php(368): CodeIgniter\CodeIgniter->handleRequest(null, Object(Config\Cache), false)
 6 FCPATH\index.php(67): CodeIgniter\CodeIgniter->run()
CRITICAL - 2023-02-22 20:37:45 --> Undefined variable: builder
in APPPATH\Models\Usuario.php on line 19.
 1 APPPATH\Models\Usuario.php(19): CodeIgniter\Debug\Exceptions->errorHandler(8, 'Undefined variable: builder', 'APPPATH\\Models\\Usuario.php', 19, [...])
 2 APPPATH\Controllers\Usuarios.php(36): App\Models\Usuario->auth('DylanCointic', 'C0l0ssus', null)
 3 SYSTEMPATH\CodeIgniter.php(934): App\Controllers\Usuarios->postAutenticar()
 4 SYSTEMPATH\CodeIgniter.php(499): CodeIgniter\CodeIgniter->runController(Object(App\Controllers\Usuarios))
 5 SYSTEMPATH\CodeIgniter.php(368): CodeIgniter\CodeIgniter->handleRequest(null, Object(Config\Cache), false)
 6 FCPATH\index.php(67): CodeIgniter\CodeIgniter->run()
ERROR - 2023-02-22 20:39:17 --> mysqli_sql_exception: Not unique table/alias: 'CatUsuarios' in C:\wamp64\www\ApiGasolineras\system\Database\MySQLi\Connection.php:295
Stack trace:
#0 C:\wamp64\www\ApiGasolineras\system\Database\MySQLi\Connection.php(295): mysqli->query('SELECT *\nFROM `...', 0)
#1 C:\wamp64\www\ApiGasolineras\system\Database\BaseConnection.php(691): CodeIgniter\Database\MySQLi\Connection->execute('SELECT *\nFROM `...')
#2 C:\wamp64\www\ApiGasolineras\system\Database\BaseConnection.php(605): CodeIgniter\Database\BaseConnection->simpleQuery('SELECT *\nFROM `...')
#3 C:\wamp64\www\ApiGasolineras\system\Database\BaseBuilder.php(1616): CodeIgniter\Database\BaseConnection->query('SELECT *\nFROM `...', Array, false)
#4 C:\wamp64\www\ApiGasolineras\app\Models\Usuario.php(23): CodeIgniter\Database\BaseBuilder->get()
#5 C:\wamp64\www\ApiGasolineras\app\Controllers\Usuarios.php(36): App\Models\Usuario->auth('DylanCointic', 'C0l0ssus', NULL)
#6 C:\wamp64\www\ApiGasolineras\system\CodeIgniter.php(934): App\Controllers\Usuarios->postAutenticar()
#7 C:\wamp64\www\ApiGasolineras\system\CodeIgniter.php(499): CodeIgniter\CodeIgniter->runController(Object(App\Controllers\Usuarios))
#8 C:\wamp64\www\ApiGasolineras\system\CodeIgniter.php(368): CodeIgniter\CodeIgniter->handleRequest(NULL, Object(Config\Cache), false)
#9 C:\wamp64\www\ApiGasolineras\index.php(67): CodeIgniter\CodeIgniter->run()
#10 {main}
CRITICAL - 2023-02-22 20:39:17 --> Not unique table/alias: 'CatUsuarios'
in SYSTEMPATH\Database\BaseConnection.php on line 645.
 1 SYSTEMPATH\Database\BaseBuilder.php(1616): CodeIgniter\Database\BaseConnection->query('SELECT *
FROM `CatUsuarios`, `CatUsuarios`
WHERE `nickName` = :nickName:
AND `Status` = :Status:', [...], false)
 2 APPPATH\Models\Usuario.php(23): CodeIgniter\Database\BaseBuilder->get()
 3 APPPATH\Controllers\Usuarios.php(36): App\Models\Usuario->auth('DylanCointic', 'C0l0ssus', null)
 4 SYSTEMPATH\CodeIgniter.php(934): App\Controllers\Usuarios->postAutenticar()
 5 SYSTEMPATH\CodeIgniter.php(499): CodeIgniter\CodeIgniter->runController(Object(App\Controllers\Usuarios))
 6 SYSTEMPATH\CodeIgniter.php(368): CodeIgniter\CodeIgniter->handleRequest(null, Object(Config\Cache), false)
 7 FCPATH\index.php(67): CodeIgniter\CodeIgniter->run()
CRITICAL - 2023-02-22 20:43:41 --> Call to undefined method CodeIgniter\Database\MySQLi\Result::num_rows()
in APPPATH\Models\Usuario.php on line 24.
 1 APPPATH\Controllers\Usuarios.php(36): App\Models\Usuario->auth('DylanCointic', 'C0l0ssus', null)
 2 SYSTEMPATH\CodeIgniter.php(934): App\Controllers\Usuarios->postAutenticar()
 3 SYSTEMPATH\CodeIgniter.php(499): CodeIgniter\CodeIgniter->runController(Object(App\Controllers\Usuarios))
 4 SYSTEMPATH\CodeIgniter.php(368): CodeIgniter\CodeIgniter->handleRequest(null, Object(Config\Cache), false)
 5 FCPATH\index.php(67): CodeIgniter\CodeIgniter->run()
CRITICAL - 2023-02-22 20:44:11 --> Call to undefined method CodeIgniter\Database\MySQLi\Builder::getRowArray()
in APPPATH\Models\Usuario.php on line 30.
 1 APPPATH\Controllers\Usuarios.php(36): App\Models\Usuario->auth('DylanCointic', 'C0l0ssus', null)
 2 SYSTEMPATH\CodeIgniter.php(934): App\Controllers\Usuarios->postAutenticar()
 3 SYSTEMPATH\CodeIgniter.php(499): CodeIgniter\CodeIgniter->runController(Object(App\Controllers\Usuarios))
 4 SYSTEMPATH\CodeIgniter.php(368): CodeIgniter\CodeIgniter->handleRequest(null, Object(Config\Cache), false)
 5 FCPATH\index.php(67): CodeIgniter\CodeIgniter->run()
CRITICAL - 2023-02-22 20:49:05 --> Call to undefined method CodeIgniter\Database\MySQLi\Connection::select()
in APPPATH\Models\Usuario.php on line 67.
 1 APPPATH\Models\Usuario.php(30): App\Models\Usuario->getUsuario('1')
 2 APPPATH\Controllers\Usuarios.php(36): App\Models\Usuario->auth('DylanCointic', 'C0l0ssus', null)
 3 SYSTEMPATH\CodeIgniter.php(934): App\Controllers\Usuarios->postAutenticar()
 4 SYSTEMPATH\CodeIgniter.php(499): CodeIgniter\CodeIgniter->runController(Object(App\Controllers\Usuarios))
 5 SYSTEMPATH\CodeIgniter.php(368): CodeIgniter\CodeIgniter->handleRequest(null, Object(Config\Cache), false)
 6 FCPATH\index.php(67): CodeIgniter\CodeIgniter->run()
CRITICAL - 2023-02-22 20:54:45 --> Too few arguments to function Firebase\JWT\JWT::encode(), 2 passed in C:\wamp64\www\ApiGasolineras\app\Models\WebToken.php on line 21 and at least 3 expected
in FCPATH\vendor\firebase\php-jwt\src\JWT.php on line 184.
 1 APPPATH\Models\WebToken.php(21): Firebase\JWT\JWT::encode([...], '/Sd/w1/s9x/8@@')
 2 APPPATH\Controllers\Usuarios.php(44): App\Models\WebToken->generarJWT([...])
 3 SYSTEMPATH\CodeIgniter.php(934): App\Controllers\Usuarios->postAutenticar()
 4 SYSTEMPATH\CodeIgniter.php(499): CodeIgniter\CodeIgniter->runController(Object(App\Controllers\Usuarios))
 5 SYSTEMPATH\CodeIgniter.php(368): CodeIgniter\CodeIgniter->handleRequest(null, Object(Config\Cache), false)
 6 FCPATH\index.php(67): CodeIgniter\CodeIgniter->run()
CRITICAL - 2023-02-22 21:11:41 --> Undefined variable: builder
in APPPATH\Models\Usuario.php on line 19.
 1 APPPATH\Models\Usuario.php(19): CodeIgniter\Debug\Exceptions->errorHandler(8, 'Undefined variable: builder', 'APPPATH\\Models\\Usuario.php', 19, [...])
 2 APPPATH\Controllers\Usuarios.php(36): App\Models\Usuario->auth('DylanCointic', 'C0l0ssus', null)
 3 SYSTEMPATH\CodeIgniter.php(934): App\Controllers\Usuarios->postAutenticar()
 4 SYSTEMPATH\CodeIgniter.php(499): CodeIgniter\CodeIgniter->runController(Object(App\Controllers\Usuarios))
 5 SYSTEMPATH\CodeIgniter.php(368): CodeIgniter\CodeIgniter->handleRequest(null, Object(Config\Cache), false)
 6 FCPATH\index.php(67): CodeIgniter\CodeIgniter->run()
CRITICAL - 2023-02-22 21:12:01 --> Undefined variable: builder
in APPPATH\Models\Usuario.php on line 19.
 1 APPPATH\Models\Usuario.php(19): CodeIgniter\Debug\Exceptions->errorHandler(8, 'Undefined variable: builder', 'APPPATH\\Models\\Usuario.php', 19, [...])
 2 APPPATH\Controllers\Usuarios.php(36): App\Models\Usuario->auth('DylanCointic', 'C0l0ssus', null)
 3 SYSTEMPATH\CodeIgniter.php(934): App\Controllers\Usuarios->postAutenticar()
 4 SYSTEMPATH\CodeIgniter.php(499): CodeIgniter\CodeIgniter->runController(Object(App\Controllers\Usuarios))
 5 SYSTEMPATH\CodeIgniter.php(368): CodeIgniter\CodeIgniter->handleRequest(null, Object(Config\Cache), false)
 6 FCPATH\index.php(67): CodeIgniter\CodeIgniter->run()
