CRITICAL - 2024-10-02 11:41:12 --> Undefined variable $idsoluciones
in APPPATH\Controllers\Soluciones.php on line 68.
 1 APPPATH\Controllers\Soluciones.php(68): CodeIgniter\Debug\Exceptions->errorHandler(2, 'Undefined variable $idsoluciones', 'APPPATH\\Controllers\\Soluciones.php', 68)
 2 SYSTEMPATH\CodeIgniter.php(934): App\Controllers\Soluciones->EliminarSolucion()
 3 SYSTEMPATH\CodeIgniter.php(499): CodeIgniter\CodeIgniter->runController(Object(App\Controllers\Soluciones))
 4 SYSTEMPATH\CodeIgniter.php(368): CodeIgniter\CodeIgniter->handleRequest(null, Object(Config\Cache), false)
 5 FCPATH\index.php(73): CodeIgniter\CodeIgniter->run()
CRITICAL - 2024-10-02 11:41:32 --> Undefined variable $idsoluciones
in APPPATH\Controllers\Soluciones.php on line 68.
 1 APPPATH\Controllers\Soluciones.php(68): CodeIgniter\Debug\Exceptions->errorHandler(2, 'Undefined variable $idsoluciones', 'APPPATH\\Controllers\\Soluciones.php', 68)
 2 SYSTEMPATH\CodeIgniter.php(934): App\Controllers\Soluciones->EliminarSolucion()
 3 SYSTEMPATH\CodeIgniter.php(499): CodeIgniter\CodeIgniter->runController(Object(App\Controllers\Soluciones))
 4 SYSTEMPATH\CodeIgniter.php(368): CodeIgniter\CodeIgniter->handleRequest(null, Object(Config\Cache), false)
 5 FCPATH\index.php(73): CodeIgniter\CodeIgniter->run()
CRITICAL - 2024-10-02 11:50:23 --> Undefined variable $idsoluciones
in APPPATH\Controllers\Soluciones.php on line 68.
 1 APPPATH\Controllers\Soluciones.php(68): CodeIgniter\Debug\Exceptions->errorHandler(2, 'Undefined variable $idsoluciones', 'APPPATH\\Controllers\\Soluciones.php', 68)
 2 SYSTEMPATH\CodeIgniter.php(934): App\Controllers\Soluciones->EliminarSolucion()
 3 SYSTEMPATH\CodeIgniter.php(499): CodeIgniter\CodeIgniter->runController(Object(App\Controllers\Soluciones))
 4 SYSTEMPATH\CodeIgniter.php(368): CodeIgniter\CodeIgniter->handleRequest(null, Object(Config\Cache), false)
 5 FCPATH\index.php(73): CodeIgniter\CodeIgniter->run()
ERROR - 2024-10-02 12:30:01 --> mysqli_sql_exception: Cannot add or update a child row: a foreign key constraint fails (`cointic_template`.`catproduct_fort`, CONSTRAINT `relmarca_products` FOREIGN KEY (`idProducto_Fort`) REFERENCES `relmarcasolucion` (`idrel`) ON DELETE RESTRICT ON UPDATE RESTRICT) in C:\wamp64\www\Api_Template\system\Database\MySQLi\Connection.php:295
Stack trace:
#0 C:\wamp64\www\Api_Template\system\Database\MySQLi\Connection.php(295): mysqli->query('INSERT INTO `Ca...', 0)
#1 C:\wamp64\www\Api_Template\system\Database\BaseConnection.php(691): CodeIgniter\Database\MySQLi\Connection->execute('INSERT INTO `Ca...')
#2 C:\wamp64\www\Api_Template\system\Database\BaseConnection.php(605): CodeIgniter\Database\BaseConnection->simpleQuery('INSERT INTO `Ca...')
#3 C:\wamp64\www\Api_Template\system\Database\BaseBuilder.php(2309): CodeIgniter\Database\BaseConnection->query('INSERT INTO `Ca...', Array, false)
#4 C:\wamp64\www\Api_Template\app\Models\Producto.php(39): CodeIgniter\Database\BaseBuilder->insert(Array)
#5 C:\wamp64\www\Api_Template\app\Controllers\Productos.php(61): App\Models\Producto->crearProducto(Array)
#6 C:\wamp64\www\Api_Template\system\CodeIgniter.php(934): App\Controllers\Productos->CrearProducto()
#7 C:\wamp64\www\Api_Template\system\CodeIgniter.php(499): CodeIgniter\CodeIgniter->runController(Object(App\Controllers\Productos))
#8 C:\wamp64\www\Api_Template\system\CodeIgniter.php(368): CodeIgniter\CodeIgniter->handleRequest(NULL, Object(Config\Cache), false)
#9 C:\wamp64\www\Api_Template\index.php(73): CodeIgniter\CodeIgniter->run()
#10 {main}
CRITICAL - 2024-10-02 12:30:01 --> Cannot add or update a child row: a foreign key constraint fails (`cointic_template`.`catproduct_fort`, CONSTRAINT `relmarca_products` FOREIGN KEY (`idProducto_Fort`) REFERENCES `relmarcasolucion` (`idrel`) ON DELETE RESTRICT ON UPDATE RESTRICT)
in SYSTEMPATH\Database\BaseConnection.php on line 645.
 1 SYSTEMPATH\Database\BaseBuilder.php(2309): CodeIgniter\Database\BaseConnection->query('INSERT INTO `CatProduct_Fort` (`Unit`, `SKU`, `Description`, `Price`, `Contract_1Yr`, `Contract_2Yr`, `Contract_3Yr`, `Contract_4Yr`, `Contract_5Yr`, `Comments`, `Category`, `idrel`) VALUES (:Unit:, :SKU:, :Description:, :Price:, :Contract_1Yr:, :Contract_2Yr:, :Contract_3Yr:, :Contract_4Yr:, :Contract_5Yr:, :Comments:, :Category:, :idrel:)', [...], false)
 2 APPPATH\Models\Producto.php(39): CodeIgniter\Database\BaseBuilder->insert([...])
 3 APPPATH\Controllers\Productos.php(61): App\Models\Producto->crearProducto([...])
 4 SYSTEMPATH\CodeIgniter.php(934): App\Controllers\Productos->CrearProducto()
 5 SYSTEMPATH\CodeIgniter.php(499): CodeIgniter\CodeIgniter->runController(Object(App\Controllers\Productos))
 6 SYSTEMPATH\CodeIgniter.php(368): CodeIgniter\CodeIgniter->handleRequest(null, Object(Config\Cache), false)
 7 FCPATH\index.php(73): CodeIgniter\CodeIgniter->run()
ERROR - 2024-10-02 12:30:23 --> mysqli_sql_exception: Cannot add or update a child row: a foreign key constraint fails (`cointic_template`.`catproduct_fort`, CONSTRAINT `relmarca_products` FOREIGN KEY (`idProducto_Fort`) REFERENCES `relmarcasolucion` (`idrel`) ON DELETE RESTRICT ON UPDATE RESTRICT) in C:\wamp64\www\Api_Template\system\Database\MySQLi\Connection.php:295
Stack trace:
#0 C:\wamp64\www\Api_Template\system\Database\MySQLi\Connection.php(295): mysqli->query('INSERT INTO `Ca...', 0)
#1 C:\wamp64\www\Api_Template\system\Database\BaseConnection.php(691): CodeIgniter\Database\MySQLi\Connection->execute('INSERT INTO `Ca...')
#2 C:\wamp64\www\Api_Template\system\Database\BaseConnection.php(605): CodeIgniter\Database\BaseConnection->simpleQuery('INSERT INTO `Ca...')
#3 C:\wamp64\www\Api_Template\system\Database\BaseBuilder.php(2309): CodeIgniter\Database\BaseConnection->query('INSERT INTO `Ca...', Array, false)
#4 C:\wamp64\www\Api_Template\app\Models\Producto.php(39): CodeIgniter\Database\BaseBuilder->insert(Array)
#5 C:\wamp64\www\Api_Template\app\Controllers\Productos.php(61): App\Models\Producto->crearProducto(Array)
#6 C:\wamp64\www\Api_Template\system\CodeIgniter.php(934): App\Controllers\Productos->CrearProducto()
#7 C:\wamp64\www\Api_Template\system\CodeIgniter.php(499): CodeIgniter\CodeIgniter->runController(Object(App\Controllers\Productos))
#8 C:\wamp64\www\Api_Template\system\CodeIgniter.php(368): CodeIgniter\CodeIgniter->handleRequest(NULL, Object(Config\Cache), false)
#9 C:\wamp64\www\Api_Template\index.php(73): CodeIgniter\CodeIgniter->run()
#10 {main}
CRITICAL - 2024-10-02 12:30:23 --> Cannot add or update a child row: a foreign key constraint fails (`cointic_template`.`catproduct_fort`, CONSTRAINT `relmarca_products` FOREIGN KEY (`idProducto_Fort`) REFERENCES `relmarcasolucion` (`idrel`) ON DELETE RESTRICT ON UPDATE RESTRICT)
in SYSTEMPATH\Database\BaseConnection.php on line 645.
 1 SYSTEMPATH\Database\BaseBuilder.php(2309): CodeIgniter\Database\BaseConnection->query('INSERT INTO `CatProduct_Fort` (`Unit`, `SKU`, `Description`, `Price`, `Contract_1Yr`, `Contract_2Yr`, `Contract_3Yr`, `Contract_4Yr`, `Contract_5Yr`, `Comments`, `Category`, `idrel`) VALUES (:Unit:, :SKU:, :Description:, :Price:, :Contract_1Yr:, :Contract_2Yr:, :Contract_3Yr:, :Contract_4Yr:, :Contract_5Yr:, :Comments:, :Category:, :idrel:)', [...], false)
 2 APPPATH\Models\Producto.php(39): CodeIgniter\Database\BaseBuilder->insert([...])
 3 APPPATH\Controllers\Productos.php(61): App\Models\Producto->crearProducto([...])
 4 SYSTEMPATH\CodeIgniter.php(934): App\Controllers\Productos->CrearProducto()
 5 SYSTEMPATH\CodeIgniter.php(499): CodeIgniter\CodeIgniter->runController(Object(App\Controllers\Productos))
 6 SYSTEMPATH\CodeIgniter.php(368): CodeIgniter\CodeIgniter->handleRequest(null, Object(Config\Cache), false)
 7 FCPATH\index.php(73): CodeIgniter\CodeIgniter->run()
ERROR - 2024-10-02 12:33:37 --> mysqli_sql_exception: Cannot add or update a child row: a foreign key constraint fails (`cointic_template`.`catproduct_fort`, CONSTRAINT `relmarca_products` FOREIGN KEY (`idProducto_Fort`) REFERENCES `relmarcasolucion` (`idrel`) ON DELETE RESTRICT ON UPDATE CASCADE) in C:\wamp64\www\Api_Template\system\Database\MySQLi\Connection.php:295
Stack trace:
#0 C:\wamp64\www\Api_Template\system\Database\MySQLi\Connection.php(295): mysqli->query('INSERT INTO `Ca...', 0)
#1 C:\wamp64\www\Api_Template\system\Database\BaseConnection.php(691): CodeIgniter\Database\MySQLi\Connection->execute('INSERT INTO `Ca...')
#2 C:\wamp64\www\Api_Template\system\Database\BaseConnection.php(605): CodeIgniter\Database\BaseConnection->simpleQuery('INSERT INTO `Ca...')
#3 C:\wamp64\www\Api_Template\system\Database\BaseBuilder.php(2309): CodeIgniter\Database\BaseConnection->query('INSERT INTO `Ca...', Array, false)
#4 C:\wamp64\www\Api_Template\app\Models\Producto.php(39): CodeIgniter\Database\BaseBuilder->insert(Array)
#5 C:\wamp64\www\Api_Template\app\Controllers\Productos.php(61): App\Models\Producto->crearProducto(Array)
#6 C:\wamp64\www\Api_Template\system\CodeIgniter.php(934): App\Controllers\Productos->CrearProducto()
#7 C:\wamp64\www\Api_Template\system\CodeIgniter.php(499): CodeIgniter\CodeIgniter->runController(Object(App\Controllers\Productos))
#8 C:\wamp64\www\Api_Template\system\CodeIgniter.php(368): CodeIgniter\CodeIgniter->handleRequest(NULL, Object(Config\Cache), false)
#9 C:\wamp64\www\Api_Template\index.php(73): CodeIgniter\CodeIgniter->run()
#10 {main}
CRITICAL - 2024-10-02 12:33:37 --> Cannot add or update a child row: a foreign key constraint fails (`cointic_template`.`catproduct_fort`, CONSTRAINT `relmarca_products` FOREIGN KEY (`idProducto_Fort`) REFERENCES `relmarcasolucion` (`idrel`) ON DELETE RESTRICT ON UPDATE CASCADE)
in SYSTEMPATH\Database\BaseConnection.php on line 645.
 1 SYSTEMPATH\Database\BaseBuilder.php(2309): CodeIgniter\Database\BaseConnection->query('INSERT INTO `CatProduct_Fort` (`Unit`, `SKU`, `Description`, `Price`, `Contract_1Yr`, `Contract_2Yr`, `Contract_3Yr`, `Contract_4Yr`, `Contract_5Yr`, `Comments`, `Category`, `idrel`) VALUES (:Unit:, :SKU:, :Description:, :Price:, :Contract_1Yr:, :Contract_2Yr:, :Contract_3Yr:, :Contract_4Yr:, :Contract_5Yr:, :Comments:, :Category:, :idrel:)', [...], false)
 2 APPPATH\Models\Producto.php(39): CodeIgniter\Database\BaseBuilder->insert([...])
 3 APPPATH\Controllers\Productos.php(61): App\Models\Producto->crearProducto([...])
 4 SYSTEMPATH\CodeIgniter.php(934): App\Controllers\Productos->CrearProducto()
 5 SYSTEMPATH\CodeIgniter.php(499): CodeIgniter\CodeIgniter->runController(Object(App\Controllers\Productos))
 6 SYSTEMPATH\CodeIgniter.php(368): CodeIgniter\CodeIgniter->handleRequest(null, Object(Config\Cache), false)
 7 FCPATH\index.php(73): CodeIgniter\CodeIgniter->run()
