CRITICAL - 2023-04-01 10:44:23 --> Call to a member function selectProyeccionxidProyeccion() on null
in APPPATH\Controllers\Compras.php on line 154.
 1 SYSTEMPATH\CodeIgniter.php(934): App\Controllers\Compras->update('1')
 2 SYSTEMPATH\CodeIgniter.php(499): CodeIgniter\CodeIgniter->runController(Object(App\Controllers\Compras))
 3 SYSTEMPATH\CodeIgniter.php(368): CodeIgniter\CodeIgniter->handleRequest(null, Object(Config\Cache), false)
 4 FCPATH\index.php(73): CodeIgniter\CodeIgniter->run()
CRITICAL - 2023-04-01 10:44:44 --> Call to a member function selectProyeccionxidProyeccion() on null
in APPPATH\Controllers\Compras.php on line 154.
 1 SYSTEMPATH\CodeIgniter.php(934): App\Controllers\Compras->update('1')
 2 SYSTEMPATH\CodeIgniter.php(499): CodeIgniter\CodeIgniter->runController(Object(App\Controllers\Compras))
 3 SYSTEMPATH\CodeIgniter.php(368): CodeIgniter\CodeIgniter->handleRequest(null, Object(Config\Cache), false)
 4 FCPATH\index.php(73): CodeIgniter\CodeIgniter->run()
CRITICAL - 2023-04-01 10:45:39 --> Undefined variable: Proyeccion
in APPPATH\Controllers\Compras.php on line 154.
 1 APPPATH\Controllers\Compras.php(154): CodeIgniter\Debug\Exceptions->errorHandler(8, 'Undefined variable: Proyeccion', 'APPPATH\\Controllers\\Compras.php', 154, [...])
 2 SYSTEMPATH\CodeIgniter.php(934): App\Controllers\Compras->update('1')
 3 SYSTEMPATH\CodeIgniter.php(499): CodeIgniter\CodeIgniter->runController(Object(App\Controllers\Compras))
 4 SYSTEMPATH\CodeIgniter.php(368): CodeIgniter\CodeIgniter->handleRequest(null, Object(Config\Cache), false)
 5 FCPATH\index.php(73): CodeIgniter\CodeIgniter->run()
CRITICAL - 2023-04-01 10:46:25 --> Cannot use object of type App\Models\Proyeccion as array
in APPPATH\Controllers\Compras.php on line 160.
 1 SYSTEMPATH\CodeIgniter.php(934): App\Controllers\Compras->update('1')
 2 SYSTEMPATH\CodeIgniter.php(499): CodeIgniter\CodeIgniter->runController(Object(App\Controllers\Compras))
 3 SYSTEMPATH\CodeIgniter.php(368): CodeIgniter\CodeIgniter->handleRequest(null, Object(Config\Cache), false)
 4 FCPATH\index.php(73): CodeIgniter\CodeIgniter->run()
ERROR - 2023-04-01 10:50:34 --> mysqli_sql_exception: You have an error in your SQL syntax; check the manual that corresponds to your MySQL server version for the right syntax to use near 'IS NULL
AND `ProdProyecciones`.`consecutivo` IS NULL
ORDER BY `ProdProyecciones`' at line 3 in D:\wamp64\www\ApiGasolineras\system\Database\MySQLi\Connection.php:295
Stack trace:
#0 D:\wamp64\www\ApiGasolineras\system\Database\MySQLi\Connection.php(295): mysqli->query('SELECT `ProdPro...', 0)
#1 D:\wamp64\www\ApiGasolineras\system\Database\BaseConnection.php(691): CodeIgniter\Database\MySQLi\Connection->execute('SELECT `ProdPro...')
#2 D:\wamp64\www\ApiGasolineras\system\Database\BaseConnection.php(605): CodeIgniter\Database\BaseConnection->simpleQuery('SELECT `ProdPro...')
#3 D:\wamp64\www\ApiGasolineras\system\Database\BaseBuilder.php(1616): CodeIgniter\Database\BaseConnection->query('SELECT `ProdPro...', Array, false)
#4 D:\wamp64\www\ApiGasolineras\app\Models\Proyeccion.php(137): CodeIgniter\Database\BaseBuilder->get()
#5 D:\wamp64\www\ApiGasolineras\app\Controllers\Compras.php(163): App\Models\Proyeccion->getProyeccionessiguientes(NULL, NULL)
#6 D:\wamp64\www\ApiGasolineras\system\CodeIgniter.php(934): App\Controllers\Compras->update('1')
#7 D:\wamp64\www\ApiGasolineras\system\CodeIgniter.php(499): CodeIgniter\CodeIgniter->runController(Object(App\Controllers\Compras))
#8 D:\wamp64\www\ApiGasolineras\system\CodeIgniter.php(368): CodeIgniter\CodeIgniter->handleRequest(NULL, Object(Config\Cache), false)
#9 D:\wamp64\www\ApiGasolineras\index.php(73): CodeIgniter\CodeIgniter->run()
#10 {main}
CRITICAL - 2023-04-01 10:50:34 --> You have an error in your SQL syntax; check the manual that corresponds to your MySQL server version for the right syntax to use near 'IS NULL
AND `ProdProyecciones`.`consecutivo` IS NULL
ORDER BY `ProdProyecciones`' at line 3
in SYSTEMPATH\Database\BaseConnection.php on line 645.
 1 SYSTEMPATH\Database\BaseBuilder.php(1616): CodeIgniter\Database\BaseConnection->query('SELECT `ProdProyecciones`.*
FROM `ProdProyecciones`
WHERE `ProdProyecciones`.`idProyeccion` > IS NULL
AND `ProdProyecciones`.`consecutivo` IS NULL
ORDER BY `ProdProyecciones`.`idProyeccion` ASC', [], false)
 2 APPPATH\Models\Proyeccion.php(137): CodeIgniter\Database\BaseBuilder->get()
 3 APPPATH\Controllers\Compras.php(163): App\Models\Proyeccion->getProyeccionessiguientes(null, null)
 4 SYSTEMPATH\CodeIgniter.php(934): App\Controllers\Compras->update('1')
 5 SYSTEMPATH\CodeIgniter.php(499): CodeIgniter\CodeIgniter->runController(Object(App\Controllers\Compras))
 6 SYSTEMPATH\CodeIgniter.php(368): CodeIgniter\CodeIgniter->handleRequest(null, Object(Config\Cache), false)
 7 FCPATH\index.php(73): CodeIgniter\CodeIgniter->run()
CRITICAL - 2023-04-01 10:50:47 --> Trying to access array offset on value of type null
in APPPATH\Controllers\Compras.php on line 160.
 1 APPPATH\Controllers\Compras.php(160): CodeIgniter\Debug\Exceptions->errorHandler(8, 'Trying to access array offset on value of type null', 'APPPATH\\Controllers\\Compras.php', 160, [...])
 2 SYSTEMPATH\CodeIgniter.php(934): App\Controllers\Compras->update('1')
 3 SYSTEMPATH\CodeIgniter.php(499): CodeIgniter\CodeIgniter->runController(Object(App\Controllers\Compras))
 4 SYSTEMPATH\CodeIgniter.php(368): CodeIgniter\CodeIgniter->handleRequest(null, Object(Config\Cache), false)
 5 FCPATH\index.php(73): CodeIgniter\CodeIgniter->run()
