ERROR - 2024-08-19 09:21:06 --> Error connecting to the database: ErrorException: mysqli::real_connect(): Error while reading greeting packet. PID=10180 in D:\wamp64\www\ApiGlobalOro\system\Database\MySQLi\Connection.php:173
Stack trace:
#0 [internal function]: CodeIgniter\Debug\Exceptions->errorHandler(2, 'mysqli::real_co...', 'D:\\wamp64\\www\\A...', 173)
#1 D:\wamp64\www\ApiGlobalOro\system\Database\MySQLi\Connection.php(173): mysqli->real_connect('localhost', 'root', Object(SensitiveParameterValue), 'cointic_initoro', 3306, '', 0)
#2 D:\wamp64\www\ApiGlobalOro\system\Database\BaseConnection.php(391): CodeIgniter\Database\MySQLi\Connection->connect(false)
#3 D:\wamp64\www\ApiGlobalOro\system\Database\BaseConnection.php(573): CodeIgniter\Database\BaseConnection->initialize()
#4 D:\wamp64\www\ApiGlobalOro\system\Database\BaseBuilder.php(1616): CodeIgniter\Database\BaseConnection->query('SELECT *\nFROM `...', Array, false)
#5 D:\wamp64\www\ApiGlobalOro\app\Models\Cliente.php(26): CodeIgniter\Database\BaseBuilder->get()
#6 D:\wamp64\www\ApiGlobalOro\app\Controllers\Clientes.php(39): App\Models\Cliente->getNumeroClientes('0', '5')
#7 D:\wamp64\www\ApiGlobalOro\system\CodeIgniter.php(934): App\Controllers\Clientes->obtenerNumeroClientes()
#8 D:\wamp64\www\ApiGlobalOro\system\CodeIgniter.php(499): CodeIgniter\CodeIgniter->runController(Object(App\Controllers\Clientes))
#9 D:\wamp64\www\ApiGlobalOro\system\CodeIgniter.php(368): CodeIgniter\CodeIgniter->handleRequest(NULL, Object(Config\Cache), false)
#10 D:\wamp64\www\ApiGlobalOro\index.php(73): CodeIgniter\CodeIgniter->run()
#11 {main}

Next mysqli_sql_exception: MySQL server has gone away in D:\wamp64\www\ApiGlobalOro\system\Database\MySQLi\Connection.php:173
Stack trace:
#0 D:\wamp64\www\ApiGlobalOro\system\Database\MySQLi\Connection.php(173): mysqli->real_connect('localhost', 'root', Object(SensitiveParameterValue), 'cointic_initoro', 3306, '', 0)
#1 D:\wamp64\www\ApiGlobalOro\system\Database\BaseConnection.php(391): CodeIgniter\Database\MySQLi\Connection->connect(false)
#2 D:\wamp64\www\ApiGlobalOro\system\Database\BaseConnection.php(573): CodeIgniter\Database\BaseConnection->initialize()
#3 D:\wamp64\www\ApiGlobalOro\system\Database\BaseBuilder.php(1616): CodeIgniter\Database\BaseConnection->query('SELECT *\nFROM `...', Array, false)
#4 D:\wamp64\www\ApiGlobalOro\app\Models\Cliente.php(26): CodeIgniter\Database\BaseBuilder->get()
#5 D:\wamp64\www\ApiGlobalOro\app\Controllers\Clientes.php(39): App\Models\Cliente->getNumeroClientes('0', '5')
#6 D:\wamp64\www\ApiGlobalOro\system\CodeIgniter.php(934): App\Controllers\Clientes->obtenerNumeroClientes()
#7 D:\wamp64\www\ApiGlobalOro\system\CodeIgniter.php(499): CodeIgniter\CodeIgniter->runController(Object(App\Controllers\Clientes))
#8 D:\wamp64\www\ApiGlobalOro\system\CodeIgniter.php(368): CodeIgniter\CodeIgniter->handleRequest(NULL, Object(Config\Cache), false)
#9 D:\wamp64\www\ApiGlobalOro\index.php(73): CodeIgniter\CodeIgniter->run()
#10 {main}

Next CodeIgniter\Database\Exceptions\DatabaseException: MySQL server has gone away in D:\wamp64\www\ApiGlobalOro\system\Database\MySQLi\Connection.php:218
Stack trace:
#0 D:\wamp64\www\ApiGlobalOro\system\Database\BaseConnection.php(391): CodeIgniter\Database\MySQLi\Connection->connect(false)
#1 D:\wamp64\www\ApiGlobalOro\system\Database\BaseConnection.php(573): CodeIgniter\Database\BaseConnection->initialize()
#2 D:\wamp64\www\ApiGlobalOro\system\Database\BaseBuilder.php(1616): CodeIgniter\Database\BaseConnection->query('SELECT *\nFROM `...', Array, false)
#3 D:\wamp64\www\ApiGlobalOro\app\Models\Cliente.php(26): CodeIgniter\Database\BaseBuilder->get()
#4 D:\wamp64\www\ApiGlobalOro\app\Controllers\Clientes.php(39): App\Models\Cliente->getNumeroClientes('0', '5')
#5 D:\wamp64\www\ApiGlobalOro\system\CodeIgniter.php(934): App\Controllers\Clientes->obtenerNumeroClientes()
#6 D:\wamp64\www\ApiGlobalOro\system\CodeIgniter.php(499): CodeIgniter\CodeIgniter->runController(Object(App\Controllers\Clientes))
#7 D:\wamp64\www\ApiGlobalOro\system\CodeIgniter.php(368): CodeIgniter\CodeIgniter->handleRequest(NULL, Object(Config\Cache), false)
#8 D:\wamp64\www\ApiGlobalOro\index.php(73): CodeIgniter\CodeIgniter->run()
#9 {main}
ERROR - 2024-08-19 09:21:06 --> Error connecting to the database: ErrorException: mysqli::real_connect(): Error while reading greeting packet. PID=10180 in D:\wamp64\www\ApiGlobalOro\system\Database\MySQLi\Connection.php:173
Stack trace:
#0 [internal function]: CodeIgniter\Debug\Exceptions->errorHandler(2, 'mysqli::real_co...', 'D:\\wamp64\\www\\A...', 173)
#1 D:\wamp64\www\ApiGlobalOro\system\Database\MySQLi\Connection.php(173): mysqli->real_connect('localhost', 'root', Object(SensitiveParameterValue), 'cointic_initoro', 3306, '', 0)
#2 D:\wamp64\www\ApiGlobalOro\system\Database\BaseConnection.php(391): CodeIgniter\Database\MySQLi\Connection->connect(false)
#3 D:\wamp64\www\ApiGlobalOro\system\Database\BaseConnection.php(573): CodeIgniter\Database\BaseConnection->initialize()
#4 D:\wamp64\www\ApiGlobalOro\system\Database\BaseBuilder.php(1616): CodeIgniter\Database\BaseConnection->query('SELECT `cliente...', Array, false)
#5 D:\wamp64\www\ApiGlobalOro\app\Models\Cliente.php(15): CodeIgniter\Database\BaseBuilder->get()
#6 D:\wamp64\www\ApiGlobalOro\app\Controllers\Clientes.php(28): App\Models\Cliente->getClientes('0', '5')
#7 D:\wamp64\www\ApiGlobalOro\system\CodeIgniter.php(934): App\Controllers\Clientes->obtenerClientes()
#8 D:\wamp64\www\ApiGlobalOro\system\CodeIgniter.php(499): CodeIgniter\CodeIgniter->runController(Object(App\Controllers\Clientes))
#9 D:\wamp64\www\ApiGlobalOro\system\CodeIgniter.php(368): CodeIgniter\CodeIgniter->handleRequest(NULL, Object(Config\Cache), false)
#10 D:\wamp64\www\ApiGlobalOro\index.php(73): CodeIgniter\CodeIgniter->run()
#11 {main}

Next mysqli_sql_exception: MySQL server has gone away in D:\wamp64\www\ApiGlobalOro\system\Database\MySQLi\Connection.php:173
Stack trace:
#0 D:\wamp64\www\ApiGlobalOro\system\Database\MySQLi\Connection.php(173): mysqli->real_connect('localhost', 'root', Object(SensitiveParameterValue), 'cointic_initoro', 3306, '', 0)
#1 D:\wamp64\www\ApiGlobalOro\system\Database\BaseConnection.php(391): CodeIgniter\Database\MySQLi\Connection->connect(false)
#2 D:\wamp64\www\ApiGlobalOro\system\Database\BaseConnection.php(573): CodeIgniter\Database\BaseConnection->initialize()
#3 D:\wamp64\www\ApiGlobalOro\system\Database\BaseBuilder.php(1616): CodeIgniter\Database\BaseConnection->query('SELECT `cliente...', Array, false)
#4 D:\wamp64\www\ApiGlobalOro\app\Models\Cliente.php(15): CodeIgniter\Database\BaseBuilder->get()
#5 D:\wamp64\www\ApiGlobalOro\app\Controllers\Clientes.php(28): App\Models\Cliente->getClientes('0', '5')
#6 D:\wamp64\www\ApiGlobalOro\system\CodeIgniter.php(934): App\Controllers\Clientes->obtenerClientes()
#7 D:\wamp64\www\ApiGlobalOro\system\CodeIgniter.php(499): CodeIgniter\CodeIgniter->runController(Object(App\Controllers\Clientes))
#8 D:\wamp64\www\ApiGlobalOro\system\CodeIgniter.php(368): CodeIgniter\CodeIgniter->handleRequest(NULL, Object(Config\Cache), false)
#9 D:\wamp64\www\ApiGlobalOro\index.php(73): CodeIgniter\CodeIgniter->run()
#10 {main}

Next CodeIgniter\Database\Exceptions\DatabaseException: MySQL server has gone away in D:\wamp64\www\ApiGlobalOro\system\Database\MySQLi\Connection.php:218
Stack trace:
#0 D:\wamp64\www\ApiGlobalOro\system\Database\BaseConnection.php(391): CodeIgniter\Database\MySQLi\Connection->connect(false)
#1 D:\wamp64\www\ApiGlobalOro\system\Database\BaseConnection.php(573): CodeIgniter\Database\BaseConnection->initialize()
#2 D:\wamp64\www\ApiGlobalOro\system\Database\BaseBuilder.php(1616): CodeIgniter\Database\BaseConnection->query('SELECT `cliente...', Array, false)
#3 D:\wamp64\www\ApiGlobalOro\app\Models\Cliente.php(15): CodeIgniter\Database\BaseBuilder->get()
#4 D:\wamp64\www\ApiGlobalOro\app\Controllers\Clientes.php(28): App\Models\Cliente->getClientes('0', '5')
#5 D:\wamp64\www\ApiGlobalOro\system\CodeIgniter.php(934): App\Controllers\Clientes->obtenerClientes()
#6 D:\wamp64\www\ApiGlobalOro\system\CodeIgniter.php(499): CodeIgniter\CodeIgniter->runController(Object(App\Controllers\Clientes))
#7 D:\wamp64\www\ApiGlobalOro\system\CodeIgniter.php(368): CodeIgniter\CodeIgniter->handleRequest(NULL, Object(Config\Cache), false)
#8 D:\wamp64\www\ApiGlobalOro\index.php(73): CodeIgniter\CodeIgniter->run()
#9 {main}
CRITICAL - 2024-08-19 09:21:06 --> Unable to connect to the database.
Main connection [MySQLi]: MySQL server has gone away
in SYSTEMPATH\Database\BaseConnection.php on line 427.
 1 SYSTEMPATH\Database\BaseConnection.php(573): CodeIgniter\Database\BaseConnection->initialize()
 2 SYSTEMPATH\Database\BaseBuilder.php(1616): CodeIgniter\Database\BaseConnection->query('SELECT `clientes`.*
FROM `clientes`
WHERE `clientes`.`idtipoUsuario` NOT IN :clientes.idtipoUsuario:
ORDER BY `clientes`.`id_cliente` ASC
 LIMIT 5', [...], false)
 3 APPPATH\Models\Cliente.php(15): CodeIgniter\Database\BaseBuilder->get()
 4 APPPATH\Controllers\Clientes.php(28): App\Models\Cliente->getClientes('0', '5')
 5 SYSTEMPATH\CodeIgniter.php(934): App\Controllers\Clientes->obtenerClientes()
 6 SYSTEMPATH\CodeIgniter.php(499): CodeIgniter\CodeIgniter->runController(Object(App\Controllers\Clientes))
 7 SYSTEMPATH\CodeIgniter.php(368): CodeIgniter\CodeIgniter->handleRequest(null, Object(Config\Cache), false)
 8 FCPATH\index.php(73): CodeIgniter\CodeIgniter->run()
CRITICAL - 2024-08-19 09:21:06 --> Unable to connect to the database.
Main connection [MySQLi]: MySQL server has gone away
in SYSTEMPATH\Database\BaseConnection.php on line 427.
 1 SYSTEMPATH\Database\BaseConnection.php(573): CodeIgniter\Database\BaseConnection->initialize()
 2 SYSTEMPATH\Database\BaseBuilder.php(1616): CodeIgniter\Database\BaseConnection->query('SELECT *
FROM `clientes`
WHERE `clientes`.`idtipoUsuario` NOT IN :clientes.idtipoUsuario:', [...], false)
 3 APPPATH\Models\Cliente.php(26): CodeIgniter\Database\BaseBuilder->get()
 4 APPPATH\Controllers\Clientes.php(39): App\Models\Cliente->getNumeroClientes('0', '5')
 5 SYSTEMPATH\CodeIgniter.php(934): App\Controllers\Clientes->obtenerNumeroClientes()
 6 SYSTEMPATH\CodeIgniter.php(499): CodeIgniter\CodeIgniter->runController(Object(App\Controllers\Clientes))
 7 SYSTEMPATH\CodeIgniter.php(368): CodeIgniter\CodeIgniter->handleRequest(null, Object(Config\Cache), false)
 8 FCPATH\index.php(73): CodeIgniter\CodeIgniter->run()
ERROR - 2024-08-19 09:44:48 --> Error connecting to the database: mysqli_sql_exception: No se puede establecer una conexión ya que el equipo de destino denegó expresamente dicha conexión in D:\wamp64\www\ApiGlobalOro\system\Database\MySQLi\Connection.php:173
Stack trace:
#0 D:\wamp64\www\ApiGlobalOro\system\Database\MySQLi\Connection.php(173): mysqli->real_connect('localhost', 'root', Object(SensitiveParameterValue), 'cointic_initoro', 3306, '', 0)
#1 D:\wamp64\www\ApiGlobalOro\system\Database\BaseConnection.php(391): CodeIgniter\Database\MySQLi\Connection->connect(false)
#2 D:\wamp64\www\ApiGlobalOro\system\Database\BaseConnection.php(573): CodeIgniter\Database\BaseConnection->initialize()
#3 D:\wamp64\www\ApiGlobalOro\system\Database\BaseBuilder.php(1616): CodeIgniter\Database\BaseConnection->query('SELECT `cliente...', Array, false)
#4 D:\wamp64\www\ApiGlobalOro\app\Models\Cliente.php(15): CodeIgniter\Database\BaseBuilder->get()
#5 D:\wamp64\www\ApiGlobalOro\app\Controllers\Clientes.php(28): App\Models\Cliente->getClientes('0', '5')
#6 D:\wamp64\www\ApiGlobalOro\system\CodeIgniter.php(934): App\Controllers\Clientes->obtenerClientes()
#7 D:\wamp64\www\ApiGlobalOro\system\CodeIgniter.php(499): CodeIgniter\CodeIgniter->runController(Object(App\Controllers\Clientes))
#8 D:\wamp64\www\ApiGlobalOro\system\CodeIgniter.php(368): CodeIgniter\CodeIgniter->handleRequest(NULL, Object(Config\Cache), false)
#9 D:\wamp64\www\ApiGlobalOro\index.php(73): CodeIgniter\CodeIgniter->run()
#10 {main}

Next CodeIgniter\Database\Exceptions\DatabaseException: No se puede establecer una conexión ya que el equipo de destino denegó expresamente dicha conexión in D:\wamp64\www\ApiGlobalOro\system\Database\MySQLi\Connection.php:218
Stack trace:
#0 D:\wamp64\www\ApiGlobalOro\system\Database\BaseConnection.php(391): CodeIgniter\Database\MySQLi\Connection->connect(false)
#1 D:\wamp64\www\ApiGlobalOro\system\Database\BaseConnection.php(573): CodeIgniter\Database\BaseConnection->initialize()
#2 D:\wamp64\www\ApiGlobalOro\system\Database\BaseBuilder.php(1616): CodeIgniter\Database\BaseConnection->query('SELECT `cliente...', Array, false)
#3 D:\wamp64\www\ApiGlobalOro\app\Models\Cliente.php(15): CodeIgniter\Database\BaseBuilder->get()
#4 D:\wamp64\www\ApiGlobalOro\app\Controllers\Clientes.php(28): App\Models\Cliente->getClientes('0', '5')
#5 D:\wamp64\www\ApiGlobalOro\system\CodeIgniter.php(934): App\Controllers\Clientes->obtenerClientes()
#6 D:\wamp64\www\ApiGlobalOro\system\CodeIgniter.php(499): CodeIgniter\CodeIgniter->runController(Object(App\Controllers\Clientes))
#7 D:\wamp64\www\ApiGlobalOro\system\CodeIgniter.php(368): CodeIgniter\CodeIgniter->handleRequest(NULL, Object(Config\Cache), false)
#8 D:\wamp64\www\ApiGlobalOro\index.php(73): CodeIgniter\CodeIgniter->run()
#9 {main}
CRITICAL - 2024-08-19 09:44:48 --> Unable to connect to the database.
Main connection [MySQLi]: No se puede establecer una conexión ya que el equipo de destino denegó expresamente dicha conexión
in SYSTEMPATH\Database\BaseConnection.php on line 427.
 1 SYSTEMPATH\Database\BaseConnection.php(573): CodeIgniter\Database\BaseConnection->initialize()
 2 SYSTEMPATH\Database\BaseBuilder.php(1616): CodeIgniter\Database\BaseConnection->query('SELECT `clientes`.*
FROM `clientes`
WHERE `clientes`.`idtipoUsuario` NOT IN :clientes.idtipoUsuario:
ORDER BY `clientes`.`id_cliente` ASC
 LIMIT 5', [...], false)
 3 APPPATH\Models\Cliente.php(15): CodeIgniter\Database\BaseBuilder->get()
 4 APPPATH\Controllers\Clientes.php(28): App\Models\Cliente->getClientes('0', '5')
 5 SYSTEMPATH\CodeIgniter.php(934): App\Controllers\Clientes->obtenerClientes()
 6 SYSTEMPATH\CodeIgniter.php(499): CodeIgniter\CodeIgniter->runController(Object(App\Controllers\Clientes))
 7 SYSTEMPATH\CodeIgniter.php(368): CodeIgniter\CodeIgniter->handleRequest(null, Object(Config\Cache), false)
 8 FCPATH\index.php(73): CodeIgniter\CodeIgniter->run()
ERROR - 2024-08-19 09:44:48 --> Error connecting to the database: mysqli_sql_exception: No se puede establecer una conexión ya que el equipo de destino denegó expresamente dicha conexión in D:\wamp64\www\ApiGlobalOro\system\Database\MySQLi\Connection.php:173
Stack trace:
#0 D:\wamp64\www\ApiGlobalOro\system\Database\MySQLi\Connection.php(173): mysqli->real_connect('localhost', 'root', Object(SensitiveParameterValue), 'cointic_initoro', 3306, '', 0)
#1 D:\wamp64\www\ApiGlobalOro\system\Database\BaseConnection.php(391): CodeIgniter\Database\MySQLi\Connection->connect(false)
#2 D:\wamp64\www\ApiGlobalOro\system\Database\BaseConnection.php(573): CodeIgniter\Database\BaseConnection->initialize()
#3 D:\wamp64\www\ApiGlobalOro\system\Database\BaseBuilder.php(1616): CodeIgniter\Database\BaseConnection->query('SELECT *\nFROM `...', Array, false)
#4 D:\wamp64\www\ApiGlobalOro\app\Models\Cliente.php(26): CodeIgniter\Database\BaseBuilder->get()
#5 D:\wamp64\www\ApiGlobalOro\app\Controllers\Clientes.php(39): App\Models\Cliente->getNumeroClientes('0', '5')
#6 D:\wamp64\www\ApiGlobalOro\system\CodeIgniter.php(934): App\Controllers\Clientes->obtenerNumeroClientes()
#7 D:\wamp64\www\ApiGlobalOro\system\CodeIgniter.php(499): CodeIgniter\CodeIgniter->runController(Object(App\Controllers\Clientes))
#8 D:\wamp64\www\ApiGlobalOro\system\CodeIgniter.php(368): CodeIgniter\CodeIgniter->handleRequest(NULL, Object(Config\Cache), false)
#9 D:\wamp64\www\ApiGlobalOro\index.php(73): CodeIgniter\CodeIgniter->run()
#10 {main}

Next CodeIgniter\Database\Exceptions\DatabaseException: No se puede establecer una conexión ya que el equipo de destino denegó expresamente dicha conexión in D:\wamp64\www\ApiGlobalOro\system\Database\MySQLi\Connection.php:218
Stack trace:
#0 D:\wamp64\www\ApiGlobalOro\system\Database\BaseConnection.php(391): CodeIgniter\Database\MySQLi\Connection->connect(false)
#1 D:\wamp64\www\ApiGlobalOro\system\Database\BaseConnection.php(573): CodeIgniter\Database\BaseConnection->initialize()
#2 D:\wamp64\www\ApiGlobalOro\system\Database\BaseBuilder.php(1616): CodeIgniter\Database\BaseConnection->query('SELECT *\nFROM `...', Array, false)
#3 D:\wamp64\www\ApiGlobalOro\app\Models\Cliente.php(26): CodeIgniter\Database\BaseBuilder->get()
#4 D:\wamp64\www\ApiGlobalOro\app\Controllers\Clientes.php(39): App\Models\Cliente->getNumeroClientes('0', '5')
#5 D:\wamp64\www\ApiGlobalOro\system\CodeIgniter.php(934): App\Controllers\Clientes->obtenerNumeroClientes()
#6 D:\wamp64\www\ApiGlobalOro\system\CodeIgniter.php(499): CodeIgniter\CodeIgniter->runController(Object(App\Controllers\Clientes))
#7 D:\wamp64\www\ApiGlobalOro\system\CodeIgniter.php(368): CodeIgniter\CodeIgniter->handleRequest(NULL, Object(Config\Cache), false)
#8 D:\wamp64\www\ApiGlobalOro\index.php(73): CodeIgniter\CodeIgniter->run()
#9 {main}
CRITICAL - 2024-08-19 09:44:48 --> Unable to connect to the database.
Main connection [MySQLi]: No se puede establecer una conexión ya que el equipo de destino denegó expresamente dicha conexión
in SYSTEMPATH\Database\BaseConnection.php on line 427.
 1 SYSTEMPATH\Database\BaseConnection.php(573): CodeIgniter\Database\BaseConnection->initialize()
 2 SYSTEMPATH\Database\BaseBuilder.php(1616): CodeIgniter\Database\BaseConnection->query('SELECT *
FROM `clientes`
WHERE `clientes`.`idtipoUsuario` NOT IN :clientes.idtipoUsuario:', [...], false)
 3 APPPATH\Models\Cliente.php(26): CodeIgniter\Database\BaseBuilder->get()
 4 APPPATH\Controllers\Clientes.php(39): App\Models\Cliente->getNumeroClientes('0', '5')
 5 SYSTEMPATH\CodeIgniter.php(934): App\Controllers\Clientes->obtenerNumeroClientes()
 6 SYSTEMPATH\CodeIgniter.php(499): CodeIgniter\CodeIgniter->runController(Object(App\Controllers\Clientes))
 7 SYSTEMPATH\CodeIgniter.php(368): CodeIgniter\CodeIgniter->handleRequest(null, Object(Config\Cache), false)
 8 FCPATH\index.php(73): CodeIgniter\CodeIgniter->run()
ERROR - 2024-08-19 09:44:51 --> Error connecting to the database: mysqli_sql_exception: No se puede establecer una conexión ya que el equipo de destino denegó expresamente dicha conexión in D:\wamp64\www\ApiGlobalOro\system\Database\MySQLi\Connection.php:173
Stack trace:
#0 D:\wamp64\www\ApiGlobalOro\system\Database\MySQLi\Connection.php(173): mysqli->real_connect('localhost', 'root', Object(SensitiveParameterValue), 'cointic_initoro', 3306, '', 0)
#1 D:\wamp64\www\ApiGlobalOro\system\Database\BaseConnection.php(391): CodeIgniter\Database\MySQLi\Connection->connect(false)
#2 D:\wamp64\www\ApiGlobalOro\system\Database\BaseConnection.php(573): CodeIgniter\Database\BaseConnection->initialize()
#3 D:\wamp64\www\ApiGlobalOro\system\Database\BaseBuilder.php(1616): CodeIgniter\Database\BaseConnection->query('SELECT *\nFROM `...', Array, false)
#4 D:\wamp64\www\ApiGlobalOro\app\Models\Cliente.php(26): CodeIgniter\Database\BaseBuilder->get()
#5 D:\wamp64\www\ApiGlobalOro\app\Controllers\Clientes.php(39): App\Models\Cliente->getNumeroClientes('0', '5')
#6 D:\wamp64\www\ApiGlobalOro\system\CodeIgniter.php(934): App\Controllers\Clientes->obtenerNumeroClientes()
#7 D:\wamp64\www\ApiGlobalOro\system\CodeIgniter.php(499): CodeIgniter\CodeIgniter->runController(Object(App\Controllers\Clientes))
#8 D:\wamp64\www\ApiGlobalOro\system\CodeIgniter.php(368): CodeIgniter\CodeIgniter->handleRequest(NULL, Object(Config\Cache), false)
#9 D:\wamp64\www\ApiGlobalOro\index.php(73): CodeIgniter\CodeIgniter->run()
#10 {main}

Next CodeIgniter\Database\Exceptions\DatabaseException: No se puede establecer una conexión ya que el equipo de destino denegó expresamente dicha conexión in D:\wamp64\www\ApiGlobalOro\system\Database\MySQLi\Connection.php:218
Stack trace:
#0 D:\wamp64\www\ApiGlobalOro\system\Database\BaseConnection.php(391): CodeIgniter\Database\MySQLi\Connection->connect(false)
#1 D:\wamp64\www\ApiGlobalOro\system\Database\BaseConnection.php(573): CodeIgniter\Database\BaseConnection->initialize()
#2 D:\wamp64\www\ApiGlobalOro\system\Database\BaseBuilder.php(1616): CodeIgniter\Database\BaseConnection->query('SELECT *\nFROM `...', Array, false)
#3 D:\wamp64\www\ApiGlobalOro\app\Models\Cliente.php(26): CodeIgniter\Database\BaseBuilder->get()
#4 D:\wamp64\www\ApiGlobalOro\app\Controllers\Clientes.php(39): App\Models\Cliente->getNumeroClientes('0', '5')
#5 D:\wamp64\www\ApiGlobalOro\system\CodeIgniter.php(934): App\Controllers\Clientes->obtenerNumeroClientes()
#6 D:\wamp64\www\ApiGlobalOro\system\CodeIgniter.php(499): CodeIgniter\CodeIgniter->runController(Object(App\Controllers\Clientes))
#7 D:\wamp64\www\ApiGlobalOro\system\CodeIgniter.php(368): CodeIgniter\CodeIgniter->handleRequest(NULL, Object(Config\Cache), false)
#8 D:\wamp64\www\ApiGlobalOro\index.php(73): CodeIgniter\CodeIgniter->run()
#9 {main}
ERROR - 2024-08-19 09:44:51 --> Error connecting to the database: mysqli_sql_exception: No se puede establecer una conexión ya que el equipo de destino denegó expresamente dicha conexión in D:\wamp64\www\ApiGlobalOro\system\Database\MySQLi\Connection.php:173
Stack trace:
#0 D:\wamp64\www\ApiGlobalOro\system\Database\MySQLi\Connection.php(173): mysqli->real_connect('localhost', 'root', Object(SensitiveParameterValue), 'cointic_initoro', 3306, '', 0)
#1 D:\wamp64\www\ApiGlobalOro\system\Database\BaseConnection.php(391): CodeIgniter\Database\MySQLi\Connection->connect(false)
#2 D:\wamp64\www\ApiGlobalOro\system\Database\BaseConnection.php(573): CodeIgniter\Database\BaseConnection->initialize()
#3 D:\wamp64\www\ApiGlobalOro\system\Database\BaseBuilder.php(1616): CodeIgniter\Database\BaseConnection->query('SELECT `cliente...', Array, false)
#4 D:\wamp64\www\ApiGlobalOro\app\Models\Cliente.php(15): CodeIgniter\Database\BaseBuilder->get()
#5 D:\wamp64\www\ApiGlobalOro\app\Controllers\Clientes.php(28): App\Models\Cliente->getClientes('0', '5')
#6 D:\wamp64\www\ApiGlobalOro\system\CodeIgniter.php(934): App\Controllers\Clientes->obtenerClientes()
#7 D:\wamp64\www\ApiGlobalOro\system\CodeIgniter.php(499): CodeIgniter\CodeIgniter->runController(Object(App\Controllers\Clientes))
#8 D:\wamp64\www\ApiGlobalOro\system\CodeIgniter.php(368): CodeIgniter\CodeIgniter->handleRequest(NULL, Object(Config\Cache), false)
#9 D:\wamp64\www\ApiGlobalOro\index.php(73): CodeIgniter\CodeIgniter->run()
#10 {main}

Next CodeIgniter\Database\Exceptions\DatabaseException: No se puede establecer una conexión ya que el equipo de destino denegó expresamente dicha conexión in D:\wamp64\www\ApiGlobalOro\system\Database\MySQLi\Connection.php:218
Stack trace:
#0 D:\wamp64\www\ApiGlobalOro\system\Database\BaseConnection.php(391): CodeIgniter\Database\MySQLi\Connection->connect(false)
#1 D:\wamp64\www\ApiGlobalOro\system\Database\BaseConnection.php(573): CodeIgniter\Database\BaseConnection->initialize()
#2 D:\wamp64\www\ApiGlobalOro\system\Database\BaseBuilder.php(1616): CodeIgniter\Database\BaseConnection->query('SELECT `cliente...', Array, false)
#3 D:\wamp64\www\ApiGlobalOro\app\Models\Cliente.php(15): CodeIgniter\Database\BaseBuilder->get()
#4 D:\wamp64\www\ApiGlobalOro\app\Controllers\Clientes.php(28): App\Models\Cliente->getClientes('0', '5')
#5 D:\wamp64\www\ApiGlobalOro\system\CodeIgniter.php(934): App\Controllers\Clientes->obtenerClientes()
#6 D:\wamp64\www\ApiGlobalOro\system\CodeIgniter.php(499): CodeIgniter\CodeIgniter->runController(Object(App\Controllers\Clientes))
#7 D:\wamp64\www\ApiGlobalOro\system\CodeIgniter.php(368): CodeIgniter\CodeIgniter->handleRequest(NULL, Object(Config\Cache), false)
#8 D:\wamp64\www\ApiGlobalOro\index.php(73): CodeIgniter\CodeIgniter->run()
#9 {main}
CRITICAL - 2024-08-19 09:44:51 --> Unable to connect to the database.
Main connection [MySQLi]: No se puede establecer una conexión ya que el equipo de destino denegó expresamente dicha conexión
in SYSTEMPATH\Database\BaseConnection.php on line 427.
 1 SYSTEMPATH\Database\BaseConnection.php(573): CodeIgniter\Database\BaseConnection->initialize()
 2 SYSTEMPATH\Database\BaseBuilder.php(1616): CodeIgniter\Database\BaseConnection->query('SELECT `clientes`.*
FROM `clientes`
WHERE `clientes`.`idtipoUsuario` NOT IN :clientes.idtipoUsuario:
ORDER BY `clientes`.`id_cliente` ASC
 LIMIT 5', [...], false)
 3 APPPATH\Models\Cliente.php(15): CodeIgniter\Database\BaseBuilder->get()
 4 APPPATH\Controllers\Clientes.php(28): App\Models\Cliente->getClientes('0', '5')
 5 SYSTEMPATH\CodeIgniter.php(934): App\Controllers\Clientes->obtenerClientes()
 6 SYSTEMPATH\CodeIgniter.php(499): CodeIgniter\CodeIgniter->runController(Object(App\Controllers\Clientes))
 7 SYSTEMPATH\CodeIgniter.php(368): CodeIgniter\CodeIgniter->handleRequest(null, Object(Config\Cache), false)
 8 FCPATH\index.php(73): CodeIgniter\CodeIgniter->run()
CRITICAL - 2024-08-19 09:44:51 --> Unable to connect to the database.
Main connection [MySQLi]: No se puede establecer una conexión ya que el equipo de destino denegó expresamente dicha conexión
in SYSTEMPATH\Database\BaseConnection.php on line 427.
 1 SYSTEMPATH\Database\BaseConnection.php(573): CodeIgniter\Database\BaseConnection->initialize()
 2 SYSTEMPATH\Database\BaseBuilder.php(1616): CodeIgniter\Database\BaseConnection->query('SELECT *
FROM `clientes`
WHERE `clientes`.`idtipoUsuario` NOT IN :clientes.idtipoUsuario:', [...], false)
 3 APPPATH\Models\Cliente.php(26): CodeIgniter\Database\BaseBuilder->get()
 4 APPPATH\Controllers\Clientes.php(39): App\Models\Cliente->getNumeroClientes('0', '5')
 5 SYSTEMPATH\CodeIgniter.php(934): App\Controllers\Clientes->obtenerNumeroClientes()
 6 SYSTEMPATH\CodeIgniter.php(499): CodeIgniter\CodeIgniter->runController(Object(App\Controllers\Clientes))
 7 SYSTEMPATH\CodeIgniter.php(368): CodeIgniter\CodeIgniter->handleRequest(null, Object(Config\Cache), false)
 8 FCPATH\index.php(73): CodeIgniter\CodeIgniter->run()
ERROR - 2024-08-19 09:44:52 --> Error connecting to the database: mysqli_sql_exception: No se puede establecer una conexión ya que el equipo de destino denegó expresamente dicha conexión in D:\wamp64\www\ApiGlobalOro\system\Database\MySQLi\Connection.php:173
Stack trace:
#0 D:\wamp64\www\ApiGlobalOro\system\Database\MySQLi\Connection.php(173): mysqli->real_connect('localhost', 'root', Object(SensitiveParameterValue), 'cointic_initoro', 3306, '', 0)
#1 D:\wamp64\www\ApiGlobalOro\system\Database\BaseConnection.php(391): CodeIgniter\Database\MySQLi\Connection->connect(false)
#2 D:\wamp64\www\ApiGlobalOro\system\Database\BaseConnection.php(573): CodeIgniter\Database\BaseConnection->initialize()
#3 D:\wamp64\www\ApiGlobalOro\system\Database\BaseBuilder.php(1616): CodeIgniter\Database\BaseConnection->query('SELECT `cliente...', Array, false)
#4 D:\wamp64\www\ApiGlobalOro\app\Models\Usuario.php(126): CodeIgniter\Database\BaseBuilder->get()
#5 D:\wamp64\www\ApiGlobalOro\app\Controllers\Usuarios.php(371): App\Models\Usuario->getUsuariosNumero('0', '5')
#6 D:\wamp64\www\ApiGlobalOro\system\CodeIgniter.php(934): App\Controllers\Usuarios->ObtenerUsuariosNumeros()
#7 D:\wamp64\www\ApiGlobalOro\system\CodeIgniter.php(499): CodeIgniter\CodeIgniter->runController(Object(App\Controllers\Usuarios))
#8 D:\wamp64\www\ApiGlobalOro\system\CodeIgniter.php(368): CodeIgniter\CodeIgniter->handleRequest(NULL, Object(Config\Cache), false)
#9 D:\wamp64\www\ApiGlobalOro\index.php(73): CodeIgniter\CodeIgniter->run()
#10 {main}

Next CodeIgniter\Database\Exceptions\DatabaseException: No se puede establecer una conexión ya que el equipo de destino denegó expresamente dicha conexión in D:\wamp64\www\ApiGlobalOro\system\Database\MySQLi\Connection.php:218
Stack trace:
#0 D:\wamp64\www\ApiGlobalOro\system\Database\BaseConnection.php(391): CodeIgniter\Database\MySQLi\Connection->connect(false)
#1 D:\wamp64\www\ApiGlobalOro\system\Database\BaseConnection.php(573): CodeIgniter\Database\BaseConnection->initialize()
#2 D:\wamp64\www\ApiGlobalOro\system\Database\BaseBuilder.php(1616): CodeIgniter\Database\BaseConnection->query('SELECT `cliente...', Array, false)
#3 D:\wamp64\www\ApiGlobalOro\app\Models\Usuario.php(126): CodeIgniter\Database\BaseBuilder->get()
#4 D:\wamp64\www\ApiGlobalOro\app\Controllers\Usuarios.php(371): App\Models\Usuario->getUsuariosNumero('0', '5')
#5 D:\wamp64\www\ApiGlobalOro\system\CodeIgniter.php(934): App\Controllers\Usuarios->ObtenerUsuariosNumeros()
#6 D:\wamp64\www\ApiGlobalOro\system\CodeIgniter.php(499): CodeIgniter\CodeIgniter->runController(Object(App\Controllers\Usuarios))
#7 D:\wamp64\www\ApiGlobalOro\system\CodeIgniter.php(368): CodeIgniter\CodeIgniter->handleRequest(NULL, Object(Config\Cache), false)
#8 D:\wamp64\www\ApiGlobalOro\index.php(73): CodeIgniter\CodeIgniter->run()
#9 {main}
CRITICAL - 2024-08-19 09:44:52 --> Unable to connect to the database.
Main connection [MySQLi]: No se puede establecer una conexión ya que el equipo de destino denegó expresamente dicha conexión
in SYSTEMPATH\Database\BaseConnection.php on line 427.
 1 SYSTEMPATH\Database\BaseConnection.php(573): CodeIgniter\Database\BaseConnection->initialize()
 2 SYSTEMPATH\Database\BaseBuilder.php(1616): CodeIgniter\Database\BaseConnection->query('SELECT `clientes`.`id_cliente`, `clientes`.`nombre_cliente`, `clientes`.`telefono_cliente`, `clientes`.`pais_residencia`, `clientes`.`correo`, `clientes`.`clave`, `clientes`.`aceptoFlujo`, `clientes`.`status`, `clientes`.`idtipoUsuario`
FROM `clientes`
WHERE `clientes`.`idtipoUsuario` IN :clientes.idtipoUsuario:
ORDER BY `clientes`.`nombre_cliente` ASC', [...], false)
 3 APPPATH\Models\Usuario.php(126): CodeIgniter\Database\BaseBuilder->get()
 4 APPPATH\Controllers\Usuarios.php(371): App\Models\Usuario->getUsuariosNumero('0', '5')
 5 SYSTEMPATH\CodeIgniter.php(934): App\Controllers\Usuarios->ObtenerUsuariosNumeros()
 6 SYSTEMPATH\CodeIgniter.php(499): CodeIgniter\CodeIgniter->runController(Object(App\Controllers\Usuarios))
 7 SYSTEMPATH\CodeIgniter.php(368): CodeIgniter\CodeIgniter->handleRequest(null, Object(Config\Cache), false)
 8 FCPATH\index.php(73): CodeIgniter\CodeIgniter->run()
ERROR - 2024-08-19 09:44:52 --> Error connecting to the database: mysqli_sql_exception: No se puede establecer una conexión ya que el equipo de destino denegó expresamente dicha conexión in D:\wamp64\www\ApiGlobalOro\system\Database\MySQLi\Connection.php:173
Stack trace:
#0 D:\wamp64\www\ApiGlobalOro\system\Database\MySQLi\Connection.php(173): mysqli->real_connect('localhost', 'root', Object(SensitiveParameterValue), 'cointic_initoro', 3306, '', 0)
#1 D:\wamp64\www\ApiGlobalOro\system\Database\BaseConnection.php(391): CodeIgniter\Database\MySQLi\Connection->connect(false)
#2 D:\wamp64\www\ApiGlobalOro\system\Database\BaseConnection.php(573): CodeIgniter\Database\BaseConnection->initialize()
#3 D:\wamp64\www\ApiGlobalOro\system\Database\BaseBuilder.php(1616): CodeIgniter\Database\BaseConnection->query('SELECT `cliente...', Array, false)
#4 D:\wamp64\www\ApiGlobalOro\app\Models\Usuario.php(105): CodeIgniter\Database\BaseBuilder->get()
#5 D:\wamp64\www\ApiGlobalOro\app\Controllers\Usuarios.php(359): App\Models\Usuario->getUsuarios('0', '5')
#6 D:\wamp64\www\ApiGlobalOro\system\CodeIgniter.php(934): App\Controllers\Usuarios->ObtenerUsuarios()
#7 D:\wamp64\www\ApiGlobalOro\system\CodeIgniter.php(499): CodeIgniter\CodeIgniter->runController(Object(App\Controllers\Usuarios))
#8 D:\wamp64\www\ApiGlobalOro\system\CodeIgniter.php(368): CodeIgniter\CodeIgniter->handleRequest(NULL, Object(Config\Cache), false)
#9 D:\wamp64\www\ApiGlobalOro\index.php(73): CodeIgniter\CodeIgniter->run()
#10 {main}

Next CodeIgniter\Database\Exceptions\DatabaseException: No se puede establecer una conexión ya que el equipo de destino denegó expresamente dicha conexión in D:\wamp64\www\ApiGlobalOro\system\Database\MySQLi\Connection.php:218
Stack trace:
#0 D:\wamp64\www\ApiGlobalOro\system\Database\BaseConnection.php(391): CodeIgniter\Database\MySQLi\Connection->connect(false)
#1 D:\wamp64\www\ApiGlobalOro\system\Database\BaseConnection.php(573): CodeIgniter\Database\BaseConnection->initialize()
#2 D:\wamp64\www\ApiGlobalOro\system\Database\BaseBuilder.php(1616): CodeIgniter\Database\BaseConnection->query('SELECT `cliente...', Array, false)
#3 D:\wamp64\www\ApiGlobalOro\app\Models\Usuario.php(105): CodeIgniter\Database\BaseBuilder->get()
#4 D:\wamp64\www\ApiGlobalOro\app\Controllers\Usuarios.php(359): App\Models\Usuario->getUsuarios('0', '5')
#5 D:\wamp64\www\ApiGlobalOro\system\CodeIgniter.php(934): App\Controllers\Usuarios->ObtenerUsuarios()
#6 D:\wamp64\www\ApiGlobalOro\system\CodeIgniter.php(499): CodeIgniter\CodeIgniter->runController(Object(App\Controllers\Usuarios))
#7 D:\wamp64\www\ApiGlobalOro\system\CodeIgniter.php(368): CodeIgniter\CodeIgniter->handleRequest(NULL, Object(Config\Cache), false)
#8 D:\wamp64\www\ApiGlobalOro\index.php(73): CodeIgniter\CodeIgniter->run()
#9 {main}
CRITICAL - 2024-08-19 09:44:52 --> Unable to connect to the database.
Main connection [MySQLi]: No se puede establecer una conexión ya que el equipo de destino denegó expresamente dicha conexión
in SYSTEMPATH\Database\BaseConnection.php on line 427.
 1 SYSTEMPATH\Database\BaseConnection.php(573): CodeIgniter\Database\BaseConnection->initialize()
 2 SYSTEMPATH\Database\BaseBuilder.php(1616): CodeIgniter\Database\BaseConnection->query('SELECT `clientes`.`id_cliente`, `clientes`.`nombre_cliente`, `clientes`.`telefono_cliente`, `clientes`.`pais_residencia`, `clientes`.`correo`, `clientes`.`clave`, `clientes`.`aceptoFlujo`, `clientes`.`status`, `clientes`.`idtipoUsuario`
FROM `clientes`
WHERE `clientes`.`idtipoUsuario` IN :clientes.idtipoUsuario:
ORDER BY `clientes`.`nombre_cliente` ASC
 LIMIT 5', [...], false)
 3 APPPATH\Models\Usuario.php(105): CodeIgniter\Database\BaseBuilder->get()
 4 APPPATH\Controllers\Usuarios.php(359): App\Models\Usuario->getUsuarios('0', '5')
 5 SYSTEMPATH\CodeIgniter.php(934): App\Controllers\Usuarios->ObtenerUsuarios()
 6 SYSTEMPATH\CodeIgniter.php(499): CodeIgniter\CodeIgniter->runController(Object(App\Controllers\Usuarios))
 7 SYSTEMPATH\CodeIgniter.php(368): CodeIgniter\CodeIgniter->handleRequest(null, Object(Config\Cache), false)
 8 FCPATH\index.php(73): CodeIgniter\CodeIgniter->run()
