ERROR - 2024-10-14 11:35:58 --> mysqli_sql_exception: Cannot add or update a child row: a foreign key constraint fails (`cointic_template`.`catproduct_fort`, CONSTRAINT `catproduct_fort_ibfk_1` FOREIGN KEY (`idrel`) REFERENCES `relmarcasolucion` (`idrel`) ON DELETE RESTRICT ON UPDATE CASCADE) in C:\wamp64\www\Api_Template\system\Database\MySQLi\Connection.php:295
Stack trace:
#0 C:\wamp64\www\Api_Template\system\Database\MySQLi\Connection.php(295): mysqli->query('INSERT INTO `Ca...', 0)
#1 C:\wamp64\www\Api_Template\system\Database\BaseConnection.php(691): CodeIgniter\Database\MySQLi\Connection->execute('INSERT INTO `Ca...')
#2 C:\wamp64\www\Api_Template\system\Database\BaseConnection.php(605): CodeIgniter\Database\BaseConnection->simpleQuery('INSERT INTO `Ca...')
#3 C:\wamp64\www\Api_Template\system\Database\BaseBuilder.php(2309): CodeIgniter\Database\BaseConnection->query('INSERT INTO `Ca...', Array, false)
#4 C:\wamp64\www\Api_Template\app\Models\Producto.php(40): CodeIgniter\Database\BaseBuilder->insert(Array)
#5 C:\wamp64\www\Api_Template\app\Controllers\Productos.php(94): App\Models\Producto->crearProducto(Array)
#6 C:\wamp64\www\Api_Template\system\CodeIgniter.php(934): App\Controllers\Productos->LeerExcel()
#7 C:\wamp64\www\Api_Template\system\CodeIgniter.php(499): CodeIgniter\CodeIgniter->runController(Object(App\Controllers\Productos))
#8 C:\wamp64\www\Api_Template\system\CodeIgniter.php(368): CodeIgniter\CodeIgniter->handleRequest(NULL, Object(Config\Cache), false)
#9 C:\wamp64\www\Api_Template\index.php(73): CodeIgniter\CodeIgniter->run()
#10 {main}
CRITICAL - 2024-10-14 11:35:58 --> Cannot add or update a child row: a foreign key constraint fails (`cointic_template`.`catproduct_fort`, CONSTRAINT `catproduct_fort_ibfk_1` FOREIGN KEY (`idrel`) REFERENCES `relmarcasolucion` (`idrel`) ON DELETE RESTRICT ON UPDATE CASCADE)
in SYSTEMPATH\Database\BaseConnection.php on line 645.
 1 SYSTEMPATH\Database\BaseBuilder.php(2309): CodeIgniter\Database\BaseConnection->query('INSERT INTO `CatProduct_Fort` (`Unit`, `SKU`, `Description`, `Price`, `Contract_1Yr`, `Contract_2Yr`, `Contract_3Yr`, `Contract_4Yr`, `Contract_5Yr`, `Comments`, `Category`, `idrel`) VALUES (:Unit:, :SKU:, :Description:, :Price:, :Contract_1Yr:, :Contract_2Yr:, :Contract_3Yr:, :Contract_4Yr:, :Contract_5Yr:, :Comments:, :Category:, :idrel:)', [...], false)
 2 APPPATH\Models\Producto.php(40): CodeIgniter\Database\BaseBuilder->insert([...])
 3 APPPATH\Controllers\Productos.php(94): App\Models\Producto->crearProducto([...])
 4 SYSTEMPATH\CodeIgniter.php(934): App\Controllers\Productos->LeerExcel()
 5 SYSTEMPATH\CodeIgniter.php(499): CodeIgniter\CodeIgniter->runController(Object(App\Controllers\Productos))
 6 SYSTEMPATH\CodeIgniter.php(368): CodeIgniter\CodeIgniter->handleRequest(null, Object(Config\Cache), false)
 7 FCPATH\index.php(73): CodeIgniter\CodeIgniter->run()
ERROR - 2024-10-14 11:37:50 --> mysqli_sql_exception: Cannot add or update a child row: a foreign key constraint fails (`cointic_template`.`catproduct_fort`, CONSTRAINT `catproduct_fort_ibfk_1` FOREIGN KEY (`idrel`) REFERENCES `relmarcasolucion` (`idrel`) ON DELETE RESTRICT ON UPDATE CASCADE) in C:\wamp64\www\Api_Template\system\Database\MySQLi\Connection.php:295
Stack trace:
#0 C:\wamp64\www\Api_Template\system\Database\MySQLi\Connection.php(295): mysqli->query('INSERT INTO `Ca...', 0)
#1 C:\wamp64\www\Api_Template\system\Database\BaseConnection.php(691): CodeIgniter\Database\MySQLi\Connection->execute('INSERT INTO `Ca...')
#2 C:\wamp64\www\Api_Template\system\Database\BaseConnection.php(605): CodeIgniter\Database\BaseConnection->simpleQuery('INSERT INTO `Ca...')
#3 C:\wamp64\www\Api_Template\system\Database\BaseBuilder.php(2309): CodeIgniter\Database\BaseConnection->query('INSERT INTO `Ca...', Array, false)
#4 C:\wamp64\www\Api_Template\app\Models\Producto.php(40): CodeIgniter\Database\BaseBuilder->insert(Array)
#5 C:\wamp64\www\Api_Template\app\Controllers\Productos.php(94): App\Models\Producto->crearProducto(Array)
#6 C:\wamp64\www\Api_Template\system\CodeIgniter.php(934): App\Controllers\Productos->LeerExcel()
#7 C:\wamp64\www\Api_Template\system\CodeIgniter.php(499): CodeIgniter\CodeIgniter->runController(Object(App\Controllers\Productos))
#8 C:\wamp64\www\Api_Template\system\CodeIgniter.php(368): CodeIgniter\CodeIgniter->handleRequest(NULL, Object(Config\Cache), false)
#9 C:\wamp64\www\Api_Template\index.php(73): CodeIgniter\CodeIgniter->run()
#10 {main}
CRITICAL - 2024-10-14 11:37:50 --> Cannot add or update a child row: a foreign key constraint fails (`cointic_template`.`catproduct_fort`, CONSTRAINT `catproduct_fort_ibfk_1` FOREIGN KEY (`idrel`) REFERENCES `relmarcasolucion` (`idrel`) ON DELETE RESTRICT ON UPDATE CASCADE)
in SYSTEMPATH\Database\BaseConnection.php on line 645.
 1 SYSTEMPATH\Database\BaseBuilder.php(2309): CodeIgniter\Database\BaseConnection->query('INSERT INTO `CatProduct_Fort` (`Unit`, `SKU`, `Description`, `Price`, `Contract_1Yr`, `Contract_2Yr`, `Contract_3Yr`, `Contract_4Yr`, `Contract_5Yr`, `Comments`, `Category`, `idrel`) VALUES (:Unit:, :SKU:, :Description:, :Price:, :Contract_1Yr:, :Contract_2Yr:, :Contract_3Yr:, :Contract_4Yr:, :Contract_5Yr:, :Comments:, :Category:, :idrel:)', [...], false)
 2 APPPATH\Models\Producto.php(40): CodeIgniter\Database\BaseBuilder->insert([...])
 3 APPPATH\Controllers\Productos.php(94): App\Models\Producto->crearProducto([...])
 4 SYSTEMPATH\CodeIgniter.php(934): App\Controllers\Productos->LeerExcel()
 5 SYSTEMPATH\CodeIgniter.php(499): CodeIgniter\CodeIgniter->runController(Object(App\Controllers\Productos))
 6 SYSTEMPATH\CodeIgniter.php(368): CodeIgniter\CodeIgniter->handleRequest(null, Object(Config\Cache), false)
 7 FCPATH\index.php(73): CodeIgniter\CodeIgniter->run()
ERROR - 2024-10-14 11:37:51 --> mysqli_sql_exception: Cannot add or update a child row: a foreign key constraint fails (`cointic_template`.`catproduct_fort`, CONSTRAINT `catproduct_fort_ibfk_1` FOREIGN KEY (`idrel`) REFERENCES `relmarcasolucion` (`idrel`) ON DELETE RESTRICT ON UPDATE CASCADE) in C:\wamp64\www\Api_Template\system\Database\MySQLi\Connection.php:295
Stack trace:
#0 C:\wamp64\www\Api_Template\system\Database\MySQLi\Connection.php(295): mysqli->query('INSERT INTO `Ca...', 0)
#1 C:\wamp64\www\Api_Template\system\Database\BaseConnection.php(691): CodeIgniter\Database\MySQLi\Connection->execute('INSERT INTO `Ca...')
#2 C:\wamp64\www\Api_Template\system\Database\BaseConnection.php(605): CodeIgniter\Database\BaseConnection->simpleQuery('INSERT INTO `Ca...')
#3 C:\wamp64\www\Api_Template\system\Database\BaseBuilder.php(2309): CodeIgniter\Database\BaseConnection->query('INSERT INTO `Ca...', Array, false)
#4 C:\wamp64\www\Api_Template\app\Models\Producto.php(40): CodeIgniter\Database\BaseBuilder->insert(Array)
#5 C:\wamp64\www\Api_Template\app\Controllers\Productos.php(94): App\Models\Producto->crearProducto(Array)
#6 C:\wamp64\www\Api_Template\system\CodeIgniter.php(934): App\Controllers\Productos->LeerExcel()
#7 C:\wamp64\www\Api_Template\system\CodeIgniter.php(499): CodeIgniter\CodeIgniter->runController(Object(App\Controllers\Productos))
#8 C:\wamp64\www\Api_Template\system\CodeIgniter.php(368): CodeIgniter\CodeIgniter->handleRequest(NULL, Object(Config\Cache), false)
#9 C:\wamp64\www\Api_Template\index.php(73): CodeIgniter\CodeIgniter->run()
#10 {main}
CRITICAL - 2024-10-14 11:37:51 --> Cannot add or update a child row: a foreign key constraint fails (`cointic_template`.`catproduct_fort`, CONSTRAINT `catproduct_fort_ibfk_1` FOREIGN KEY (`idrel`) REFERENCES `relmarcasolucion` (`idrel`) ON DELETE RESTRICT ON UPDATE CASCADE)
in SYSTEMPATH\Database\BaseConnection.php on line 645.
 1 SYSTEMPATH\Database\BaseBuilder.php(2309): CodeIgniter\Database\BaseConnection->query('INSERT INTO `CatProduct_Fort` (`Unit`, `SKU`, `Description`, `Price`, `Contract_1Yr`, `Contract_2Yr`, `Contract_3Yr`, `Contract_4Yr`, `Contract_5Yr`, `Comments`, `Category`, `idrel`) VALUES (:Unit:, :SKU:, :Description:, :Price:, :Contract_1Yr:, :Contract_2Yr:, :Contract_3Yr:, :Contract_4Yr:, :Contract_5Yr:, :Comments:, :Category:, :idrel:)', [...], false)
 2 APPPATH\Models\Producto.php(40): CodeIgniter\Database\BaseBuilder->insert([...])
 3 APPPATH\Controllers\Productos.php(94): App\Models\Producto->crearProducto([...])
 4 SYSTEMPATH\CodeIgniter.php(934): App\Controllers\Productos->LeerExcel()
 5 SYSTEMPATH\CodeIgniter.php(499): CodeIgniter\CodeIgniter->runController(Object(App\Controllers\Productos))
 6 SYSTEMPATH\CodeIgniter.php(368): CodeIgniter\CodeIgniter->handleRequest(null, Object(Config\Cache), false)
 7 FCPATH\index.php(73): CodeIgniter\CodeIgniter->run()
ERROR - 2024-10-14 11:37:52 --> mysqli_sql_exception: Cannot add or update a child row: a foreign key constraint fails (`cointic_template`.`catproduct_fort`, CONSTRAINT `catproduct_fort_ibfk_1` FOREIGN KEY (`idrel`) REFERENCES `relmarcasolucion` (`idrel`) ON DELETE RESTRICT ON UPDATE CASCADE) in C:\wamp64\www\Api_Template\system\Database\MySQLi\Connection.php:295
Stack trace:
#0 C:\wamp64\www\Api_Template\system\Database\MySQLi\Connection.php(295): mysqli->query('INSERT INTO `Ca...', 0)
#1 C:\wamp64\www\Api_Template\system\Database\BaseConnection.php(691): CodeIgniter\Database\MySQLi\Connection->execute('INSERT INTO `Ca...')
#2 C:\wamp64\www\Api_Template\system\Database\BaseConnection.php(605): CodeIgniter\Database\BaseConnection->simpleQuery('INSERT INTO `Ca...')
#3 C:\wamp64\www\Api_Template\system\Database\BaseBuilder.php(2309): CodeIgniter\Database\BaseConnection->query('INSERT INTO `Ca...', Array, false)
#4 C:\wamp64\www\Api_Template\app\Models\Producto.php(40): CodeIgniter\Database\BaseBuilder->insert(Array)
#5 C:\wamp64\www\Api_Template\app\Controllers\Productos.php(94): App\Models\Producto->crearProducto(Array)
#6 C:\wamp64\www\Api_Template\system\CodeIgniter.php(934): App\Controllers\Productos->LeerExcel()
#7 C:\wamp64\www\Api_Template\system\CodeIgniter.php(499): CodeIgniter\CodeIgniter->runController(Object(App\Controllers\Productos))
#8 C:\wamp64\www\Api_Template\system\CodeIgniter.php(368): CodeIgniter\CodeIgniter->handleRequest(NULL, Object(Config\Cache), false)
#9 C:\wamp64\www\Api_Template\index.php(73): CodeIgniter\CodeIgniter->run()
#10 {main}
CRITICAL - 2024-10-14 11:37:52 --> Cannot add or update a child row: a foreign key constraint fails (`cointic_template`.`catproduct_fort`, CONSTRAINT `catproduct_fort_ibfk_1` FOREIGN KEY (`idrel`) REFERENCES `relmarcasolucion` (`idrel`) ON DELETE RESTRICT ON UPDATE CASCADE)
in SYSTEMPATH\Database\BaseConnection.php on line 645.
 1 SYSTEMPATH\Database\BaseBuilder.php(2309): CodeIgniter\Database\BaseConnection->query('INSERT INTO `CatProduct_Fort` (`Unit`, `SKU`, `Description`, `Price`, `Contract_1Yr`, `Contract_2Yr`, `Contract_3Yr`, `Contract_4Yr`, `Contract_5Yr`, `Comments`, `Category`, `idrel`) VALUES (:Unit:, :SKU:, :Description:, :Price:, :Contract_1Yr:, :Contract_2Yr:, :Contract_3Yr:, :Contract_4Yr:, :Contract_5Yr:, :Comments:, :Category:, :idrel:)', [...], false)
 2 APPPATH\Models\Producto.php(40): CodeIgniter\Database\BaseBuilder->insert([...])
 3 APPPATH\Controllers\Productos.php(94): App\Models\Producto->crearProducto([...])
 4 SYSTEMPATH\CodeIgniter.php(934): App\Controllers\Productos->LeerExcel()
 5 SYSTEMPATH\CodeIgniter.php(499): CodeIgniter\CodeIgniter->runController(Object(App\Controllers\Productos))
 6 SYSTEMPATH\CodeIgniter.php(368): CodeIgniter\CodeIgniter->handleRequest(null, Object(Config\Cache), false)
 7 FCPATH\index.php(73): CodeIgniter\CodeIgniter->run()
ERROR - 2024-10-14 11:37:52 --> mysqli_sql_exception: Cannot add or update a child row: a foreign key constraint fails (`cointic_template`.`catproduct_fort`, CONSTRAINT `catproduct_fort_ibfk_1` FOREIGN KEY (`idrel`) REFERENCES `relmarcasolucion` (`idrel`) ON DELETE RESTRICT ON UPDATE CASCADE) in C:\wamp64\www\Api_Template\system\Database\MySQLi\Connection.php:295
Stack trace:
#0 C:\wamp64\www\Api_Template\system\Database\MySQLi\Connection.php(295): mysqli->query('INSERT INTO `Ca...', 0)
#1 C:\wamp64\www\Api_Template\system\Database\BaseConnection.php(691): CodeIgniter\Database\MySQLi\Connection->execute('INSERT INTO `Ca...')
#2 C:\wamp64\www\Api_Template\system\Database\BaseConnection.php(605): CodeIgniter\Database\BaseConnection->simpleQuery('INSERT INTO `Ca...')
#3 C:\wamp64\www\Api_Template\system\Database\BaseBuilder.php(2309): CodeIgniter\Database\BaseConnection->query('INSERT INTO `Ca...', Array, false)
#4 C:\wamp64\www\Api_Template\app\Models\Producto.php(40): CodeIgniter\Database\BaseBuilder->insert(Array)
#5 C:\wamp64\www\Api_Template\app\Controllers\Productos.php(94): App\Models\Producto->crearProducto(Array)
#6 C:\wamp64\www\Api_Template\system\CodeIgniter.php(934): App\Controllers\Productos->LeerExcel()
#7 C:\wamp64\www\Api_Template\system\CodeIgniter.php(499): CodeIgniter\CodeIgniter->runController(Object(App\Controllers\Productos))
#8 C:\wamp64\www\Api_Template\system\CodeIgniter.php(368): CodeIgniter\CodeIgniter->handleRequest(NULL, Object(Config\Cache), false)
#9 C:\wamp64\www\Api_Template\index.php(73): CodeIgniter\CodeIgniter->run()
#10 {main}
ERROR - 2024-10-14 11:37:52 --> mysqli_sql_exception: Cannot add or update a child row: a foreign key constraint fails (`cointic_template`.`catproduct_fort`, CONSTRAINT `catproduct_fort_ibfk_1` FOREIGN KEY (`idrel`) REFERENCES `relmarcasolucion` (`idrel`) ON DELETE RESTRICT ON UPDATE CASCADE) in C:\wamp64\www\Api_Template\system\Database\MySQLi\Connection.php:295
Stack trace:
#0 C:\wamp64\www\Api_Template\system\Database\MySQLi\Connection.php(295): mysqli->query('INSERT INTO `Ca...', 0)
#1 C:\wamp64\www\Api_Template\system\Database\BaseConnection.php(691): CodeIgniter\Database\MySQLi\Connection->execute('INSERT INTO `Ca...')
#2 C:\wamp64\www\Api_Template\system\Database\BaseConnection.php(605): CodeIgniter\Database\BaseConnection->simpleQuery('INSERT INTO `Ca...')
#3 C:\wamp64\www\Api_Template\system\Database\BaseBuilder.php(2309): CodeIgniter\Database\BaseConnection->query('INSERT INTO `Ca...', Array, false)
#4 C:\wamp64\www\Api_Template\app\Models\Producto.php(40): CodeIgniter\Database\BaseBuilder->insert(Array)
#5 C:\wamp64\www\Api_Template\app\Controllers\Productos.php(94): App\Models\Producto->crearProducto(Array)
#6 C:\wamp64\www\Api_Template\system\CodeIgniter.php(934): App\Controllers\Productos->LeerExcel()
#7 C:\wamp64\www\Api_Template\system\CodeIgniter.php(499): CodeIgniter\CodeIgniter->runController(Object(App\Controllers\Productos))
#8 C:\wamp64\www\Api_Template\system\CodeIgniter.php(368): CodeIgniter\CodeIgniter->handleRequest(NULL, Object(Config\Cache), false)
#9 C:\wamp64\www\Api_Template\index.php(73): CodeIgniter\CodeIgniter->run()
#10 {main}
CRITICAL - 2024-10-14 11:37:52 --> Cannot add or update a child row: a foreign key constraint fails (`cointic_template`.`catproduct_fort`, CONSTRAINT `catproduct_fort_ibfk_1` FOREIGN KEY (`idrel`) REFERENCES `relmarcasolucion` (`idrel`) ON DELETE RESTRICT ON UPDATE CASCADE)
in SYSTEMPATH\Database\BaseConnection.php on line 645.
 1 SYSTEMPATH\Database\BaseBuilder.php(2309): CodeIgniter\Database\BaseConnection->query('INSERT INTO `CatProduct_Fort` (`Unit`, `SKU`, `Description`, `Price`, `Contract_1Yr`, `Contract_2Yr`, `Contract_3Yr`, `Contract_4Yr`, `Contract_5Yr`, `Comments`, `Category`, `idrel`) VALUES (:Unit:, :SKU:, :Description:, :Price:, :Contract_1Yr:, :Contract_2Yr:, :Contract_3Yr:, :Contract_4Yr:, :Contract_5Yr:, :Comments:, :Category:, :idrel:)', [...], false)
 2 APPPATH\Models\Producto.php(40): CodeIgniter\Database\BaseBuilder->insert([...])
 3 APPPATH\Controllers\Productos.php(94): App\Models\Producto->crearProducto([...])
 4 SYSTEMPATH\CodeIgniter.php(934): App\Controllers\Productos->LeerExcel()
 5 SYSTEMPATH\CodeIgniter.php(499): CodeIgniter\CodeIgniter->runController(Object(App\Controllers\Productos))
 6 SYSTEMPATH\CodeIgniter.php(368): CodeIgniter\CodeIgniter->handleRequest(null, Object(Config\Cache), false)
 7 FCPATH\index.php(73): CodeIgniter\CodeIgniter->run()
CRITICAL - 2024-10-14 11:37:52 --> Cannot add or update a child row: a foreign key constraint fails (`cointic_template`.`catproduct_fort`, CONSTRAINT `catproduct_fort_ibfk_1` FOREIGN KEY (`idrel`) REFERENCES `relmarcasolucion` (`idrel`) ON DELETE RESTRICT ON UPDATE CASCADE)
in SYSTEMPATH\Database\BaseConnection.php on line 645.
 1 SYSTEMPATH\Database\BaseBuilder.php(2309): CodeIgniter\Database\BaseConnection->query('INSERT INTO `CatProduct_Fort` (`Unit`, `SKU`, `Description`, `Price`, `Contract_1Yr`, `Contract_2Yr`, `Contract_3Yr`, `Contract_4Yr`, `Contract_5Yr`, `Comments`, `Category`, `idrel`) VALUES (:Unit:, :SKU:, :Description:, :Price:, :Contract_1Yr:, :Contract_2Yr:, :Contract_3Yr:, :Contract_4Yr:, :Contract_5Yr:, :Comments:, :Category:, :idrel:)', [...], false)
 2 APPPATH\Models\Producto.php(40): CodeIgniter\Database\BaseBuilder->insert([...])
 3 APPPATH\Controllers\Productos.php(94): App\Models\Producto->crearProducto([...])
 4 SYSTEMPATH\CodeIgniter.php(934): App\Controllers\Productos->LeerExcel()
 5 SYSTEMPATH\CodeIgniter.php(499): CodeIgniter\CodeIgniter->runController(Object(App\Controllers\Productos))
 6 SYSTEMPATH\CodeIgniter.php(368): CodeIgniter\CodeIgniter->handleRequest(null, Object(Config\Cache), false)
 7 FCPATH\index.php(73): CodeIgniter\CodeIgniter->run()
ERROR - 2024-10-14 11:37:52 --> mysqli_sql_exception: Cannot add or update a child row: a foreign key constraint fails (`cointic_template`.`catproduct_fort`, CONSTRAINT `catproduct_fort_ibfk_1` FOREIGN KEY (`idrel`) REFERENCES `relmarcasolucion` (`idrel`) ON DELETE RESTRICT ON UPDATE CASCADE) in C:\wamp64\www\Api_Template\system\Database\MySQLi\Connection.php:295
Stack trace:
#0 C:\wamp64\www\Api_Template\system\Database\MySQLi\Connection.php(295): mysqli->query('INSERT INTO `Ca...', 0)
#1 C:\wamp64\www\Api_Template\system\Database\BaseConnection.php(691): CodeIgniter\Database\MySQLi\Connection->execute('INSERT INTO `Ca...')
#2 C:\wamp64\www\Api_Template\system\Database\BaseConnection.php(605): CodeIgniter\Database\BaseConnection->simpleQuery('INSERT INTO `Ca...')
#3 C:\wamp64\www\Api_Template\system\Database\BaseBuilder.php(2309): CodeIgniter\Database\BaseConnection->query('INSERT INTO `Ca...', Array, false)
#4 C:\wamp64\www\Api_Template\app\Models\Producto.php(40): CodeIgniter\Database\BaseBuilder->insert(Array)
#5 C:\wamp64\www\Api_Template\app\Controllers\Productos.php(94): App\Models\Producto->crearProducto(Array)
#6 C:\wamp64\www\Api_Template\system\CodeIgniter.php(934): App\Controllers\Productos->LeerExcel()
#7 C:\wamp64\www\Api_Template\system\CodeIgniter.php(499): CodeIgniter\CodeIgniter->runController(Object(App\Controllers\Productos))
#8 C:\wamp64\www\Api_Template\system\CodeIgniter.php(368): CodeIgniter\CodeIgniter->handleRequest(NULL, Object(Config\Cache), false)
#9 C:\wamp64\www\Api_Template\index.php(73): CodeIgniter\CodeIgniter->run()
#10 {main}
CRITICAL - 2024-10-14 11:37:52 --> Cannot add or update a child row: a foreign key constraint fails (`cointic_template`.`catproduct_fort`, CONSTRAINT `catproduct_fort_ibfk_1` FOREIGN KEY (`idrel`) REFERENCES `relmarcasolucion` (`idrel`) ON DELETE RESTRICT ON UPDATE CASCADE)
in SYSTEMPATH\Database\BaseConnection.php on line 645.
 1 SYSTEMPATH\Database\BaseBuilder.php(2309): CodeIgniter\Database\BaseConnection->query('INSERT INTO `CatProduct_Fort` (`Unit`, `SKU`, `Description`, `Price`, `Contract_1Yr`, `Contract_2Yr`, `Contract_3Yr`, `Contract_4Yr`, `Contract_5Yr`, `Comments`, `Category`, `idrel`) VALUES (:Unit:, :SKU:, :Description:, :Price:, :Contract_1Yr:, :Contract_2Yr:, :Contract_3Yr:, :Contract_4Yr:, :Contract_5Yr:, :Comments:, :Category:, :idrel:)', [...], false)
 2 APPPATH\Models\Producto.php(40): CodeIgniter\Database\BaseBuilder->insert([...])
 3 APPPATH\Controllers\Productos.php(94): App\Models\Producto->crearProducto([...])
 4 SYSTEMPATH\CodeIgniter.php(934): App\Controllers\Productos->LeerExcel()
 5 SYSTEMPATH\CodeIgniter.php(499): CodeIgniter\CodeIgniter->runController(Object(App\Controllers\Productos))
 6 SYSTEMPATH\CodeIgniter.php(368): CodeIgniter\CodeIgniter->handleRequest(null, Object(Config\Cache), false)
 7 FCPATH\index.php(73): CodeIgniter\CodeIgniter->run()
ERROR - 2024-10-14 11:37:54 --> mysqli_sql_exception: Cannot add or update a child row: a foreign key constraint fails (`cointic_template`.`catproduct_fort`, CONSTRAINT `catproduct_fort_ibfk_1` FOREIGN KEY (`idrel`) REFERENCES `relmarcasolucion` (`idrel`) ON DELETE RESTRICT ON UPDATE CASCADE) in C:\wamp64\www\Api_Template\system\Database\MySQLi\Connection.php:295
Stack trace:
#0 C:\wamp64\www\Api_Template\system\Database\MySQLi\Connection.php(295): mysqli->query('INSERT INTO `Ca...', 0)
#1 C:\wamp64\www\Api_Template\system\Database\BaseConnection.php(691): CodeIgniter\Database\MySQLi\Connection->execute('INSERT INTO `Ca...')
#2 C:\wamp64\www\Api_Template\system\Database\BaseConnection.php(605): CodeIgniter\Database\BaseConnection->simpleQuery('INSERT INTO `Ca...')
#3 C:\wamp64\www\Api_Template\system\Database\BaseBuilder.php(2309): CodeIgniter\Database\BaseConnection->query('INSERT INTO `Ca...', Array, false)
#4 C:\wamp64\www\Api_Template\app\Models\Producto.php(40): CodeIgniter\Database\BaseBuilder->insert(Array)
#5 C:\wamp64\www\Api_Template\app\Controllers\Productos.php(94): App\Models\Producto->crearProducto(Array)
#6 C:\wamp64\www\Api_Template\system\CodeIgniter.php(934): App\Controllers\Productos->LeerExcel()
#7 C:\wamp64\www\Api_Template\system\CodeIgniter.php(499): CodeIgniter\CodeIgniter->runController(Object(App\Controllers\Productos))
#8 C:\wamp64\www\Api_Template\system\CodeIgniter.php(368): CodeIgniter\CodeIgniter->handleRequest(NULL, Object(Config\Cache), false)
#9 C:\wamp64\www\Api_Template\index.php(73): CodeIgniter\CodeIgniter->run()
#10 {main}
CRITICAL - 2024-10-14 11:37:54 --> Cannot add or update a child row: a foreign key constraint fails (`cointic_template`.`catproduct_fort`, CONSTRAINT `catproduct_fort_ibfk_1` FOREIGN KEY (`idrel`) REFERENCES `relmarcasolucion` (`idrel`) ON DELETE RESTRICT ON UPDATE CASCADE)
in SYSTEMPATH\Database\BaseConnection.php on line 645.
 1 SYSTEMPATH\Database\BaseBuilder.php(2309): CodeIgniter\Database\BaseConnection->query('INSERT INTO `CatProduct_Fort` (`Unit`, `SKU`, `Description`, `Price`, `Contract_1Yr`, `Contract_2Yr`, `Contract_3Yr`, `Contract_4Yr`, `Contract_5Yr`, `Comments`, `Category`, `idrel`) VALUES (:Unit:, :SKU:, :Description:, :Price:, :Contract_1Yr:, :Contract_2Yr:, :Contract_3Yr:, :Contract_4Yr:, :Contract_5Yr:, :Comments:, :Category:, :idrel:)', [...], false)
 2 APPPATH\Models\Producto.php(40): CodeIgniter\Database\BaseBuilder->insert([...])
 3 APPPATH\Controllers\Productos.php(94): App\Models\Producto->crearProducto([...])
 4 SYSTEMPATH\CodeIgniter.php(934): App\Controllers\Productos->LeerExcel()
 5 SYSTEMPATH\CodeIgniter.php(499): CodeIgniter\CodeIgniter->runController(Object(App\Controllers\Productos))
 6 SYSTEMPATH\CodeIgniter.php(368): CodeIgniter\CodeIgniter->handleRequest(null, Object(Config\Cache), false)
 7 FCPATH\index.php(73): CodeIgniter\CodeIgniter->run()
ERROR - 2024-10-14 11:37:54 --> mysqli_sql_exception: Cannot add or update a child row: a foreign key constraint fails (`cointic_template`.`catproduct_fort`, CONSTRAINT `catproduct_fort_ibfk_1` FOREIGN KEY (`idrel`) REFERENCES `relmarcasolucion` (`idrel`) ON DELETE RESTRICT ON UPDATE CASCADE) in C:\wamp64\www\Api_Template\system\Database\MySQLi\Connection.php:295
Stack trace:
#0 C:\wamp64\www\Api_Template\system\Database\MySQLi\Connection.php(295): mysqli->query('INSERT INTO `Ca...', 0)
#1 C:\wamp64\www\Api_Template\system\Database\BaseConnection.php(691): CodeIgniter\Database\MySQLi\Connection->execute('INSERT INTO `Ca...')
#2 C:\wamp64\www\Api_Template\system\Database\BaseConnection.php(605): CodeIgniter\Database\BaseConnection->simpleQuery('INSERT INTO `Ca...')
#3 C:\wamp64\www\Api_Template\system\Database\BaseBuilder.php(2309): CodeIgniter\Database\BaseConnection->query('INSERT INTO `Ca...', Array, false)
#4 C:\wamp64\www\Api_Template\app\Models\Producto.php(40): CodeIgniter\Database\BaseBuilder->insert(Array)
#5 C:\wamp64\www\Api_Template\app\Controllers\Productos.php(94): App\Models\Producto->crearProducto(Array)
#6 C:\wamp64\www\Api_Template\system\CodeIgniter.php(934): App\Controllers\Productos->LeerExcel()
#7 C:\wamp64\www\Api_Template\system\CodeIgniter.php(499): CodeIgniter\CodeIgniter->runController(Object(App\Controllers\Productos))
#8 C:\wamp64\www\Api_Template\system\CodeIgniter.php(368): CodeIgniter\CodeIgniter->handleRequest(NULL, Object(Config\Cache), false)
#9 C:\wamp64\www\Api_Template\index.php(73): CodeIgniter\CodeIgniter->run()
#10 {main}
ERROR - 2024-10-14 11:37:54 --> mysqli_sql_exception: Cannot add or update a child row: a foreign key constraint fails (`cointic_template`.`catproduct_fort`, CONSTRAINT `catproduct_fort_ibfk_1` FOREIGN KEY (`idrel`) REFERENCES `relmarcasolucion` (`idrel`) ON DELETE RESTRICT ON UPDATE CASCADE) in C:\wamp64\www\Api_Template\system\Database\MySQLi\Connection.php:295
Stack trace:
#0 C:\wamp64\www\Api_Template\system\Database\MySQLi\Connection.php(295): mysqli->query('INSERT INTO `Ca...', 0)
#1 C:\wamp64\www\Api_Template\system\Database\BaseConnection.php(691): CodeIgniter\Database\MySQLi\Connection->execute('INSERT INTO `Ca...')
#2 C:\wamp64\www\Api_Template\system\Database\BaseConnection.php(605): CodeIgniter\Database\BaseConnection->simpleQuery('INSERT INTO `Ca...')
#3 C:\wamp64\www\Api_Template\system\Database\BaseBuilder.php(2309): CodeIgniter\Database\BaseConnection->query('INSERT INTO `Ca...', Array, false)
#4 C:\wamp64\www\Api_Template\app\Models\Producto.php(40): CodeIgniter\Database\BaseBuilder->insert(Array)
#5 C:\wamp64\www\Api_Template\app\Controllers\Productos.php(94): App\Models\Producto->crearProducto(Array)
#6 C:\wamp64\www\Api_Template\system\CodeIgniter.php(934): App\Controllers\Productos->LeerExcel()
#7 C:\wamp64\www\Api_Template\system\CodeIgniter.php(499): CodeIgniter\CodeIgniter->runController(Object(App\Controllers\Productos))
#8 C:\wamp64\www\Api_Template\system\CodeIgniter.php(368): CodeIgniter\CodeIgniter->handleRequest(NULL, Object(Config\Cache), false)
#9 C:\wamp64\www\Api_Template\index.php(73): CodeIgniter\CodeIgniter->run()
#10 {main}
CRITICAL - 2024-10-14 11:37:54 --> Cannot add or update a child row: a foreign key constraint fails (`cointic_template`.`catproduct_fort`, CONSTRAINT `catproduct_fort_ibfk_1` FOREIGN KEY (`idrel`) REFERENCES `relmarcasolucion` (`idrel`) ON DELETE RESTRICT ON UPDATE CASCADE)
in SYSTEMPATH\Database\BaseConnection.php on line 645.
 1 SYSTEMPATH\Database\BaseBuilder.php(2309): CodeIgniter\Database\BaseConnection->query('INSERT INTO `CatProduct_Fort` (`Unit`, `SKU`, `Description`, `Price`, `Contract_1Yr`, `Contract_2Yr`, `Contract_3Yr`, `Contract_4Yr`, `Contract_5Yr`, `Comments`, `Category`, `idrel`) VALUES (:Unit:, :SKU:, :Description:, :Price:, :Contract_1Yr:, :Contract_2Yr:, :Contract_3Yr:, :Contract_4Yr:, :Contract_5Yr:, :Comments:, :Category:, :idrel:)', [...], false)
 2 APPPATH\Models\Producto.php(40): CodeIgniter\Database\BaseBuilder->insert([...])
 3 APPPATH\Controllers\Productos.php(94): App\Models\Producto->crearProducto([...])
 4 SYSTEMPATH\CodeIgniter.php(934): App\Controllers\Productos->LeerExcel()
 5 SYSTEMPATH\CodeIgniter.php(499): CodeIgniter\CodeIgniter->runController(Object(App\Controllers\Productos))
 6 SYSTEMPATH\CodeIgniter.php(368): CodeIgniter\CodeIgniter->handleRequest(null, Object(Config\Cache), false)
 7 FCPATH\index.php(73): CodeIgniter\CodeIgniter->run()
CRITICAL - 2024-10-14 11:37:54 --> Cannot add or update a child row: a foreign key constraint fails (`cointic_template`.`catproduct_fort`, CONSTRAINT `catproduct_fort_ibfk_1` FOREIGN KEY (`idrel`) REFERENCES `relmarcasolucion` (`idrel`) ON DELETE RESTRICT ON UPDATE CASCADE)
in SYSTEMPATH\Database\BaseConnection.php on line 645.
 1 SYSTEMPATH\Database\BaseBuilder.php(2309): CodeIgniter\Database\BaseConnection->query('INSERT INTO `CatProduct_Fort` (`Unit`, `SKU`, `Description`, `Price`, `Contract_1Yr`, `Contract_2Yr`, `Contract_3Yr`, `Contract_4Yr`, `Contract_5Yr`, `Comments`, `Category`, `idrel`) VALUES (:Unit:, :SKU:, :Description:, :Price:, :Contract_1Yr:, :Contract_2Yr:, :Contract_3Yr:, :Contract_4Yr:, :Contract_5Yr:, :Comments:, :Category:, :idrel:)', [...], false)
 2 APPPATH\Models\Producto.php(40): CodeIgniter\Database\BaseBuilder->insert([...])
 3 APPPATH\Controllers\Productos.php(94): App\Models\Producto->crearProducto([...])
 4 SYSTEMPATH\CodeIgniter.php(934): App\Controllers\Productos->LeerExcel()
 5 SYSTEMPATH\CodeIgniter.php(499): CodeIgniter\CodeIgniter->runController(Object(App\Controllers\Productos))
 6 SYSTEMPATH\CodeIgniter.php(368): CodeIgniter\CodeIgniter->handleRequest(null, Object(Config\Cache), false)
 7 FCPATH\index.php(73): CodeIgniter\CodeIgniter->run()
ERROR - 2024-10-14 11:37:54 --> mysqli_sql_exception: Cannot add or update a child row: a foreign key constraint fails (`cointic_template`.`catproduct_fort`, CONSTRAINT `catproduct_fort_ibfk_1` FOREIGN KEY (`idrel`) REFERENCES `relmarcasolucion` (`idrel`) ON DELETE RESTRICT ON UPDATE CASCADE) in C:\wamp64\www\Api_Template\system\Database\MySQLi\Connection.php:295
Stack trace:
#0 C:\wamp64\www\Api_Template\system\Database\MySQLi\Connection.php(295): mysqli->query('INSERT INTO `Ca...', 0)
#1 C:\wamp64\www\Api_Template\system\Database\BaseConnection.php(691): CodeIgniter\Database\MySQLi\Connection->execute('INSERT INTO `Ca...')
#2 C:\wamp64\www\Api_Template\system\Database\BaseConnection.php(605): CodeIgniter\Database\BaseConnection->simpleQuery('INSERT INTO `Ca...')
#3 C:\wamp64\www\Api_Template\system\Database\BaseBuilder.php(2309): CodeIgniter\Database\BaseConnection->query('INSERT INTO `Ca...', Array, false)
#4 C:\wamp64\www\Api_Template\app\Models\Producto.php(40): CodeIgniter\Database\BaseBuilder->insert(Array)
#5 C:\wamp64\www\Api_Template\app\Controllers\Productos.php(94): App\Models\Producto->crearProducto(Array)
#6 C:\wamp64\www\Api_Template\system\CodeIgniter.php(934): App\Controllers\Productos->LeerExcel()
#7 C:\wamp64\www\Api_Template\system\CodeIgniter.php(499): CodeIgniter\CodeIgniter->runController(Object(App\Controllers\Productos))
#8 C:\wamp64\www\Api_Template\system\CodeIgniter.php(368): CodeIgniter\CodeIgniter->handleRequest(NULL, Object(Config\Cache), false)
#9 C:\wamp64\www\Api_Template\index.php(73): CodeIgniter\CodeIgniter->run()
#10 {main}
CRITICAL - 2024-10-14 11:37:54 --> Cannot add or update a child row: a foreign key constraint fails (`cointic_template`.`catproduct_fort`, CONSTRAINT `catproduct_fort_ibfk_1` FOREIGN KEY (`idrel`) REFERENCES `relmarcasolucion` (`idrel`) ON DELETE RESTRICT ON UPDATE CASCADE)
in SYSTEMPATH\Database\BaseConnection.php on line 645.
 1 SYSTEMPATH\Database\BaseBuilder.php(2309): CodeIgniter\Database\BaseConnection->query('INSERT INTO `CatProduct_Fort` (`Unit`, `SKU`, `Description`, `Price`, `Contract_1Yr`, `Contract_2Yr`, `Contract_3Yr`, `Contract_4Yr`, `Contract_5Yr`, `Comments`, `Category`, `idrel`) VALUES (:Unit:, :SKU:, :Description:, :Price:, :Contract_1Yr:, :Contract_2Yr:, :Contract_3Yr:, :Contract_4Yr:, :Contract_5Yr:, :Comments:, :Category:, :idrel:)', [...], false)
 2 APPPATH\Models\Producto.php(40): CodeIgniter\Database\BaseBuilder->insert([...])
 3 APPPATH\Controllers\Productos.php(94): App\Models\Producto->crearProducto([...])
 4 SYSTEMPATH\CodeIgniter.php(934): App\Controllers\Productos->LeerExcel()
 5 SYSTEMPATH\CodeIgniter.php(499): CodeIgniter\CodeIgniter->runController(Object(App\Controllers\Productos))
 6 SYSTEMPATH\CodeIgniter.php(368): CodeIgniter\CodeIgniter->handleRequest(null, Object(Config\Cache), false)
 7 FCPATH\index.php(73): CodeIgniter\CodeIgniter->run()
ERROR - 2024-10-14 11:37:54 --> mysqli_sql_exception: Cannot add or update a child row: a foreign key constraint fails (`cointic_template`.`catproduct_fort`, CONSTRAINT `catproduct_fort_ibfk_1` FOREIGN KEY (`idrel`) REFERENCES `relmarcasolucion` (`idrel`) ON DELETE RESTRICT ON UPDATE CASCADE) in C:\wamp64\www\Api_Template\system\Database\MySQLi\Connection.php:295
Stack trace:
#0 C:\wamp64\www\Api_Template\system\Database\MySQLi\Connection.php(295): mysqli->query('INSERT INTO `Ca...', 0)
#1 C:\wamp64\www\Api_Template\system\Database\BaseConnection.php(691): CodeIgniter\Database\MySQLi\Connection->execute('INSERT INTO `Ca...')
#2 C:\wamp64\www\Api_Template\system\Database\BaseConnection.php(605): CodeIgniter\Database\BaseConnection->simpleQuery('INSERT INTO `Ca...')
#3 C:\wamp64\www\Api_Template\system\Database\BaseBuilder.php(2309): CodeIgniter\Database\BaseConnection->query('INSERT INTO `Ca...', Array, false)
#4 C:\wamp64\www\Api_Template\app\Models\Producto.php(40): CodeIgniter\Database\BaseBuilder->insert(Array)
#5 C:\wamp64\www\Api_Template\app\Controllers\Productos.php(94): App\Models\Producto->crearProducto(Array)
#6 C:\wamp64\www\Api_Template\system\CodeIgniter.php(934): App\Controllers\Productos->LeerExcel()
#7 C:\wamp64\www\Api_Template\system\CodeIgniter.php(499): CodeIgniter\CodeIgniter->runController(Object(App\Controllers\Productos))
#8 C:\wamp64\www\Api_Template\system\CodeIgniter.php(368): CodeIgniter\CodeIgniter->handleRequest(NULL, Object(Config\Cache), false)
#9 C:\wamp64\www\Api_Template\index.php(73): CodeIgniter\CodeIgniter->run()
#10 {main}
CRITICAL - 2024-10-14 11:37:54 --> Cannot add or update a child row: a foreign key constraint fails (`cointic_template`.`catproduct_fort`, CONSTRAINT `catproduct_fort_ibfk_1` FOREIGN KEY (`idrel`) REFERENCES `relmarcasolucion` (`idrel`) ON DELETE RESTRICT ON UPDATE CASCADE)
in SYSTEMPATH\Database\BaseConnection.php on line 645.
 1 SYSTEMPATH\Database\BaseBuilder.php(2309): CodeIgniter\Database\BaseConnection->query('INSERT INTO `CatProduct_Fort` (`Unit`, `SKU`, `Description`, `Price`, `Contract_1Yr`, `Contract_2Yr`, `Contract_3Yr`, `Contract_4Yr`, `Contract_5Yr`, `Comments`, `Category`, `idrel`) VALUES (:Unit:, :SKU:, :Description:, :Price:, :Contract_1Yr:, :Contract_2Yr:, :Contract_3Yr:, :Contract_4Yr:, :Contract_5Yr:, :Comments:, :Category:, :idrel:)', [...], false)
 2 APPPATH\Models\Producto.php(40): CodeIgniter\Database\BaseBuilder->insert([...])
 3 APPPATH\Controllers\Productos.php(94): App\Models\Producto->crearProducto([...])
 4 SYSTEMPATH\CodeIgniter.php(934): App\Controllers\Productos->LeerExcel()
 5 SYSTEMPATH\CodeIgniter.php(499): CodeIgniter\CodeIgniter->runController(Object(App\Controllers\Productos))
 6 SYSTEMPATH\CodeIgniter.php(368): CodeIgniter\CodeIgniter->handleRequest(null, Object(Config\Cache), false)
 7 FCPATH\index.php(73): CodeIgniter\CodeIgniter->run()
ERROR - 2024-10-14 11:37:54 --> mysqli_sql_exception: Cannot add or update a child row: a foreign key constraint fails (`cointic_template`.`catproduct_fort`, CONSTRAINT `catproduct_fort_ibfk_1` FOREIGN KEY (`idrel`) REFERENCES `relmarcasolucion` (`idrel`) ON DELETE RESTRICT ON UPDATE CASCADE) in C:\wamp64\www\Api_Template\system\Database\MySQLi\Connection.php:295
Stack trace:
#0 C:\wamp64\www\Api_Template\system\Database\MySQLi\Connection.php(295): mysqli->query('INSERT INTO `Ca...', 0)
#1 C:\wamp64\www\Api_Template\system\Database\BaseConnection.php(691): CodeIgniter\Database\MySQLi\Connection->execute('INSERT INTO `Ca...')
#2 C:\wamp64\www\Api_Template\system\Database\BaseConnection.php(605): CodeIgniter\Database\BaseConnection->simpleQuery('INSERT INTO `Ca...')
#3 C:\wamp64\www\Api_Template\system\Database\BaseBuilder.php(2309): CodeIgniter\Database\BaseConnection->query('INSERT INTO `Ca...', Array, false)
#4 C:\wamp64\www\Api_Template\app\Models\Producto.php(40): CodeIgniter\Database\BaseBuilder->insert(Array)
#5 C:\wamp64\www\Api_Template\app\Controllers\Productos.php(94): App\Models\Producto->crearProducto(Array)
#6 C:\wamp64\www\Api_Template\system\CodeIgniter.php(934): App\Controllers\Productos->LeerExcel()
#7 C:\wamp64\www\Api_Template\system\CodeIgniter.php(499): CodeIgniter\CodeIgniter->runController(Object(App\Controllers\Productos))
#8 C:\wamp64\www\Api_Template\system\CodeIgniter.php(368): CodeIgniter\CodeIgniter->handleRequest(NULL, Object(Config\Cache), false)
#9 C:\wamp64\www\Api_Template\index.php(73): CodeIgniter\CodeIgniter->run()
#10 {main}
CRITICAL - 2024-10-14 11:37:54 --> Cannot add or update a child row: a foreign key constraint fails (`cointic_template`.`catproduct_fort`, CONSTRAINT `catproduct_fort_ibfk_1` FOREIGN KEY (`idrel`) REFERENCES `relmarcasolucion` (`idrel`) ON DELETE RESTRICT ON UPDATE CASCADE)
in SYSTEMPATH\Database\BaseConnection.php on line 645.
 1 SYSTEMPATH\Database\BaseBuilder.php(2309): CodeIgniter\Database\BaseConnection->query('INSERT INTO `CatProduct_Fort` (`Unit`, `SKU`, `Description`, `Price`, `Contract_1Yr`, `Contract_2Yr`, `Contract_3Yr`, `Contract_4Yr`, `Contract_5Yr`, `Comments`, `Category`, `idrel`) VALUES (:Unit:, :SKU:, :Description:, :Price:, :Contract_1Yr:, :Contract_2Yr:, :Contract_3Yr:, :Contract_4Yr:, :Contract_5Yr:, :Comments:, :Category:, :idrel:)', [...], false)
 2 APPPATH\Models\Producto.php(40): CodeIgniter\Database\BaseBuilder->insert([...])
 3 APPPATH\Controllers\Productos.php(94): App\Models\Producto->crearProducto([...])
 4 SYSTEMPATH\CodeIgniter.php(934): App\Controllers\Productos->LeerExcel()
 5 SYSTEMPATH\CodeIgniter.php(499): CodeIgniter\CodeIgniter->runController(Object(App\Controllers\Productos))
 6 SYSTEMPATH\CodeIgniter.php(368): CodeIgniter\CodeIgniter->handleRequest(null, Object(Config\Cache), false)
 7 FCPATH\index.php(73): CodeIgniter\CodeIgniter->run()
ERROR - 2024-10-14 11:37:55 --> mysqli_sql_exception: Cannot add or update a child row: a foreign key constraint fails (`cointic_template`.`catproduct_fort`, CONSTRAINT `catproduct_fort_ibfk_1` FOREIGN KEY (`idrel`) REFERENCES `relmarcasolucion` (`idrel`) ON DELETE RESTRICT ON UPDATE CASCADE) in C:\wamp64\www\Api_Template\system\Database\MySQLi\Connection.php:295
Stack trace:
#0 C:\wamp64\www\Api_Template\system\Database\MySQLi\Connection.php(295): mysqli->query('INSERT INTO `Ca...', 0)
#1 C:\wamp64\www\Api_Template\system\Database\BaseConnection.php(691): CodeIgniter\Database\MySQLi\Connection->execute('INSERT INTO `Ca...')
#2 C:\wamp64\www\Api_Template\system\Database\BaseConnection.php(605): CodeIgniter\Database\BaseConnection->simpleQuery('INSERT INTO `Ca...')
#3 C:\wamp64\www\Api_Template\system\Database\BaseBuilder.php(2309): CodeIgniter\Database\BaseConnection->query('INSERT INTO `Ca...', Array, false)
#4 C:\wamp64\www\Api_Template\app\Models\Producto.php(40): CodeIgniter\Database\BaseBuilder->insert(Array)
#5 C:\wamp64\www\Api_Template\app\Controllers\Productos.php(94): App\Models\Producto->crearProducto(Array)
#6 C:\wamp64\www\Api_Template\system\CodeIgniter.php(934): App\Controllers\Productos->LeerExcel()
#7 C:\wamp64\www\Api_Template\system\CodeIgniter.php(499): CodeIgniter\CodeIgniter->runController(Object(App\Controllers\Productos))
#8 C:\wamp64\www\Api_Template\system\CodeIgniter.php(368): CodeIgniter\CodeIgniter->handleRequest(NULL, Object(Config\Cache), false)
#9 C:\wamp64\www\Api_Template\index.php(73): CodeIgniter\CodeIgniter->run()
#10 {main}
ERROR - 2024-10-14 11:37:55 --> mysqli_sql_exception: Cannot add or update a child row: a foreign key constraint fails (`cointic_template`.`catproduct_fort`, CONSTRAINT `catproduct_fort_ibfk_1` FOREIGN KEY (`idrel`) REFERENCES `relmarcasolucion` (`idrel`) ON DELETE RESTRICT ON UPDATE CASCADE) in C:\wamp64\www\Api_Template\system\Database\MySQLi\Connection.php:295
Stack trace:
#0 C:\wamp64\www\Api_Template\system\Database\MySQLi\Connection.php(295): mysqli->query('INSERT INTO `Ca...', 0)
#1 C:\wamp64\www\Api_Template\system\Database\BaseConnection.php(691): CodeIgniter\Database\MySQLi\Connection->execute('INSERT INTO `Ca...')
#2 C:\wamp64\www\Api_Template\system\Database\BaseConnection.php(605): CodeIgniter\Database\BaseConnection->simpleQuery('INSERT INTO `Ca...')
#3 C:\wamp64\www\Api_Template\system\Database\BaseBuilder.php(2309): CodeIgniter\Database\BaseConnection->query('INSERT INTO `Ca...', Array, false)
#4 C:\wamp64\www\Api_Template\app\Models\Producto.php(40): CodeIgniter\Database\BaseBuilder->insert(Array)
#5 C:\wamp64\www\Api_Template\app\Controllers\Productos.php(94): App\Models\Producto->crearProducto(Array)
#6 C:\wamp64\www\Api_Template\system\CodeIgniter.php(934): App\Controllers\Productos->LeerExcel()
#7 C:\wamp64\www\Api_Template\system\CodeIgniter.php(499): CodeIgniter\CodeIgniter->runController(Object(App\Controllers\Productos))
#8 C:\wamp64\www\Api_Template\system\CodeIgniter.php(368): CodeIgniter\CodeIgniter->handleRequest(NULL, Object(Config\Cache), false)
#9 C:\wamp64\www\Api_Template\index.php(73): CodeIgniter\CodeIgniter->run()
#10 {main}
CRITICAL - 2024-10-14 11:37:55 --> Cannot add or update a child row: a foreign key constraint fails (`cointic_template`.`catproduct_fort`, CONSTRAINT `catproduct_fort_ibfk_1` FOREIGN KEY (`idrel`) REFERENCES `relmarcasolucion` (`idrel`) ON DELETE RESTRICT ON UPDATE CASCADE)
in SYSTEMPATH\Database\BaseConnection.php on line 645.
 1 SYSTEMPATH\Database\BaseBuilder.php(2309): CodeIgniter\Database\BaseConnection->query('INSERT INTO `CatProduct_Fort` (`Unit`, `SKU`, `Description`, `Price`, `Contract_1Yr`, `Contract_2Yr`, `Contract_3Yr`, `Contract_4Yr`, `Contract_5Yr`, `Comments`, `Category`, `idrel`) VALUES (:Unit:, :SKU:, :Description:, :Price:, :Contract_1Yr:, :Contract_2Yr:, :Contract_3Yr:, :Contract_4Yr:, :Contract_5Yr:, :Comments:, :Category:, :idrel:)', [...], false)
 2 APPPATH\Models\Producto.php(40): CodeIgniter\Database\BaseBuilder->insert([...])
 3 APPPATH\Controllers\Productos.php(94): App\Models\Producto->crearProducto([...])
 4 SYSTEMPATH\CodeIgniter.php(934): App\Controllers\Productos->LeerExcel()
 5 SYSTEMPATH\CodeIgniter.php(499): CodeIgniter\CodeIgniter->runController(Object(App\Controllers\Productos))
 6 SYSTEMPATH\CodeIgniter.php(368): CodeIgniter\CodeIgniter->handleRequest(null, Object(Config\Cache), false)
 7 FCPATH\index.php(73): CodeIgniter\CodeIgniter->run()
CRITICAL - 2024-10-14 11:37:55 --> Cannot add or update a child row: a foreign key constraint fails (`cointic_template`.`catproduct_fort`, CONSTRAINT `catproduct_fort_ibfk_1` FOREIGN KEY (`idrel`) REFERENCES `relmarcasolucion` (`idrel`) ON DELETE RESTRICT ON UPDATE CASCADE)
in SYSTEMPATH\Database\BaseConnection.php on line 645.
 1 SYSTEMPATH\Database\BaseBuilder.php(2309): CodeIgniter\Database\BaseConnection->query('INSERT INTO `CatProduct_Fort` (`Unit`, `SKU`, `Description`, `Price`, `Contract_1Yr`, `Contract_2Yr`, `Contract_3Yr`, `Contract_4Yr`, `Contract_5Yr`, `Comments`, `Category`, `idrel`) VALUES (:Unit:, :SKU:, :Description:, :Price:, :Contract_1Yr:, :Contract_2Yr:, :Contract_3Yr:, :Contract_4Yr:, :Contract_5Yr:, :Comments:, :Category:, :idrel:)', [...], false)
 2 APPPATH\Models\Producto.php(40): CodeIgniter\Database\BaseBuilder->insert([...])
 3 APPPATH\Controllers\Productos.php(94): App\Models\Producto->crearProducto([...])
 4 SYSTEMPATH\CodeIgniter.php(934): App\Controllers\Productos->LeerExcel()
 5 SYSTEMPATH\CodeIgniter.php(499): CodeIgniter\CodeIgniter->runController(Object(App\Controllers\Productos))
 6 SYSTEMPATH\CodeIgniter.php(368): CodeIgniter\CodeIgniter->handleRequest(null, Object(Config\Cache), false)
 7 FCPATH\index.php(73): CodeIgniter\CodeIgniter->run()
ERROR - 2024-10-14 12:11:50 --> mysqli_sql_exception: Cannot add or update a child row: a foreign key constraint fails (`cointic_template`.`catproduct_fort`, CONSTRAINT `catproduct_fort_ibfk_1` FOREIGN KEY (`idrel`) REFERENCES `relmarcasolucion` (`idrel`) ON DELETE RESTRICT ON UPDATE CASCADE) in C:\wamp64\www\Api_Template\system\Database\MySQLi\Connection.php:295
Stack trace:
#0 C:\wamp64\www\Api_Template\system\Database\MySQLi\Connection.php(295): mysqli->query('INSERT INTO `Ca...', 0)
#1 C:\wamp64\www\Api_Template\system\Database\BaseConnection.php(691): CodeIgniter\Database\MySQLi\Connection->execute('INSERT INTO `Ca...')
#2 C:\wamp64\www\Api_Template\system\Database\BaseConnection.php(605): CodeIgniter\Database\BaseConnection->simpleQuery('INSERT INTO `Ca...')
#3 C:\wamp64\www\Api_Template\system\Database\BaseBuilder.php(2309): CodeIgniter\Database\BaseConnection->query('INSERT INTO `Ca...', Array, false)
#4 C:\wamp64\www\Api_Template\app\Models\Producto.php(40): CodeIgniter\Database\BaseBuilder->insert(Array)
#5 C:\wamp64\www\Api_Template\app\Controllers\Productos.php(94): App\Models\Producto->crearProducto(Array)
#6 C:\wamp64\www\Api_Template\system\CodeIgniter.php(934): App\Controllers\Productos->LeerExcel()
#7 C:\wamp64\www\Api_Template\system\CodeIgniter.php(499): CodeIgniter\CodeIgniter->runController(Object(App\Controllers\Productos))
#8 C:\wamp64\www\Api_Template\system\CodeIgniter.php(368): CodeIgniter\CodeIgniter->handleRequest(NULL, Object(Config\Cache), false)
#9 C:\wamp64\www\Api_Template\index.php(73): CodeIgniter\CodeIgniter->run()
#10 {main}
CRITICAL - 2024-10-14 12:11:50 --> Cannot add or update a child row: a foreign key constraint fails (`cointic_template`.`catproduct_fort`, CONSTRAINT `catproduct_fort_ibfk_1` FOREIGN KEY (`idrel`) REFERENCES `relmarcasolucion` (`idrel`) ON DELETE RESTRICT ON UPDATE CASCADE)
in SYSTEMPATH\Database\BaseConnection.php on line 645.
 1 SYSTEMPATH\Database\BaseBuilder.php(2309): CodeIgniter\Database\BaseConnection->query('INSERT INTO `CatProduct_Fort` (`Unit`, `SKU`, `Description`, `Price`, `Contract_1Yr`, `Contract_2Yr`, `Contract_3Yr`, `Contract_4Yr`, `Contract_5Yr`, `Comments`, `Category`, `idrel`) VALUES (:Unit:, :SKU:, :Description:, :Price:, :Contract_1Yr:, :Contract_2Yr:, :Contract_3Yr:, :Contract_4Yr:, :Contract_5Yr:, :Comments:, :Category:, :idrel:)', [...], false)
 2 APPPATH\Models\Producto.php(40): CodeIgniter\Database\BaseBuilder->insert([...])
 3 APPPATH\Controllers\Productos.php(94): App\Models\Producto->crearProducto([...])
 4 SYSTEMPATH\CodeIgniter.php(934): App\Controllers\Productos->LeerExcel()
 5 SYSTEMPATH\CodeIgniter.php(499): CodeIgniter\CodeIgniter->runController(Object(App\Controllers\Productos))
 6 SYSTEMPATH\CodeIgniter.php(368): CodeIgniter\CodeIgniter->handleRequest(null, Object(Config\Cache), false)
 7 FCPATH\index.php(73): CodeIgniter\CodeIgniter->run()
CRITICAL - 2024-10-14 12:18:40 --> You must set the database table to be used with your query.
in SYSTEMPATH\Database\BaseConnection.php on line 882.
 1 SYSTEMPATH\Model.php(642): CodeIgniter\Database\BaseConnection->table(null)
 2 SYSTEMPATH\Model.php(832): CodeIgniter\Model->builder()
 3 APPPATH\Controllers\Productos.php(96): CodeIgniter\Model->__call('where', [...])
 4 SYSTEMPATH\CodeIgniter.php(934): App\Controllers\Productos->LeerExcel()
 5 SYSTEMPATH\CodeIgniter.php(499): CodeIgniter\CodeIgniter->runController(Object(App\Controllers\Productos))
 6 SYSTEMPATH\CodeIgniter.php(368): CodeIgniter\CodeIgniter->handleRequest(null, Object(Config\Cache), false)
 7 FCPATH\index.php(73): CodeIgniter\CodeIgniter->run()
CRITICAL - 2024-10-14 12:18:58 --> You must set the database table to be used with your query.
in SYSTEMPATH\Database\BaseConnection.php on line 882.
 1 SYSTEMPATH\Model.php(642): CodeIgniter\Database\BaseConnection->table(null)
 2 SYSTEMPATH\Model.php(832): CodeIgniter\Model->builder()
 3 APPPATH\Controllers\Productos.php(96): CodeIgniter\Model->__call('where', [...])
 4 SYSTEMPATH\CodeIgniter.php(934): App\Controllers\Productos->LeerExcel()
 5 SYSTEMPATH\CodeIgniter.php(499): CodeIgniter\CodeIgniter->runController(Object(App\Controllers\Productos))
 6 SYSTEMPATH\CodeIgniter.php(368): CodeIgniter\CodeIgniter->handleRequest(null, Object(Config\Cache), false)
 7 FCPATH\index.php(73): CodeIgniter\CodeIgniter->run()
CRITICAL - 2024-10-14 12:19:14 --> You must set the database table to be used with your query.
in SYSTEMPATH\Database\BaseConnection.php on line 882.
 1 SYSTEMPATH\Model.php(642): CodeIgniter\Database\BaseConnection->table(null)
 2 SYSTEMPATH\Model.php(832): CodeIgniter\Model->builder()
 3 APPPATH\Controllers\Productos.php(96): CodeIgniter\Model->__call('where', [...])
 4 SYSTEMPATH\CodeIgniter.php(934): App\Controllers\Productos->LeerExcel()
 5 SYSTEMPATH\CodeIgniter.php(499): CodeIgniter\CodeIgniter->runController(Object(App\Controllers\Productos))
 6 SYSTEMPATH\CodeIgniter.php(368): CodeIgniter\CodeIgniter->handleRequest(null, Object(Config\Cache), false)
 7 FCPATH\index.php(73): CodeIgniter\CodeIgniter->run()
CRITICAL - 2024-10-14 12:19:16 --> You must set the database table to be used with your query.
in SYSTEMPATH\Database\BaseConnection.php on line 882.
 1 SYSTEMPATH\Model.php(642): CodeIgniter\Database\BaseConnection->table(null)
 2 SYSTEMPATH\Model.php(832): CodeIgniter\Model->builder()
 3 APPPATH\Controllers\Productos.php(96): CodeIgniter\Model->__call('where', [...])
 4 SYSTEMPATH\CodeIgniter.php(934): App\Controllers\Productos->LeerExcel()
 5 SYSTEMPATH\CodeIgniter.php(499): CodeIgniter\CodeIgniter->runController(Object(App\Controllers\Productos))
 6 SYSTEMPATH\CodeIgniter.php(368): CodeIgniter\CodeIgniter->handleRequest(null, Object(Config\Cache), false)
 7 FCPATH\index.php(73): CodeIgniter\CodeIgniter->run()
CRITICAL - 2024-10-14 12:19:16 --> You must set the database table to be used with your query.
in SYSTEMPATH\Database\BaseConnection.php on line 882.
 1 SYSTEMPATH\Model.php(642): CodeIgniter\Database\BaseConnection->table(null)
 2 SYSTEMPATH\Model.php(832): CodeIgniter\Model->builder()
 3 APPPATH\Controllers\Productos.php(96): CodeIgniter\Model->__call('where', [...])
 4 SYSTEMPATH\CodeIgniter.php(934): App\Controllers\Productos->LeerExcel()
 5 SYSTEMPATH\CodeIgniter.php(499): CodeIgniter\CodeIgniter->runController(Object(App\Controllers\Productos))
 6 SYSTEMPATH\CodeIgniter.php(368): CodeIgniter\CodeIgniter->handleRequest(null, Object(Config\Cache), false)
 7 FCPATH\index.php(73): CodeIgniter\CodeIgniter->run()
CRITICAL - 2024-10-14 12:19:16 --> You must set the database table to be used with your query.
in SYSTEMPATH\Database\BaseConnection.php on line 882.
 1 SYSTEMPATH\Model.php(642): CodeIgniter\Database\BaseConnection->table(null)
 2 SYSTEMPATH\Model.php(832): CodeIgniter\Model->builder()
 3 APPPATH\Controllers\Productos.php(96): CodeIgniter\Model->__call('where', [...])
 4 SYSTEMPATH\CodeIgniter.php(934): App\Controllers\Productos->LeerExcel()
 5 SYSTEMPATH\CodeIgniter.php(499): CodeIgniter\CodeIgniter->runController(Object(App\Controllers\Productos))
 6 SYSTEMPATH\CodeIgniter.php(368): CodeIgniter\CodeIgniter->handleRequest(null, Object(Config\Cache), false)
 7 FCPATH\index.php(73): CodeIgniter\CodeIgniter->run()
CRITICAL - 2024-10-14 12:19:16 --> You must set the database table to be used with your query.
in SYSTEMPATH\Database\BaseConnection.php on line 882.
 1 SYSTEMPATH\Model.php(642): CodeIgniter\Database\BaseConnection->table(null)
 2 SYSTEMPATH\Model.php(832): CodeIgniter\Model->builder()
 3 APPPATH\Controllers\Productos.php(96): CodeIgniter\Model->__call('where', [...])
 4 SYSTEMPATH\CodeIgniter.php(934): App\Controllers\Productos->LeerExcel()
 5 SYSTEMPATH\CodeIgniter.php(499): CodeIgniter\CodeIgniter->runController(Object(App\Controllers\Productos))
 6 SYSTEMPATH\CodeIgniter.php(368): CodeIgniter\CodeIgniter->handleRequest(null, Object(Config\Cache), false)
 7 FCPATH\index.php(73): CodeIgniter\CodeIgniter->run()
CRITICAL - 2024-10-14 12:20:07 --> You must set the database table to be used with your query.
in SYSTEMPATH\Database\BaseConnection.php on line 882.
 1 SYSTEMPATH\Model.php(642): CodeIgniter\Database\BaseConnection->table(null)
 2 SYSTEMPATH\Model.php(832): CodeIgniter\Model->builder()
 3 APPPATH\Controllers\Productos.php(96): CodeIgniter\Model->__call('where', [...])
 4 SYSTEMPATH\CodeIgniter.php(934): App\Controllers\Productos->LeerExcel()
 5 SYSTEMPATH\CodeIgniter.php(499): CodeIgniter\CodeIgniter->runController(Object(App\Controllers\Productos))
 6 SYSTEMPATH\CodeIgniter.php(368): CodeIgniter\CodeIgniter->handleRequest(null, Object(Config\Cache), false)
 7 FCPATH\index.php(73): CodeIgniter\CodeIgniter->run()
CRITICAL - 2024-10-14 12:21:31 --> You must set the database table to be used with your query.
in SYSTEMPATH\Database\BaseConnection.php on line 882.
 1 SYSTEMPATH\Model.php(642): CodeIgniter\Database\BaseConnection->table(null)
 2 SYSTEMPATH\Model.php(832): CodeIgniter\Model->builder()
 3 APPPATH\Controllers\Productos.php(96): CodeIgniter\Model->__call('where', [...])
 4 SYSTEMPATH\CodeIgniter.php(934): App\Controllers\Productos->LeerExcel()
 5 SYSTEMPATH\CodeIgniter.php(499): CodeIgniter\CodeIgniter->runController(Object(App\Controllers\Productos))
 6 SYSTEMPATH\CodeIgniter.php(368): CodeIgniter\CodeIgniter->handleRequest(null, Object(Config\Cache), false)
 7 FCPATH\index.php(73): CodeIgniter\CodeIgniter->run()
CRITICAL - 2024-10-14 12:22:17 --> You must set the database table to be used with your query.
in SYSTEMPATH\Database\BaseConnection.php on line 882.
 1 SYSTEMPATH\Model.php(642): CodeIgniter\Database\BaseConnection->table(null)
 2 SYSTEMPATH\Model.php(832): CodeIgniter\Model->builder()
 3 APPPATH\Controllers\Productos.php(96): CodeIgniter\Model->__call('where', [...])
 4 SYSTEMPATH\CodeIgniter.php(934): App\Controllers\Productos->LeerExcel()
 5 SYSTEMPATH\CodeIgniter.php(499): CodeIgniter\CodeIgniter->runController(Object(App\Controllers\Productos))
 6 SYSTEMPATH\CodeIgniter.php(368): CodeIgniter\CodeIgniter->handleRequest(null, Object(Config\Cache), false)
 7 FCPATH\index.php(73): CodeIgniter\CodeIgniter->run()
CRITICAL - 2024-10-14 12:23:19 --> You must set the database table to be used with your query.
in SYSTEMPATH\Database\BaseConnection.php on line 882.
 1 SYSTEMPATH\Model.php(642): CodeIgniter\Database\BaseConnection->table(null)
 2 SYSTEMPATH\Model.php(832): CodeIgniter\Model->builder()
 3 APPPATH\Controllers\Productos.php(96): CodeIgniter\Model->__call('where', [...])
 4 SYSTEMPATH\CodeIgniter.php(934): App\Controllers\Productos->LeerExcel()
 5 SYSTEMPATH\CodeIgniter.php(499): CodeIgniter\CodeIgniter->runController(Object(App\Controllers\Productos))
 6 SYSTEMPATH\CodeIgniter.php(368): CodeIgniter\CodeIgniter->handleRequest(null, Object(Config\Cache), false)
 7 FCPATH\index.php(73): CodeIgniter\CodeIgniter->run()
