CRITICAL - 2024-06-20 16:48:59 --> SSL certificate problem: unable to get local issuer certificate
in FCPATH\vendor\mercadopago\dx-php\src\MercadoPago\RestClient.php on line 196.
 1 FCPATH\vendor\mercadopago\dx-php\src\MercadoPago\RestClient.php(222): MercadoPago\RestClient->exec([...])
 2 FCPATH\vendor\mercadopago\dx-php\src\MercadoPago\Config.php(146): MercadoPago\RestClient->get('/users/me')
 3 FCPATH\vendor\mercadopago\dx-php\src\MercadoPago\Config.php(112): MercadoPago\Config->getUserId('APP_USR-968923362167994-032112-2230b36cb9bd36944525d68d8edb89c7-1738428552')
 4 FCPATH\vendor\mercadopago\dx-php\src\MercadoPago\Config\AbstractConfig.php(96): MercadoPago\Config->set('ACCESS_TOKEN', 'APP_USR-968923362167994-032112-2230b36cb9bd36944525d68d8edb89c7-1738428552')
 5 FCPATH\vendor\mercadopago\dx-php\src\MercadoPago\SDK.php(45): MercadoPago\Config\AbstractConfig->configure([...])
 6 APPPATH\Controllers\Ventas.php(76): MercadoPago\SDK::setAccessToken('APP_USR-968923362167994-032112-2230b36cb9bd36944525d68d8edb89c7-1738428552')
 7 SYSTEMPATH\CodeIgniter.php(934): App\Controllers\Ventas->obtenerlinkpago()
 8 SYSTEMPATH\CodeIgniter.php(499): CodeIgniter\CodeIgniter->runController(Object(App\Controllers\Ventas))
 9 SYSTEMPATH\CodeIgniter.php(368): CodeIgniter\CodeIgniter->handleRequest(null, Object(Config\Cache), false)
10 FCPATH\index.php(73): CodeIgniter\CodeIgniter->run()
CRITICAL - 2024-06-20 16:52:41 --> SSL certificate problem: unable to get local issuer certificate
in FCPATH\vendor\mercadopago\dx-php\src\MercadoPago\RestClient.php on line 196.
 1 FCPATH\vendor\mercadopago\dx-php\src\MercadoPago\RestClient.php(222): MercadoPago\RestClient->exec([...])
 2 FCPATH\vendor\mercadopago\dx-php\src\MercadoPago\Config.php(146): MercadoPago\RestClient->get('/users/me')
 3 FCPATH\vendor\mercadopago\dx-php\src\MercadoPago\Config.php(112): MercadoPago\Config->getUserId('APP_USR-968923362167994-032112-2230b36cb9bd36944525d68d8edb89c7-1738428552')
 4 FCPATH\vendor\mercadopago\dx-php\src\MercadoPago\Config\AbstractConfig.php(96): MercadoPago\Config->set('ACCESS_TOKEN', 'APP_USR-968923362167994-032112-2230b36cb9bd36944525d68d8edb89c7-1738428552')
 5 FCPATH\vendor\mercadopago\dx-php\src\MercadoPago\SDK.php(45): MercadoPago\Config\AbstractConfig->configure([...])
 6 APPPATH\Controllers\Ventas.php(76): MercadoPago\SDK::setAccessToken('APP_USR-968923362167994-032112-2230b36cb9bd36944525d68d8edb89c7-1738428552')
 7 SYSTEMPATH\CodeIgniter.php(934): App\Controllers\Ventas->obtenerlinkpago()
 8 SYSTEMPATH\CodeIgniter.php(499): CodeIgniter\CodeIgniter->runController(Object(App\Controllers\Ventas))
 9 SYSTEMPATH\CodeIgniter.php(368): CodeIgniter\CodeIgniter->handleRequest(null, Object(Config\Cache), false)
10 FCPATH\index.php(73): CodeIgniter\CodeIgniter->run()
