ERROR - 2023-04-11 13:32:56 --> mysqli_sql_exception: You have an error in your SQL syntax; check the manual that corresponds to your MySQL server version for the right syntax to use near 'IS NULL
AND `ProdProyecciones`.`consecutivo` IS NULL
ORDER BY `ProdProyecciones`' at line 3 in D:\wamp64\www\ApiGasolineras\system\Database\MySQLi\Connection.php:295
Stack trace:
#0 D:\wamp64\www\ApiGasolineras\system\Database\MySQLi\Connection.php(295): mysqli->query('SELECT `ProdPro...', 0)
#1 D:\wamp64\www\ApiGasolineras\system\Database\BaseConnection.php(691): CodeIgniter\Database\MySQLi\Connection->execute('SELECT `ProdPro...')
#2 D:\wamp64\www\ApiGasolineras\system\Database\BaseConnection.php(605): CodeIgniter\Database\BaseConnection->simpleQuery('SELECT `ProdPro...')
#3 D:\wamp64\www\ApiGasolineras\system\Database\BaseBuilder.php(1616): CodeIgniter\Database\BaseConnection->query('SELECT `ProdPro...', Array, false)
#4 D:\wamp64\www\ApiGasolineras\app\Models\Proyeccion.php(137): CodeIgniter\Database\BaseBuilder->get()
#5 D:\wamp64\www\ApiGasolineras\app\Controllers\Ventas.php(80): App\Models\Proyeccion->getProyeccionessiguientes(NULL, NULL)
#6 D:\wamp64\www\ApiGasolineras\system\CodeIgniter.php(934): App\Controllers\Ventas->create()
#7 D:\wamp64\www\ApiGasolineras\system\CodeIgniter.php(499): CodeIgniter\CodeIgniter->runController(Object(App\Controllers\Ventas))
#8 D:\wamp64\www\ApiGasolineras\system\CodeIgniter.php(368): CodeIgniter\CodeIgniter->handleRequest(NULL, Object(Config\Cache), false)
#9 D:\wamp64\www\ApiGasolineras\index.php(73): CodeIgniter\CodeIgniter->run()
#10 {main}
CRITICAL - 2023-04-11 13:32:56 --> You have an error in your SQL syntax; check the manual that corresponds to your MySQL server version for the right syntax to use near 'IS NULL
AND `ProdProyecciones`.`consecutivo` IS NULL
ORDER BY `ProdProyecciones`' at line 3
in SYSTEMPATH\Database\BaseConnection.php on line 645.
 1 SYSTEMPATH\Database\BaseBuilder.php(1616): CodeIgniter\Database\BaseConnection->query('SELECT `ProdProyecciones`.*
FROM `ProdProyecciones`
WHERE `ProdProyecciones`.`idProyeccion` > IS NULL
AND `ProdProyecciones`.`consecutivo` IS NULL
ORDER BY `ProdProyecciones`.`idProyeccion` ASC', [], false)
 2 APPPATH\Models\Proyeccion.php(137): CodeIgniter\Database\BaseBuilder->get()
 3 APPPATH\Controllers\Ventas.php(80): App\Models\Proyeccion->getProyeccionessiguientes(null, null)
 4 SYSTEMPATH\CodeIgniter.php(934): App\Controllers\Ventas->create()
 5 SYSTEMPATH\CodeIgniter.php(499): CodeIgniter\CodeIgniter->runController(Object(App\Controllers\Ventas))
 6 SYSTEMPATH\CodeIgniter.php(368): CodeIgniter\CodeIgniter->handleRequest(null, Object(Config\Cache), false)
 7 FCPATH\index.php(73): CodeIgniter\CodeIgniter->run()
CRITICAL - 2023-04-11 13:36:22 --> Trying to access array offset on value of type null
in APPPATH\Controllers\Ventas.php on line 75.
 1 APPPATH\Controllers\Ventas.php(75): CodeIgniter\Debug\Exceptions->errorHandler(8, 'Trying to access array offset on value of type null', 'APPPATH\\Controllers\\Ventas.php', 75, [...])
 2 SYSTEMPATH\CodeIgniter.php(934): App\Controllers\Ventas->create()
 3 SYSTEMPATH\CodeIgniter.php(499): CodeIgniter\CodeIgniter->runController(Object(App\Controllers\Ventas))
 4 SYSTEMPATH\CodeIgniter.php(368): CodeIgniter\CodeIgniter->handleRequest(null, Object(Config\Cache), false)
 5 FCPATH\index.php(73): CodeIgniter\CodeIgniter->run()
ERROR - 2023-04-11 13:52:27 --> mysqli_sql_exception: You have an error in your SQL syntax; check the manual that corresponds to your MySQL server version for the right syntax to use near 'IS NULL
AND `ProdProyecciones`.`consecutivo` IS NULL
ORDER BY `ProdProyecciones`' at line 3 in D:\wamp64\www\ApiGasolineras\system\Database\MySQLi\Connection.php:295
Stack trace:
#0 D:\wamp64\www\ApiGasolineras\system\Database\MySQLi\Connection.php(295): mysqli->query('SELECT `ProdPro...', 0)
#1 D:\wamp64\www\ApiGasolineras\system\Database\BaseConnection.php(691): CodeIgniter\Database\MySQLi\Connection->execute('SELECT `ProdPro...')
#2 D:\wamp64\www\ApiGasolineras\system\Database\BaseConnection.php(605): CodeIgniter\Database\BaseConnection->simpleQuery('SELECT `ProdPro...')
#3 D:\wamp64\www\ApiGasolineras\system\Database\BaseBuilder.php(1616): CodeIgniter\Database\BaseConnection->query('SELECT `ProdPro...', Array, false)
#4 D:\wamp64\www\ApiGasolineras\app\Models\Proyeccion.php(137): CodeIgniter\Database\BaseBuilder->get()
#5 D:\wamp64\www\ApiGasolineras\app\Controllers\Ventas.php(80): App\Models\Proyeccion->getProyeccionessiguientes(NULL, NULL)
#6 D:\wamp64\www\ApiGasolineras\system\CodeIgniter.php(934): App\Controllers\Ventas->create()
#7 D:\wamp64\www\ApiGasolineras\system\CodeIgniter.php(499): CodeIgniter\CodeIgniter->runController(Object(App\Controllers\Ventas))
#8 D:\wamp64\www\ApiGasolineras\system\CodeIgniter.php(368): CodeIgniter\CodeIgniter->handleRequest(NULL, Object(Config\Cache), false)
#9 D:\wamp64\www\ApiGasolineras\index.php(73): CodeIgniter\CodeIgniter->run()
#10 {main}
CRITICAL - 2023-04-11 13:52:27 --> You have an error in your SQL syntax; check the manual that corresponds to your MySQL server version for the right syntax to use near 'IS NULL
AND `ProdProyecciones`.`consecutivo` IS NULL
ORDER BY `ProdProyecciones`' at line 3
in SYSTEMPATH\Database\BaseConnection.php on line 645.
 1 SYSTEMPATH\Database\BaseBuilder.php(1616): CodeIgniter\Database\BaseConnection->query('SELECT `ProdProyecciones`.*
FROM `ProdProyecciones`
WHERE `ProdProyecciones`.`idProyeccion` > IS NULL
AND `ProdProyecciones`.`consecutivo` IS NULL
ORDER BY `ProdProyecciones`.`idProyeccion` ASC', [], false)
 2 APPPATH\Models\Proyeccion.php(137): CodeIgniter\Database\BaseBuilder->get()
 3 APPPATH\Controllers\Ventas.php(80): App\Models\Proyeccion->getProyeccionessiguientes(null, null)
 4 SYSTEMPATH\CodeIgniter.php(934): App\Controllers\Ventas->create()
 5 SYSTEMPATH\CodeIgniter.php(499): CodeIgniter\CodeIgniter->runController(Object(App\Controllers\Ventas))
 6 SYSTEMPATH\CodeIgniter.php(368): CodeIgniter\CodeIgniter->handleRequest(null, Object(Config\Cache), false)
 7 FCPATH\index.php(73): CodeIgniter\CodeIgniter->run()
CRITICAL - 2023-04-11 13:53:06 --> Trying to access array offset on value of type null
in APPPATH\Controllers\Ventas.php on line 75.
 1 APPPATH\Controllers\Ventas.php(75): CodeIgniter\Debug\Exceptions->errorHandler(8, 'Trying to access array offset on value of type null', 'APPPATH\\Controllers\\Ventas.php', 75, [...])
 2 SYSTEMPATH\CodeIgniter.php(934): App\Controllers\Ventas->create()
 3 SYSTEMPATH\CodeIgniter.php(499): CodeIgniter\CodeIgniter->runController(Object(App\Controllers\Ventas))
 4 SYSTEMPATH\CodeIgniter.php(368): CodeIgniter\CodeIgniter->handleRequest(null, Object(Config\Cache), false)
 5 FCPATH\index.php(73): CodeIgniter\CodeIgniter->run()
CRITICAL - 2023-04-11 14:00:57 --> Array to string conversion
in APPPATH\Controllers\Ventas.php on line 79.
 1 APPPATH\Controllers\Ventas.php(79): CodeIgniter\Debug\Exceptions->errorHandler(8, 'Array to string conversion', 'APPPATH\\Controllers\\Ventas.php', 79, [...])
 2 SYSTEMPATH\CodeIgniter.php(934): App\Controllers\Ventas->create()
 3 SYSTEMPATH\CodeIgniter.php(499): CodeIgniter\CodeIgniter->runController(Object(App\Controllers\Ventas))
 4 SYSTEMPATH\CodeIgniter.php(368): CodeIgniter\CodeIgniter->handleRequest(null, Object(Config\Cache), false)
 5 FCPATH\index.php(73): CodeIgniter\CodeIgniter->run()
ERROR - 2023-04-11 14:08:36 --> mysqli_sql_exception: You have an error in your SQL syntax; check the manual that corresponds to your MySQL server version for the right syntax to use near 'IS NULL
AND `ProdProyecciones`.`consecutivo` IS NULL
ORDER BY `ProdProyecciones`' at line 3 in D:\wamp64\www\ApiGasolineras\system\Database\MySQLi\Connection.php:295
Stack trace:
#0 D:\wamp64\www\ApiGasolineras\system\Database\MySQLi\Connection.php(295): mysqli->query('SELECT `ProdPro...', 0)
#1 D:\wamp64\www\ApiGasolineras\system\Database\BaseConnection.php(691): CodeIgniter\Database\MySQLi\Connection->execute('SELECT `ProdPro...')
#2 D:\wamp64\www\ApiGasolineras\system\Database\BaseConnection.php(605): CodeIgniter\Database\BaseConnection->simpleQuery('SELECT `ProdPro...')
#3 D:\wamp64\www\ApiGasolineras\system\Database\BaseBuilder.php(1616): CodeIgniter\Database\BaseConnection->query('SELECT `ProdPro...', Array, false)
#4 D:\wamp64\www\ApiGasolineras\app\Models\Proyeccion.php(137): CodeIgniter\Database\BaseBuilder->get()
#5 D:\wamp64\www\ApiGasolineras\app\Controllers\Ventas.php(139): App\Models\Proyeccion->getProyeccionessiguientes(NULL, NULL)
#6 D:\wamp64\www\ApiGasolineras\system\CodeIgniter.php(934): App\Controllers\Ventas->update('9')
#7 D:\wamp64\www\ApiGasolineras\system\CodeIgniter.php(499): CodeIgniter\CodeIgniter->runController(Object(App\Controllers\Ventas))
#8 D:\wamp64\www\ApiGasolineras\system\CodeIgniter.php(368): CodeIgniter\CodeIgniter->handleRequest(NULL, Object(Config\Cache), false)
#9 D:\wamp64\www\ApiGasolineras\index.php(73): CodeIgniter\CodeIgniter->run()
#10 {main}
CRITICAL - 2023-04-11 14:08:36 --> You have an error in your SQL syntax; check the manual that corresponds to your MySQL server version for the right syntax to use near 'IS NULL
AND `ProdProyecciones`.`consecutivo` IS NULL
ORDER BY `ProdProyecciones`' at line 3
in SYSTEMPATH\Database\BaseConnection.php on line 645.
 1 SYSTEMPATH\Database\BaseBuilder.php(1616): CodeIgniter\Database\BaseConnection->query('SELECT `ProdProyecciones`.*
FROM `ProdProyecciones`
WHERE `ProdProyecciones`.`idProyeccion` > IS NULL
AND `ProdProyecciones`.`consecutivo` IS NULL
ORDER BY `ProdProyecciones`.`idProyeccion` ASC', [], false)
 2 APPPATH\Models\Proyeccion.php(137): CodeIgniter\Database\BaseBuilder->get()
 3 APPPATH\Controllers\Ventas.php(139): App\Models\Proyeccion->getProyeccionessiguientes(null, null)
 4 SYSTEMPATH\CodeIgniter.php(934): App\Controllers\Ventas->update('9')
 5 SYSTEMPATH\CodeIgniter.php(499): CodeIgniter\CodeIgniter->runController(Object(App\Controllers\Ventas))
 6 SYSTEMPATH\CodeIgniter.php(368): CodeIgniter\CodeIgniter->handleRequest(null, Object(Config\Cache), false)
 7 FCPATH\index.php(73): CodeIgniter\CodeIgniter->run()
CRITICAL - 2023-04-11 14:12:36 --> Trying to access array offset on value of type null
in APPPATH\Controllers\Ventas.php on line 134.
 1 APPPATH\Controllers\Ventas.php(134): CodeIgniter\Debug\Exceptions->errorHandler(8, 'Trying to access array offset on value of type null', 'APPPATH\\Controllers\\Ventas.php', 134, [...])
 2 SYSTEMPATH\CodeIgniter.php(934): App\Controllers\Ventas->update('9')
 3 SYSTEMPATH\CodeIgniter.php(499): CodeIgniter\CodeIgniter->runController(Object(App\Controllers\Ventas))
 4 SYSTEMPATH\CodeIgniter.php(368): CodeIgniter\CodeIgniter->handleRequest(null, Object(Config\Cache), false)
 5 FCPATH\index.php(73): CodeIgniter\CodeIgniter->run()
ERROR - 2023-04-11 14:39:58 --> mysqli_sql_exception: You have an error in your SQL syntax; check the manual that corresponds to your MySQL server version for the right syntax to use near 'IS NULL
AND `ProdProyecciones`.`consecutivo` IS NULL
ORDER BY `ProdProyecciones`' at line 3 in D:\wamp64\www\ApiGasolineras\system\Database\MySQLi\Connection.php:295
Stack trace:
#0 D:\wamp64\www\ApiGasolineras\system\Database\MySQLi\Connection.php(295): mysqli->query('SELECT `ProdPro...', 0)
#1 D:\wamp64\www\ApiGasolineras\system\Database\BaseConnection.php(691): CodeIgniter\Database\MySQLi\Connection->execute('SELECT `ProdPro...')
#2 D:\wamp64\www\ApiGasolineras\system\Database\BaseConnection.php(605): CodeIgniter\Database\BaseConnection->simpleQuery('SELECT `ProdPro...')
#3 D:\wamp64\www\ApiGasolineras\system\Database\BaseBuilder.php(1616): CodeIgniter\Database\BaseConnection->query('SELECT `ProdPro...', Array, false)
#4 D:\wamp64\www\ApiGasolineras\app\Models\Proyeccion.php(137): CodeIgniter\Database\BaseBuilder->get()
#5 D:\wamp64\www\ApiGasolineras\app\Controllers\Compras.php(76): App\Models\Proyeccion->getProyeccionessiguientes(NULL, NULL)
#6 D:\wamp64\www\ApiGasolineras\system\CodeIgniter.php(934): App\Controllers\Compras->create()
#7 D:\wamp64\www\ApiGasolineras\system\CodeIgniter.php(499): CodeIgniter\CodeIgniter->runController(Object(App\Controllers\Compras))
#8 D:\wamp64\www\ApiGasolineras\system\CodeIgniter.php(368): CodeIgniter\CodeIgniter->handleRequest(NULL, Object(Config\Cache), false)
#9 D:\wamp64\www\ApiGasolineras\index.php(73): CodeIgniter\CodeIgniter->run()
#10 {main}
CRITICAL - 2023-04-11 14:39:58 --> You have an error in your SQL syntax; check the manual that corresponds to your MySQL server version for the right syntax to use near 'IS NULL
AND `ProdProyecciones`.`consecutivo` IS NULL
ORDER BY `ProdProyecciones`' at line 3
in SYSTEMPATH\Database\BaseConnection.php on line 645.
 1 SYSTEMPATH\Database\BaseBuilder.php(1616): CodeIgniter\Database\BaseConnection->query('SELECT `ProdProyecciones`.*
FROM `ProdProyecciones`
WHERE `ProdProyecciones`.`idProyeccion` > IS NULL
AND `ProdProyecciones`.`consecutivo` IS NULL
ORDER BY `ProdProyecciones`.`idProyeccion` ASC', [], false)
 2 APPPATH\Models\Proyeccion.php(137): CodeIgniter\Database\BaseBuilder->get()
 3 APPPATH\Controllers\Compras.php(76): App\Models\Proyeccion->getProyeccionessiguientes(null, null)
 4 SYSTEMPATH\CodeIgniter.php(934): App\Controllers\Compras->create()
 5 SYSTEMPATH\CodeIgniter.php(499): CodeIgniter\CodeIgniter->runController(Object(App\Controllers\Compras))
 6 SYSTEMPATH\CodeIgniter.php(368): CodeIgniter\CodeIgniter->handleRequest(null, Object(Config\Cache), false)
 7 FCPATH\index.php(73): CodeIgniter\CodeIgniter->run()
ERROR - 2023-04-11 15:30:39 --> mysqli_sql_exception: You have an error in your SQL syntax; check the manual that corresponds to your MySQL server version for the right syntax to use near 'IS NULL
AND `ProdProyecciones`.`consecutivo` IS NULL
ORDER BY `ProdProyecciones`' at line 3 in D:\wamp64\www\ApiGasolineras\system\Database\MySQLi\Connection.php:295
Stack trace:
#0 D:\wamp64\www\ApiGasolineras\system\Database\MySQLi\Connection.php(295): mysqli->query('SELECT `ProdPro...', 0)
#1 D:\wamp64\www\ApiGasolineras\system\Database\BaseConnection.php(691): CodeIgniter\Database\MySQLi\Connection->execute('SELECT `ProdPro...')
#2 D:\wamp64\www\ApiGasolineras\system\Database\BaseConnection.php(605): CodeIgniter\Database\BaseConnection->simpleQuery('SELECT `ProdPro...')
#3 D:\wamp64\www\ApiGasolineras\system\Database\BaseBuilder.php(1616): CodeIgniter\Database\BaseConnection->query('SELECT `ProdPro...', Array, false)
#4 D:\wamp64\www\ApiGasolineras\app\Models\Proyeccion.php(137): CodeIgniter\Database\BaseBuilder->get()
#5 D:\wamp64\www\ApiGasolineras\app\Controllers\Compras.php(76): App\Models\Proyeccion->getProyeccionessiguientes(NULL, NULL)
#6 D:\wamp64\www\ApiGasolineras\system\CodeIgniter.php(934): App\Controllers\Compras->create()
#7 D:\wamp64\www\ApiGasolineras\system\CodeIgniter.php(499): CodeIgniter\CodeIgniter->runController(Object(App\Controllers\Compras))
#8 D:\wamp64\www\ApiGasolineras\system\CodeIgniter.php(368): CodeIgniter\CodeIgniter->handleRequest(NULL, Object(Config\Cache), false)
#9 D:\wamp64\www\ApiGasolineras\index.php(73): CodeIgniter\CodeIgniter->run()
#10 {main}
CRITICAL - 2023-04-11 15:30:39 --> You have an error in your SQL syntax; check the manual that corresponds to your MySQL server version for the right syntax to use near 'IS NULL
AND `ProdProyecciones`.`consecutivo` IS NULL
ORDER BY `ProdProyecciones`' at line 3
in SYSTEMPATH\Database\BaseConnection.php on line 645.
 1 SYSTEMPATH\Database\BaseBuilder.php(1616): CodeIgniter\Database\BaseConnection->query('SELECT `ProdProyecciones`.*
FROM `ProdProyecciones`
WHERE `ProdProyecciones`.`idProyeccion` > IS NULL
AND `ProdProyecciones`.`consecutivo` IS NULL
ORDER BY `ProdProyecciones`.`idProyeccion` ASC', [], false)
 2 APPPATH\Models\Proyeccion.php(137): CodeIgniter\Database\BaseBuilder->get()
 3 APPPATH\Controllers\Compras.php(76): App\Models\Proyeccion->getProyeccionessiguientes(null, null)
 4 SYSTEMPATH\CodeIgniter.php(934): App\Controllers\Compras->create()
 5 SYSTEMPATH\CodeIgniter.php(499): CodeIgniter\CodeIgniter->runController(Object(App\Controllers\Compras))
 6 SYSTEMPATH\CodeIgniter.php(368): CodeIgniter\CodeIgniter->handleRequest(null, Object(Config\Cache), false)
 7 FCPATH\index.php(73): CodeIgniter\CodeIgniter->run()
CRITICAL - 2023-04-11 15:30:54 --> Trying to access array offset on value of type null
in APPPATH\Controllers\Compras.php on line 73.
 1 APPPATH\Controllers\Compras.php(73): CodeIgniter\Debug\Exceptions->errorHandler(8, 'Trying to access array offset on value of type null', 'APPPATH\\Controllers\\Compras.php', 73, [...])
 2 SYSTEMPATH\CodeIgniter.php(934): App\Controllers\Compras->create()
 3 SYSTEMPATH\CodeIgniter.php(499): CodeIgniter\CodeIgniter->runController(Object(App\Controllers\Compras))
 4 SYSTEMPATH\CodeIgniter.php(368): CodeIgniter\CodeIgniter->handleRequest(null, Object(Config\Cache), false)
 5 FCPATH\index.php(73): CodeIgniter\CodeIgniter->run()
ERROR - 2023-04-11 16:21:42 --> mysqli_sql_exception: You have an error in your SQL syntax; check the manual that corresponds to your MySQL server version for the right syntax to use near 'IS NULL
AND `ProdProyecciones`.`consecutivo` IS NULL
ORDER BY `ProdProyecciones`' at line 3 in D:\wamp64\www\ApiGasolineras\system\Database\MySQLi\Connection.php:295
Stack trace:
#0 D:\wamp64\www\ApiGasolineras\system\Database\MySQLi\Connection.php(295): mysqli->query('SELECT `ProdPro...', 0)
#1 D:\wamp64\www\ApiGasolineras\system\Database\BaseConnection.php(691): CodeIgniter\Database\MySQLi\Connection->execute('SELECT `ProdPro...')
#2 D:\wamp64\www\ApiGasolineras\system\Database\BaseConnection.php(605): CodeIgniter\Database\BaseConnection->simpleQuery('SELECT `ProdPro...')
#3 D:\wamp64\www\ApiGasolineras\system\Database\BaseBuilder.php(1616): CodeIgniter\Database\BaseConnection->query('SELECT `ProdPro...', Array, false)
#4 D:\wamp64\www\ApiGasolineras\app\Models\Proyeccion.php(137): CodeIgniter\Database\BaseBuilder->get()
#5 D:\wamp64\www\ApiGasolineras\app\Controllers\Compras.php(163): App\Models\Proyeccion->getProyeccionessiguientes(NULL, NULL)
#6 D:\wamp64\www\ApiGasolineras\system\CodeIgniter.php(934): App\Controllers\Compras->update('6')
#7 D:\wamp64\www\ApiGasolineras\system\CodeIgniter.php(499): CodeIgniter\CodeIgniter->runController(Object(App\Controllers\Compras))
#8 D:\wamp64\www\ApiGasolineras\system\CodeIgniter.php(368): CodeIgniter\CodeIgniter->handleRequest(NULL, Object(Config\Cache), false)
#9 D:\wamp64\www\ApiGasolineras\index.php(73): CodeIgniter\CodeIgniter->run()
#10 {main}
CRITICAL - 2023-04-11 16:21:42 --> You have an error in your SQL syntax; check the manual that corresponds to your MySQL server version for the right syntax to use near 'IS NULL
AND `ProdProyecciones`.`consecutivo` IS NULL
ORDER BY `ProdProyecciones`' at line 3
in SYSTEMPATH\Database\BaseConnection.php on line 645.
 1 SYSTEMPATH\Database\BaseBuilder.php(1616): CodeIgniter\Database\BaseConnection->query('SELECT `ProdProyecciones`.*
FROM `ProdProyecciones`
WHERE `ProdProyecciones`.`idProyeccion` > IS NULL
AND `ProdProyecciones`.`consecutivo` IS NULL
ORDER BY `ProdProyecciones`.`idProyeccion` ASC', [], false)
 2 APPPATH\Models\Proyeccion.php(137): CodeIgniter\Database\BaseBuilder->get()
 3 APPPATH\Controllers\Compras.php(163): App\Models\Proyeccion->getProyeccionessiguientes(null, null)
 4 SYSTEMPATH\CodeIgniter.php(934): App\Controllers\Compras->update('6')
 5 SYSTEMPATH\CodeIgniter.php(499): CodeIgniter\CodeIgniter->runController(Object(App\Controllers\Compras))
 6 SYSTEMPATH\CodeIgniter.php(368): CodeIgniter\CodeIgniter->handleRequest(null, Object(Config\Cache), false)
 7 FCPATH\index.php(73): CodeIgniter\CodeIgniter->run()
CRITICAL - 2023-04-11 18:02:29 --> Array to string conversion
in APPPATH\Controllers\Compras.php on line 74.
 1 APPPATH\Controllers\Compras.php(74): CodeIgniter\Debug\Exceptions->errorHandler(8, 'Array to string conversion', 'APPPATH\\Controllers\\Compras.php', 74, [...])
 2 SYSTEMPATH\CodeIgniter.php(934): App\Controllers\Compras->create()
 3 SYSTEMPATH\CodeIgniter.php(499): CodeIgniter\CodeIgniter->runController(Object(App\Controllers\Compras))
 4 SYSTEMPATH\CodeIgniter.php(368): CodeIgniter\CodeIgniter->handleRequest(null, Object(Config\Cache), false)
 5 FCPATH\index.php(73): CodeIgniter\CodeIgniter->run()
CRITICAL - 2023-04-11 18:09:43 --> Array to string conversion
in APPPATH\Controllers\Compras.php on line 74.
 1 APPPATH\Controllers\Compras.php(74): CodeIgniter\Debug\Exceptions->errorHandler(8, 'Array to string conversion', 'APPPATH\\Controllers\\Compras.php', 74, [...])
 2 SYSTEMPATH\CodeIgniter.php(934): App\Controllers\Compras->create()
 3 SYSTEMPATH\CodeIgniter.php(499): CodeIgniter\CodeIgniter->runController(Object(App\Controllers\Compras))
 4 SYSTEMPATH\CodeIgniter.php(368): CodeIgniter\CodeIgniter->handleRequest(null, Object(Config\Cache), false)
 5 FCPATH\index.php(73): CodeIgniter\CodeIgniter->run()
ERROR - 2023-04-11 18:18:16 --> mysqli_sql_exception: You have an error in your SQL syntax; check the manual that corresponds to your MySQL server version for the right syntax to use near 'IS NULL
AND `ProdProyecciones`.`consecutivo` IS NULL
ORDER BY `ProdProyecciones`' at line 3 in D:\wamp64\www\ApiGasolineras\system\Database\MySQLi\Connection.php:295
Stack trace:
#0 D:\wamp64\www\ApiGasolineras\system\Database\MySQLi\Connection.php(295): mysqli->query('SELECT `ProdPro...', 0)
#1 D:\wamp64\www\ApiGasolineras\system\Database\BaseConnection.php(691): CodeIgniter\Database\MySQLi\Connection->execute('SELECT `ProdPro...')
#2 D:\wamp64\www\ApiGasolineras\system\Database\BaseConnection.php(605): CodeIgniter\Database\BaseConnection->simpleQuery('SELECT `ProdPro...')
#3 D:\wamp64\www\ApiGasolineras\system\Database\BaseBuilder.php(1616): CodeIgniter\Database\BaseConnection->query('SELECT `ProdPro...', Array, false)
#4 D:\wamp64\www\ApiGasolineras\app\Models\Proyeccion.php(137): CodeIgniter\Database\BaseBuilder->get()
#5 D:\wamp64\www\ApiGasolineras\app\Controllers\Compras.php(163): App\Models\Proyeccion->getProyeccionessiguientes(NULL, NULL)
#6 D:\wamp64\www\ApiGasolineras\system\CodeIgniter.php(934): App\Controllers\Compras->update('14')
#7 D:\wamp64\www\ApiGasolineras\system\CodeIgniter.php(499): CodeIgniter\CodeIgniter->runController(Object(App\Controllers\Compras))
#8 D:\wamp64\www\ApiGasolineras\system\CodeIgniter.php(368): CodeIgniter\CodeIgniter->handleRequest(NULL, Object(Config\Cache), false)
#9 D:\wamp64\www\ApiGasolineras\index.php(73): CodeIgniter\CodeIgniter->run()
#10 {main}
CRITICAL - 2023-04-11 18:18:16 --> You have an error in your SQL syntax; check the manual that corresponds to your MySQL server version for the right syntax to use near 'IS NULL
AND `ProdProyecciones`.`consecutivo` IS NULL
ORDER BY `ProdProyecciones`' at line 3
in SYSTEMPATH\Database\BaseConnection.php on line 645.
 1 SYSTEMPATH\Database\BaseBuilder.php(1616): CodeIgniter\Database\BaseConnection->query('SELECT `ProdProyecciones`.*
FROM `ProdProyecciones`
WHERE `ProdProyecciones`.`idProyeccion` > IS NULL
AND `ProdProyecciones`.`consecutivo` IS NULL
ORDER BY `ProdProyecciones`.`idProyeccion` ASC', [], false)
 2 APPPATH\Models\Proyeccion.php(137): CodeIgniter\Database\BaseBuilder->get()
 3 APPPATH\Controllers\Compras.php(163): App\Models\Proyeccion->getProyeccionessiguientes(null, null)
 4 SYSTEMPATH\CodeIgniter.php(934): App\Controllers\Compras->update('14')
 5 SYSTEMPATH\CodeIgniter.php(499): CodeIgniter\CodeIgniter->runController(Object(App\Controllers\Compras))
 6 SYSTEMPATH\CodeIgniter.php(368): CodeIgniter\CodeIgniter->handleRequest(null, Object(Config\Cache), false)
 7 FCPATH\index.php(73): CodeIgniter\CodeIgniter->run()
CRITICAL - 2023-04-11 18:33:14 --> Trying to access array offset on value of type null
in APPPATH\Controllers\Compras.php on line 160.
 1 APPPATH\Controllers\Compras.php(160): CodeIgniter\Debug\Exceptions->errorHandler(8, 'Trying to access array offset on value of type null', 'APPPATH\\Controllers\\Compras.php', 160, [...])
 2 SYSTEMPATH\CodeIgniter.php(934): App\Controllers\Compras->update('14')
 3 SYSTEMPATH\CodeIgniter.php(499): CodeIgniter\CodeIgniter->runController(Object(App\Controllers\Compras))
 4 SYSTEMPATH\CodeIgniter.php(368): CodeIgniter\CodeIgniter->handleRequest(null, Object(Config\Cache), false)
 5 FCPATH\index.php(73): CodeIgniter\CodeIgniter->run()
