CRITICAL - 2024-03-25 14:40:16 --> Invalid argument supplied for foreach()
in APPPATH\Controllers\Ventas.php on line 198.
 1 APPPATH\Controllers\Ventas.php(198): CodeIgniter\Debug\Exceptions->errorHandler(2, 'Invalid argument supplied for foreach()', 'APPPATH\\Controllers\\Ventas.php', 198, [...])
 2 SYSTEMPATH\CodeIgniter.php(934): App\Controllers\Ventas->crearventa()
 3 SYSTEMPATH\CodeIgniter.php(499): CodeIgniter\CodeIgniter->runController(Object(App\Controllers\Ventas))
 4 SYSTEMPATH\CodeIgniter.php(368): CodeIgniter\CodeIgniter->handleRequest(null, Object(Config\Cache), false)
 5 FCPATH\index.php(73): CodeIgniter\CodeIgniter->run()
CRITICAL - 2024-03-25 14:40:17 --> Invalid argument supplied for foreach()
in APPPATH\Controllers\Ventas.php on line 198.
 1 APPPATH\Controllers\Ventas.php(198): CodeIgniter\Debug\Exceptions->errorHandler(2, 'Invalid argument supplied for foreach()', 'APPPATH\\Controllers\\Ventas.php', 198, [...])
 2 SYSTEMPATH\CodeIgniter.php(934): App\Controllers\Ventas->crearventa()
 3 SYSTEMPATH\CodeIgniter.php(499): CodeIgniter\CodeIgniter->runController(Object(App\Controllers\Ventas))
 4 SYSTEMPATH\CodeIgniter.php(368): CodeIgniter\CodeIgniter->handleRequest(null, Object(Config\Cache), false)
 5 FCPATH\index.php(73): CodeIgniter\CodeIgniter->run()
CRITICAL - 2024-03-25 14:40:17 --> Invalid argument supplied for foreach()
in APPPATH\Controllers\Ventas.php on line 198.
 1 APPPATH\Controllers\Ventas.php(198): CodeIgniter\Debug\Exceptions->errorHandler(2, 'Invalid argument supplied for foreach()', 'APPPATH\\Controllers\\Ventas.php', 198, [...])
 2 SYSTEMPATH\CodeIgniter.php(934): App\Controllers\Ventas->crearventa()
 3 SYSTEMPATH\CodeIgniter.php(499): CodeIgniter\CodeIgniter->runController(Object(App\Controllers\Ventas))
 4 SYSTEMPATH\CodeIgniter.php(368): CodeIgniter\CodeIgniter->handleRequest(null, Object(Config\Cache), false)
 5 FCPATH\index.php(73): CodeIgniter\CodeIgniter->run()
CRITICAL - 2024-03-25 14:41:18 --> Invalid argument supplied for foreach()
in APPPATH\Controllers\Ventas.php on line 198.
 1 APPPATH\Controllers\Ventas.php(198): CodeIgniter\Debug\Exceptions->errorHandler(2, 'Invalid argument supplied for foreach()', 'APPPATH\\Controllers\\Ventas.php', 198, [...])
 2 SYSTEMPATH\CodeIgniter.php(934): App\Controllers\Ventas->crearventa()
 3 SYSTEMPATH\CodeIgniter.php(499): CodeIgniter\CodeIgniter->runController(Object(App\Controllers\Ventas))
 4 SYSTEMPATH\CodeIgniter.php(368): CodeIgniter\CodeIgniter->handleRequest(null, Object(Config\Cache), false)
 5 FCPATH\index.php(73): CodeIgniter\CodeIgniter->run()
CRITICAL - 2024-03-25 14:41:18 --> Invalid argument supplied for foreach()
in APPPATH\Controllers\Ventas.php on line 198.
 1 APPPATH\Controllers\Ventas.php(198): CodeIgniter\Debug\Exceptions->errorHandler(2, 'Invalid argument supplied for foreach()', 'APPPATH\\Controllers\\Ventas.php', 198, [...])
 2 SYSTEMPATH\CodeIgniter.php(934): App\Controllers\Ventas->crearventa()
 3 SYSTEMPATH\CodeIgniter.php(499): CodeIgniter\CodeIgniter->runController(Object(App\Controllers\Ventas))
 4 SYSTEMPATH\CodeIgniter.php(368): CodeIgniter\CodeIgniter->handleRequest(null, Object(Config\Cache), false)
 5 FCPATH\index.php(73): CodeIgniter\CodeIgniter->run()
CRITICAL - 2024-03-25 15:00:20 --> Invalid argument supplied for foreach()
in APPPATH\Controllers\Ventas.php on line 198.
 1 APPPATH\Controllers\Ventas.php(198): CodeIgniter\Debug\Exceptions->errorHandler(2, 'Invalid argument supplied for foreach()', 'APPPATH\\Controllers\\Ventas.php', 198, [...])
 2 SYSTEMPATH\CodeIgniter.php(934): App\Controllers\Ventas->crearventa()
 3 SYSTEMPATH\CodeIgniter.php(499): CodeIgniter\CodeIgniter->runController(Object(App\Controllers\Ventas))
 4 SYSTEMPATH\CodeIgniter.php(368): CodeIgniter\CodeIgniter->handleRequest(null, Object(Config\Cache), false)
 5 FCPATH\index.php(73): CodeIgniter\CodeIgniter->run()
CRITICAL - 2024-03-25 15:01:15 --> Invalid argument supplied for foreach()
in APPPATH\Controllers\Ventas.php on line 198.
 1 APPPATH\Controllers\Ventas.php(198): CodeIgniter\Debug\Exceptions->errorHandler(2, 'Invalid argument supplied for foreach()', 'APPPATH\\Controllers\\Ventas.php', 198, [...])
 2 SYSTEMPATH\CodeIgniter.php(934): App\Controllers\Ventas->crearventa()
 3 SYSTEMPATH\CodeIgniter.php(499): CodeIgniter\CodeIgniter->runController(Object(App\Controllers\Ventas))
 4 SYSTEMPATH\CodeIgniter.php(368): CodeIgniter\CodeIgniter->handleRequest(null, Object(Config\Cache), false)
 5 FCPATH\index.php(73): CodeIgniter\CodeIgniter->run()
CRITICAL - 2024-03-25 15:35:24 --> Invalid argument supplied for foreach()
in APPPATH\Controllers\Ventas.php on line 198.
 1 APPPATH\Controllers\Ventas.php(198): CodeIgniter\Debug\Exceptions->errorHandler(2, 'Invalid argument supplied for foreach()', 'APPPATH\\Controllers\\Ventas.php', 198, [...])
 2 SYSTEMPATH\CodeIgniter.php(934): App\Controllers\Ventas->crearventa()
 3 SYSTEMPATH\CodeIgniter.php(499): CodeIgniter\CodeIgniter->runController(Object(App\Controllers\Ventas))
 4 SYSTEMPATH\CodeIgniter.php(368): CodeIgniter\CodeIgniter->handleRequest(null, Object(Config\Cache), false)
 5 FCPATH\index.php(73): CodeIgniter\CodeIgniter->run()
CRITICAL - 2024-03-25 15:35:24 --> Invalid argument supplied for foreach()
in APPPATH\Controllers\Ventas.php on line 198.
 1 APPPATH\Controllers\Ventas.php(198): CodeIgniter\Debug\Exceptions->errorHandler(2, 'Invalid argument supplied for foreach()', 'APPPATH\\Controllers\\Ventas.php', 198, [...])
 2 SYSTEMPATH\CodeIgniter.php(934): App\Controllers\Ventas->crearventa()
 3 SYSTEMPATH\CodeIgniter.php(499): CodeIgniter\CodeIgniter->runController(Object(App\Controllers\Ventas))
 4 SYSTEMPATH\CodeIgniter.php(368): CodeIgniter\CodeIgniter->handleRequest(null, Object(Config\Cache), false)
 5 FCPATH\index.php(73): CodeIgniter\CodeIgniter->run()
CRITICAL - 2024-03-25 15:35:25 --> Invalid argument supplied for foreach()
in APPPATH\Controllers\Ventas.php on line 198.
 1 APPPATH\Controllers\Ventas.php(198): CodeIgniter\Debug\Exceptions->errorHandler(2, 'Invalid argument supplied for foreach()', 'APPPATH\\Controllers\\Ventas.php', 198, [...])
 2 SYSTEMPATH\CodeIgniter.php(934): App\Controllers\Ventas->crearventa()
 3 SYSTEMPATH\CodeIgniter.php(499): CodeIgniter\CodeIgniter->runController(Object(App\Controllers\Ventas))
 4 SYSTEMPATH\CodeIgniter.php(368): CodeIgniter\CodeIgniter->handleRequest(null, Object(Config\Cache), false)
 5 FCPATH\index.php(73): CodeIgniter\CodeIgniter->run()
CRITICAL - 2024-03-25 15:36:24 --> Invalid argument supplied for foreach()
in APPPATH\Controllers\Ventas.php on line 198.
 1 APPPATH\Controllers\Ventas.php(198): CodeIgniter\Debug\Exceptions->errorHandler(2, 'Invalid argument supplied for foreach()', 'APPPATH\\Controllers\\Ventas.php', 198, [...])
 2 SYSTEMPATH\CodeIgniter.php(934): App\Controllers\Ventas->crearventa()
 3 SYSTEMPATH\CodeIgniter.php(499): CodeIgniter\CodeIgniter->runController(Object(App\Controllers\Ventas))
 4 SYSTEMPATH\CodeIgniter.php(368): CodeIgniter\CodeIgniter->handleRequest(null, Object(Config\Cache), false)
 5 FCPATH\index.php(73): CodeIgniter\CodeIgniter->run()
CRITICAL - 2024-03-25 15:36:25 --> Invalid argument supplied for foreach()
in APPPATH\Controllers\Ventas.php on line 198.
 1 APPPATH\Controllers\Ventas.php(198): CodeIgniter\Debug\Exceptions->errorHandler(2, 'Invalid argument supplied for foreach()', 'APPPATH\\Controllers\\Ventas.php', 198, [...])
 2 SYSTEMPATH\CodeIgniter.php(934): App\Controllers\Ventas->crearventa()
 3 SYSTEMPATH\CodeIgniter.php(499): CodeIgniter\CodeIgniter->runController(Object(App\Controllers\Ventas))
 4 SYSTEMPATH\CodeIgniter.php(368): CodeIgniter\CodeIgniter->handleRequest(null, Object(Config\Cache), false)
 5 FCPATH\index.php(73): CodeIgniter\CodeIgniter->run()
CRITICAL - 2024-03-25 15:36:43 --> Invalid argument supplied for foreach()
in APPPATH\Controllers\Ventas.php on line 198.
 1 APPPATH\Controllers\Ventas.php(198): CodeIgniter\Debug\Exceptions->errorHandler(2, 'Invalid argument supplied for foreach()', 'APPPATH\\Controllers\\Ventas.php', 198, [...])
 2 SYSTEMPATH\CodeIgniter.php(934): App\Controllers\Ventas->crearventa()
 3 SYSTEMPATH\CodeIgniter.php(499): CodeIgniter\CodeIgniter->runController(Object(App\Controllers\Ventas))
 4 SYSTEMPATH\CodeIgniter.php(368): CodeIgniter\CodeIgniter->handleRequest(null, Object(Config\Cache), false)
 5 FCPATH\index.php(73): CodeIgniter\CodeIgniter->run()
CRITICAL - 2024-03-25 15:37:26 --> Invalid argument supplied for foreach()
in APPPATH\Controllers\Ventas.php on line 198.
 1 APPPATH\Controllers\Ventas.php(198): CodeIgniter\Debug\Exceptions->errorHandler(2, 'Invalid argument supplied for foreach()', 'APPPATH\\Controllers\\Ventas.php', 198, [...])
 2 SYSTEMPATH\CodeIgniter.php(934): App\Controllers\Ventas->crearventa()
 3 SYSTEMPATH\CodeIgniter.php(499): CodeIgniter\CodeIgniter->runController(Object(App\Controllers\Ventas))
 4 SYSTEMPATH\CodeIgniter.php(368): CodeIgniter\CodeIgniter->handleRequest(null, Object(Config\Cache), false)
 5 FCPATH\index.php(73): CodeIgniter\CodeIgniter->run()
CRITICAL - 2024-03-25 15:56:15 --> Invalid argument supplied for foreach()
in APPPATH\Controllers\Ventas.php on line 210.
 1 APPPATH\Controllers\Ventas.php(210): CodeIgniter\Debug\Exceptions->errorHandler(2, 'Invalid argument supplied for foreach()', 'APPPATH\\Controllers\\Ventas.php', 210, [...])
 2 SYSTEMPATH\CodeIgniter.php(934): App\Controllers\Ventas->crearventa()
 3 SYSTEMPATH\CodeIgniter.php(499): CodeIgniter\CodeIgniter->runController(Object(App\Controllers\Ventas))
 4 SYSTEMPATH\CodeIgniter.php(368): CodeIgniter\CodeIgniter->handleRequest(null, Object(Config\Cache), false)
 5 FCPATH\index.php(73): CodeIgniter\CodeIgniter->run()
CRITICAL - 2024-03-25 15:56:16 --> Invalid argument supplied for foreach()
in APPPATH\Controllers\Ventas.php on line 210.
 1 APPPATH\Controllers\Ventas.php(210): CodeIgniter\Debug\Exceptions->errorHandler(2, 'Invalid argument supplied for foreach()', 'APPPATH\\Controllers\\Ventas.php', 210, [...])
 2 SYSTEMPATH\CodeIgniter.php(934): App\Controllers\Ventas->crearventa()
 3 SYSTEMPATH\CodeIgniter.php(499): CodeIgniter\CodeIgniter->runController(Object(App\Controllers\Ventas))
 4 SYSTEMPATH\CodeIgniter.php(368): CodeIgniter\CodeIgniter->handleRequest(null, Object(Config\Cache), false)
 5 FCPATH\index.php(73): CodeIgniter\CodeIgniter->run()
CRITICAL - 2024-03-25 15:56:16 --> Invalid argument supplied for foreach()
in APPPATH\Controllers\Ventas.php on line 210.
 1 APPPATH\Controllers\Ventas.php(210): CodeIgniter\Debug\Exceptions->errorHandler(2, 'Invalid argument supplied for foreach()', 'APPPATH\\Controllers\\Ventas.php', 210, [...])
 2 SYSTEMPATH\CodeIgniter.php(934): App\Controllers\Ventas->crearventa()
 3 SYSTEMPATH\CodeIgniter.php(499): CodeIgniter\CodeIgniter->runController(Object(App\Controllers\Ventas))
 4 SYSTEMPATH\CodeIgniter.php(368): CodeIgniter\CodeIgniter->handleRequest(null, Object(Config\Cache), false)
 5 FCPATH\index.php(73): CodeIgniter\CodeIgniter->run()
CRITICAL - 2024-03-25 15:56:16 --> Invalid argument supplied for foreach()
in APPPATH\Controllers\Ventas.php on line 210.
 1 APPPATH\Controllers\Ventas.php(210): CodeIgniter\Debug\Exceptions->errorHandler(2, 'Invalid argument supplied for foreach()', 'APPPATH\\Controllers\\Ventas.php', 210, [...])
 2 SYSTEMPATH\CodeIgniter.php(934): App\Controllers\Ventas->crearventa()
 3 SYSTEMPATH\CodeIgniter.php(499): CodeIgniter\CodeIgniter->runController(Object(App\Controllers\Ventas))
 4 SYSTEMPATH\CodeIgniter.php(368): CodeIgniter\CodeIgniter->handleRequest(null, Object(Config\Cache), false)
 5 FCPATH\index.php(73): CodeIgniter\CodeIgniter->run()
CRITICAL - 2024-03-25 15:56:17 --> Invalid argument supplied for foreach()
in APPPATH\Controllers\Ventas.php on line 210.
 1 APPPATH\Controllers\Ventas.php(210): CodeIgniter\Debug\Exceptions->errorHandler(2, 'Invalid argument supplied for foreach()', 'APPPATH\\Controllers\\Ventas.php', 210, [...])
 2 SYSTEMPATH\CodeIgniter.php(934): App\Controllers\Ventas->crearventa()
 3 SYSTEMPATH\CodeIgniter.php(499): CodeIgniter\CodeIgniter->runController(Object(App\Controllers\Ventas))
 4 SYSTEMPATH\CodeIgniter.php(368): CodeIgniter\CodeIgniter->handleRequest(null, Object(Config\Cache), false)
 5 FCPATH\index.php(73): CodeIgniter\CodeIgniter->run()
CRITICAL - 2024-03-25 15:56:22 --> Invalid argument supplied for foreach()
in APPPATH\Controllers\Ventas.php on line 210.
 1 APPPATH\Controllers\Ventas.php(210): CodeIgniter\Debug\Exceptions->errorHandler(2, 'Invalid argument supplied for foreach()', 'APPPATH\\Controllers\\Ventas.php', 210, [...])
 2 SYSTEMPATH\CodeIgniter.php(934): App\Controllers\Ventas->crearventa()
 3 SYSTEMPATH\CodeIgniter.php(499): CodeIgniter\CodeIgniter->runController(Object(App\Controllers\Ventas))
 4 SYSTEMPATH\CodeIgniter.php(368): CodeIgniter\CodeIgniter->handleRequest(null, Object(Config\Cache), false)
 5 FCPATH\index.php(73): CodeIgniter\CodeIgniter->run()
CRITICAL - 2024-03-25 15:57:10 --> Invalid argument supplied for foreach()
in APPPATH\Controllers\Ventas.php on line 210.
 1 APPPATH\Controllers\Ventas.php(210): CodeIgniter\Debug\Exceptions->errorHandler(2, 'Invalid argument supplied for foreach()', 'APPPATH\\Controllers\\Ventas.php', 210, [...])
 2 SYSTEMPATH\CodeIgniter.php(934): App\Controllers\Ventas->crearventa()
 3 SYSTEMPATH\CodeIgniter.php(499): CodeIgniter\CodeIgniter->runController(Object(App\Controllers\Ventas))
 4 SYSTEMPATH\CodeIgniter.php(368): CodeIgniter\CodeIgniter->handleRequest(null, Object(Config\Cache), false)
 5 FCPATH\index.php(73): CodeIgniter\CodeIgniter->run()
CRITICAL - 2024-03-25 16:17:00 --> The route for "http://localhost:4200/home/CompraOro" cannot be found.
in SYSTEMPATH\HTTP\RedirectResponse.php on line 60.
 1 SYSTEMPATH\HTTP\RedirectResponse.php(60): CodeIgniter\HTTP\Exceptions\HTTPException::forInvalidRedirectRoute('http://localhost:4200/home/CompraOro')
 2 SYSTEMPATH\Common.php(880): CodeIgniter\HTTP\RedirectResponse->route(false)
 3 APPPATH\Controllers\Ventas.php(227): redirect('http://localhost:4200/home/CompraOro', 'refresh')
 4 SYSTEMPATH\CodeIgniter.php(934): App\Controllers\Ventas->crearventa()
 5 SYSTEMPATH\CodeIgniter.php(499): CodeIgniter\CodeIgniter->runController(Object(App\Controllers\Ventas))
 6 SYSTEMPATH\CodeIgniter.php(368): CodeIgniter\CodeIgniter->handleRequest(null, Object(Config\Cache), false)
 7 FCPATH\index.php(73): CodeIgniter\CodeIgniter->run()
CRITICAL - 2024-03-25 16:17:05 --> The route for "http://localhost:4200/home/CompraOro" cannot be found.
in SYSTEMPATH\HTTP\RedirectResponse.php on line 60.
 1 SYSTEMPATH\HTTP\RedirectResponse.php(60): CodeIgniter\HTTP\Exceptions\HTTPException::forInvalidRedirectRoute('http://localhost:4200/home/CompraOro')
 2 SYSTEMPATH\Common.php(880): CodeIgniter\HTTP\RedirectResponse->route(false)
 3 APPPATH\Controllers\Ventas.php(227): redirect('http://localhost:4200/home/CompraOro', 'refresh')
 4 SYSTEMPATH\CodeIgniter.php(934): App\Controllers\Ventas->crearventa()
 5 SYSTEMPATH\CodeIgniter.php(499): CodeIgniter\CodeIgniter->runController(Object(App\Controllers\Ventas))
 6 SYSTEMPATH\CodeIgniter.php(368): CodeIgniter\CodeIgniter->handleRequest(null, Object(Config\Cache), false)
 7 FCPATH\index.php(73): CodeIgniter\CodeIgniter->run()
CRITICAL - 2024-03-25 16:30:07 --> The route for "http://localhost:4200/home/CompraOro" cannot be found.
in SYSTEMPATH\HTTP\RedirectResponse.php on line 60.
 1 SYSTEMPATH\HTTP\RedirectResponse.php(60): CodeIgniter\HTTP\Exceptions\HTTPException::forInvalidRedirectRoute('http://localhost:4200/home/CompraOro')
 2 SYSTEMPATH\Common.php(880): CodeIgniter\HTTP\RedirectResponse->route(false)
 3 APPPATH\Controllers\Ventas.php(227): redirect('http://localhost:4200/home/CompraOro', 'refresh')
 4 SYSTEMPATH\CodeIgniter.php(934): App\Controllers\Ventas->crearventa()
 5 SYSTEMPATH\CodeIgniter.php(499): CodeIgniter\CodeIgniter->runController(Object(App\Controllers\Ventas))
 6 SYSTEMPATH\CodeIgniter.php(368): CodeIgniter\CodeIgniter->handleRequest(null, Object(Config\Cache), false)
 7 FCPATH\index.php(73): CodeIgniter\CodeIgniter->run()
CRITICAL - 2024-03-25 16:31:08 --> The route for "http://localhost:4200/home/CompraOro" cannot be found.
in SYSTEMPATH\HTTP\RedirectResponse.php on line 60.
 1 SYSTEMPATH\HTTP\RedirectResponse.php(60): CodeIgniter\HTTP\Exceptions\HTTPException::forInvalidRedirectRoute('http://localhost:4200/home/CompraOro')
 2 SYSTEMPATH\Common.php(880): CodeIgniter\HTTP\RedirectResponse->route(false)
 3 APPPATH\Controllers\Ventas.php(227): redirect('http://localhost:4200/home/CompraOro', 'refresh')
 4 SYSTEMPATH\CodeIgniter.php(934): App\Controllers\Ventas->crearventa()
 5 SYSTEMPATH\CodeIgniter.php(499): CodeIgniter\CodeIgniter->runController(Object(App\Controllers\Ventas))
 6 SYSTEMPATH\CodeIgniter.php(368): CodeIgniter\CodeIgniter->handleRequest(null, Object(Config\Cache), false)
 7 FCPATH\index.php(73): CodeIgniter\CodeIgniter->run()
CRITICAL - 2024-03-25 16:31:09 --> The route for "http://localhost:4200/home/CompraOro" cannot be found.
in SYSTEMPATH\HTTP\RedirectResponse.php on line 60.
 1 SYSTEMPATH\HTTP\RedirectResponse.php(60): CodeIgniter\HTTP\Exceptions\HTTPException::forInvalidRedirectRoute('http://localhost:4200/home/CompraOro')
 2 SYSTEMPATH\Common.php(880): CodeIgniter\HTTP\RedirectResponse->route(false)
 3 APPPATH\Controllers\Ventas.php(227): redirect('http://localhost:4200/home/CompraOro', 'refresh')
 4 SYSTEMPATH\CodeIgniter.php(934): App\Controllers\Ventas->crearventa()
 5 SYSTEMPATH\CodeIgniter.php(499): CodeIgniter\CodeIgniter->runController(Object(App\Controllers\Ventas))
 6 SYSTEMPATH\CodeIgniter.php(368): CodeIgniter\CodeIgniter->handleRequest(null, Object(Config\Cache), false)
 7 FCPATH\index.php(73): CodeIgniter\CodeIgniter->run()
CRITICAL - 2024-03-25 16:31:21 --> The route for "http://localhost:4200/home/CompraOro" cannot be found.
in SYSTEMPATH\HTTP\RedirectResponse.php on line 60.
 1 SYSTEMPATH\HTTP\RedirectResponse.php(60): CodeIgniter\HTTP\Exceptions\HTTPException::forInvalidRedirectRoute('http://localhost:4200/home/CompraOro')
 2 SYSTEMPATH\Common.php(880): CodeIgniter\HTTP\RedirectResponse->route(false)
 3 APPPATH\Controllers\Ventas.php(227): redirect('http://localhost:4200/home/CompraOro', 'refresh')
 4 SYSTEMPATH\CodeIgniter.php(934): App\Controllers\Ventas->crearventa()
 5 SYSTEMPATH\CodeIgniter.php(499): CodeIgniter\CodeIgniter->runController(Object(App\Controllers\Ventas))
 6 SYSTEMPATH\CodeIgniter.php(368): CodeIgniter\CodeIgniter->handleRequest(null, Object(Config\Cache), false)
 7 FCPATH\index.php(73): CodeIgniter\CodeIgniter->run()
CRITICAL - 2024-03-25 16:31:28 --> The route for "http://localhost:4200/home/CompraOro" cannot be found.
in SYSTEMPATH\HTTP\RedirectResponse.php on line 60.
 1 SYSTEMPATH\HTTP\RedirectResponse.php(60): CodeIgniter\HTTP\Exceptions\HTTPException::forInvalidRedirectRoute('http://localhost:4200/home/CompraOro')
 2 SYSTEMPATH\Common.php(880): CodeIgniter\HTTP\RedirectResponse->route(false)
 3 APPPATH\Controllers\Ventas.php(227): redirect('http://localhost:4200/home/CompraOro', 'refresh')
 4 SYSTEMPATH\CodeIgniter.php(934): App\Controllers\Ventas->crearventa()
 5 SYSTEMPATH\CodeIgniter.php(499): CodeIgniter\CodeIgniter->runController(Object(App\Controllers\Ventas))
 6 SYSTEMPATH\CodeIgniter.php(368): CodeIgniter\CodeIgniter->handleRequest(null, Object(Config\Cache), false)
 7 FCPATH\index.php(73): CodeIgniter\CodeIgniter->run()
CRITICAL - 2024-03-25 16:42:01 --> Invalid argument supplied for foreach()
in APPPATH\Controllers\Ventas.php on line 210.
 1 APPPATH\Controllers\Ventas.php(210): CodeIgniter\Debug\Exceptions->errorHandler(2, 'Invalid argument supplied for foreach()', 'APPPATH\\Controllers\\Ventas.php', 210, [...])
 2 SYSTEMPATH\CodeIgniter.php(934): App\Controllers\Ventas->crearventa()
 3 SYSTEMPATH\CodeIgniter.php(499): CodeIgniter\CodeIgniter->runController(Object(App\Controllers\Ventas))
 4 SYSTEMPATH\CodeIgniter.php(368): CodeIgniter\CodeIgniter->handleRequest(null, Object(Config\Cache), false)
 5 FCPATH\index.php(73): CodeIgniter\CodeIgniter->run()
CRITICAL - 2024-03-25 16:42:01 --> Invalid argument supplied for foreach()
in APPPATH\Controllers\Ventas.php on line 210.
 1 APPPATH\Controllers\Ventas.php(210): CodeIgniter\Debug\Exceptions->errorHandler(2, 'Invalid argument supplied for foreach()', 'APPPATH\\Controllers\\Ventas.php', 210, [...])
 2 SYSTEMPATH\CodeIgniter.php(934): App\Controllers\Ventas->crearventa()
 3 SYSTEMPATH\CodeIgniter.php(499): CodeIgniter\CodeIgniter->runController(Object(App\Controllers\Ventas))
 4 SYSTEMPATH\CodeIgniter.php(368): CodeIgniter\CodeIgniter->handleRequest(null, Object(Config\Cache), false)
 5 FCPATH\index.php(73): CodeIgniter\CodeIgniter->run()
CRITICAL - 2024-03-25 16:42:01 --> Invalid argument supplied for foreach()
in APPPATH\Controllers\Ventas.php on line 210.
 1 APPPATH\Controllers\Ventas.php(210): CodeIgniter\Debug\Exceptions->errorHandler(2, 'Invalid argument supplied for foreach()', 'APPPATH\\Controllers\\Ventas.php', 210, [...])
 2 SYSTEMPATH\CodeIgniter.php(934): App\Controllers\Ventas->crearventa()
 3 SYSTEMPATH\CodeIgniter.php(499): CodeIgniter\CodeIgniter->runController(Object(App\Controllers\Ventas))
 4 SYSTEMPATH\CodeIgniter.php(368): CodeIgniter\CodeIgniter->handleRequest(null, Object(Config\Cache), false)
 5 FCPATH\index.php(73): CodeIgniter\CodeIgniter->run()
CRITICAL - 2024-03-25 16:42:02 --> Invalid argument supplied for foreach()
in APPPATH\Controllers\Ventas.php on line 210.
 1 APPPATH\Controllers\Ventas.php(210): CodeIgniter\Debug\Exceptions->errorHandler(2, 'Invalid argument supplied for foreach()', 'APPPATH\\Controllers\\Ventas.php', 210, [...])
 2 SYSTEMPATH\CodeIgniter.php(934): App\Controllers\Ventas->crearventa()
 3 SYSTEMPATH\CodeIgniter.php(499): CodeIgniter\CodeIgniter->runController(Object(App\Controllers\Ventas))
 4 SYSTEMPATH\CodeIgniter.php(368): CodeIgniter\CodeIgniter->handleRequest(null, Object(Config\Cache), false)
 5 FCPATH\index.php(73): CodeIgniter\CodeIgniter->run()
CRITICAL - 2024-03-25 16:42:02 --> Invalid argument supplied for foreach()
in APPPATH\Controllers\Ventas.php on line 210.
 1 APPPATH\Controllers\Ventas.php(210): CodeIgniter\Debug\Exceptions->errorHandler(2, 'Invalid argument supplied for foreach()', 'APPPATH\\Controllers\\Ventas.php', 210, [...])
 2 SYSTEMPATH\CodeIgniter.php(934): App\Controllers\Ventas->crearventa()
 3 SYSTEMPATH\CodeIgniter.php(499): CodeIgniter\CodeIgniter->runController(Object(App\Controllers\Ventas))
 4 SYSTEMPATH\CodeIgniter.php(368): CodeIgniter\CodeIgniter->handleRequest(null, Object(Config\Cache), false)
 5 FCPATH\index.php(73): CodeIgniter\CodeIgniter->run()
CRITICAL - 2024-03-25 16:50:43 --> Invalid argument supplied for foreach()
in APPPATH\Controllers\Ventas.php on line 210.
 1 APPPATH\Controllers\Ventas.php(210): CodeIgniter\Debug\Exceptions->errorHandler(2, 'Invalid argument supplied for foreach()', 'APPPATH\\Controllers\\Ventas.php', 210, [...])
 2 SYSTEMPATH\CodeIgniter.php(934): App\Controllers\Ventas->crearventa()
 3 SYSTEMPATH\CodeIgniter.php(499): CodeIgniter\CodeIgniter->runController(Object(App\Controllers\Ventas))
 4 SYSTEMPATH\CodeIgniter.php(368): CodeIgniter\CodeIgniter->handleRequest(null, Object(Config\Cache), false)
 5 FCPATH\index.php(73): CodeIgniter\CodeIgniter->run()
CRITICAL - 2024-03-25 16:50:43 --> Invalid argument supplied for foreach()
in APPPATH\Controllers\Ventas.php on line 210.
 1 APPPATH\Controllers\Ventas.php(210): CodeIgniter\Debug\Exceptions->errorHandler(2, 'Invalid argument supplied for foreach()', 'APPPATH\\Controllers\\Ventas.php', 210, [...])
 2 SYSTEMPATH\CodeIgniter.php(934): App\Controllers\Ventas->crearventa()
 3 SYSTEMPATH\CodeIgniter.php(499): CodeIgniter\CodeIgniter->runController(Object(App\Controllers\Ventas))
 4 SYSTEMPATH\CodeIgniter.php(368): CodeIgniter\CodeIgniter->handleRequest(null, Object(Config\Cache), false)
 5 FCPATH\index.php(73): CodeIgniter\CodeIgniter->run()
CRITICAL - 2024-03-25 16:51:09 --> Invalid argument supplied for foreach()
in APPPATH\Controllers\Ventas.php on line 210.
 1 APPPATH\Controllers\Ventas.php(210): CodeIgniter\Debug\Exceptions->errorHandler(2, 'Invalid argument supplied for foreach()', 'APPPATH\\Controllers\\Ventas.php', 210, [...])
 2 SYSTEMPATH\CodeIgniter.php(934): App\Controllers\Ventas->crearventa()
 3 SYSTEMPATH\CodeIgniter.php(499): CodeIgniter\CodeIgniter->runController(Object(App\Controllers\Ventas))
 4 SYSTEMPATH\CodeIgniter.php(368): CodeIgniter\CodeIgniter->handleRequest(null, Object(Config\Cache), false)
 5 FCPATH\index.php(73): CodeIgniter\CodeIgniter->run()
CRITICAL - 2024-03-25 17:00:22 --> Invalid argument supplied for foreach()
in APPPATH\Controllers\Ventas.php on line 210.
 1 APPPATH\Controllers\Ventas.php(210): CodeIgniter\Debug\Exceptions->errorHandler(2, 'Invalid argument supplied for foreach()', 'APPPATH\\Controllers\\Ventas.php', 210, [...])
 2 SYSTEMPATH\CodeIgniter.php(934): App\Controllers\Ventas->crearventa()
 3 SYSTEMPATH\CodeIgniter.php(499): CodeIgniter\CodeIgniter->runController(Object(App\Controllers\Ventas))
 4 SYSTEMPATH\CodeIgniter.php(368): CodeIgniter\CodeIgniter->handleRequest(null, Object(Config\Cache), false)
 5 FCPATH\index.php(73): CodeIgniter\CodeIgniter->run()
CRITICAL - 2024-03-25 17:01:16 --> Invalid argument supplied for foreach()
in APPPATH\Controllers\Ventas.php on line 210.
 1 APPPATH\Controllers\Ventas.php(210): CodeIgniter\Debug\Exceptions->errorHandler(2, 'Invalid argument supplied for foreach()', 'APPPATH\\Controllers\\Ventas.php', 210, [...])
 2 SYSTEMPATH\CodeIgniter.php(934): App\Controllers\Ventas->crearventa()
 3 SYSTEMPATH\CodeIgniter.php(499): CodeIgniter\CodeIgniter->runController(Object(App\Controllers\Ventas))
 4 SYSTEMPATH\CodeIgniter.php(368): CodeIgniter\CodeIgniter->handleRequest(null, Object(Config\Cache), false)
 5 FCPATH\index.php(73): CodeIgniter\CodeIgniter->run()
CRITICAL - 2024-03-25 17:25:34 --> Invalid argument supplied for foreach()
in APPPATH\Controllers\Ventas.php on line 210.
 1 APPPATH\Controllers\Ventas.php(210): CodeIgniter\Debug\Exceptions->errorHandler(2, 'Invalid argument supplied for foreach()', 'APPPATH\\Controllers\\Ventas.php', 210, [...])
 2 SYSTEMPATH\CodeIgniter.php(934): App\Controllers\Ventas->crearventa()
 3 SYSTEMPATH\CodeIgniter.php(499): CodeIgniter\CodeIgniter->runController(Object(App\Controllers\Ventas))
 4 SYSTEMPATH\CodeIgniter.php(368): CodeIgniter\CodeIgniter->handleRequest(null, Object(Config\Cache), false)
 5 FCPATH\index.php(73): CodeIgniter\CodeIgniter->run()
CRITICAL - 2024-03-25 17:35:34 --> Invalid argument supplied for foreach()
in APPPATH\Controllers\Ventas.php on line 210.
 1 APPPATH\Controllers\Ventas.php(210): CodeIgniter\Debug\Exceptions->errorHandler(2, 'Invalid argument supplied for foreach()', 'APPPATH\\Controllers\\Ventas.php', 210, [...])
 2 SYSTEMPATH\CodeIgniter.php(934): App\Controllers\Ventas->crearventa()
 3 SYSTEMPATH\CodeIgniter.php(499): CodeIgniter\CodeIgniter->runController(Object(App\Controllers\Ventas))
 4 SYSTEMPATH\CodeIgniter.php(368): CodeIgniter\CodeIgniter->handleRequest(null, Object(Config\Cache), false)
 5 FCPATH\index.php(73): CodeIgniter\CodeIgniter->run()
CRITICAL - 2024-03-25 17:35:47 --> Invalid argument supplied for foreach()
in APPPATH\Controllers\Ventas.php on line 210.
 1 APPPATH\Controllers\Ventas.php(210): CodeIgniter\Debug\Exceptions->errorHandler(2, 'Invalid argument supplied for foreach()', 'APPPATH\\Controllers\\Ventas.php', 210, [...])
 2 SYSTEMPATH\CodeIgniter.php(934): App\Controllers\Ventas->crearventa()
 3 SYSTEMPATH\CodeIgniter.php(499): CodeIgniter\CodeIgniter->runController(Object(App\Controllers\Ventas))
 4 SYSTEMPATH\CodeIgniter.php(368): CodeIgniter\CodeIgniter->handleRequest(null, Object(Config\Cache), false)
 5 FCPATH\index.php(73): CodeIgniter\CodeIgniter->run()
