ERROR - 2023-03-01 17:58:29 --> mysqli_sql_exception: Column 'nombreGasolinera' in order clause is ambiguous in D:\wamp64\www\ApiGasolineras\system\Database\MySQLi\Connection.php:295
Stack trace:
#0 D:\wamp64\www\ApiGasolineras\system\Database\MySQLi\Connection.php(295): mysqli->query('SELECT `CatGaso...', 0)
#1 D:\wamp64\www\ApiGasolineras\system\Database\BaseConnection.php(691): CodeIgniter\Database\MySQLi\Connection->execute('SELECT `CatGaso...')
#2 D:\wamp64\www\ApiGasolineras\system\Database\BaseConnection.php(605): CodeIgniter\Database\BaseConnection->simpleQuery('SELECT `CatGaso...')
#3 D:\wamp64\www\ApiGasolineras\system\Database\BaseBuilder.php(1616): CodeIgniter\Database\BaseConnection->query('SELECT `CatGaso...', Array, false)
#4 D:\wamp64\www\ApiGasolineras\app\Models\Gasolinera.php(15): CodeIgniter\Database\BaseBuilder->get()
#5 D:\wamp64\www\ApiGasolineras\app\Controllers\Gasolineras.php(16): App\Models\Gasolinera->getGasolineras('1', '3', 'nombreGasoliner...', 'asc')
#6 D:\wamp64\www\ApiGasolineras\system\CodeIgniter.php(934): App\Controllers\Gasolineras->obtenerGasolineras()
#7 D:\wamp64\www\ApiGasolineras\system\CodeIgniter.php(499): CodeIgniter\CodeIgniter->runController(Object(App\Controllers\Gasolineras))
#8 D:\wamp64\www\ApiGasolineras\system\CodeIgniter.php(368): CodeIgniter\CodeIgniter->handleRequest(NULL, Object(Config\Cache), false)
#9 D:\wamp64\www\ApiGasolineras\index.php(67): CodeIgniter\CodeIgniter->run()
#10 {main}
CRITICAL - 2023-03-01 17:58:29 --> Column 'nombreGasolinera' in order clause is ambiguous
in SYSTEMPATH\Database\BaseConnection.php on line 645.
 1 SYSTEMPATH\Database\BaseBuilder.php(1616): CodeIgniter\Database\BaseConnection->query('SELECT `CatGasolineras`.*, `compite`.`nombreGasolinera`
FROM `CatGasolineras`
LEFT JOIN `CatGasolineras` `compite` ON `compite`.`idGasolinera`=`CatGasolineras`.`idGasolinera`
ORDER BY `nombreGasolinera` ASC
 LIMIT 3, 3', [], false)
 2 APPPATH\Models\Gasolinera.php(15): CodeIgniter\Database\BaseBuilder->get()
 3 APPPATH\Controllers\Gasolineras.php(16): App\Models\Gasolinera->getGasolineras('1', '3', 'nombreGasolinera', 'asc')
 4 SYSTEMPATH\CodeIgniter.php(934): App\Controllers\Gasolineras->obtenerGasolineras()
 5 SYSTEMPATH\CodeIgniter.php(499): CodeIgniter\CodeIgniter->runController(Object(App\Controllers\Gasolineras))
 6 SYSTEMPATH\CodeIgniter.php(368): CodeIgniter\CodeIgniter->handleRequest(null, Object(Config\Cache), false)
 7 FCPATH\index.php(67): CodeIgniter\CodeIgniter->run()
CRITICAL - 2023-03-01 18:52:09 --> Call to undefined method CodeIgniter\Database\MySQLi\Result::getLastQuery()
in APPPATH\Models\Gasolinera.php on line 17.
 1 APPPATH\Controllers\Gasolineras.php(16): App\Models\Gasolinera->getGasolineras('1', '3', 'nombreGasolinera', 'ASC')
 2 SYSTEMPATH\CodeIgniter.php(934): App\Controllers\Gasolineras->obtenerGasolineras()
 3 SYSTEMPATH\CodeIgniter.php(499): CodeIgniter\CodeIgniter->runController(Object(App\Controllers\Gasolineras))
 4 SYSTEMPATH\CodeIgniter.php(368): CodeIgniter\CodeIgniter->handleRequest(null, Object(Config\Cache), false)
 5 FCPATH\index.php(67): CodeIgniter\CodeIgniter->run()
