CRITICAL - 2024-10-29 09:35:26 --> Maximum execution time of 120 seconds exceeded
in SYSTEMPATH\Database\MySQLi\Connection.php on line 295.
 1 [internal function]: CodeIgniter\Debug\Exceptions->shutdownHandler()
CRITICAL - 2024-10-29 09:35:27 --> Maximum execution time of 120 seconds exceeded
in SYSTEMPATH\Database\MySQLi\Connection.php on line 295.
 1 [internal function]: CodeIgniter\Debug\Exceptions->shutdownHandler()
CRITICAL - 2024-10-29 09:35:27 --> Maximum execution time of 120 seconds exceeded
in SYSTEMPATH\Database\MySQLi\Connection.php on line 295.
 1 [internal function]: CodeIgniter\Debug\Exceptions->shutdownHandler()
CRITICAL - 2024-10-29 09:43:41 --> Maximum execution time of 120 seconds exceeded
in SYSTEMPATH\Database\MySQLi\Connection.php on line 295.
 1 [internal function]: CodeIgniter\Debug\Exceptions->shutdownHandler()
CRITICAL - 2024-10-29 09:43:42 --> Maximum execution time of 120 seconds exceeded
in SYSTEMPATH\Database\MySQLi\Connection.php on line 295.
 1 [internal function]: CodeIgniter\Debug\Exceptions->shutdownHandler()
CRITICAL - 2024-10-29 13:17:57 --> Undefined variable $Sonic
in APPPATH\Controllers\Sophos.php on line 220.
 1 APPPATH\Controllers\Sophos.php(220): CodeIgniter\Debug\Exceptions->errorHandler(2, 'Undefined variable $Sonic', 'APPPATH\\Controllers\\Sophos.php', 220)
 2 SYSTEMPATH\CodeIgniter.php(934): App\Controllers\Sophos->EliminarProducto()
 3 SYSTEMPATH\CodeIgniter.php(499): CodeIgniter\CodeIgniter->runController(Object(App\Controllers\Sophos))
 4 SYSTEMPATH\CodeIgniter.php(368): CodeIgniter\CodeIgniter->handleRequest(null, Object(Config\Cache), false)
 5 FCPATH\index.php(73): CodeIgniter\CodeIgniter->run()
CRITICAL - 2024-10-29 13:24:37 --> Undefined variable $Sonic
in APPPATH\Controllers\Sophos.php on line 220.
 1 APPPATH\Controllers\Sophos.php(220): CodeIgniter\Debug\Exceptions->errorHandler(2, 'Undefined variable $Sonic', 'APPPATH\\Controllers\\Sophos.php', 220)
 2 SYSTEMPATH\CodeIgniter.php(934): App\Controllers\Sophos->EliminarProducto()
 3 SYSTEMPATH\CodeIgniter.php(499): CodeIgniter\CodeIgniter->runController(Object(App\Controllers\Sophos))
 4 SYSTEMPATH\CodeIgniter.php(368): CodeIgniter\CodeIgniter->handleRequest(null, Object(Config\Cache), false)
 5 FCPATH\index.php(73): CodeIgniter\CodeIgniter->run()
CRITICAL - 2024-10-29 13:33:28 --> Undefined variable $Sonic
in APPPATH\Controllers\Sophos.php on line 220.
 1 APPPATH\Controllers\Sophos.php(220): CodeIgniter\Debug\Exceptions->errorHandler(2, 'Undefined variable $Sonic', 'APPPATH\\Controllers\\Sophos.php', 220)
 2 SYSTEMPATH\CodeIgniter.php(934): App\Controllers\Sophos->EliminarProducto()
 3 SYSTEMPATH\CodeIgniter.php(499): CodeIgniter\CodeIgniter->runController(Object(App\Controllers\Sophos))
 4 SYSTEMPATH\CodeIgniter.php(368): CodeIgniter\CodeIgniter->handleRequest(null, Object(Config\Cache), false)
 5 FCPATH\index.php(73): CodeIgniter\CodeIgniter->run()
CRITICAL - 2024-10-29 13:33:37 --> Undefined variable $Sonic
in APPPATH\Controllers\Sophos.php on line 220.
 1 APPPATH\Controllers\Sophos.php(220): CodeIgniter\Debug\Exceptions->errorHandler(2, 'Undefined variable $Sonic', 'APPPATH\\Controllers\\Sophos.php', 220)
 2 SYSTEMPATH\CodeIgniter.php(934): App\Controllers\Sophos->EliminarProducto()
 3 SYSTEMPATH\CodeIgniter.php(499): CodeIgniter\CodeIgniter->runController(Object(App\Controllers\Sophos))
 4 SYSTEMPATH\CodeIgniter.php(368): CodeIgniter\CodeIgniter->handleRequest(null, Object(Config\Cache), false)
 5 FCPATH\index.php(73): CodeIgniter\CodeIgniter->run()
CRITICAL - 2024-10-29 14:02:45 --> Undefined variable $Sonic
in APPPATH\Controllers\Sophos.php on line 96.
 1 APPPATH\Controllers\Sophos.php(96): CodeIgniter\Debug\Exceptions->errorHandler(2, 'Undefined variable $Sonic', 'APPPATH\\Controllers\\Sophos.php', 96)
 2 SYSTEMPATH\CodeIgniter.php(934): App\Controllers\Sophos->LeerExcel()
 3 SYSTEMPATH\CodeIgniter.php(499): CodeIgniter\CodeIgniter->runController(Object(App\Controllers\Sophos))
 4 SYSTEMPATH\CodeIgniter.php(368): CodeIgniter\CodeIgniter->handleRequest(null, Object(Config\Cache), false)
 5 FCPATH\index.php(73): CodeIgniter\CodeIgniter->run()
CRITICAL - 2024-10-29 14:02:50 --> Undefined variable $Sonic
in APPPATH\Controllers\Sophos.php on line 96.
 1 APPPATH\Controllers\Sophos.php(96): CodeIgniter\Debug\Exceptions->errorHandler(2, 'Undefined variable $Sonic', 'APPPATH\\Controllers\\Sophos.php', 96)
 2 SYSTEMPATH\CodeIgniter.php(934): App\Controllers\Sophos->LeerExcel()
 3 SYSTEMPATH\CodeIgniter.php(499): CodeIgniter\CodeIgniter->runController(Object(App\Controllers\Sophos))
 4 SYSTEMPATH\CodeIgniter.php(368): CodeIgniter\CodeIgniter->handleRequest(null, Object(Config\Cache), false)
 5 FCPATH\index.php(73): CodeIgniter\CodeIgniter->run()
CRITICAL - 2024-10-29 14:06:06 --> Undefined variable $Sonic
in APPPATH\Controllers\Sophos.php on line 96.
 1 APPPATH\Controllers\Sophos.php(96): CodeIgniter\Debug\Exceptions->errorHandler(2, 'Undefined variable $Sonic', 'APPPATH\\Controllers\\Sophos.php', 96)
 2 SYSTEMPATH\CodeIgniter.php(934): App\Controllers\Sophos->LeerExcel()
 3 SYSTEMPATH\CodeIgniter.php(499): CodeIgniter\CodeIgniter->runController(Object(App\Controllers\Sophos))
 4 SYSTEMPATH\CodeIgniter.php(368): CodeIgniter\CodeIgniter->handleRequest(null, Object(Config\Cache), false)
 5 FCPATH\index.php(73): CodeIgniter\CodeIgniter->run()
CRITICAL - 2024-10-29 14:09:15 --> Undefined variable $Sonic
in APPPATH\Controllers\Sophos.php on line 96.
 1 APPPATH\Controllers\Sophos.php(96): CodeIgniter\Debug\Exceptions->errorHandler(2, 'Undefined variable $Sonic', 'APPPATH\\Controllers\\Sophos.php', 96)
 2 SYSTEMPATH\CodeIgniter.php(934): App\Controllers\Sophos->LeerExcel()
 3 SYSTEMPATH\CodeIgniter.php(499): CodeIgniter\CodeIgniter->runController(Object(App\Controllers\Sophos))
 4 SYSTEMPATH\CodeIgniter.php(368): CodeIgniter\CodeIgniter->handleRequest(null, Object(Config\Cache), false)
 5 FCPATH\index.php(73): CodeIgniter\CodeIgniter->run()
CRITICAL - 2024-10-29 14:09:34 --> Undefined variable $Sonic
in APPPATH\Controllers\Sophos.php on line 96.
 1 APPPATH\Controllers\Sophos.php(96): CodeIgniter\Debug\Exceptions->errorHandler(2, 'Undefined variable $Sonic', 'APPPATH\\Controllers\\Sophos.php', 96)
 2 SYSTEMPATH\CodeIgniter.php(934): App\Controllers\Sophos->LeerExcel()
 3 SYSTEMPATH\CodeIgniter.php(499): CodeIgniter\CodeIgniter->runController(Object(App\Controllers\Sophos))
 4 SYSTEMPATH\CodeIgniter.php(368): CodeIgniter\CodeIgniter->handleRequest(null, Object(Config\Cache), false)
 5 FCPATH\index.php(73): CodeIgniter\CodeIgniter->run()
CRITICAL - 2024-10-29 14:14:57 --> Undefined variable $Sonic
in APPPATH\Controllers\Sophos.php on line 66.
 1 APPPATH\Controllers\Sophos.php(66): CodeIgniter\Debug\Exceptions->errorHandler(2, 'Undefined variable $Sonic', 'APPPATH\\Controllers\\Sophos.php', 66)
 2 SYSTEMPATH\CodeIgniter.php(934): App\Controllers\Sophos->LeerExcel()
 3 SYSTEMPATH\CodeIgniter.php(499): CodeIgniter\CodeIgniter->runController(Object(App\Controllers\Sophos))
 4 SYSTEMPATH\CodeIgniter.php(368): CodeIgniter\CodeIgniter->handleRequest(null, Object(Config\Cache), false)
 5 FCPATH\index.php(73): CodeIgniter\CodeIgniter->run()
CRITICAL - 2024-10-29 14:15:13 --> Undefined variable $Sonic
in APPPATH\Controllers\Sophos.php on line 66.
 1 APPPATH\Controllers\Sophos.php(66): CodeIgniter\Debug\Exceptions->errorHandler(2, 'Undefined variable $Sonic', 'APPPATH\\Controllers\\Sophos.php', 66)
 2 SYSTEMPATH\CodeIgniter.php(934): App\Controllers\Sophos->LeerExcel()
 3 SYSTEMPATH\CodeIgniter.php(499): CodeIgniter\CodeIgniter->runController(Object(App\Controllers\Sophos))
 4 SYSTEMPATH\CodeIgniter.php(368): CodeIgniter\CodeIgniter->handleRequest(null, Object(Config\Cache), false)
 5 FCPATH\index.php(73): CodeIgniter\CodeIgniter->run()
CRITICAL - 2024-10-29 15:54:17 --> Undefined variable $Sonic
in APPPATH\Controllers\Sophos.php on line 66.
 1 APPPATH\Controllers\Sophos.php(66): CodeIgniter\Debug\Exceptions->errorHandler(2, 'Undefined variable $Sonic', 'APPPATH\\Controllers\\Sophos.php', 66)
 2 SYSTEMPATH\CodeIgniter.php(934): App\Controllers\Sophos->LeerExcel()
 3 SYSTEMPATH\CodeIgniter.php(499): CodeIgniter\CodeIgniter->runController(Object(App\Controllers\Sophos))
 4 SYSTEMPATH\CodeIgniter.php(368): CodeIgniter\CodeIgniter->handleRequest(null, Object(Config\Cache), false)
 5 FCPATH\index.php(73): CodeIgniter\CodeIgniter->run()
CRITICAL - 2024-10-29 15:58:49 --> Undefined variable $Sonic
in APPPATH\Controllers\Sophos.php on line 62.
 1 APPPATH\Controllers\Sophos.php(62): CodeIgniter\Debug\Exceptions->errorHandler(2, 'Undefined variable $Sonic', 'APPPATH\\Controllers\\Sophos.php', 62)
 2 SYSTEMPATH\CodeIgniter.php(934): App\Controllers\Sophos->LeerExcel()
 3 SYSTEMPATH\CodeIgniter.php(499): CodeIgniter\CodeIgniter->runController(Object(App\Controllers\Sophos))
 4 SYSTEMPATH\CodeIgniter.php(368): CodeIgniter\CodeIgniter->handleRequest(null, Object(Config\Cache), false)
 5 FCPATH\index.php(73): CodeIgniter\CodeIgniter->run()
CRITICAL - 2024-10-29 16:04:32 --> Undefined variable $Sonic
in APPPATH\Controllers\Sophos.php on line 62.
 1 APPPATH\Controllers\Sophos.php(62): CodeIgniter\Debug\Exceptions->errorHandler(2, 'Undefined variable $Sonic', 'APPPATH\\Controllers\\Sophos.php', 62)
 2 SYSTEMPATH\CodeIgniter.php(934): App\Controllers\Sophos->LeerExcel()
 3 SYSTEMPATH\CodeIgniter.php(499): CodeIgniter\CodeIgniter->runController(Object(App\Controllers\Sophos))
 4 SYSTEMPATH\CodeIgniter.php(368): CodeIgniter\CodeIgniter->handleRequest(null, Object(Config\Cache), false)
 5 FCPATH\index.php(73): CodeIgniter\CodeIgniter->run()
CRITICAL - 2024-10-29 16:05:15 --> Undefined variable $Sonic
in APPPATH\Controllers\Sophos.php on line 62.
 1 APPPATH\Controllers\Sophos.php(62): CodeIgniter\Debug\Exceptions->errorHandler(2, 'Undefined variable $Sonic', 'APPPATH\\Controllers\\Sophos.php', 62)
 2 SYSTEMPATH\CodeIgniter.php(934): App\Controllers\Sophos->LeerExcel()
 3 SYSTEMPATH\CodeIgniter.php(499): CodeIgniter\CodeIgniter->runController(Object(App\Controllers\Sophos))
 4 SYSTEMPATH\CodeIgniter.php(368): CodeIgniter\CodeIgniter->handleRequest(null, Object(Config\Cache), false)
 5 FCPATH\index.php(73): CodeIgniter\CodeIgniter->run()
CRITICAL - 2024-10-29 16:05:28 --> Undefined variable $Sonic
in APPPATH\Controllers\Sophos.php on line 62.
 1 APPPATH\Controllers\Sophos.php(62): CodeIgniter\Debug\Exceptions->errorHandler(2, 'Undefined variable $Sonic', 'APPPATH\\Controllers\\Sophos.php', 62)
 2 SYSTEMPATH\CodeIgniter.php(934): App\Controllers\Sophos->LeerExcel()
 3 SYSTEMPATH\CodeIgniter.php(499): CodeIgniter\CodeIgniter->runController(Object(App\Controllers\Sophos))
 4 SYSTEMPATH\CodeIgniter.php(368): CodeIgniter\CodeIgniter->handleRequest(null, Object(Config\Cache), false)
 5 FCPATH\index.php(73): CodeIgniter\CodeIgniter->run()
CRITICAL - 2024-10-29 16:10:06 --> Undefined variable $Sonic
in APPPATH\Controllers\Sophos.php on line 60.
 1 APPPATH\Controllers\Sophos.php(60): CodeIgniter\Debug\Exceptions->errorHandler(2, 'Undefined variable $Sonic', 'APPPATH\\Controllers\\Sophos.php', 60)
 2 SYSTEMPATH\CodeIgniter.php(934): App\Controllers\Sophos->LeerExcel()
 3 SYSTEMPATH\CodeIgniter.php(499): CodeIgniter\CodeIgniter->runController(Object(App\Controllers\Sophos))
 4 SYSTEMPATH\CodeIgniter.php(368): CodeIgniter\CodeIgniter->handleRequest(null, Object(Config\Cache), false)
 5 FCPATH\index.php(73): CodeIgniter\CodeIgniter->run()
CRITICAL - 2024-10-29 16:14:07 --> Undefined variable $Sonic
in APPPATH\Controllers\Sophos.php on line 60.
 1 APPPATH\Controllers\Sophos.php(60): CodeIgniter\Debug\Exceptions->errorHandler(2, 'Undefined variable $Sonic', 'APPPATH\\Controllers\\Sophos.php', 60)
 2 SYSTEMPATH\CodeIgniter.php(934): App\Controllers\Sophos->LeerExcel()
 3 SYSTEMPATH\CodeIgniter.php(499): CodeIgniter\CodeIgniter->runController(Object(App\Controllers\Sophos))
 4 SYSTEMPATH\CodeIgniter.php(368): CodeIgniter\CodeIgniter->handleRequest(null, Object(Config\Cache), false)
 5 FCPATH\index.php(73): CodeIgniter\CodeIgniter->run()
CRITICAL - 2024-10-29 16:14:20 --> Undefined variable $Sonic
in APPPATH\Controllers\Sophos.php on line 60.
 1 APPPATH\Controllers\Sophos.php(60): CodeIgniter\Debug\Exceptions->errorHandler(2, 'Undefined variable $Sonic', 'APPPATH\\Controllers\\Sophos.php', 60)
 2 SYSTEMPATH\CodeIgniter.php(934): App\Controllers\Sophos->LeerExcel()
 3 SYSTEMPATH\CodeIgniter.php(499): CodeIgniter\CodeIgniter->runController(Object(App\Controllers\Sophos))
 4 SYSTEMPATH\CodeIgniter.php(368): CodeIgniter\CodeIgniter->handleRequest(null, Object(Config\Cache), false)
 5 FCPATH\index.php(73): CodeIgniter\CodeIgniter->run()
CRITICAL - 2024-10-29 16:21:55 --> Undefined variable $Sonic
in APPPATH\Controllers\Sophos.php on line 60.
 1 APPPATH\Controllers\Sophos.php(60): CodeIgniter\Debug\Exceptions->errorHandler(2, 'Undefined variable $Sonic', 'APPPATH\\Controllers\\Sophos.php', 60)
 2 SYSTEMPATH\CodeIgniter.php(934): App\Controllers\Sophos->LeerExcel()
 3 SYSTEMPATH\CodeIgniter.php(499): CodeIgniter\CodeIgniter->runController(Object(App\Controllers\Sophos))
 4 SYSTEMPATH\CodeIgniter.php(368): CodeIgniter\CodeIgniter->handleRequest(null, Object(Config\Cache), false)
 5 FCPATH\index.php(73): CodeIgniter\CodeIgniter->run()
CRITICAL - 2024-10-29 16:22:18 --> Undefined variable $Sonic
in APPPATH\Controllers\Sophos.php on line 60.
 1 APPPATH\Controllers\Sophos.php(60): CodeIgniter\Debug\Exceptions->errorHandler(2, 'Undefined variable $Sonic', 'APPPATH\\Controllers\\Sophos.php', 60)
 2 SYSTEMPATH\CodeIgniter.php(934): App\Controllers\Sophos->LeerExcel()
 3 SYSTEMPATH\CodeIgniter.php(499): CodeIgniter\CodeIgniter->runController(Object(App\Controllers\Sophos))
 4 SYSTEMPATH\CodeIgniter.php(368): CodeIgniter\CodeIgniter->handleRequest(null, Object(Config\Cache), false)
 5 FCPATH\index.php(73): CodeIgniter\CodeIgniter->run()
CRITICAL - 2024-10-29 16:23:06 --> Undefined variable $Sonic
in APPPATH\Controllers\Sophos.php on line 60.
 1 APPPATH\Controllers\Sophos.php(60): CodeIgniter\Debug\Exceptions->errorHandler(2, 'Undefined variable $Sonic', 'APPPATH\\Controllers\\Sophos.php', 60)
 2 SYSTEMPATH\CodeIgniter.php(934): App\Controllers\Sophos->LeerExcel()
 3 SYSTEMPATH\CodeIgniter.php(499): CodeIgniter\CodeIgniter->runController(Object(App\Controllers\Sophos))
 4 SYSTEMPATH\CodeIgniter.php(368): CodeIgniter\CodeIgniter->handleRequest(null, Object(Config\Cache), false)
 5 FCPATH\index.php(73): CodeIgniter\CodeIgniter->run()
CRITICAL - 2024-10-29 16:23:54 --> Undefined variable $Sonic
in APPPATH\Controllers\Sophos.php on line 60.
 1 APPPATH\Controllers\Sophos.php(60): CodeIgniter\Debug\Exceptions->errorHandler(2, 'Undefined variable $Sonic', 'APPPATH\\Controllers\\Sophos.php', 60)
 2 SYSTEMPATH\CodeIgniter.php(934): App\Controllers\Sophos->LeerExcel()
 3 SYSTEMPATH\CodeIgniter.php(499): CodeIgniter\CodeIgniter->runController(Object(App\Controllers\Sophos))
 4 SYSTEMPATH\CodeIgniter.php(368): CodeIgniter\CodeIgniter->handleRequest(null, Object(Config\Cache), false)
 5 FCPATH\index.php(73): CodeIgniter\CodeIgniter->run()
CRITICAL - 2024-10-29 16:24:51 --> Undefined variable $Sophos
in APPPATH\Controllers\Sophos.php on line 60.
 1 APPPATH\Controllers\Sophos.php(60): CodeIgniter\Debug\Exceptions->errorHandler(2, 'Undefined variable $Sophos', 'APPPATH\\Controllers\\Sophos.php', 60)
 2 SYSTEMPATH\CodeIgniter.php(934): App\Controllers\Sophos->LeerExcel()
 3 SYSTEMPATH\CodeIgniter.php(499): CodeIgniter\CodeIgniter->runController(Object(App\Controllers\Sophos))
 4 SYSTEMPATH\CodeIgniter.php(368): CodeIgniter\CodeIgniter->handleRequest(null, Object(Config\Cache), false)
 5 FCPATH\index.php(73): CodeIgniter\CodeIgniter->run()
CRITICAL - 2024-10-29 16:24:56 --> Undefined variable $Sophos
in APPPATH\Controllers\Sophos.php on line 60.
 1 APPPATH\Controllers\Sophos.php(60): CodeIgniter\Debug\Exceptions->errorHandler(2, 'Undefined variable $Sophos', 'APPPATH\\Controllers\\Sophos.php', 60)
 2 SYSTEMPATH\CodeIgniter.php(934): App\Controllers\Sophos->LeerExcel()
 3 SYSTEMPATH\CodeIgniter.php(499): CodeIgniter\CodeIgniter->runController(Object(App\Controllers\Sophos))
 4 SYSTEMPATH\CodeIgniter.php(368): CodeIgniter\CodeIgniter->handleRequest(null, Object(Config\Cache), false)
 5 FCPATH\index.php(73): CodeIgniter\CodeIgniter->run()
CRITICAL - 2024-10-29 16:25:05 --> Undefined variable $Sophos
in APPPATH\Controllers\Sophos.php on line 60.
 1 APPPATH\Controllers\Sophos.php(60): CodeIgniter\Debug\Exceptions->errorHandler(2, 'Undefined variable $Sophos', 'APPPATH\\Controllers\\Sophos.php', 60)
 2 SYSTEMPATH\CodeIgniter.php(934): App\Controllers\Sophos->LeerExcel()
 3 SYSTEMPATH\CodeIgniter.php(499): CodeIgniter\CodeIgniter->runController(Object(App\Controllers\Sophos))
 4 SYSTEMPATH\CodeIgniter.php(368): CodeIgniter\CodeIgniter->handleRequest(null, Object(Config\Cache), false)
 5 FCPATH\index.php(73): CodeIgniter\CodeIgniter->run()
