CRITICAL - 2024-03-28 10:13:28 --> Call to a member function table() on null
in APPPATH\Models\Venta.php on line 181.
 1 APPPATH\Controllers\Ventas.php(156): App\Models\Venta->deletetemprodcompra('19')
 2 SYSTEMPATH\CodeIgniter.php(934): App\Controllers\Ventas->crearventa()
 3 SYSTEMPATH\CodeIgniter.php(499): CodeIgniter\CodeIgniter->runController(Object(App\Controllers\Ventas))
 4 SYSTEMPATH\CodeIgniter.php(368): CodeIgniter\CodeIgniter->handleRequest(null, Object(Config\Cache), false)
 5 FCPATH\index.php(73): CodeIgniter\CodeIgniter->run()
CRITICAL - 2024-03-28 10:30:15 --> Undefined variable: db
in APPPATH\Models\Venta.php on line 181.
 1 APPPATH\Models\Venta.php(181): CodeIgniter\Debug\Exceptions->errorHandler(8, 'Undefined variable: db', 'APPPATH\\Models\\Venta.php', 181, [...])
 2 APPPATH\Controllers\Ventas.php(156): App\Models\Venta->deletetemprodcompra('19')
 3 SYSTEMPATH\CodeIgniter.php(934): App\Controllers\Ventas->crearventa()
 4 SYSTEMPATH\CodeIgniter.php(499): CodeIgniter\CodeIgniter->runController(Object(App\Controllers\Ventas))
 5 SYSTEMPATH\CodeIgniter.php(368): CodeIgniter\CodeIgniter->handleRequest(null, Object(Config\Cache), false)
 6 FCPATH\index.php(73): CodeIgniter\CodeIgniter->run()
CRITICAL - 2024-03-28 10:35:19 --> Call to undefined method CodeIgniter\Database\MySQLi\Builder::where_in()
in APPPATH\Models\Venta.php on line 191.
 1 APPPATH\Controllers\Ventas.php(156): App\Models\Venta->deletetemprodcompra(null)
 2 SYSTEMPATH\CodeIgniter.php(934): App\Controllers\Ventas->crearventa()
 3 SYSTEMPATH\CodeIgniter.php(499): CodeIgniter\CodeIgniter->runController(Object(App\Controllers\Ventas))
 4 SYSTEMPATH\CodeIgniter.php(368): CodeIgniter\CodeIgniter->handleRequest(null, Object(Config\Cache), false)
 5 FCPATH\index.php(73): CodeIgniter\CodeIgniter->run()
CRITICAL - 2024-03-28 10:35:20 --> Call to undefined method CodeIgniter\Database\MySQLi\Builder::where_in()
in APPPATH\Models\Venta.php on line 191.
 1 APPPATH\Controllers\Ventas.php(156): App\Models\Venta->deletetemprodcompra(null)
 2 SYSTEMPATH\CodeIgniter.php(934): App\Controllers\Ventas->crearventa()
 3 SYSTEMPATH\CodeIgniter.php(499): CodeIgniter\CodeIgniter->runController(Object(App\Controllers\Ventas))
 4 SYSTEMPATH\CodeIgniter.php(368): CodeIgniter\CodeIgniter->handleRequest(null, Object(Config\Cache), false)
 5 FCPATH\index.php(73): CodeIgniter\CodeIgniter->run()
CRITICAL - 2024-03-28 10:35:21 --> Call to undefined method CodeIgniter\Database\MySQLi\Builder::where_in()
in APPPATH\Models\Venta.php on line 191.
 1 APPPATH\Controllers\Ventas.php(156): App\Models\Venta->deletetemprodcompra(null)
 2 SYSTEMPATH\CodeIgniter.php(934): App\Controllers\Ventas->crearventa()
 3 SYSTEMPATH\CodeIgniter.php(499): CodeIgniter\CodeIgniter->runController(Object(App\Controllers\Ventas))
 4 SYSTEMPATH\CodeIgniter.php(368): CodeIgniter\CodeIgniter->handleRequest(null, Object(Config\Cache), false)
 5 FCPATH\index.php(73): CodeIgniter\CodeIgniter->run()
CRITICAL - 2024-03-28 10:36:20 --> Call to undefined method CodeIgniter\Database\MySQLi\Builder::where_in()
in APPPATH\Models\Venta.php on line 191.
 1 APPPATH\Controllers\Ventas.php(156): App\Models\Venta->deletetemprodcompra(null)
 2 SYSTEMPATH\CodeIgniter.php(934): App\Controllers\Ventas->crearventa()
 3 SYSTEMPATH\CodeIgniter.php(499): CodeIgniter\CodeIgniter->runController(Object(App\Controllers\Ventas))
 4 SYSTEMPATH\CodeIgniter.php(368): CodeIgniter\CodeIgniter->handleRequest(null, Object(Config\Cache), false)
 5 FCPATH\index.php(73): CodeIgniter\CodeIgniter->run()
CRITICAL - 2024-03-28 10:36:21 --> Call to undefined method CodeIgniter\Database\MySQLi\Builder::where_in()
in APPPATH\Models\Venta.php on line 191.
 1 APPPATH\Controllers\Ventas.php(156): App\Models\Venta->deletetemprodcompra(null)
 2 SYSTEMPATH\CodeIgniter.php(934): App\Controllers\Ventas->crearventa()
 3 SYSTEMPATH\CodeIgniter.php(499): CodeIgniter\CodeIgniter->runController(Object(App\Controllers\Ventas))
 4 SYSTEMPATH\CodeIgniter.php(368): CodeIgniter\CodeIgniter->handleRequest(null, Object(Config\Cache), false)
 5 FCPATH\index.php(73): CodeIgniter\CodeIgniter->run()
CRITICAL - 2024-03-28 10:38:41 --> Call to undefined method CodeIgniter\Database\MySQLi\Builder::where_in()
in APPPATH\Models\Venta.php on line 191.
 1 APPPATH\Controllers\Ventas.php(156): App\Models\Venta->deletetemprodcompra('19')
 2 SYSTEMPATH\CodeIgniter.php(934): App\Controllers\Ventas->crearventa()
 3 SYSTEMPATH\CodeIgniter.php(499): CodeIgniter\CodeIgniter->runController(Object(App\Controllers\Ventas))
 4 SYSTEMPATH\CodeIgniter.php(368): CodeIgniter\CodeIgniter->handleRequest(null, Object(Config\Cache), false)
 5 FCPATH\index.php(73): CodeIgniter\CodeIgniter->run()
CRITICAL - 2024-03-28 10:48:21 --> Call to undefined method CodeIgniter\Database\MySQLi\Builder::where_in()
in APPPATH\Models\Venta.php on line 191.
 1 APPPATH\Controllers\Ventas.php(156): App\Models\Venta->deletetemprodcompra('19')
 2 SYSTEMPATH\CodeIgniter.php(934): App\Controllers\Ventas->crearventa()
 3 SYSTEMPATH\CodeIgniter.php(499): CodeIgniter\CodeIgniter->runController(Object(App\Controllers\Ventas))
 4 SYSTEMPATH\CodeIgniter.php(368): CodeIgniter\CodeIgniter->handleRequest(null, Object(Config\Cache), false)
 5 FCPATH\index.php(73): CodeIgniter\CodeIgniter->run()
CRITICAL - 2024-03-28 10:51:02 --> Call to undefined method CodeIgniter\Database\MySQLi\Builder::where_in()
in APPPATH\Models\Venta.php on line 191.
 1 APPPATH\Controllers\Ventas.php(159): App\Models\Venta->deletetemprodcompra('19')
 2 SYSTEMPATH\CodeIgniter.php(934): App\Controllers\Ventas->crearventa()
 3 SYSTEMPATH\CodeIgniter.php(499): CodeIgniter\CodeIgniter->runController(Object(App\Controllers\Ventas))
 4 SYSTEMPATH\CodeIgniter.php(368): CodeIgniter\CodeIgniter->handleRequest(null, Object(Config\Cache), false)
 5 FCPATH\index.php(73): CodeIgniter\CodeIgniter->run()
CRITICAL - 2024-03-28 10:51:03 --> Call to undefined method CodeIgniter\Database\MySQLi\Builder::where_in()
in APPPATH\Models\Venta.php on line 191.
 1 APPPATH\Controllers\Ventas.php(159): App\Models\Venta->deletetemprodcompra('19')
 2 SYSTEMPATH\CodeIgniter.php(934): App\Controllers\Ventas->crearventa()
 3 SYSTEMPATH\CodeIgniter.php(499): CodeIgniter\CodeIgniter->runController(Object(App\Controllers\Ventas))
 4 SYSTEMPATH\CodeIgniter.php(368): CodeIgniter\CodeIgniter->handleRequest(null, Object(Config\Cache), false)
 5 FCPATH\index.php(73): CodeIgniter\CodeIgniter->run()
CRITICAL - 2024-03-28 10:51:04 --> Call to undefined method CodeIgniter\Database\MySQLi\Builder::where_in()
in APPPATH\Models\Venta.php on line 191.
 1 APPPATH\Controllers\Ventas.php(159): App\Models\Venta->deletetemprodcompra('19')
 2 SYSTEMPATH\CodeIgniter.php(934): App\Controllers\Ventas->crearventa()
 3 SYSTEMPATH\CodeIgniter.php(499): CodeIgniter\CodeIgniter->runController(Object(App\Controllers\Ventas))
 4 SYSTEMPATH\CodeIgniter.php(368): CodeIgniter\CodeIgniter->handleRequest(null, Object(Config\Cache), false)
 5 FCPATH\index.php(73): CodeIgniter\CodeIgniter->run()
CRITICAL - 2024-03-28 10:52:03 --> Call to undefined method CodeIgniter\Database\MySQLi\Builder::where_in()
in APPPATH\Models\Venta.php on line 191.
 1 APPPATH\Controllers\Ventas.php(159): App\Models\Venta->deletetemprodcompra('19')
 2 SYSTEMPATH\CodeIgniter.php(934): App\Controllers\Ventas->crearventa()
 3 SYSTEMPATH\CodeIgniter.php(499): CodeIgniter\CodeIgniter->runController(Object(App\Controllers\Ventas))
 4 SYSTEMPATH\CodeIgniter.php(368): CodeIgniter\CodeIgniter->handleRequest(null, Object(Config\Cache), false)
 5 FCPATH\index.php(73): CodeIgniter\CodeIgniter->run()
CRITICAL - 2024-03-28 10:52:05 --> Call to undefined method CodeIgniter\Database\MySQLi\Builder::where_in()
in APPPATH\Models\Venta.php on line 191.
 1 APPPATH\Controllers\Ventas.php(159): App\Models\Venta->deletetemprodcompra('19')
 2 SYSTEMPATH\CodeIgniter.php(934): App\Controllers\Ventas->crearventa()
 3 SYSTEMPATH\CodeIgniter.php(499): CodeIgniter\CodeIgniter->runController(Object(App\Controllers\Ventas))
 4 SYSTEMPATH\CodeIgniter.php(368): CodeIgniter\CodeIgniter->handleRequest(null, Object(Config\Cache), false)
 5 FCPATH\index.php(73): CodeIgniter\CodeIgniter->run()
CRITICAL - 2024-03-28 10:54:21 --> Call to undefined method CodeIgniter\Database\MySQLi\Builder::where_in()
in APPPATH\Models\Venta.php on line 191.
 1 APPPATH\Controllers\Ventas.php(159): App\Models\Venta->deletetemprodcompra('19')
 2 SYSTEMPATH\CodeIgniter.php(934): App\Controllers\Ventas->crearventa()
 3 SYSTEMPATH\CodeIgniter.php(499): CodeIgniter\CodeIgniter->runController(Object(App\Controllers\Ventas))
 4 SYSTEMPATH\CodeIgniter.php(368): CodeIgniter\CodeIgniter->handleRequest(null, Object(Config\Cache), false)
 5 FCPATH\index.php(73): CodeIgniter\CodeIgniter->run()
CRITICAL - 2024-03-28 10:54:22 --> Call to undefined method CodeIgniter\Database\MySQLi\Builder::where_in()
in APPPATH\Models\Venta.php on line 191.
 1 APPPATH\Controllers\Ventas.php(159): App\Models\Venta->deletetemprodcompra('19')
 2 SYSTEMPATH\CodeIgniter.php(934): App\Controllers\Ventas->crearventa()
 3 SYSTEMPATH\CodeIgniter.php(499): CodeIgniter\CodeIgniter->runController(Object(App\Controllers\Ventas))
 4 SYSTEMPATH\CodeIgniter.php(368): CodeIgniter\CodeIgniter->handleRequest(null, Object(Config\Cache), false)
 5 FCPATH\index.php(73): CodeIgniter\CodeIgniter->run()
CRITICAL - 2024-03-28 10:54:23 --> Call to undefined method CodeIgniter\Database\MySQLi\Builder::where_in()
in APPPATH\Models\Venta.php on line 191.
 1 APPPATH\Controllers\Ventas.php(159): App\Models\Venta->deletetemprodcompra('19')
 2 SYSTEMPATH\CodeIgniter.php(934): App\Controllers\Ventas->crearventa()
 3 SYSTEMPATH\CodeIgniter.php(499): CodeIgniter\CodeIgniter->runController(Object(App\Controllers\Ventas))
 4 SYSTEMPATH\CodeIgniter.php(368): CodeIgniter\CodeIgniter->handleRequest(null, Object(Config\Cache), false)
 5 FCPATH\index.php(73): CodeIgniter\CodeIgniter->run()
CRITICAL - 2024-03-28 10:55:22 --> Call to undefined method CodeIgniter\Database\MySQLi\Builder::where_in()
in APPPATH\Models\Venta.php on line 191.
 1 APPPATH\Controllers\Ventas.php(159): App\Models\Venta->deletetemprodcompra('19')
 2 SYSTEMPATH\CodeIgniter.php(934): App\Controllers\Ventas->crearventa()
 3 SYSTEMPATH\CodeIgniter.php(499): CodeIgniter\CodeIgniter->runController(Object(App\Controllers\Ventas))
 4 SYSTEMPATH\CodeIgniter.php(368): CodeIgniter\CodeIgniter->handleRequest(null, Object(Config\Cache), false)
 5 FCPATH\index.php(73): CodeIgniter\CodeIgniter->run()
CRITICAL - 2024-03-28 10:55:23 --> Call to undefined method CodeIgniter\Database\MySQLi\Builder::where_in()
in APPPATH\Models\Venta.php on line 191.
 1 APPPATH\Controllers\Ventas.php(159): App\Models\Venta->deletetemprodcompra('19')
 2 SYSTEMPATH\CodeIgniter.php(934): App\Controllers\Ventas->crearventa()
 3 SYSTEMPATH\CodeIgniter.php(499): CodeIgniter\CodeIgniter->runController(Object(App\Controllers\Ventas))
 4 SYSTEMPATH\CodeIgniter.php(368): CodeIgniter\CodeIgniter->handleRequest(null, Object(Config\Cache), false)
 5 FCPATH\index.php(73): CodeIgniter\CodeIgniter->run()
CRITICAL - 2024-03-28 10:57:23 --> Call to undefined method CodeIgniter\Database\MySQLi\Builder::where_in()
in APPPATH\Models\Venta.php on line 191.
 1 APPPATH\Controllers\Ventas.php(159): App\Models\Venta->deletetemprodcompra(null)
 2 SYSTEMPATH\CodeIgniter.php(934): App\Controllers\Ventas->crearventa()
 3 SYSTEMPATH\CodeIgniter.php(499): CodeIgniter\CodeIgniter->runController(Object(App\Controllers\Ventas))
 4 SYSTEMPATH\CodeIgniter.php(368): CodeIgniter\CodeIgniter->handleRequest(null, Object(Config\Cache), false)
 5 FCPATH\index.php(73): CodeIgniter\CodeIgniter->run()
CRITICAL - 2024-03-28 10:57:26 --> Call to undefined method CodeIgniter\Database\MySQLi\Builder::where_in()
in APPPATH\Models\Venta.php on line 191.
 1 APPPATH\Controllers\Ventas.php(159): App\Models\Venta->deletetemprodcompra(null)
 2 SYSTEMPATH\CodeIgniter.php(934): App\Controllers\Ventas->crearventa()
 3 SYSTEMPATH\CodeIgniter.php(499): CodeIgniter\CodeIgniter->runController(Object(App\Controllers\Ventas))
 4 SYSTEMPATH\CodeIgniter.php(368): CodeIgniter\CodeIgniter->handleRequest(null, Object(Config\Cache), false)
 5 FCPATH\index.php(73): CodeIgniter\CodeIgniter->run()
CRITICAL - 2024-03-28 10:58:01 --> Call to undefined method CodeIgniter\Database\MySQLi\Builder::where_in()
in APPPATH\Models\Venta.php on line 191.
 1 APPPATH\Controllers\Ventas.php(159): App\Models\Venta->deletetemprodcompra('19')
 2 SYSTEMPATH\CodeIgniter.php(934): App\Controllers\Ventas->crearventa()
 3 SYSTEMPATH\CodeIgniter.php(499): CodeIgniter\CodeIgniter->runController(Object(App\Controllers\Ventas))
 4 SYSTEMPATH\CodeIgniter.php(368): CodeIgniter\CodeIgniter->handleRequest(null, Object(Config\Cache), false)
 5 FCPATH\index.php(73): CodeIgniter\CodeIgniter->run()
CRITICAL - 2024-03-28 10:58:23 --> Call to undefined method CodeIgniter\Database\MySQLi\Builder::where_in()
in APPPATH\Models\Venta.php on line 191.
 1 APPPATH\Controllers\Ventas.php(159): App\Models\Venta->deletetemprodcompra('19')
 2 SYSTEMPATH\CodeIgniter.php(934): App\Controllers\Ventas->crearventa()
 3 SYSTEMPATH\CodeIgniter.php(499): CodeIgniter\CodeIgniter->runController(Object(App\Controllers\Ventas))
 4 SYSTEMPATH\CodeIgniter.php(368): CodeIgniter\CodeIgniter->handleRequest(null, Object(Config\Cache), false)
 5 FCPATH\index.php(73): CodeIgniter\CodeIgniter->run()
CRITICAL - 2024-03-28 10:58:25 --> Call to undefined method CodeIgniter\Database\MySQLi\Builder::where_in()
in APPPATH\Models\Venta.php on line 191.
 1 APPPATH\Controllers\Ventas.php(159): App\Models\Venta->deletetemprodcompra('19')
 2 SYSTEMPATH\CodeIgniter.php(934): App\Controllers\Ventas->crearventa()
 3 SYSTEMPATH\CodeIgniter.php(499): CodeIgniter\CodeIgniter->runController(Object(App\Controllers\Ventas))
 4 SYSTEMPATH\CodeIgniter.php(368): CodeIgniter\CodeIgniter->handleRequest(null, Object(Config\Cache), false)
 5 FCPATH\index.php(73): CodeIgniter\CodeIgniter->run()
CRITICAL - 2024-03-28 11:11:30 --> Call to undefined method CodeIgniter\Database\MySQLi\Builder::where_in()
in APPPATH\Models\Venta.php on line 191.
 1 APPPATH\Controllers\Ventas.php(159): App\Models\Venta->deletetemprodcompra(null)
 2 SYSTEMPATH\CodeIgniter.php(934): App\Controllers\Ventas->crearventa()
 3 SYSTEMPATH\CodeIgniter.php(499): CodeIgniter\CodeIgniter->runController(Object(App\Controllers\Ventas))
 4 SYSTEMPATH\CodeIgniter.php(368): CodeIgniter\CodeIgniter->handleRequest(null, Object(Config\Cache), false)
 5 FCPATH\index.php(73): CodeIgniter\CodeIgniter->run()
CRITICAL - 2024-03-28 11:11:33 --> Call to undefined method CodeIgniter\Database\MySQLi\Builder::where_in()
in APPPATH\Models\Venta.php on line 191.
 1 APPPATH\Controllers\Ventas.php(159): App\Models\Venta->deletetemprodcompra(null)
 2 SYSTEMPATH\CodeIgniter.php(934): App\Controllers\Ventas->crearventa()
 3 SYSTEMPATH\CodeIgniter.php(499): CodeIgniter\CodeIgniter->runController(Object(App\Controllers\Ventas))
 4 SYSTEMPATH\CodeIgniter.php(368): CodeIgniter\CodeIgniter->handleRequest(null, Object(Config\Cache), false)
 5 FCPATH\index.php(73): CodeIgniter\CodeIgniter->run()
CRITICAL - 2024-03-28 11:11:35 --> Call to undefined method CodeIgniter\Database\MySQLi\Builder::where_in()
in APPPATH\Models\Venta.php on line 191.
 1 APPPATH\Controllers\Ventas.php(159): App\Models\Venta->deletetemprodcompra(null)
 2 SYSTEMPATH\CodeIgniter.php(934): App\Controllers\Ventas->crearventa()
 3 SYSTEMPATH\CodeIgniter.php(499): CodeIgniter\CodeIgniter->runController(Object(App\Controllers\Ventas))
 4 SYSTEMPATH\CodeIgniter.php(368): CodeIgniter\CodeIgniter->handleRequest(null, Object(Config\Cache), false)
 5 FCPATH\index.php(73): CodeIgniter\CodeIgniter->run()
CRITICAL - 2024-03-28 11:17:02 --> Call to undefined method CodeIgniter\Database\MySQLi\Builder::where_in()
in APPPATH\Models\Venta.php on line 191.
 1 APPPATH\Controllers\Ventas.php(159): App\Models\Venta->deletetemprodcompra(null)
 2 SYSTEMPATH\CodeIgniter.php(934): App\Controllers\Ventas->crearventa()
 3 SYSTEMPATH\CodeIgniter.php(499): CodeIgniter\CodeIgniter->runController(Object(App\Controllers\Ventas))
 4 SYSTEMPATH\CodeIgniter.php(368): CodeIgniter\CodeIgniter->handleRequest(null, Object(Config\Cache), false)
 5 FCPATH\index.php(73): CodeIgniter\CodeIgniter->run()
CRITICAL - 2024-03-28 11:17:18 --> Call to undefined method CodeIgniter\Database\MySQLi\Builder::where_in()
in APPPATH\Models\Venta.php on line 191.
 1 APPPATH\Controllers\Ventas.php(159): App\Models\Venta->deletetemprodcompra(null)
 2 SYSTEMPATH\CodeIgniter.php(934): App\Controllers\Ventas->crearventa()
 3 SYSTEMPATH\CodeIgniter.php(499): CodeIgniter\CodeIgniter->runController(Object(App\Controllers\Ventas))
 4 SYSTEMPATH\CodeIgniter.php(368): CodeIgniter\CodeIgniter->handleRequest(null, Object(Config\Cache), false)
 5 FCPATH\index.php(73): CodeIgniter\CodeIgniter->run()
CRITICAL - 2024-03-28 11:25:05 --> The route for "http://localhost:4200/home/CompraOro" cannot be found.
in SYSTEMPATH\HTTP\RedirectResponse.php on line 60.
 1 SYSTEMPATH\HTTP\RedirectResponse.php(60): CodeIgniter\HTTP\Exceptions\HTTPException::forInvalidRedirectRoute('http://localhost:4200/home/CompraOro')
 2 SYSTEMPATH\Common.php(880): CodeIgniter\HTTP\RedirectResponse->route(false)
 3 APPPATH\Controllers\Ventas.php(159): redirect('http://localhost:4200/home/CompraOro', 'refresh')
 4 SYSTEMPATH\CodeIgniter.php(934): App\Controllers\Ventas->crearventa()
 5 SYSTEMPATH\CodeIgniter.php(499): CodeIgniter\CodeIgniter->runController(Object(App\Controllers\Ventas))
 6 SYSTEMPATH\CodeIgniter.php(368): CodeIgniter\CodeIgniter->handleRequest(null, Object(Config\Cache), false)
 7 FCPATH\index.php(73): CodeIgniter\CodeIgniter->run()
CRITICAL - 2024-03-28 11:25:06 --> The route for "http://localhost:4200/home/CompraOro" cannot be found.
in SYSTEMPATH\HTTP\RedirectResponse.php on line 60.
 1 SYSTEMPATH\HTTP\RedirectResponse.php(60): CodeIgniter\HTTP\Exceptions\HTTPException::forInvalidRedirectRoute('http://localhost:4200/home/CompraOro')
 2 SYSTEMPATH\Common.php(880): CodeIgniter\HTTP\RedirectResponse->route(false)
 3 APPPATH\Controllers\Ventas.php(159): redirect('http://localhost:4200/home/CompraOro', 'refresh')
 4 SYSTEMPATH\CodeIgniter.php(934): App\Controllers\Ventas->crearventa()
 5 SYSTEMPATH\CodeIgniter.php(499): CodeIgniter\CodeIgniter->runController(Object(App\Controllers\Ventas))
 6 SYSTEMPATH\CodeIgniter.php(368): CodeIgniter\CodeIgniter->handleRequest(null, Object(Config\Cache), false)
 7 FCPATH\index.php(73): CodeIgniter\CodeIgniter->run()
CRITICAL - 2024-03-28 11:25:07 --> The route for "http://localhost:4200/home/CompraOro" cannot be found.
in SYSTEMPATH\HTTP\RedirectResponse.php on line 60.
 1 SYSTEMPATH\HTTP\RedirectResponse.php(60): CodeIgniter\HTTP\Exceptions\HTTPException::forInvalidRedirectRoute('http://localhost:4200/home/CompraOro')
 2 SYSTEMPATH\Common.php(880): CodeIgniter\HTTP\RedirectResponse->route(false)
 3 APPPATH\Controllers\Ventas.php(159): redirect('http://localhost:4200/home/CompraOro', 'refresh')
 4 SYSTEMPATH\CodeIgniter.php(934): App\Controllers\Ventas->crearventa()
 5 SYSTEMPATH\CodeIgniter.php(499): CodeIgniter\CodeIgniter->runController(Object(App\Controllers\Ventas))
 6 SYSTEMPATH\CodeIgniter.php(368): CodeIgniter\CodeIgniter->handleRequest(null, Object(Config\Cache), false)
 7 FCPATH\index.php(73): CodeIgniter\CodeIgniter->run()
CRITICAL - 2024-03-28 11:26:06 --> The route for "http://localhost:4200/home/CompraOro" cannot be found.
in SYSTEMPATH\HTTP\RedirectResponse.php on line 60.
 1 SYSTEMPATH\HTTP\RedirectResponse.php(60): CodeIgniter\HTTP\Exceptions\HTTPException::forInvalidRedirectRoute('http://localhost:4200/home/CompraOro')
 2 SYSTEMPATH\Common.php(880): CodeIgniter\HTTP\RedirectResponse->route(false)
 3 APPPATH\Controllers\Ventas.php(159): redirect('http://localhost:4200/home/CompraOro', 'refresh')
 4 SYSTEMPATH\CodeIgniter.php(934): App\Controllers\Ventas->crearventa()
 5 SYSTEMPATH\CodeIgniter.php(499): CodeIgniter\CodeIgniter->runController(Object(App\Controllers\Ventas))
 6 SYSTEMPATH\CodeIgniter.php(368): CodeIgniter\CodeIgniter->handleRequest(null, Object(Config\Cache), false)
 7 FCPATH\index.php(73): CodeIgniter\CodeIgniter->run()
CRITICAL - 2024-03-28 11:26:07 --> The route for "http://localhost:4200/home/CompraOro" cannot be found.
in SYSTEMPATH\HTTP\RedirectResponse.php on line 60.
 1 SYSTEMPATH\HTTP\RedirectResponse.php(60): CodeIgniter\HTTP\Exceptions\HTTPException::forInvalidRedirectRoute('http://localhost:4200/home/CompraOro')
 2 SYSTEMPATH\Common.php(880): CodeIgniter\HTTP\RedirectResponse->route(false)
 3 APPPATH\Controllers\Ventas.php(159): redirect('http://localhost:4200/home/CompraOro', 'refresh')
 4 SYSTEMPATH\CodeIgniter.php(934): App\Controllers\Ventas->crearventa()
 5 SYSTEMPATH\CodeIgniter.php(499): CodeIgniter\CodeIgniter->runController(Object(App\Controllers\Ventas))
 6 SYSTEMPATH\CodeIgniter.php(368): CodeIgniter\CodeIgniter->handleRequest(null, Object(Config\Cache), false)
 7 FCPATH\index.php(73): CodeIgniter\CodeIgniter->run()
CRITICAL - 2024-03-28 11:30:37 --> The route for "http://localhost:4200/home/CompraOro" cannot be found.
in SYSTEMPATH\HTTP\RedirectResponse.php on line 60.
 1 SYSTEMPATH\HTTP\RedirectResponse.php(60): CodeIgniter\HTTP\Exceptions\HTTPException::forInvalidRedirectRoute('http://localhost:4200/home/CompraOro')
 2 SYSTEMPATH\Common.php(880): CodeIgniter\HTTP\RedirectResponse->route(false)
 3 APPPATH\Controllers\Ventas.php(159): redirect('http://localhost:4200/home/CompraOro', 'refresh')
 4 SYSTEMPATH\CodeIgniter.php(934): App\Controllers\Ventas->crearventa()
 5 SYSTEMPATH\CodeIgniter.php(499): CodeIgniter\CodeIgniter->runController(Object(App\Controllers\Ventas))
 6 SYSTEMPATH\CodeIgniter.php(368): CodeIgniter\CodeIgniter->handleRequest(null, Object(Config\Cache), false)
 7 FCPATH\index.php(73): CodeIgniter\CodeIgniter->run()
CRITICAL - 2024-03-28 11:30:43 --> The route for "http://localhost:4200/home/CompraOro" cannot be found.
in SYSTEMPATH\HTTP\RedirectResponse.php on line 60.
 1 SYSTEMPATH\HTTP\RedirectResponse.php(60): CodeIgniter\HTTP\Exceptions\HTTPException::forInvalidRedirectRoute('http://localhost:4200/home/CompraOro')
 2 SYSTEMPATH\Common.php(880): CodeIgniter\HTTP\RedirectResponse->route(false)
 3 APPPATH\Controllers\Ventas.php(159): redirect('http://localhost:4200/home/CompraOro', 'refresh')
 4 SYSTEMPATH\CodeIgniter.php(934): App\Controllers\Ventas->crearventa()
 5 SYSTEMPATH\CodeIgniter.php(499): CodeIgniter\CodeIgniter->runController(Object(App\Controllers\Ventas))
 6 SYSTEMPATH\CodeIgniter.php(368): CodeIgniter\CodeIgniter->handleRequest(null, Object(Config\Cache), false)
 7 FCPATH\index.php(73): CodeIgniter\CodeIgniter->run()
CRITICAL - 2024-03-28 11:46:14 --> The route for "http://localhost:4200/home/CompraOro" cannot be found.
in SYSTEMPATH\HTTP\RedirectResponse.php on line 60.
 1 SYSTEMPATH\HTTP\RedirectResponse.php(60): CodeIgniter\HTTP\Exceptions\HTTPException::forInvalidRedirectRoute('http://localhost:4200/home/CompraOro')
 2 SYSTEMPATH\Common.php(880): CodeIgniter\HTTP\RedirectResponse->route(false)
 3 APPPATH\Controllers\Ventas.php(159): redirect('http://localhost:4200/home/CompraOro', 'refresh')
 4 SYSTEMPATH\CodeIgniter.php(934): App\Controllers\Ventas->crearventa()
 5 SYSTEMPATH\CodeIgniter.php(499): CodeIgniter\CodeIgniter->runController(Object(App\Controllers\Ventas))
 6 SYSTEMPATH\CodeIgniter.php(368): CodeIgniter\CodeIgniter->handleRequest(null, Object(Config\Cache), false)
 7 FCPATH\index.php(73): CodeIgniter\CodeIgniter->run()
CRITICAL - 2024-03-28 11:46:30 --> The route for "http://localhost:4200/home/CompraOro" cannot be found.
in SYSTEMPATH\HTTP\RedirectResponse.php on line 60.
 1 SYSTEMPATH\HTTP\RedirectResponse.php(60): CodeIgniter\HTTP\Exceptions\HTTPException::forInvalidRedirectRoute('http://localhost:4200/home/CompraOro')
 2 SYSTEMPATH\Common.php(880): CodeIgniter\HTTP\RedirectResponse->route(false)
 3 APPPATH\Controllers\Ventas.php(159): redirect('http://localhost:4200/home/CompraOro', 'refresh')
 4 SYSTEMPATH\CodeIgniter.php(934): App\Controllers\Ventas->crearventa()
 5 SYSTEMPATH\CodeIgniter.php(499): CodeIgniter\CodeIgniter->runController(Object(App\Controllers\Ventas))
 6 SYSTEMPATH\CodeIgniter.php(368): CodeIgniter\CodeIgniter->handleRequest(null, Object(Config\Cache), false)
 7 FCPATH\index.php(73): CodeIgniter\CodeIgniter->run()
CRITICAL - 2024-03-28 11:46:46 --> The route for "http://localhost:4200/home/CompraOro" cannot be found.
in SYSTEMPATH\HTTP\RedirectResponse.php on line 60.
 1 SYSTEMPATH\HTTP\RedirectResponse.php(60): CodeIgniter\HTTP\Exceptions\HTTPException::forInvalidRedirectRoute('http://localhost:4200/home/CompraOro')
 2 SYSTEMPATH\Common.php(880): CodeIgniter\HTTP\RedirectResponse->route(false)
 3 APPPATH\Controllers\Ventas.php(159): redirect('http://localhost:4200/home/CompraOro', 'refresh')
 4 SYSTEMPATH\CodeIgniter.php(934): App\Controllers\Ventas->crearventa()
 5 SYSTEMPATH\CodeIgniter.php(499): CodeIgniter\CodeIgniter->runController(Object(App\Controllers\Ventas))
 6 SYSTEMPATH\CodeIgniter.php(368): CodeIgniter\CodeIgniter->handleRequest(null, Object(Config\Cache), false)
 7 FCPATH\index.php(73): CodeIgniter\CodeIgniter->run()
CRITICAL - 2024-03-28 11:46:48 --> The route for "http://localhost:4200/home/CompraOro" cannot be found.
in SYSTEMPATH\HTTP\RedirectResponse.php on line 60.
 1 SYSTEMPATH\HTTP\RedirectResponse.php(60): CodeIgniter\HTTP\Exceptions\HTTPException::forInvalidRedirectRoute('http://localhost:4200/home/CompraOro')
 2 SYSTEMPATH\Common.php(880): CodeIgniter\HTTP\RedirectResponse->route(false)
 3 APPPATH\Controllers\Ventas.php(159): redirect('http://localhost:4200/home/CompraOro', 'refresh')
 4 SYSTEMPATH\CodeIgniter.php(934): App\Controllers\Ventas->crearventa()
 5 SYSTEMPATH\CodeIgniter.php(499): CodeIgniter\CodeIgniter->runController(Object(App\Controllers\Ventas))
 6 SYSTEMPATH\CodeIgniter.php(368): CodeIgniter\CodeIgniter->handleRequest(null, Object(Config\Cache), false)
 7 FCPATH\index.php(73): CodeIgniter\CodeIgniter->run()
CRITICAL - 2024-03-28 11:46:54 --> The route for "http://localhost:4200/home/CompraOro" cannot be found.
in SYSTEMPATH\HTTP\RedirectResponse.php on line 60.
 1 SYSTEMPATH\HTTP\RedirectResponse.php(60): CodeIgniter\HTTP\Exceptions\HTTPException::forInvalidRedirectRoute('http://localhost:4200/home/CompraOro')
 2 SYSTEMPATH\Common.php(880): CodeIgniter\HTTP\RedirectResponse->route(false)
 3 APPPATH\Controllers\Ventas.php(159): redirect('http://localhost:4200/home/CompraOro', 'refresh')
 4 SYSTEMPATH\CodeIgniter.php(934): App\Controllers\Ventas->crearventa()
 5 SYSTEMPATH\CodeIgniter.php(499): CodeIgniter\CodeIgniter->runController(Object(App\Controllers\Ventas))
 6 SYSTEMPATH\CodeIgniter.php(368): CodeIgniter\CodeIgniter->handleRequest(null, Object(Config\Cache), false)
 7 FCPATH\index.php(73): CodeIgniter\CodeIgniter->run()
CRITICAL - 2024-03-28 11:51:50 --> The route for "http://localhost:4200/home/CompraOro" cannot be found.
in SYSTEMPATH\HTTP\RedirectResponse.php on line 60.
 1 SYSTEMPATH\HTTP\RedirectResponse.php(60): CodeIgniter\HTTP\Exceptions\HTTPException::forInvalidRedirectRoute('http://localhost:4200/home/CompraOro')
 2 SYSTEMPATH\Common.php(880): CodeIgniter\HTTP\RedirectResponse->route(false)
 3 APPPATH\Controllers\Ventas.php(159): redirect('http://localhost:4200/home/CompraOro', 'refresh')
 4 SYSTEMPATH\CodeIgniter.php(934): App\Controllers\Ventas->crearventa()
 5 SYSTEMPATH\CodeIgniter.php(499): CodeIgniter\CodeIgniter->runController(Object(App\Controllers\Ventas))
 6 SYSTEMPATH\CodeIgniter.php(368): CodeIgniter\CodeIgniter->handleRequest(null, Object(Config\Cache), false)
 7 FCPATH\index.php(73): CodeIgniter\CodeIgniter->run()
CRITICAL - 2024-03-28 11:51:57 --> The route for "http://localhost:4200/home/CompraOro" cannot be found.
in SYSTEMPATH\HTTP\RedirectResponse.php on line 60.
 1 SYSTEMPATH\HTTP\RedirectResponse.php(60): CodeIgniter\HTTP\Exceptions\HTTPException::forInvalidRedirectRoute('http://localhost:4200/home/CompraOro')
 2 SYSTEMPATH\Common.php(880): CodeIgniter\HTTP\RedirectResponse->route(false)
 3 APPPATH\Controllers\Ventas.php(159): redirect('http://localhost:4200/home/CompraOro', 'refresh')
 4 SYSTEMPATH\CodeIgniter.php(934): App\Controllers\Ventas->crearventa()
 5 SYSTEMPATH\CodeIgniter.php(499): CodeIgniter\CodeIgniter->runController(Object(App\Controllers\Ventas))
 6 SYSTEMPATH\CodeIgniter.php(368): CodeIgniter\CodeIgniter->handleRequest(null, Object(Config\Cache), false)
 7 FCPATH\index.php(73): CodeIgniter\CodeIgniter->run()
