CRITICAL - 2024-11-26 11:53:54 --> Undefined property: stdClass::$idempresaext
in APPPATH\Controllers\Contactos.php on line 100.
 1 APPPATH\Controllers\Contactos.php(100): CodeIgniter\Debug\Exceptions->errorHandler(2, 'Undefined property: stdClass::$idempresaext', 'APPPATH\\Controllers\\Contactos.php', 100)
 2 SYSTEMPATH\CodeIgniter.php(934): App\Controllers\Contactos->CrearContacto()
 3 SYSTEMPATH\CodeIgniter.php(499): CodeIgniter\CodeIgniter->runController(Object(App\Controllers\Contactos))
 4 SYSTEMPATH\CodeIgniter.php(368): CodeIgniter\CodeIgniter->handleRequest(null, Object(Config\Cache), false)
 5 FCPATH\index.php(73): CodeIgniter\CodeIgniter->run()
CRITICAL - 2024-11-26 12:03:24 --> Undefined property: stdClass::$idempresaext
in APPPATH\Controllers\Contactos.php on line 100.
 1 APPPATH\Controllers\Contactos.php(100): CodeIgniter\Debug\Exceptions->errorHandler(2, 'Undefined property: stdClass::$idempresaext', 'APPPATH\\Controllers\\Contactos.php', 100)
 2 SYSTEMPATH\CodeIgniter.php(934): App\Controllers\Contactos->CrearContacto()
 3 SYSTEMPATH\CodeIgniter.php(499): CodeIgniter\CodeIgniter->runController(Object(App\Controllers\Contactos))
 4 SYSTEMPATH\CodeIgniter.php(368): CodeIgniter\CodeIgniter->handleRequest(null, Object(Config\Cache), false)
 5 FCPATH\index.php(73): CodeIgniter\CodeIgniter->run()
CRITICAL - 2024-11-26 12:03:35 --> Undefined property: stdClass::$idempresaext
in APPPATH\Controllers\Contactos.php on line 100.
 1 APPPATH\Controllers\Contactos.php(100): CodeIgniter\Debug\Exceptions->errorHandler(2, 'Undefined property: stdClass::$idempresaext', 'APPPATH\\Controllers\\Contactos.php', 100)
 2 SYSTEMPATH\CodeIgniter.php(934): App\Controllers\Contactos->CrearContacto()
 3 SYSTEMPATH\CodeIgniter.php(499): CodeIgniter\CodeIgniter->runController(Object(App\Controllers\Contactos))
 4 SYSTEMPATH\CodeIgniter.php(368): CodeIgniter\CodeIgniter->handleRequest(null, Object(Config\Cache), false)
 5 FCPATH\index.php(73): CodeIgniter\CodeIgniter->run()
CRITICAL - 2024-11-26 12:03:39 --> Undefined property: stdClass::$idempresaext
in APPPATH\Controllers\Contactos.php on line 100.
 1 APPPATH\Controllers\Contactos.php(100): CodeIgniter\Debug\Exceptions->errorHandler(2, 'Undefined property: stdClass::$idempresaext', 'APPPATH\\Controllers\\Contactos.php', 100)
 2 SYSTEMPATH\CodeIgniter.php(934): App\Controllers\Contactos->CrearContacto()
 3 SYSTEMPATH\CodeIgniter.php(499): CodeIgniter\CodeIgniter->runController(Object(App\Controllers\Contactos))
 4 SYSTEMPATH\CodeIgniter.php(368): CodeIgniter\CodeIgniter->handleRequest(null, Object(Config\Cache), false)
 5 FCPATH\index.php(73): CodeIgniter\CodeIgniter->run()
CRITICAL - 2024-11-26 12:03:45 --> Undefined property: stdClass::$idempresaext
in APPPATH\Controllers\Contactos.php on line 100.
 1 APPPATH\Controllers\Contactos.php(100): CodeIgniter\Debug\Exceptions->errorHandler(2, 'Undefined property: stdClass::$idempresaext', 'APPPATH\\Controllers\\Contactos.php', 100)
 2 SYSTEMPATH\CodeIgniter.php(934): App\Controllers\Contactos->CrearContacto()
 3 SYSTEMPATH\CodeIgniter.php(499): CodeIgniter\CodeIgniter->runController(Object(App\Controllers\Contactos))
 4 SYSTEMPATH\CodeIgniter.php(368): CodeIgniter\CodeIgniter->handleRequest(null, Object(Config\Cache), false)
 5 FCPATH\index.php(73): CodeIgniter\CodeIgniter->run()
CRITICAL - 2024-11-26 12:03:47 --> Undefined property: stdClass::$idempresaext
in APPPATH\Controllers\Contactos.php on line 100.
 1 APPPATH\Controllers\Contactos.php(100): CodeIgniter\Debug\Exceptions->errorHandler(2, 'Undefined property: stdClass::$idempresaext', 'APPPATH\\Controllers\\Contactos.php', 100)
 2 SYSTEMPATH\CodeIgniter.php(934): App\Controllers\Contactos->CrearContacto()
 3 SYSTEMPATH\CodeIgniter.php(499): CodeIgniter\CodeIgniter->runController(Object(App\Controllers\Contactos))
 4 SYSTEMPATH\CodeIgniter.php(368): CodeIgniter\CodeIgniter->handleRequest(null, Object(Config\Cache), false)
 5 FCPATH\index.php(73): CodeIgniter\CodeIgniter->run()
CRITICAL - 2024-11-26 12:04:35 --> Undefined property: stdClass::$idempresaext
in APPPATH\Controllers\Contactos.php on line 100.
 1 APPPATH\Controllers\Contactos.php(100): CodeIgniter\Debug\Exceptions->errorHandler(2, 'Undefined property: stdClass::$idempresaext', 'APPPATH\\Controllers\\Contactos.php', 100)
 2 SYSTEMPATH\CodeIgniter.php(934): App\Controllers\Contactos->CrearContacto()
 3 SYSTEMPATH\CodeIgniter.php(499): CodeIgniter\CodeIgniter->runController(Object(App\Controllers\Contactos))
 4 SYSTEMPATH\CodeIgniter.php(368): CodeIgniter\CodeIgniter->handleRequest(null, Object(Config\Cache), false)
 5 FCPATH\index.php(73): CodeIgniter\CodeIgniter->run()
CRITICAL - 2024-11-26 12:05:19 --> Undefined property: stdClass::$idempresaext
in APPPATH\Controllers\Contactos.php on line 100.
 1 APPPATH\Controllers\Contactos.php(100): CodeIgniter\Debug\Exceptions->errorHandler(2, 'Undefined property: stdClass::$idempresaext', 'APPPATH\\Controllers\\Contactos.php', 100)
 2 SYSTEMPATH\CodeIgniter.php(934): App\Controllers\Contactos->CrearContacto()
 3 SYSTEMPATH\CodeIgniter.php(499): CodeIgniter\CodeIgniter->runController(Object(App\Controllers\Contactos))
 4 SYSTEMPATH\CodeIgniter.php(368): CodeIgniter\CodeIgniter->handleRequest(null, Object(Config\Cache), false)
 5 FCPATH\index.php(73): CodeIgniter\CodeIgniter->run()
CRITICAL - 2024-11-26 12:05:31 --> Undefined property: stdClass::$idempresaext
in APPPATH\Controllers\Contactos.php on line 100.
 1 APPPATH\Controllers\Contactos.php(100): CodeIgniter\Debug\Exceptions->errorHandler(2, 'Undefined property: stdClass::$idempresaext', 'APPPATH\\Controllers\\Contactos.php', 100)
 2 SYSTEMPATH\CodeIgniter.php(934): App\Controllers\Contactos->CrearContacto()
 3 SYSTEMPATH\CodeIgniter.php(499): CodeIgniter\CodeIgniter->runController(Object(App\Controllers\Contactos))
 4 SYSTEMPATH\CodeIgniter.php(368): CodeIgniter\CodeIgniter->handleRequest(null, Object(Config\Cache), false)
 5 FCPATH\index.php(73): CodeIgniter\CodeIgniter->run()
