CRITICAL - 2023-03-31 16:15:38 --> syntax error, unexpected '}', expecting '('
in APPPATH\Models\Proyeccion.php on line 131.
 1 SYSTEMPATH\Autoloader\Autoloader.php(289): CodeIgniter\Autoloader\Autoloader->includeFile('APPPATH\\Models\\Proyeccion.php')
 2 SYSTEMPATH\Autoloader\Autoloader.php(267): CodeIgniter\Autoloader\Autoloader->loadInNamespace('App\\Models\\Proyeccion')
 3 [internal function]: CodeIgniter\Autoloader\Autoloader->loadClass('App\\Models\\Proyeccion')
 4 APPPATH\Controllers\Proyecciones.php(12): spl_autoload_call('App\\Models\\Proyeccion')
 5 SYSTEMPATH\CodeIgniter.php(934): App\Controllers\Proyecciones->obtenerProyecciones()
 6 SYSTEMPATH\CodeIgniter.php(499): CodeIgniter\CodeIgniter->runController(Object(App\Controllers\Proyecciones))
 7 SYSTEMPATH\CodeIgniter.php(368): CodeIgniter\CodeIgniter->handleRequest(null, Object(Config\Cache), false)
 8 FCPATH\index.php(73): CodeIgniter\CodeIgniter->run()
CRITICAL - 2023-03-31 16:15:38 --> syntax error, unexpected '}', expecting '('
in APPPATH\Models\Proyeccion.php on line 131.
 1 SYSTEMPATH\Autoloader\Autoloader.php(289): CodeIgniter\Autoloader\Autoloader->includeFile('APPPATH\\Models\\Proyeccion.php')
 2 SYSTEMPATH\Autoloader\Autoloader.php(267): CodeIgniter\Autoloader\Autoloader->loadInNamespace('App\\Models\\Proyeccion')
 3 [internal function]: CodeIgniter\Autoloader\Autoloader->loadClass('App\\Models\\Proyeccion')
 4 APPPATH\Controllers\Proyecciones.php(29): spl_autoload_call('App\\Models\\Proyeccion')
 5 SYSTEMPATH\CodeIgniter.php(934): App\Controllers\Proyecciones->obtenerNumeroProyecciones()
 6 SYSTEMPATH\CodeIgniter.php(499): CodeIgniter\CodeIgniter->runController(Object(App\Controllers\Proyecciones))
 7 SYSTEMPATH\CodeIgniter.php(368): CodeIgniter\CodeIgniter->handleRequest(null, Object(Config\Cache), false)
 8 FCPATH\index.php(73): CodeIgniter\CodeIgniter->run()
CRITICAL - 2023-03-31 16:15:47 --> syntax error, unexpected '}', expecting '('
in APPPATH\Models\Proyeccion.php on line 131.
 1 SYSTEMPATH\Autoloader\Autoloader.php(289): CodeIgniter\Autoloader\Autoloader->includeFile('APPPATH\\Models\\Proyeccion.php')
 2 SYSTEMPATH\Autoloader\Autoloader.php(267): CodeIgniter\Autoloader\Autoloader->loadInNamespace('App\\Models\\Proyeccion')
 3 [internal function]: CodeIgniter\Autoloader\Autoloader->loadClass('App\\Models\\Proyeccion')
 4 APPPATH\Controllers\Proyecciones.php(29): spl_autoload_call('App\\Models\\Proyeccion')
 5 SYSTEMPATH\CodeIgniter.php(934): App\Controllers\Proyecciones->obtenerNumeroProyecciones()
 6 SYSTEMPATH\CodeIgniter.php(499): CodeIgniter\CodeIgniter->runController(Object(App\Controllers\Proyecciones))
 7 SYSTEMPATH\CodeIgniter.php(368): CodeIgniter\CodeIgniter->handleRequest(null, Object(Config\Cache), false)
 8 FCPATH\index.php(73): CodeIgniter\CodeIgniter->run()
CRITICAL - 2023-03-31 16:15:47 --> syntax error, unexpected '}', expecting '('
in APPPATH\Models\Proyeccion.php on line 131.
 1 SYSTEMPATH\Autoloader\Autoloader.php(289): CodeIgniter\Autoloader\Autoloader->includeFile('APPPATH\\Models\\Proyeccion.php')
 2 SYSTEMPATH\Autoloader\Autoloader.php(267): CodeIgniter\Autoloader\Autoloader->loadInNamespace('App\\Models\\Proyeccion')
 3 [internal function]: CodeIgniter\Autoloader\Autoloader->loadClass('App\\Models\\Proyeccion')
 4 APPPATH\Controllers\Proyecciones.php(12): spl_autoload_call('App\\Models\\Proyeccion')
 5 SYSTEMPATH\CodeIgniter.php(934): App\Controllers\Proyecciones->obtenerProyecciones()
 6 SYSTEMPATH\CodeIgniter.php(499): CodeIgniter\CodeIgniter->runController(Object(App\Controllers\Proyecciones))
 7 SYSTEMPATH\CodeIgniter.php(368): CodeIgniter\CodeIgniter->handleRequest(null, Object(Config\Cache), false)
 8 FCPATH\index.php(73): CodeIgniter\CodeIgniter->run()
CRITICAL - 2023-03-31 16:15:53 --> syntax error, unexpected '}', expecting '('
in APPPATH\Models\Proyeccion.php on line 131.
 1 SYSTEMPATH\Autoloader\Autoloader.php(289): CodeIgniter\Autoloader\Autoloader->includeFile('APPPATH\\Models\\Proyeccion.php')
 2 SYSTEMPATH\Autoloader\Autoloader.php(267): CodeIgniter\Autoloader\Autoloader->loadInNamespace('App\\Models\\Proyeccion')
 3 [internal function]: CodeIgniter\Autoloader\Autoloader->loadClass('App\\Models\\Proyeccion')
 4 APPPATH\Controllers\Proyecciones.php(12): spl_autoload_call('App\\Models\\Proyeccion')
 5 SYSTEMPATH\CodeIgniter.php(934): App\Controllers\Proyecciones->obtenerProyecciones()
 6 SYSTEMPATH\CodeIgniter.php(499): CodeIgniter\CodeIgniter->runController(Object(App\Controllers\Proyecciones))
 7 SYSTEMPATH\CodeIgniter.php(368): CodeIgniter\CodeIgniter->handleRequest(null, Object(Config\Cache), false)
 8 FCPATH\index.php(73): CodeIgniter\CodeIgniter->run()
CRITICAL - 2023-03-31 16:15:53 --> syntax error, unexpected '}', expecting '('
in APPPATH\Models\Proyeccion.php on line 131.
 1 SYSTEMPATH\Autoloader\Autoloader.php(289): CodeIgniter\Autoloader\Autoloader->includeFile('APPPATH\\Models\\Proyeccion.php')
 2 SYSTEMPATH\Autoloader\Autoloader.php(267): CodeIgniter\Autoloader\Autoloader->loadInNamespace('App\\Models\\Proyeccion')
 3 [internal function]: CodeIgniter\Autoloader\Autoloader->loadClass('App\\Models\\Proyeccion')
 4 APPPATH\Controllers\Proyecciones.php(29): spl_autoload_call('App\\Models\\Proyeccion')
 5 SYSTEMPATH\CodeIgniter.php(934): App\Controllers\Proyecciones->obtenerNumeroProyecciones()
 6 SYSTEMPATH\CodeIgniter.php(499): CodeIgniter\CodeIgniter->runController(Object(App\Controllers\Proyecciones))
 7 SYSTEMPATH\CodeIgniter.php(368): CodeIgniter\CodeIgniter->handleRequest(null, Object(Config\Cache), false)
 8 FCPATH\index.php(73): CodeIgniter\CodeIgniter->run()
CRITICAL - 2023-03-31 16:16:21 --> syntax error, unexpected '}', expecting '('
in APPPATH\Models\Proyeccion.php on line 131.
 1 SYSTEMPATH\Autoloader\Autoloader.php(289): CodeIgniter\Autoloader\Autoloader->includeFile('APPPATH\\Models\\Proyeccion.php')
 2 SYSTEMPATH\Autoloader\Autoloader.php(267): CodeIgniter\Autoloader\Autoloader->loadInNamespace('App\\Models\\Proyeccion')
 3 [internal function]: CodeIgniter\Autoloader\Autoloader->loadClass('App\\Models\\Proyeccion')
 4 APPPATH\Controllers\Proyecciones.php(29): spl_autoload_call('App\\Models\\Proyeccion')
 5 SYSTEMPATH\CodeIgniter.php(934): App\Controllers\Proyecciones->obtenerNumeroProyecciones()
 6 SYSTEMPATH\CodeIgniter.php(499): CodeIgniter\CodeIgniter->runController(Object(App\Controllers\Proyecciones))
 7 SYSTEMPATH\CodeIgniter.php(368): CodeIgniter\CodeIgniter->handleRequest(null, Object(Config\Cache), false)
 8 FCPATH\index.php(73): CodeIgniter\CodeIgniter->run()
CRITICAL - 2023-03-31 16:16:21 --> syntax error, unexpected '}', expecting '('
in APPPATH\Models\Proyeccion.php on line 131.
 1 SYSTEMPATH\Autoloader\Autoloader.php(289): CodeIgniter\Autoloader\Autoloader->includeFile('APPPATH\\Models\\Proyeccion.php')
 2 SYSTEMPATH\Autoloader\Autoloader.php(267): CodeIgniter\Autoloader\Autoloader->loadInNamespace('App\\Models\\Proyeccion')
 3 [internal function]: CodeIgniter\Autoloader\Autoloader->loadClass('App\\Models\\Proyeccion')
 4 APPPATH\Controllers\Proyecciones.php(12): spl_autoload_call('App\\Models\\Proyeccion')
 5 SYSTEMPATH\CodeIgniter.php(934): App\Controllers\Proyecciones->obtenerProyecciones()
 6 SYSTEMPATH\CodeIgniter.php(499): CodeIgniter\CodeIgniter->runController(Object(App\Controllers\Proyecciones))
 7 SYSTEMPATH\CodeIgniter.php(368): CodeIgniter\CodeIgniter->handleRequest(null, Object(Config\Cache), false)
 8 FCPATH\index.php(73): CodeIgniter\CodeIgniter->run()
CRITICAL - 2023-03-31 16:59:37 --> syntax error, unexpected ';', expecting ']'
in APPPATH\Controllers\Proyecciones.php on line 201.
 1 SYSTEMPATH\Autoloader\Autoloader.php(289): CodeIgniter\Autoloader\Autoloader->includeFile('APPPATH\\Controllers\\Proyecciones.php')
 2 SYSTEMPATH\Autoloader\Autoloader.php(267): CodeIgniter\Autoloader\Autoloader->loadInNamespace('App\\Controllers\\Proyecciones')
 3 [internal function]: CodeIgniter\Autoloader\Autoloader->loadClass('App\\Controllers\\Proyecciones')
 4 [internal function]: spl_autoload_call('App\\Controllers\\Proyecciones')
 5 SYSTEMPATH\CodeIgniter.php(892): class_exists('\\App\\Controllers\\Proyecciones', true)
 6 SYSTEMPATH\CodeIgniter.php(486): CodeIgniter\CodeIgniter->startController()
 7 SYSTEMPATH\CodeIgniter.php(368): CodeIgniter\CodeIgniter->handleRequest(null, Object(Config\Cache), false)
 8 FCPATH\index.php(73): CodeIgniter\CodeIgniter->run()
CRITICAL - 2023-03-31 16:59:37 --> syntax error, unexpected ';', expecting ']'
in APPPATH\Controllers\Proyecciones.php on line 201.
 1 SYSTEMPATH\Autoloader\Autoloader.php(289): CodeIgniter\Autoloader\Autoloader->includeFile('APPPATH\\Controllers\\Proyecciones.php')
 2 SYSTEMPATH\Autoloader\Autoloader.php(267): CodeIgniter\Autoloader\Autoloader->loadInNamespace('App\\Controllers\\Proyecciones')
 3 [internal function]: CodeIgniter\Autoloader\Autoloader->loadClass('App\\Controllers\\Proyecciones')
 4 [internal function]: spl_autoload_call('App\\Controllers\\Proyecciones')
 5 SYSTEMPATH\CodeIgniter.php(892): class_exists('\\App\\Controllers\\Proyecciones', true)
 6 SYSTEMPATH\CodeIgniter.php(486): CodeIgniter\CodeIgniter->startController()
 7 SYSTEMPATH\CodeIgniter.php(368): CodeIgniter\CodeIgniter->handleRequest(null, Object(Config\Cache), false)
 8 FCPATH\index.php(73): CodeIgniter\CodeIgniter->run()
CRITICAL - 2023-03-31 17:01:20 --> syntax error, unexpected ';', expecting ']'
in APPPATH\Controllers\Proyecciones.php on line 201.
 1 SYSTEMPATH\Autoloader\Autoloader.php(289): CodeIgniter\Autoloader\Autoloader->includeFile('APPPATH\\Controllers\\Proyecciones.php')
 2 SYSTEMPATH\Autoloader\Autoloader.php(267): CodeIgniter\Autoloader\Autoloader->loadInNamespace('App\\Controllers\\Proyecciones')
 3 [internal function]: CodeIgniter\Autoloader\Autoloader->loadClass('App\\Controllers\\Proyecciones')
 4 [internal function]: spl_autoload_call('App\\Controllers\\Proyecciones')
 5 SYSTEMPATH\CodeIgniter.php(892): class_exists('\\App\\Controllers\\Proyecciones', true)
 6 SYSTEMPATH\CodeIgniter.php(486): CodeIgniter\CodeIgniter->startController()
 7 SYSTEMPATH\CodeIgniter.php(368): CodeIgniter\CodeIgniter->handleRequest(null, Object(Config\Cache), false)
 8 FCPATH\index.php(73): CodeIgniter\CodeIgniter->run()
CRITICAL - 2023-03-31 17:01:20 --> syntax error, unexpected ';', expecting ']'
in APPPATH\Controllers\Proyecciones.php on line 201.
 1 SYSTEMPATH\Autoloader\Autoloader.php(289): CodeIgniter\Autoloader\Autoloader->includeFile('APPPATH\\Controllers\\Proyecciones.php')
 2 SYSTEMPATH\Autoloader\Autoloader.php(267): CodeIgniter\Autoloader\Autoloader->loadInNamespace('App\\Controllers\\Proyecciones')
 3 [internal function]: CodeIgniter\Autoloader\Autoloader->loadClass('App\\Controllers\\Proyecciones')
 4 [internal function]: spl_autoload_call('App\\Controllers\\Proyecciones')
 5 SYSTEMPATH\CodeIgniter.php(892): class_exists('\\App\\Controllers\\Proyecciones', true)
 6 SYSTEMPATH\CodeIgniter.php(486): CodeIgniter\CodeIgniter->startController()
 7 SYSTEMPATH\CodeIgniter.php(368): CodeIgniter\CodeIgniter->handleRequest(null, Object(Config\Cache), false)
 8 FCPATH\index.php(73): CodeIgniter\CodeIgniter->run()
CRITICAL - 2023-03-31 17:04:36 --> syntax error, unexpected ';', expecting ']'
in APPPATH\Controllers\Proyecciones.php on line 201.
 1 SYSTEMPATH\Autoloader\Autoloader.php(289): CodeIgniter\Autoloader\Autoloader->includeFile('APPPATH\\Controllers\\Proyecciones.php')
 2 SYSTEMPATH\Autoloader\Autoloader.php(267): CodeIgniter\Autoloader\Autoloader->loadInNamespace('App\\Controllers\\Proyecciones')
 3 [internal function]: CodeIgniter\Autoloader\Autoloader->loadClass('App\\Controllers\\Proyecciones')
 4 [internal function]: spl_autoload_call('App\\Controllers\\Proyecciones')
 5 SYSTEMPATH\CodeIgniter.php(892): class_exists('\\App\\Controllers\\Proyecciones', true)
 6 SYSTEMPATH\CodeIgniter.php(486): CodeIgniter\CodeIgniter->startController()
 7 SYSTEMPATH\CodeIgniter.php(368): CodeIgniter\CodeIgniter->handleRequest(null, Object(Config\Cache), false)
 8 FCPATH\index.php(73): CodeIgniter\CodeIgniter->run()
CRITICAL - 2023-03-31 17:04:36 --> syntax error, unexpected ';', expecting ']'
in APPPATH\Controllers\Proyecciones.php on line 201.
 1 SYSTEMPATH\Autoloader\Autoloader.php(289): CodeIgniter\Autoloader\Autoloader->includeFile('APPPATH\\Controllers\\Proyecciones.php')
 2 SYSTEMPATH\Autoloader\Autoloader.php(267): CodeIgniter\Autoloader\Autoloader->loadInNamespace('App\\Controllers\\Proyecciones')
 3 [internal function]: CodeIgniter\Autoloader\Autoloader->loadClass('App\\Controllers\\Proyecciones')
 4 [internal function]: spl_autoload_call('App\\Controllers\\Proyecciones')
 5 SYSTEMPATH\CodeIgniter.php(892): class_exists('\\App\\Controllers\\Proyecciones', true)
 6 SYSTEMPATH\CodeIgniter.php(486): CodeIgniter\CodeIgniter->startController()
 7 SYSTEMPATH\CodeIgniter.php(368): CodeIgniter\CodeIgniter->handleRequest(null, Object(Config\Cache), false)
 8 FCPATH\index.php(73): CodeIgniter\CodeIgniter->run()
