CRITICAL - 2024-11-29 10:48:13 --> Undefined property: stdClass::$idEmpresaExt
in APPPATH\Controllers\Contactos.php on line 129.
 1 APPPATH\Controllers\Contactos.php(129): CodeIgniter\Debug\Exceptions->errorHandler(2, 'Undefined property: stdClass::$idEmpresaExt', 'APPPATH\\Controllers\\Contactos.php', 129)
 2 SYSTEMPATH\CodeIgniter.php(934): App\Controllers\Contactos->ActualizarContactos()
 3 SYSTEMPATH\CodeIgniter.php(499): CodeIgniter\CodeIgniter->runController(Object(App\Controllers\Contactos))
 4 SYSTEMPATH\CodeIgniter.php(368): CodeIgniter\CodeIgniter->handleRequest(null, Object(Config\Cache), false)
 5 FCPATH\index.php(73): CodeIgniter\CodeIgniter->run()
CRITICAL - 2024-11-29 10:49:26 --> Undefined property: stdClass::$idEmpresaExt
in APPPATH\Controllers\Contactos.php on line 129.
 1 APPPATH\Controllers\Contactos.php(129): CodeIgniter\Debug\Exceptions->errorHandler(2, 'Undefined property: stdClass::$idEmpresaExt', 'APPPATH\\Controllers\\Contactos.php', 129)
 2 SYSTEMPATH\CodeIgniter.php(934): App\Controllers\Contactos->ActualizarContactos()
 3 SYSTEMPATH\CodeIgniter.php(499): CodeIgniter\CodeIgniter->runController(Object(App\Controllers\Contactos))
 4 SYSTEMPATH\CodeIgniter.php(368): CodeIgniter\CodeIgniter->handleRequest(null, Object(Config\Cache), false)
 5 FCPATH\index.php(73): CodeIgniter\CodeIgniter->run()
CRITICAL - 2024-11-29 11:20:39 --> Undefined property: stdClass::$idEmpresaExt
in APPPATH\Controllers\Contactos.php on line 129.
 1 APPPATH\Controllers\Contactos.php(129): CodeIgniter\Debug\Exceptions->errorHandler(2, 'Undefined property: stdClass::$idEmpresaExt', 'APPPATH\\Controllers\\Contactos.php', 129)
 2 SYSTEMPATH\CodeIgniter.php(934): App\Controllers\Contactos->ActualizarContactos()
 3 SYSTEMPATH\CodeIgniter.php(499): CodeIgniter\CodeIgniter->runController(Object(App\Controllers\Contactos))
 4 SYSTEMPATH\CodeIgniter.php(368): CodeIgniter\CodeIgniter->handleRequest(null, Object(Config\Cache), false)
 5 FCPATH\index.php(73): CodeIgniter\CodeIgniter->run()
CRITICAL - 2024-11-29 11:24:07 --> Undefined property: stdClass::$idEmpresaExt
in APPPATH\Controllers\Contactos.php on line 129.
 1 APPPATH\Controllers\Contactos.php(129): CodeIgniter\Debug\Exceptions->errorHandler(2, 'Undefined property: stdClass::$idEmpresaExt', 'APPPATH\\Controllers\\Contactos.php', 129)
 2 SYSTEMPATH\CodeIgniter.php(934): App\Controllers\Contactos->ActualizarContactos()
 3 SYSTEMPATH\CodeIgniter.php(499): CodeIgniter\CodeIgniter->runController(Object(App\Controllers\Contactos))
 4 SYSTEMPATH\CodeIgniter.php(368): CodeIgniter\CodeIgniter->handleRequest(null, Object(Config\Cache), false)
 5 FCPATH\index.php(73): CodeIgniter\CodeIgniter->run()
CRITICAL - 2024-11-29 11:40:09 --> Undefined property: stdClass::$idEmpresaExt
in APPPATH\Controllers\Contactos.php on line 129.
 1 APPPATH\Controllers\Contactos.php(129): CodeIgniter\Debug\Exceptions->errorHandler(2, 'Undefined property: stdClass::$idEmpresaExt', 'APPPATH\\Controllers\\Contactos.php', 129)
 2 SYSTEMPATH\CodeIgniter.php(934): App\Controllers\Contactos->ActualizarContactos()
 3 SYSTEMPATH\CodeIgniter.php(499): CodeIgniter\CodeIgniter->runController(Object(App\Controllers\Contactos))
 4 SYSTEMPATH\CodeIgniter.php(368): CodeIgniter\CodeIgniter->handleRequest(null, Object(Config\Cache), false)
 5 FCPATH\index.php(73): CodeIgniter\CodeIgniter->run()
CRITICAL - 2024-11-29 11:42:05 --> Undefined property: stdClass::$idEmpresaExt
in APPPATH\Controllers\Contactos.php on line 129.
 1 APPPATH\Controllers\Contactos.php(129): CodeIgniter\Debug\Exceptions->errorHandler(2, 'Undefined property: stdClass::$idEmpresaExt', 'APPPATH\\Controllers\\Contactos.php', 129)
 2 SYSTEMPATH\CodeIgniter.php(934): App\Controllers\Contactos->ActualizarContactos()
 3 SYSTEMPATH\CodeIgniter.php(499): CodeIgniter\CodeIgniter->runController(Object(App\Controllers\Contactos))
 4 SYSTEMPATH\CodeIgniter.php(368): CodeIgniter\CodeIgniter->handleRequest(null, Object(Config\Cache), false)
 5 FCPATH\index.php(73): CodeIgniter\CodeIgniter->run()
CRITICAL - 2024-11-29 11:46:28 --> Undefined property: stdClass::$idEmpresaExt
in APPPATH\Controllers\Contactos.php on line 129.
 1 APPPATH\Controllers\Contactos.php(129): CodeIgniter\Debug\Exceptions->errorHandler(2, 'Undefined property: stdClass::$idEmpresaExt', 'APPPATH\\Controllers\\Contactos.php', 129)
 2 SYSTEMPATH\CodeIgniter.php(934): App\Controllers\Contactos->ActualizarContactos()
 3 SYSTEMPATH\CodeIgniter.php(499): CodeIgniter\CodeIgniter->runController(Object(App\Controllers\Contactos))
 4 SYSTEMPATH\CodeIgniter.php(368): CodeIgniter\CodeIgniter->handleRequest(null, Object(Config\Cache), false)
 5 FCPATH\index.php(73): CodeIgniter\CodeIgniter->run()
CRITICAL - 2024-11-29 11:52:39 --> Undefined property: stdClass::$idEmpresaExt
in APPPATH\Controllers\Contactos.php on line 129.
 1 APPPATH\Controllers\Contactos.php(129): CodeIgniter\Debug\Exceptions->errorHandler(2, 'Undefined property: stdClass::$idEmpresaExt', 'APPPATH\\Controllers\\Contactos.php', 129)
 2 SYSTEMPATH\CodeIgniter.php(934): App\Controllers\Contactos->ActualizarContactos()
 3 SYSTEMPATH\CodeIgniter.php(499): CodeIgniter\CodeIgniter->runController(Object(App\Controllers\Contactos))
 4 SYSTEMPATH\CodeIgniter.php(368): CodeIgniter\CodeIgniter->handleRequest(null, Object(Config\Cache), false)
 5 FCPATH\index.php(73): CodeIgniter\CodeIgniter->run()
CRITICAL - 2024-11-29 11:54:08 --> Undefined property: stdClass::$idEmpresaExt
in APPPATH\Controllers\Contactos.php on line 129.
 1 APPPATH\Controllers\Contactos.php(129): CodeIgniter\Debug\Exceptions->errorHandler(2, 'Undefined property: stdClass::$idEmpresaExt', 'APPPATH\\Controllers\\Contactos.php', 129)
 2 SYSTEMPATH\CodeIgniter.php(934): App\Controllers\Contactos->ActualizarContactos()
 3 SYSTEMPATH\CodeIgniter.php(499): CodeIgniter\CodeIgniter->runController(Object(App\Controllers\Contactos))
 4 SYSTEMPATH\CodeIgniter.php(368): CodeIgniter\CodeIgniter->handleRequest(null, Object(Config\Cache), false)
 5 FCPATH\index.php(73): CodeIgniter\CodeIgniter->run()
CRITICAL - 2024-11-29 11:55:38 --> Undefined property: stdClass::$idEmpresaExt
in APPPATH\Controllers\Contactos.php on line 129.
 1 APPPATH\Controllers\Contactos.php(129): CodeIgniter\Debug\Exceptions->errorHandler(2, 'Undefined property: stdClass::$idEmpresaExt', 'APPPATH\\Controllers\\Contactos.php', 129)
 2 SYSTEMPATH\CodeIgniter.php(934): App\Controllers\Contactos->ActualizarContactos()
 3 SYSTEMPATH\CodeIgniter.php(499): CodeIgniter\CodeIgniter->runController(Object(App\Controllers\Contactos))
 4 SYSTEMPATH\CodeIgniter.php(368): CodeIgniter\CodeIgniter->handleRequest(null, Object(Config\Cache), false)
 5 FCPATH\index.php(73): CodeIgniter\CodeIgniter->run()
CRITICAL - 2024-11-29 12:00:48 --> Undefined property: stdClass::$idEmpresaExt
in APPPATH\Controllers\Contactos.php on line 129.
 1 APPPATH\Controllers\Contactos.php(129): CodeIgniter\Debug\Exceptions->errorHandler(2, 'Undefined property: stdClass::$idEmpresaExt', 'APPPATH\\Controllers\\Contactos.php', 129)
 2 SYSTEMPATH\CodeIgniter.php(934): App\Controllers\Contactos->ActualizarContactos()
 3 SYSTEMPATH\CodeIgniter.php(499): CodeIgniter\CodeIgniter->runController(Object(App\Controllers\Contactos))
 4 SYSTEMPATH\CodeIgniter.php(368): CodeIgniter\CodeIgniter->handleRequest(null, Object(Config\Cache), false)
 5 FCPATH\index.php(73): CodeIgniter\CodeIgniter->run()
CRITICAL - 2024-11-29 12:05:25 --> Undefined property: stdClass::$idEmpresaExt
in APPPATH\Controllers\Contactos.php on line 129.
 1 APPPATH\Controllers\Contactos.php(129): CodeIgniter\Debug\Exceptions->errorHandler(2, 'Undefined property: stdClass::$idEmpresaExt', 'APPPATH\\Controllers\\Contactos.php', 129)
 2 SYSTEMPATH\CodeIgniter.php(934): App\Controllers\Contactos->ActualizarContactos()
 3 SYSTEMPATH\CodeIgniter.php(499): CodeIgniter\CodeIgniter->runController(Object(App\Controllers\Contactos))
 4 SYSTEMPATH\CodeIgniter.php(368): CodeIgniter\CodeIgniter->handleRequest(null, Object(Config\Cache), false)
 5 FCPATH\index.php(73): CodeIgniter\CodeIgniter->run()
CRITICAL - 2024-11-29 12:08:41 --> Undefined property: stdClass::$idEmpresaExt
in APPPATH\Controllers\Contactos.php on line 129.
 1 APPPATH\Controllers\Contactos.php(129): CodeIgniter\Debug\Exceptions->errorHandler(2, 'Undefined property: stdClass::$idEmpresaExt', 'APPPATH\\Controllers\\Contactos.php', 129)
 2 SYSTEMPATH\CodeIgniter.php(934): App\Controllers\Contactos->ActualizarContactos()
 3 SYSTEMPATH\CodeIgniter.php(499): CodeIgniter\CodeIgniter->runController(Object(App\Controllers\Contactos))
 4 SYSTEMPATH\CodeIgniter.php(368): CodeIgniter\CodeIgniter->handleRequest(null, Object(Config\Cache), false)
 5 FCPATH\index.php(73): CodeIgniter\CodeIgniter->run()
CRITICAL - 2024-11-29 12:10:01 --> Undefined property: stdClass::$idEmpresaExt
in APPPATH\Controllers\Contactos.php on line 129.
 1 APPPATH\Controllers\Contactos.php(129): CodeIgniter\Debug\Exceptions->errorHandler(2, 'Undefined property: stdClass::$idEmpresaExt', 'APPPATH\\Controllers\\Contactos.php', 129)
 2 SYSTEMPATH\CodeIgniter.php(934): App\Controllers\Contactos->ActualizarContactos()
 3 SYSTEMPATH\CodeIgniter.php(499): CodeIgniter\CodeIgniter->runController(Object(App\Controllers\Contactos))
 4 SYSTEMPATH\CodeIgniter.php(368): CodeIgniter\CodeIgniter->handleRequest(null, Object(Config\Cache), false)
 5 FCPATH\index.php(73): CodeIgniter\CodeIgniter->run()
CRITICAL - 2024-11-29 12:10:49 --> Undefined property: stdClass::$idEmpresaExt
in APPPATH\Controllers\Contactos.php on line 129.
 1 APPPATH\Controllers\Contactos.php(129): CodeIgniter\Debug\Exceptions->errorHandler(2, 'Undefined property: stdClass::$idEmpresaExt', 'APPPATH\\Controllers\\Contactos.php', 129)
 2 SYSTEMPATH\CodeIgniter.php(934): App\Controllers\Contactos->ActualizarContactos()
 3 SYSTEMPATH\CodeIgniter.php(499): CodeIgniter\CodeIgniter->runController(Object(App\Controllers\Contactos))
 4 SYSTEMPATH\CodeIgniter.php(368): CodeIgniter\CodeIgniter->handleRequest(null, Object(Config\Cache), false)
 5 FCPATH\index.php(73): CodeIgniter\CodeIgniter->run()
CRITICAL - 2024-11-29 12:15:35 --> You must set the database table to be used with your query.
in SYSTEMPATH\Database\BaseConnection.php on line 882.
 1 SYSTEMPATH\Model.php(642): CodeIgniter\Database\BaseConnection->table(null)
 2 SYSTEMPATH\Model.php(832): CodeIgniter\Model->builder()
 3 APPPATH\Controllers\Contactos.php(143): CodeIgniter\Model->__call('ActualizarContactos', [...])
 4 SYSTEMPATH\CodeIgniter.php(934): App\Controllers\Contactos->ActualizarContactos()
 5 SYSTEMPATH\CodeIgniter.php(499): CodeIgniter\CodeIgniter->runController(Object(App\Controllers\Contactos))
 6 SYSTEMPATH\CodeIgniter.php(368): CodeIgniter\CodeIgniter->handleRequest(null, Object(Config\Cache), false)
 7 FCPATH\index.php(73): CodeIgniter\CodeIgniter->run()
CRITICAL - 2024-11-29 12:16:05 --> You must set the database table to be used with your query.
in SYSTEMPATH\Database\BaseConnection.php on line 882.
 1 SYSTEMPATH\Model.php(642): CodeIgniter\Database\BaseConnection->table(null)
 2 SYSTEMPATH\Model.php(832): CodeIgniter\Model->builder()
 3 APPPATH\Controllers\Contactos.php(143): CodeIgniter\Model->__call('ActualizarContactos', [...])
 4 SYSTEMPATH\CodeIgniter.php(934): App\Controllers\Contactos->ActualizarContactos()
 5 SYSTEMPATH\CodeIgniter.php(499): CodeIgniter\CodeIgniter->runController(Object(App\Controllers\Contactos))
 6 SYSTEMPATH\CodeIgniter.php(368): CodeIgniter\CodeIgniter->handleRequest(null, Object(Config\Cache), false)
 7 FCPATH\index.php(73): CodeIgniter\CodeIgniter->run()
