ERROR - 2024-06-19 09:51:15 --> Error connecting to the database: mysqli_sql_exception: MySQL server has gone away in D:\wamp64\www\ApiGlobalOro\system\Database\MySQLi\Connection.php:173
Stack trace:
#0 D:\wamp64\www\ApiGlobalOro\system\Database\MySQLi\Connection.php(173): mysqli->real_connect('localhost', 'root', Object(SensitiveParameterValue), 'cointic_initoro', 3306, '', 0)
#1 D:\wamp64\www\ApiGlobalOro\system\Database\BaseConnection.php(391): CodeIgniter\Database\MySQLi\Connection->connect(false)
#2 D:\wamp64\www\ApiGlobalOro\system\Database\BaseConnection.php(573): CodeIgniter\Database\BaseConnection->initialize()
#3 D:\wamp64\www\ApiGlobalOro\system\Database\BaseBuilder.php(1616): CodeIgniter\Database\BaseConnection->query('SELECT *\nFROM `...', Array, false)
#4 D:\wamp64\www\ApiGlobalOro\app\Models\Venta.php(30): CodeIgniter\Database\BaseBuilder->get()
#5 D:\wamp64\www\ApiGlobalOro\app\Controllers\Ventas.php(31): App\Models\Venta->getNumeroVentas('0', '5', '31')
#6 D:\wamp64\www\ApiGlobalOro\system\CodeIgniter.php(934): App\Controllers\Ventas->obtenerNumeroVentas()
#7 D:\wamp64\www\ApiGlobalOro\system\CodeIgniter.php(499): CodeIgniter\CodeIgniter->runController(Object(App\Controllers\Ventas))
#8 D:\wamp64\www\ApiGlobalOro\system\CodeIgniter.php(368): CodeIgniter\CodeIgniter->handleRequest(NULL, Object(Config\Cache), false)
#9 D:\wamp64\www\ApiGlobalOro\index.php(73): CodeIgniter\CodeIgniter->run()
#10 {main}

Next CodeIgniter\Database\Exceptions\DatabaseException: MySQL server has gone away in D:\wamp64\www\ApiGlobalOro\system\Database\MySQLi\Connection.php:218
Stack trace:
#0 D:\wamp64\www\ApiGlobalOro\system\Database\BaseConnection.php(391): CodeIgniter\Database\MySQLi\Connection->connect(false)
#1 D:\wamp64\www\ApiGlobalOro\system\Database\BaseConnection.php(573): CodeIgniter\Database\BaseConnection->initialize()
#2 D:\wamp64\www\ApiGlobalOro\system\Database\BaseBuilder.php(1616): CodeIgniter\Database\BaseConnection->query('SELECT *\nFROM `...', Array, false)
#3 D:\wamp64\www\ApiGlobalOro\app\Models\Venta.php(30): CodeIgniter\Database\BaseBuilder->get()
#4 D:\wamp64\www\ApiGlobalOro\app\Controllers\Ventas.php(31): App\Models\Venta->getNumeroVentas('0', '5', '31')
#5 D:\wamp64\www\ApiGlobalOro\system\CodeIgniter.php(934): App\Controllers\Ventas->obtenerNumeroVentas()
#6 D:\wamp64\www\ApiGlobalOro\system\CodeIgniter.php(499): CodeIgniter\CodeIgniter->runController(Object(App\Controllers\Ventas))
#7 D:\wamp64\www\ApiGlobalOro\system\CodeIgniter.php(368): CodeIgniter\CodeIgniter->handleRequest(NULL, Object(Config\Cache), false)
#8 D:\wamp64\www\ApiGlobalOro\index.php(73): CodeIgniter\CodeIgniter->run()
#9 {main}
ERROR - 2024-06-19 09:51:15 --> Error connecting to the database: mysqli_sql_exception: MySQL server has gone away in D:\wamp64\www\ApiGlobalOro\system\Database\MySQLi\Connection.php:173
Stack trace:
#0 D:\wamp64\www\ApiGlobalOro\system\Database\MySQLi\Connection.php(173): mysqli->real_connect('localhost', 'root', Object(SensitiveParameterValue), 'cointic_initoro', 3306, '', 0)
#1 D:\wamp64\www\ApiGlobalOro\system\Database\BaseConnection.php(391): CodeIgniter\Database\MySQLi\Connection->connect(false)
#2 D:\wamp64\www\ApiGlobalOro\system\Database\BaseConnection.php(573): CodeIgniter\Database\BaseConnection->initialize()
#3 D:\wamp64\www\ApiGlobalOro\system\Database\BaseBuilder.php(1616): CodeIgniter\Database\BaseConnection->query('SELECT `prodtra...', Array, false)
#4 D:\wamp64\www\ApiGlobalOro\app\Models\Venta.php(20): CodeIgniter\Database\BaseBuilder->get()
#5 D:\wamp64\www\ApiGlobalOro\app\Controllers\Ventas.php(21): App\Models\Venta->getVentas('0', '5', '31')
#6 D:\wamp64\www\ApiGlobalOro\system\CodeIgniter.php(934): App\Controllers\Ventas->obtenerVentas()
#7 D:\wamp64\www\ApiGlobalOro\system\CodeIgniter.php(499): CodeIgniter\CodeIgniter->runController(Object(App\Controllers\Ventas))
#8 D:\wamp64\www\ApiGlobalOro\system\CodeIgniter.php(368): CodeIgniter\CodeIgniter->handleRequest(NULL, Object(Config\Cache), false)
#9 D:\wamp64\www\ApiGlobalOro\index.php(73): CodeIgniter\CodeIgniter->run()
#10 {main}

Next CodeIgniter\Database\Exceptions\DatabaseException: MySQL server has gone away in D:\wamp64\www\ApiGlobalOro\system\Database\MySQLi\Connection.php:218
Stack trace:
#0 D:\wamp64\www\ApiGlobalOro\system\Database\BaseConnection.php(391): CodeIgniter\Database\MySQLi\Connection->connect(false)
#1 D:\wamp64\www\ApiGlobalOro\system\Database\BaseConnection.php(573): CodeIgniter\Database\BaseConnection->initialize()
#2 D:\wamp64\www\ApiGlobalOro\system\Database\BaseBuilder.php(1616): CodeIgniter\Database\BaseConnection->query('SELECT `prodtra...', Array, false)
#3 D:\wamp64\www\ApiGlobalOro\app\Models\Venta.php(20): CodeIgniter\Database\BaseBuilder->get()
#4 D:\wamp64\www\ApiGlobalOro\app\Controllers\Ventas.php(21): App\Models\Venta->getVentas('0', '5', '31')
#5 D:\wamp64\www\ApiGlobalOro\system\CodeIgniter.php(934): App\Controllers\Ventas->obtenerVentas()
#6 D:\wamp64\www\ApiGlobalOro\system\CodeIgniter.php(499): CodeIgniter\CodeIgniter->runController(Object(App\Controllers\Ventas))
#7 D:\wamp64\www\ApiGlobalOro\system\CodeIgniter.php(368): CodeIgniter\CodeIgniter->handleRequest(NULL, Object(Config\Cache), false)
#8 D:\wamp64\www\ApiGlobalOro\index.php(73): CodeIgniter\CodeIgniter->run()
#9 {main}
CRITICAL - 2024-06-19 09:51:15 --> Unable to connect to the database.
Main connection [MySQLi]: MySQL server has gone away
in SYSTEMPATH\Database\BaseConnection.php on line 427.
 1 SYSTEMPATH\Database\BaseConnection.php(573): CodeIgniter\Database\BaseConnection->initialize()
 2 SYSTEMPATH\Database\BaseBuilder.php(1616): CodeIgniter\Database\BaseConnection->query('SELECT *
FROM `prodtransaccion`
WHERE `prodtransaccion`.`idCliente` = :prodtransaccion.idCliente:', [...], false)
 3 APPPATH\Models\Venta.php(30): CodeIgniter\Database\BaseBuilder->get()
 4 APPPATH\Controllers\Ventas.php(31): App\Models\Venta->getNumeroVentas('0', '5', '31')
 5 SYSTEMPATH\CodeIgniter.php(934): App\Controllers\Ventas->obtenerNumeroVentas()
 6 SYSTEMPATH\CodeIgniter.php(499): CodeIgniter\CodeIgniter->runController(Object(App\Controllers\Ventas))
 7 SYSTEMPATH\CodeIgniter.php(368): CodeIgniter\CodeIgniter->handleRequest(null, Object(Config\Cache), false)
 8 FCPATH\index.php(73): CodeIgniter\CodeIgniter->run()
CRITICAL - 2024-06-19 09:51:15 --> Unable to connect to the database.
Main connection [MySQLi]: MySQL server has gone away
in SYSTEMPATH\Database\BaseConnection.php on line 427.
 1 SYSTEMPATH\Database\BaseConnection.php(573): CodeIgniter\Database\BaseConnection->initialize()
 2 SYSTEMPATH\Database\BaseBuilder.php(1616): CodeIgniter\Database\BaseConnection->query('SELECT `prodtransaccion`.`idTransaccion`, `prodtransaccion`.`fecha` as `fechaCompra`, `prodrentacaja`.`fechaInicio` as `inicioRenta`, `prodrentacaja`.`fechaFinal` as `finalRenta`
FROM `prodtransaccion`
LEFT JOIN `prodrentacaja` ON `prodrentacaja`.`idTransaccion`=`prodtransaccion`.`idTransaccion`
WHERE `prodtransaccion`.`idCliente` = :prodtransaccion.idCliente:
ORDER BY `prodtransaccion`.`idTransaccion` ASC
 LIMIT 5', [...], false)
 3 APPPATH\Models\Venta.php(20): CodeIgniter\Database\BaseBuilder->get()
 4 APPPATH\Controllers\Ventas.php(21): App\Models\Venta->getVentas('0', '5', '31')
 5 SYSTEMPATH\CodeIgniter.php(934): App\Controllers\Ventas->obtenerVentas()
 6 SYSTEMPATH\CodeIgniter.php(499): CodeIgniter\CodeIgniter->runController(Object(App\Controllers\Ventas))
 7 SYSTEMPATH\CodeIgniter.php(368): CodeIgniter\CodeIgniter->handleRequest(null, Object(Config\Cache), false)
 8 FCPATH\index.php(73): CodeIgniter\CodeIgniter->run()
ERROR - 2024-06-19 09:55:49 --> Error connecting to the database: mysqli_sql_exception: No se puede establecer una conexión ya que el equipo de destino denegó expresamente dicha conexión in D:\wamp64\www\ApiGlobalOro\system\Database\MySQLi\Connection.php:173
Stack trace:
#0 D:\wamp64\www\ApiGlobalOro\system\Database\MySQLi\Connection.php(173): mysqli->real_connect('localhost', 'root', Object(SensitiveParameterValue), 'cointic_initoro', 3306, '', 0)
#1 D:\wamp64\www\ApiGlobalOro\system\Database\BaseConnection.php(391): CodeIgniter\Database\MySQLi\Connection->connect(false)
#2 D:\wamp64\www\ApiGlobalOro\system\Database\BaseConnection.php(573): CodeIgniter\Database\BaseConnection->initialize()
#3 D:\wamp64\www\ApiGlobalOro\system\Database\BaseBuilder.php(1616): CodeIgniter\Database\BaseConnection->query('SELECT `cliente...', Array, false)
#4 D:\wamp64\www\ApiGlobalOro\app\Models\Usuario.php(30): CodeIgniter\Database\BaseBuilder->get()
#5 D:\wamp64\www\ApiGlobalOro\app\Controllers\Usuarios.php(26): App\Models\Usuario->auth('alcrar@outlook....', '12345678', NULL)
#6 D:\wamp64\www\ApiGlobalOro\system\CodeIgniter.php(934): App\Controllers\Usuarios->Autenticar()
#7 D:\wamp64\www\ApiGlobalOro\system\CodeIgniter.php(499): CodeIgniter\CodeIgniter->runController(Object(App\Controllers\Usuarios))
#8 D:\wamp64\www\ApiGlobalOro\system\CodeIgniter.php(368): CodeIgniter\CodeIgniter->handleRequest(NULL, Object(Config\Cache), false)
#9 D:\wamp64\www\ApiGlobalOro\index.php(73): CodeIgniter\CodeIgniter->run()
#10 {main}

Next CodeIgniter\Database\Exceptions\DatabaseException: No se puede establecer una conexión ya que el equipo de destino denegó expresamente dicha conexión in D:\wamp64\www\ApiGlobalOro\system\Database\MySQLi\Connection.php:218
Stack trace:
#0 D:\wamp64\www\ApiGlobalOro\system\Database\BaseConnection.php(391): CodeIgniter\Database\MySQLi\Connection->connect(false)
#1 D:\wamp64\www\ApiGlobalOro\system\Database\BaseConnection.php(573): CodeIgniter\Database\BaseConnection->initialize()
#2 D:\wamp64\www\ApiGlobalOro\system\Database\BaseBuilder.php(1616): CodeIgniter\Database\BaseConnection->query('SELECT `cliente...', Array, false)
#3 D:\wamp64\www\ApiGlobalOro\app\Models\Usuario.php(30): CodeIgniter\Database\BaseBuilder->get()
#4 D:\wamp64\www\ApiGlobalOro\app\Controllers\Usuarios.php(26): App\Models\Usuario->auth('alcrar@outlook....', '12345678', NULL)
#5 D:\wamp64\www\ApiGlobalOro\system\CodeIgniter.php(934): App\Controllers\Usuarios->Autenticar()
#6 D:\wamp64\www\ApiGlobalOro\system\CodeIgniter.php(499): CodeIgniter\CodeIgniter->runController(Object(App\Controllers\Usuarios))
#7 D:\wamp64\www\ApiGlobalOro\system\CodeIgniter.php(368): CodeIgniter\CodeIgniter->handleRequest(NULL, Object(Config\Cache), false)
#8 D:\wamp64\www\ApiGlobalOro\index.php(73): CodeIgniter\CodeIgniter->run()
#9 {main}
CRITICAL - 2024-06-19 09:55:49 --> Unable to connect to the database.
Main connection [MySQLi]: No se puede establecer una conexión ya que el equipo de destino denegó expresamente dicha conexión
in SYSTEMPATH\Database\BaseConnection.php on line 427.
 1 SYSTEMPATH\Database\BaseConnection.php(573): CodeIgniter\Database\BaseConnection->initialize()
 2 SYSTEMPATH\Database\BaseBuilder.php(1616): CodeIgniter\Database\BaseConnection->query('SELECT `clientes`.`id_cliente` as `idUsuario`, `clientes`.`nombre_cliente`, `clientes`.`telefono_cliente`, `clientes`.`pais_residencia`, `clientes`.`correo`, `clientes`.`passwordUsuario`, `clientes`.`clave`, `clientes`.`status`, `clientes`.`idtipoUsuario`
FROM `clientes`
WHERE `correo` = :correo:', [...], false)
 3 APPPATH\Models\Usuario.php(30): CodeIgniter\Database\BaseBuilder->get()
 4 APPPATH\Controllers\Usuarios.php(26): App\Models\Usuario->auth('alcrar@outlook.com', '12345678', null)
 5 SYSTEMPATH\CodeIgniter.php(934): App\Controllers\Usuarios->Autenticar()
 6 SYSTEMPATH\CodeIgniter.php(499): CodeIgniter\CodeIgniter->runController(Object(App\Controllers\Usuarios))
 7 SYSTEMPATH\CodeIgniter.php(368): CodeIgniter\CodeIgniter->handleRequest(null, Object(Config\Cache), false)
 8 FCPATH\index.php(73): CodeIgniter\CodeIgniter->run()
ERROR - 2024-06-19 09:56:08 --> Error connecting to the database: mysqli_sql_exception: No se puede establecer una conexión ya que el equipo de destino denegó expresamente dicha conexión in D:\wamp64\www\ApiGlobalOro\system\Database\MySQLi\Connection.php:173
Stack trace:
#0 D:\wamp64\www\ApiGlobalOro\system\Database\MySQLi\Connection.php(173): mysqli->real_connect('localhost', 'root', Object(SensitiveParameterValue), 'cointic_initoro', 3306, '', 0)
#1 D:\wamp64\www\ApiGlobalOro\system\Database\BaseConnection.php(391): CodeIgniter\Database\MySQLi\Connection->connect(false)
#2 D:\wamp64\www\ApiGlobalOro\system\Database\BaseConnection.php(573): CodeIgniter\Database\BaseConnection->initialize()
#3 D:\wamp64\www\ApiGlobalOro\system\Database\BaseBuilder.php(1616): CodeIgniter\Database\BaseConnection->query('SELECT `cliente...', Array, false)
#4 D:\wamp64\www\ApiGlobalOro\app\Models\Usuario.php(30): CodeIgniter\Database\BaseBuilder->get()
#5 D:\wamp64\www\ApiGlobalOro\app\Controllers\Usuarios.php(26): App\Models\Usuario->auth('alcrar@outlook....', '12345678', NULL)
#6 D:\wamp64\www\ApiGlobalOro\system\CodeIgniter.php(934): App\Controllers\Usuarios->Autenticar()
#7 D:\wamp64\www\ApiGlobalOro\system\CodeIgniter.php(499): CodeIgniter\CodeIgniter->runController(Object(App\Controllers\Usuarios))
#8 D:\wamp64\www\ApiGlobalOro\system\CodeIgniter.php(368): CodeIgniter\CodeIgniter->handleRequest(NULL, Object(Config\Cache), false)
#9 D:\wamp64\www\ApiGlobalOro\index.php(73): CodeIgniter\CodeIgniter->run()
#10 {main}

Next CodeIgniter\Database\Exceptions\DatabaseException: No se puede establecer una conexión ya que el equipo de destino denegó expresamente dicha conexión in D:\wamp64\www\ApiGlobalOro\system\Database\MySQLi\Connection.php:218
Stack trace:
#0 D:\wamp64\www\ApiGlobalOro\system\Database\BaseConnection.php(391): CodeIgniter\Database\MySQLi\Connection->connect(false)
#1 D:\wamp64\www\ApiGlobalOro\system\Database\BaseConnection.php(573): CodeIgniter\Database\BaseConnection->initialize()
#2 D:\wamp64\www\ApiGlobalOro\system\Database\BaseBuilder.php(1616): CodeIgniter\Database\BaseConnection->query('SELECT `cliente...', Array, false)
#3 D:\wamp64\www\ApiGlobalOro\app\Models\Usuario.php(30): CodeIgniter\Database\BaseBuilder->get()
#4 D:\wamp64\www\ApiGlobalOro\app\Controllers\Usuarios.php(26): App\Models\Usuario->auth('alcrar@outlook....', '12345678', NULL)
#5 D:\wamp64\www\ApiGlobalOro\system\CodeIgniter.php(934): App\Controllers\Usuarios->Autenticar()
#6 D:\wamp64\www\ApiGlobalOro\system\CodeIgniter.php(499): CodeIgniter\CodeIgniter->runController(Object(App\Controllers\Usuarios))
#7 D:\wamp64\www\ApiGlobalOro\system\CodeIgniter.php(368): CodeIgniter\CodeIgniter->handleRequest(NULL, Object(Config\Cache), false)
#8 D:\wamp64\www\ApiGlobalOro\index.php(73): CodeIgniter\CodeIgniter->run()
#9 {main}
CRITICAL - 2024-06-19 09:56:08 --> Unable to connect to the database.
Main connection [MySQLi]: No se puede establecer una conexión ya que el equipo de destino denegó expresamente dicha conexión
in SYSTEMPATH\Database\BaseConnection.php on line 427.
 1 SYSTEMPATH\Database\BaseConnection.php(573): CodeIgniter\Database\BaseConnection->initialize()
 2 SYSTEMPATH\Database\BaseBuilder.php(1616): CodeIgniter\Database\BaseConnection->query('SELECT `clientes`.`id_cliente` as `idUsuario`, `clientes`.`nombre_cliente`, `clientes`.`telefono_cliente`, `clientes`.`pais_residencia`, `clientes`.`correo`, `clientes`.`passwordUsuario`, `clientes`.`clave`, `clientes`.`status`, `clientes`.`idtipoUsuario`
FROM `clientes`
WHERE `correo` = :correo:', [...], false)
 3 APPPATH\Models\Usuario.php(30): CodeIgniter\Database\BaseBuilder->get()
 4 APPPATH\Controllers\Usuarios.php(26): App\Models\Usuario->auth('alcrar@outlook.com', '12345678', null)
 5 SYSTEMPATH\CodeIgniter.php(934): App\Controllers\Usuarios->Autenticar()
 6 SYSTEMPATH\CodeIgniter.php(499): CodeIgniter\CodeIgniter->runController(Object(App\Controllers\Usuarios))
 7 SYSTEMPATH\CodeIgniter.php(368): CodeIgniter\CodeIgniter->handleRequest(null, Object(Config\Cache), false)
 8 FCPATH\index.php(73): CodeIgniter\CodeIgniter->run()
