CRITICAL - 2023-03-29 15:17:11 --> Call to undefined method CodeIgniter\Database\MySQLi\Builder::ProdInventarioInicial()
in APPPATH\Models\Proyeccion.php on line 127.
 1 APPPATH\Controllers\Proyecciones.php(68): App\Models\Proyeccion->altaInventarioInicial([...])
 2 SYSTEMPATH\CodeIgniter.php(934): App\Controllers\Proyecciones->create()
 3 SYSTEMPATH\CodeIgniter.php(499): CodeIgniter\CodeIgniter->runController(Object(App\Controllers\Proyecciones))
 4 SYSTEMPATH\CodeIgniter.php(368): CodeIgniter\CodeIgniter->handleRequest(null, Object(Config\Cache), false)
 5 FCPATH\index.php(73): CodeIgniter\CodeIgniter->run()
CRITICAL - 2023-03-29 15:20:24 --> Call to undefined method CodeIgniter\Database\MySQLi\Builder::ProdInventarioInicial()
in APPPATH\Models\Proyeccion.php on line 127.
 1 APPPATH\Controllers\Proyecciones.php(68): App\Models\Proyeccion->altaInventarioInicial([...])
 2 SYSTEMPATH\CodeIgniter.php(934): App\Controllers\Proyecciones->create()
 3 SYSTEMPATH\CodeIgniter.php(499): CodeIgniter\CodeIgniter->runController(Object(App\Controllers\Proyecciones))
 4 SYSTEMPATH\CodeIgniter.php(368): CodeIgniter\CodeIgniter->handleRequest(null, Object(Config\Cache), false)
 5 FCPATH\index.php(73): CodeIgniter\CodeIgniter->run()
ERROR - 2023-03-29 15:21:47 --> mysqli_sql_exception: Unknown column 'InventarioSuper' in 'field list' in D:\wamp64\www\ApiGasolineras\system\Database\MySQLi\Connection.php:295
Stack trace:
#0 D:\wamp64\www\ApiGasolineras\system\Database\MySQLi\Connection.php(295): mysqli->query('INSERT INTO `Pr...', 0)
#1 D:\wamp64\www\ApiGasolineras\system\Database\BaseConnection.php(691): CodeIgniter\Database\MySQLi\Connection->execute('INSERT INTO `Pr...')
#2 D:\wamp64\www\ApiGasolineras\system\Database\BaseConnection.php(605): CodeIgniter\Database\BaseConnection->simpleQuery('INSERT INTO `Pr...')
#3 D:\wamp64\www\ApiGasolineras\system\Database\BaseBuilder.php(2309): CodeIgniter\Database\BaseConnection->query('INSERT INTO `Pr...', Array, false)
#4 D:\wamp64\www\ApiGasolineras\app\Models\Proyeccion.php(127): CodeIgniter\Database\BaseBuilder->insert(Array)
#5 D:\wamp64\www\ApiGasolineras\app\Controllers\Proyecciones.php(68): App\Models\Proyeccion->altaInventarioInicial(Array)
#6 D:\wamp64\www\ApiGasolineras\system\CodeIgniter.php(934): App\Controllers\Proyecciones->create()
#7 D:\wamp64\www\ApiGasolineras\system\CodeIgniter.php(499): CodeIgniter\CodeIgniter->runController(Object(App\Controllers\Proyecciones))
#8 D:\wamp64\www\ApiGasolineras\system\CodeIgniter.php(368): CodeIgniter\CodeIgniter->handleRequest(NULL, Object(Config\Cache), false)
#9 D:\wamp64\www\ApiGasolineras\index.php(73): CodeIgniter\CodeIgniter->run()
#10 {main}
CRITICAL - 2023-03-29 15:21:47 --> Unknown column 'InventarioSuper' in 'field list'
in SYSTEMPATH\Database\BaseConnection.php on line 645.
 1 SYSTEMPATH\Database\BaseBuilder.php(2309): CodeIgniter\Database\BaseConnection->query('INSERT INTO `ProdInventarioInicial` (`idGasolinera`, `InventarioSuper`, `InventarioPremium`, `InventarioDiesel`, `MesInventarioInicial`) VALUES (:idGasolinera:, :InventarioSuper:, :InventarioPremium:, :InventarioDiesel:, :MesInventarioInicial:)', [...], false)
 2 APPPATH\Models\Proyeccion.php(127): CodeIgniter\Database\BaseBuilder->insert([...])
 3 APPPATH\Controllers\Proyecciones.php(68): App\Models\Proyeccion->altaInventarioInicial([...])
 4 SYSTEMPATH\CodeIgniter.php(934): App\Controllers\Proyecciones->create()
 5 SYSTEMPATH\CodeIgniter.php(499): CodeIgniter\CodeIgniter->runController(Object(App\Controllers\Proyecciones))
 6 SYSTEMPATH\CodeIgniter.php(368): CodeIgniter\CodeIgniter->handleRequest(null, Object(Config\Cache), false)
 7 FCPATH\index.php(73): CodeIgniter\CodeIgniter->run()
CRITICAL - 2023-03-29 16:16:19 --> Call to a member function insert() on array
in APPPATH\Controllers\Proyecciones.php on line 93.
 1 SYSTEMPATH\CodeIgniter.php(934): App\Controllers\Proyecciones->create()
 2 SYSTEMPATH\CodeIgniter.php(499): CodeIgniter\CodeIgniter->runController(Object(App\Controllers\Proyecciones))
 3 SYSTEMPATH\CodeIgniter.php(368): CodeIgniter\CodeIgniter->handleRequest(null, Object(Config\Cache), false)
 4 FCPATH\index.php(73): CodeIgniter\CodeIgniter->run()
CRITICAL - 2023-03-29 16:16:36 --> Call to a member function insert() on array
in APPPATH\Controllers\Proyecciones.php on line 93.
 1 SYSTEMPATH\CodeIgniter.php(934): App\Controllers\Proyecciones->create()
 2 SYSTEMPATH\CodeIgniter.php(499): CodeIgniter\CodeIgniter->runController(Object(App\Controllers\Proyecciones))
 3 SYSTEMPATH\CodeIgniter.php(368): CodeIgniter\CodeIgniter->handleRequest(null, Object(Config\Cache), false)
 4 FCPATH\index.php(73): CodeIgniter\CodeIgniter->run()
CRITICAL - 2023-03-29 16:17:38 --> Undefined variable: proyeccionVentaSuper
in APPPATH\Controllers\Proyecciones.php on line 84.
 1 APPPATH\Controllers\Proyecciones.php(84): CodeIgniter\Debug\Exceptions->errorHandler(8, 'Undefined variable: proyeccionVentaSuper', 'APPPATH\\Controllers\\Proyecciones.php', 84, [...])
 2 SYSTEMPATH\CodeIgniter.php(934): App\Controllers\Proyecciones->create()
 3 SYSTEMPATH\CodeIgniter.php(499): CodeIgniter\CodeIgniter->runController(Object(App\Controllers\Proyecciones))
 4 SYSTEMPATH\CodeIgniter.php(368): CodeIgniter\CodeIgniter->handleRequest(null, Object(Config\Cache), false)
 5 FCPATH\index.php(73): CodeIgniter\CodeIgniter->run()
CRITICAL - 2023-03-29 16:21:36 --> Call to a member function insert() on array
in APPPATH\Controllers\Proyecciones.php on line 93.
 1 SYSTEMPATH\CodeIgniter.php(934): App\Controllers\Proyecciones->create()
 2 SYSTEMPATH\CodeIgniter.php(499): CodeIgniter\CodeIgniter->runController(Object(App\Controllers\Proyecciones))
 3 SYSTEMPATH\CodeIgniter.php(368): CodeIgniter\CodeIgniter->handleRequest(null, Object(Config\Cache), false)
 4 FCPATH\index.php(73): CodeIgniter\CodeIgniter->run()
CRITICAL - 2023-03-29 16:22:21 --> Call to a member function insert() on array
in APPPATH\Controllers\Proyecciones.php on line 93.
 1 SYSTEMPATH\CodeIgniter.php(934): App\Controllers\Proyecciones->create()
 2 SYSTEMPATH\CodeIgniter.php(499): CodeIgniter\CodeIgniter->runController(Object(App\Controllers\Proyecciones))
 3 SYSTEMPATH\CodeIgniter.php(368): CodeIgniter\CodeIgniter->handleRequest(null, Object(Config\Cache), false)
 4 FCPATH\index.php(73): CodeIgniter\CodeIgniter->run()
