ERROR - 2024-09-30 10:26:23 --> mysqli_sql_exception: Cannot add or update a child row: a foreign key constraint fails (`cointic_template`.`catproduct_fort`, CONSTRAINT `relmarca_products` FOREIGN KEY (`idProducto_Fort`) REFERENCES `relmarcasolucion` (`idrel`) ON DELETE RESTRICT ON UPDATE RESTRICT) in C:\wamp64\www\Api_Template\system\Database\MySQLi\Connection.php:295
Stack trace:
#0 C:\wamp64\www\Api_Template\system\Database\MySQLi\Connection.php(295): mysqli->query('INSERT INTO `Ca...', 0)
#1 C:\wamp64\www\Api_Template\system\Database\BaseConnection.php(691): CodeIgniter\Database\MySQLi\Connection->execute('INSERT INTO `Ca...')
#2 C:\wamp64\www\Api_Template\system\Database\BaseConnection.php(605): CodeIgniter\Database\BaseConnection->simpleQuery('INSERT INTO `Ca...')
#3 C:\wamp64\www\Api_Template\system\Database\BaseBuilder.php(2309): CodeIgniter\Database\BaseConnection->query('INSERT INTO `Ca...', Array, false)
#4 C:\wamp64\www\Api_Template\app\Models\Producto.php(39): CodeIgniter\Database\BaseBuilder->insert(Array)
#5 C:\wamp64\www\Api_Template\app\Controllers\Productos.php(58): App\Models\Producto->insert(Array)
#6 C:\wamp64\www\Api_Template\system\CodeIgniter.php(934): App\Controllers\Productos->CrearProducto()
#7 C:\wamp64\www\Api_Template\system\CodeIgniter.php(499): CodeIgniter\CodeIgniter->runController(Object(App\Controllers\Productos))
#8 C:\wamp64\www\Api_Template\system\CodeIgniter.php(368): CodeIgniter\CodeIgniter->handleRequest(NULL, Object(Config\Cache), false)
#9 C:\wamp64\www\Api_Template\index.php(73): CodeIgniter\CodeIgniter->run()
#10 {main}
CRITICAL - 2024-09-30 10:26:23 --> Cannot add or update a child row: a foreign key constraint fails (`cointic_template`.`catproduct_fort`, CONSTRAINT `relmarca_products` FOREIGN KEY (`idProducto_Fort`) REFERENCES `relmarcasolucion` (`idrel`) ON DELETE RESTRICT ON UPDATE RESTRICT)
in SYSTEMPATH\Database\BaseConnection.php on line 645.
 1 SYSTEMPATH\Database\BaseBuilder.php(2309): CodeIgniter\Database\BaseConnection->query('INSERT INTO `CatProduct_Fort` (`Unit`, `SKU`, `Description`, `Price`, `Contract_1Yr`, `Contract_2Yr`, `Contract_3Yr`, `Contract_4Yr`, `Contract_5Yr`, `Comments`, `Category`) VALUES (:Unit:, :SKU:, :Description:, :Price:, :Contract_1Yr:, :Contract_2Yr:, :Contract_3Yr:, :Contract_4Yr:, :Contract_5Yr:, :Comments:, :Category:)', [...], false)
 2 APPPATH\Models\Producto.php(39): CodeIgniter\Database\BaseBuilder->insert([...])
 3 APPPATH\Controllers\Productos.php(58): App\Models\Producto->insert([...])
 4 SYSTEMPATH\CodeIgniter.php(934): App\Controllers\Productos->CrearProducto()
 5 SYSTEMPATH\CodeIgniter.php(499): CodeIgniter\CodeIgniter->runController(Object(App\Controllers\Productos))
 6 SYSTEMPATH\CodeIgniter.php(368): CodeIgniter\CodeIgniter->handleRequest(null, Object(Config\Cache), false)
 7 FCPATH\index.php(73): CodeIgniter\CodeIgniter->run()
ERROR - 2024-09-30 10:32:30 --> mysqli_sql_exception: Cannot add or update a child row: a foreign key constraint fails (`cointic_template`.`catproduct_fort`, CONSTRAINT `relmarca_products` FOREIGN KEY (`idProducto_Fort`) REFERENCES `relmarcasolucion` (`idrel`) ON DELETE RESTRICT ON UPDATE RESTRICT) in C:\wamp64\www\Api_Template\system\Database\MySQLi\Connection.php:295
Stack trace:
#0 C:\wamp64\www\Api_Template\system\Database\MySQLi\Connection.php(295): mysqli->query('INSERT INTO `Ca...', 0)
#1 C:\wamp64\www\Api_Template\system\Database\BaseConnection.php(691): CodeIgniter\Database\MySQLi\Connection->execute('INSERT INTO `Ca...')
#2 C:\wamp64\www\Api_Template\system\Database\BaseConnection.php(605): CodeIgniter\Database\BaseConnection->simpleQuery('INSERT INTO `Ca...')
#3 C:\wamp64\www\Api_Template\system\Database\BaseBuilder.php(2309): CodeIgniter\Database\BaseConnection->query('INSERT INTO `Ca...', Array, false)
#4 C:\wamp64\www\Api_Template\app\Models\Producto.php(39): CodeIgniter\Database\BaseBuilder->insert(Array)
#5 C:\wamp64\www\Api_Template\app\Controllers\Productos.php(58): App\Models\Producto->insert(Array)
#6 C:\wamp64\www\Api_Template\system\CodeIgniter.php(934): App\Controllers\Productos->CrearProducto()
#7 C:\wamp64\www\Api_Template\system\CodeIgniter.php(499): CodeIgniter\CodeIgniter->runController(Object(App\Controllers\Productos))
#8 C:\wamp64\www\Api_Template\system\CodeIgniter.php(368): CodeIgniter\CodeIgniter->handleRequest(NULL, Object(Config\Cache), false)
#9 C:\wamp64\www\Api_Template\index.php(73): CodeIgniter\CodeIgniter->run()
#10 {main}
CRITICAL - 2024-09-30 10:32:30 --> Cannot add or update a child row: a foreign key constraint fails (`cointic_template`.`catproduct_fort`, CONSTRAINT `relmarca_products` FOREIGN KEY (`idProducto_Fort`) REFERENCES `relmarcasolucion` (`idrel`) ON DELETE RESTRICT ON UPDATE RESTRICT)
in SYSTEMPATH\Database\BaseConnection.php on line 645.
 1 SYSTEMPATH\Database\BaseBuilder.php(2309): CodeIgniter\Database\BaseConnection->query('INSERT INTO `CatProduct_Fort` (`Unit`, `SKU`, `Description`, `Price`, `Contract_1Yr`, `Contract_2Yr`, `Contract_3Yr`, `Contract_4Yr`, `Contract_5Yr`, `Comments`, `Category`) VALUES (:Unit:, :SKU:, :Description:, :Price:, :Contract_1Yr:, :Contract_2Yr:, :Contract_3Yr:, :Contract_4Yr:, :Contract_5Yr:, :Comments:, :Category:)', [...], false)
 2 APPPATH\Models\Producto.php(39): CodeIgniter\Database\BaseBuilder->insert([...])
 3 APPPATH\Controllers\Productos.php(58): App\Models\Producto->insert([...])
 4 SYSTEMPATH\CodeIgniter.php(934): App\Controllers\Productos->CrearProducto()
 5 SYSTEMPATH\CodeIgniter.php(499): CodeIgniter\CodeIgniter->runController(Object(App\Controllers\Productos))
 6 SYSTEMPATH\CodeIgniter.php(368): CodeIgniter\CodeIgniter->handleRequest(null, Object(Config\Cache), false)
 7 FCPATH\index.php(73): CodeIgniter\CodeIgniter->run()
ERROR - 2024-09-30 10:33:46 --> mysqli_sql_exception: Cannot add or update a child row: a foreign key constraint fails (`cointic_template`.`catproduct_fort`, CONSTRAINT `relmarca_products` FOREIGN KEY (`idProducto_Fort`) REFERENCES `relmarcasolucion` (`idrel`) ON DELETE RESTRICT ON UPDATE RESTRICT) in C:\wamp64\www\Api_Template\system\Database\MySQLi\Connection.php:295
Stack trace:
#0 C:\wamp64\www\Api_Template\system\Database\MySQLi\Connection.php(295): mysqli->query('INSERT INTO `Ca...', 0)
#1 C:\wamp64\www\Api_Template\system\Database\BaseConnection.php(691): CodeIgniter\Database\MySQLi\Connection->execute('INSERT INTO `Ca...')
#2 C:\wamp64\www\Api_Template\system\Database\BaseConnection.php(605): CodeIgniter\Database\BaseConnection->simpleQuery('INSERT INTO `Ca...')
#3 C:\wamp64\www\Api_Template\system\Database\BaseBuilder.php(2309): CodeIgniter\Database\BaseConnection->query('INSERT INTO `Ca...', Array, false)
#4 C:\wamp64\www\Api_Template\app\Models\Producto.php(39): CodeIgniter\Database\BaseBuilder->insert(Array)
#5 C:\wamp64\www\Api_Template\app\Controllers\Productos.php(58): App\Models\Producto->insert(Array)
#6 C:\wamp64\www\Api_Template\system\CodeIgniter.php(934): App\Controllers\Productos->CrearProducto()
#7 C:\wamp64\www\Api_Template\system\CodeIgniter.php(499): CodeIgniter\CodeIgniter->runController(Object(App\Controllers\Productos))
#8 C:\wamp64\www\Api_Template\system\CodeIgniter.php(368): CodeIgniter\CodeIgniter->handleRequest(NULL, Object(Config\Cache), false)
#9 C:\wamp64\www\Api_Template\index.php(73): CodeIgniter\CodeIgniter->run()
#10 {main}
CRITICAL - 2024-09-30 10:33:46 --> Cannot add or update a child row: a foreign key constraint fails (`cointic_template`.`catproduct_fort`, CONSTRAINT `relmarca_products` FOREIGN KEY (`idProducto_Fort`) REFERENCES `relmarcasolucion` (`idrel`) ON DELETE RESTRICT ON UPDATE RESTRICT)
in SYSTEMPATH\Database\BaseConnection.php on line 645.
 1 SYSTEMPATH\Database\BaseBuilder.php(2309): CodeIgniter\Database\BaseConnection->query('INSERT INTO `CatProduct_Fort` (`Unit`, `SKU`, `Description`, `Price`, `Contract_1Yr`, `Contract_2Yr`, `Contract_3Yr`, `Contract_4Yr`, `Contract_5Yr`, `Comments`, `Category`) VALUES (:Unit:, :SKU:, :Description:, :Price:, :Contract_1Yr:, :Contract_2Yr:, :Contract_3Yr:, :Contract_4Yr:, :Contract_5Yr:, :Comments:, :Category:)', [...], false)
 2 APPPATH\Models\Producto.php(39): CodeIgniter\Database\BaseBuilder->insert([...])
 3 APPPATH\Controllers\Productos.php(58): App\Models\Producto->insert([...])
 4 SYSTEMPATH\CodeIgniter.php(934): App\Controllers\Productos->CrearProducto()
 5 SYSTEMPATH\CodeIgniter.php(499): CodeIgniter\CodeIgniter->runController(Object(App\Controllers\Productos))
 6 SYSTEMPATH\CodeIgniter.php(368): CodeIgniter\CodeIgniter->handleRequest(null, Object(Config\Cache), false)
 7 FCPATH\index.php(73): CodeIgniter\CodeIgniter->run()
ERROR - 2024-09-30 11:17:46 --> mysqli_sql_exception: Cannot add or update a child row: a foreign key constraint fails (`cointic_template`.`catproduct_fort`, CONSTRAINT `relmarca_products` FOREIGN KEY (`idProducto_Fort`) REFERENCES `relmarcasolucion` (`idrel`) ON DELETE RESTRICT ON UPDATE RESTRICT) in C:\wamp64\www\Api_Template\system\Database\MySQLi\Connection.php:295
Stack trace:
#0 C:\wamp64\www\Api_Template\system\Database\MySQLi\Connection.php(295): mysqli->query('INSERT INTO `Ca...', 0)
#1 C:\wamp64\www\Api_Template\system\Database\BaseConnection.php(691): CodeIgniter\Database\MySQLi\Connection->execute('INSERT INTO `Ca...')
#2 C:\wamp64\www\Api_Template\system\Database\BaseConnection.php(605): CodeIgniter\Database\BaseConnection->simpleQuery('INSERT INTO `Ca...')
#3 C:\wamp64\www\Api_Template\system\Database\BaseBuilder.php(2309): CodeIgniter\Database\BaseConnection->query('INSERT INTO `Ca...', Array, false)
#4 C:\wamp64\www\Api_Template\app\Models\Producto.php(39): CodeIgniter\Database\BaseBuilder->insert(Array)
#5 C:\wamp64\www\Api_Template\app\Controllers\Productos.php(58): App\Models\Producto->insert(Array)
#6 C:\wamp64\www\Api_Template\system\CodeIgniter.php(934): App\Controllers\Productos->CrearProducto()
#7 C:\wamp64\www\Api_Template\system\CodeIgniter.php(499): CodeIgniter\CodeIgniter->runController(Object(App\Controllers\Productos))
#8 C:\wamp64\www\Api_Template\system\CodeIgniter.php(368): CodeIgniter\CodeIgniter->handleRequest(NULL, Object(Config\Cache), false)
#9 C:\wamp64\www\Api_Template\index.php(73): CodeIgniter\CodeIgniter->run()
#10 {main}
CRITICAL - 2024-09-30 11:17:46 --> Cannot add or update a child row: a foreign key constraint fails (`cointic_template`.`catproduct_fort`, CONSTRAINT `relmarca_products` FOREIGN KEY (`idProducto_Fort`) REFERENCES `relmarcasolucion` (`idrel`) ON DELETE RESTRICT ON UPDATE RESTRICT)
in SYSTEMPATH\Database\BaseConnection.php on line 645.
 1 SYSTEMPATH\Database\BaseBuilder.php(2309): CodeIgniter\Database\BaseConnection->query('INSERT INTO `CatProduct_Fort` (`Unit`, `SKU`, `Description`, `Price`, `Contract_1Yr`, `Contract_2Yr`, `Contract_3Yr`, `Contract_4Yr`, `Contract_5Yr`, `Comments`, `Category`) VALUES (:Unit:, :SKU:, :Description:, :Price:, :Contract_1Yr:, :Contract_2Yr:, :Contract_3Yr:, :Contract_4Yr:, :Contract_5Yr:, :Comments:, :Category:)', [...], false)
 2 APPPATH\Models\Producto.php(39): CodeIgniter\Database\BaseBuilder->insert([...])
 3 APPPATH\Controllers\Productos.php(58): App\Models\Producto->insert([...])
 4 SYSTEMPATH\CodeIgniter.php(934): App\Controllers\Productos->CrearProducto()
 5 SYSTEMPATH\CodeIgniter.php(499): CodeIgniter\CodeIgniter->runController(Object(App\Controllers\Productos))
 6 SYSTEMPATH\CodeIgniter.php(368): CodeIgniter\CodeIgniter->handleRequest(null, Object(Config\Cache), false)
 7 FCPATH\index.php(73): CodeIgniter\CodeIgniter->run()
ERROR - 2024-09-30 11:21:54 --> mysqli_sql_exception: Cannot add or update a child row: a foreign key constraint fails (`cointic_template`.`catproduct_fort`, CONSTRAINT `relmarca_products` FOREIGN KEY (`idProducto_Fort`) REFERENCES `relmarcasolucion` (`idrel`) ON DELETE RESTRICT ON UPDATE RESTRICT) in C:\wamp64\www\Api_Template\system\Database\MySQLi\Connection.php:295
Stack trace:
#0 C:\wamp64\www\Api_Template\system\Database\MySQLi\Connection.php(295): mysqli->query('INSERT INTO `Ca...', 0)
#1 C:\wamp64\www\Api_Template\system\Database\BaseConnection.php(691): CodeIgniter\Database\MySQLi\Connection->execute('INSERT INTO `Ca...')
#2 C:\wamp64\www\Api_Template\system\Database\BaseConnection.php(605): CodeIgniter\Database\BaseConnection->simpleQuery('INSERT INTO `Ca...')
#3 C:\wamp64\www\Api_Template\system\Database\BaseBuilder.php(2309): CodeIgniter\Database\BaseConnection->query('INSERT INTO `Ca...', Array, false)
#4 C:\wamp64\www\Api_Template\app\Models\Producto.php(39): CodeIgniter\Database\BaseBuilder->insert(Array)
#5 C:\wamp64\www\Api_Template\app\Controllers\Productos.php(58): App\Models\Producto->insert(Array)
#6 C:\wamp64\www\Api_Template\system\CodeIgniter.php(934): App\Controllers\Productos->CrearProducto()
#7 C:\wamp64\www\Api_Template\system\CodeIgniter.php(499): CodeIgniter\CodeIgniter->runController(Object(App\Controllers\Productos))
#8 C:\wamp64\www\Api_Template\system\CodeIgniter.php(368): CodeIgniter\CodeIgniter->handleRequest(NULL, Object(Config\Cache), false)
#9 C:\wamp64\www\Api_Template\index.php(73): CodeIgniter\CodeIgniter->run()
#10 {main}
CRITICAL - 2024-09-30 11:21:54 --> Cannot add or update a child row: a foreign key constraint fails (`cointic_template`.`catproduct_fort`, CONSTRAINT `relmarca_products` FOREIGN KEY (`idProducto_Fort`) REFERENCES `relmarcasolucion` (`idrel`) ON DELETE RESTRICT ON UPDATE RESTRICT)
in SYSTEMPATH\Database\BaseConnection.php on line 645.
 1 SYSTEMPATH\Database\BaseBuilder.php(2309): CodeIgniter\Database\BaseConnection->query('INSERT INTO `CatProduct_Fort` (`Unit`, `SKU`, `Description`, `Price`, `Contract_1Yr`, `Contract_2Yr`, `Contract_3Yr`, `Contract_4Yr`, `Contract_5Yr`, `Comments`, `Category`) VALUES (:Unit:, :SKU:, :Description:, :Price:, :Contract_1Yr:, :Contract_2Yr:, :Contract_3Yr:, :Contract_4Yr:, :Contract_5Yr:, :Comments:, :Category:)', [...], false)
 2 APPPATH\Models\Producto.php(39): CodeIgniter\Database\BaseBuilder->insert([...])
 3 APPPATH\Controllers\Productos.php(58): App\Models\Producto->insert([...])
 4 SYSTEMPATH\CodeIgniter.php(934): App\Controllers\Productos->CrearProducto()
 5 SYSTEMPATH\CodeIgniter.php(499): CodeIgniter\CodeIgniter->runController(Object(App\Controllers\Productos))
 6 SYSTEMPATH\CodeIgniter.php(368): CodeIgniter\CodeIgniter->handleRequest(null, Object(Config\Cache), false)
 7 FCPATH\index.php(73): CodeIgniter\CodeIgniter->run()
ERROR - 2024-09-30 11:25:10 --> mysqli_sql_exception: Cannot add or update a child row: a foreign key constraint fails (`cointic_template`.`catproduct_fort`, CONSTRAINT `relmarca_products` FOREIGN KEY (`idProducto_Fort`) REFERENCES `relmarcasolucion` (`idrel`) ON DELETE RESTRICT ON UPDATE RESTRICT) in C:\wamp64\www\Api_Template\system\Database\MySQLi\Connection.php:295
Stack trace:
#0 C:\wamp64\www\Api_Template\system\Database\MySQLi\Connection.php(295): mysqli->query('INSERT INTO `Ca...', 0)
#1 C:\wamp64\www\Api_Template\system\Database\BaseConnection.php(691): CodeIgniter\Database\MySQLi\Connection->execute('INSERT INTO `Ca...')
#2 C:\wamp64\www\Api_Template\system\Database\BaseConnection.php(605): CodeIgniter\Database\BaseConnection->simpleQuery('INSERT INTO `Ca...')
#3 C:\wamp64\www\Api_Template\system\Database\BaseBuilder.php(2309): CodeIgniter\Database\BaseConnection->query('INSERT INTO `Ca...', Array, false)
#4 C:\wamp64\www\Api_Template\app\Models\Producto.php(39): CodeIgniter\Database\BaseBuilder->insert(Array)
#5 C:\wamp64\www\Api_Template\app\Controllers\Productos.php(58): App\Models\Producto->insert(Array)
#6 C:\wamp64\www\Api_Template\system\CodeIgniter.php(934): App\Controllers\Productos->CrearProducto()
#7 C:\wamp64\www\Api_Template\system\CodeIgniter.php(499): CodeIgniter\CodeIgniter->runController(Object(App\Controllers\Productos))
#8 C:\wamp64\www\Api_Template\system\CodeIgniter.php(368): CodeIgniter\CodeIgniter->handleRequest(NULL, Object(Config\Cache), false)
#9 C:\wamp64\www\Api_Template\index.php(73): CodeIgniter\CodeIgniter->run()
#10 {main}
CRITICAL - 2024-09-30 11:25:10 --> Cannot add or update a child row: a foreign key constraint fails (`cointic_template`.`catproduct_fort`, CONSTRAINT `relmarca_products` FOREIGN KEY (`idProducto_Fort`) REFERENCES `relmarcasolucion` (`idrel`) ON DELETE RESTRICT ON UPDATE RESTRICT)
in SYSTEMPATH\Database\BaseConnection.php on line 645.
 1 SYSTEMPATH\Database\BaseBuilder.php(2309): CodeIgniter\Database\BaseConnection->query('INSERT INTO `CatProduct_Fort` (`Unit`, `SKU`, `Description`, `Price`, `Contract_1Yr`, `Contract_2Yr`, `Contract_3Yr`, `Contract_4Yr`, `Contract_5Yr`, `Comments`, `Category`) VALUES (:Unit:, :SKU:, :Description:, :Price:, :Contract_1Yr:, :Contract_2Yr:, :Contract_3Yr:, :Contract_4Yr:, :Contract_5Yr:, :Comments:, :Category:)', [...], false)
 2 APPPATH\Models\Producto.php(39): CodeIgniter\Database\BaseBuilder->insert([...])
 3 APPPATH\Controllers\Productos.php(58): App\Models\Producto->insert([...])
 4 SYSTEMPATH\CodeIgniter.php(934): App\Controllers\Productos->CrearProducto()
 5 SYSTEMPATH\CodeIgniter.php(499): CodeIgniter\CodeIgniter->runController(Object(App\Controllers\Productos))
 6 SYSTEMPATH\CodeIgniter.php(368): CodeIgniter\CodeIgniter->handleRequest(null, Object(Config\Cache), false)
 7 FCPATH\index.php(73): CodeIgniter\CodeIgniter->run()
ERROR - 2024-09-30 12:22:35 --> mysqli_sql_exception: Cannot add or update a child row: a foreign key constraint fails (`cointic_template`.`catproduct_fort`, CONSTRAINT `relmarca_products` FOREIGN KEY (`idProducto_Fort`) REFERENCES `relmarcasolucion` (`idrel`) ON DELETE RESTRICT ON UPDATE RESTRICT) in C:\wamp64\www\Api_Template\system\Database\MySQLi\Connection.php:295
Stack trace:
#0 C:\wamp64\www\Api_Template\system\Database\MySQLi\Connection.php(295): mysqli->query('INSERT INTO `Ca...', 0)
#1 C:\wamp64\www\Api_Template\system\Database\BaseConnection.php(691): CodeIgniter\Database\MySQLi\Connection->execute('INSERT INTO `Ca...')
#2 C:\wamp64\www\Api_Template\system\Database\BaseConnection.php(605): CodeIgniter\Database\BaseConnection->simpleQuery('INSERT INTO `Ca...')
#3 C:\wamp64\www\Api_Template\system\Database\BaseBuilder.php(2309): CodeIgniter\Database\BaseConnection->query('INSERT INTO `Ca...', Array, false)
#4 C:\wamp64\www\Api_Template\app\Models\Producto.php(39): CodeIgniter\Database\BaseBuilder->insert(Array)
#5 C:\wamp64\www\Api_Template\app\Controllers\Productos.php(58): App\Models\Producto->insert(Array)
#6 C:\wamp64\www\Api_Template\system\CodeIgniter.php(934): App\Controllers\Productos->CrearProducto()
#7 C:\wamp64\www\Api_Template\system\CodeIgniter.php(499): CodeIgniter\CodeIgniter->runController(Object(App\Controllers\Productos))
#8 C:\wamp64\www\Api_Template\system\CodeIgniter.php(368): CodeIgniter\CodeIgniter->handleRequest(NULL, Object(Config\Cache), false)
#9 C:\wamp64\www\Api_Template\index.php(73): CodeIgniter\CodeIgniter->run()
#10 {main}
CRITICAL - 2024-09-30 12:22:35 --> Cannot add or update a child row: a foreign key constraint fails (`cointic_template`.`catproduct_fort`, CONSTRAINT `relmarca_products` FOREIGN KEY (`idProducto_Fort`) REFERENCES `relmarcasolucion` (`idrel`) ON DELETE RESTRICT ON UPDATE RESTRICT)
in SYSTEMPATH\Database\BaseConnection.php on line 645.
 1 SYSTEMPATH\Database\BaseBuilder.php(2309): CodeIgniter\Database\BaseConnection->query('INSERT INTO `CatProduct_Fort` (`Unit`, `SKU`, `Description`, `Price`, `Contract_1Yr`, `Contract_2Yr`, `Contract_3Yr`, `Contract_4Yr`, `Contract_5Yr`, `Comments`, `Category`) VALUES (:Unit:, :SKU:, :Description:, :Price:, :Contract_1Yr:, :Contract_2Yr:, :Contract_3Yr:, :Contract_4Yr:, :Contract_5Yr:, :Comments:, :Category:)', [...], false)
 2 APPPATH\Models\Producto.php(39): CodeIgniter\Database\BaseBuilder->insert([...])
 3 APPPATH\Controllers\Productos.php(58): App\Models\Producto->insert([...])
 4 SYSTEMPATH\CodeIgniter.php(934): App\Controllers\Productos->CrearProducto()
 5 SYSTEMPATH\CodeIgniter.php(499): CodeIgniter\CodeIgniter->runController(Object(App\Controllers\Productos))
 6 SYSTEMPATH\CodeIgniter.php(368): CodeIgniter\CodeIgniter->handleRequest(null, Object(Config\Cache), false)
 7 FCPATH\index.php(73): CodeIgniter\CodeIgniter->run()
ERROR - 2024-09-30 12:22:36 --> mysqli_sql_exception: Cannot add or update a child row: a foreign key constraint fails (`cointic_template`.`catproduct_fort`, CONSTRAINT `relmarca_products` FOREIGN KEY (`idProducto_Fort`) REFERENCES `relmarcasolucion` (`idrel`) ON DELETE RESTRICT ON UPDATE RESTRICT) in C:\wamp64\www\Api_Template\system\Database\MySQLi\Connection.php:295
Stack trace:
#0 C:\wamp64\www\Api_Template\system\Database\MySQLi\Connection.php(295): mysqli->query('INSERT INTO `Ca...', 0)
#1 C:\wamp64\www\Api_Template\system\Database\BaseConnection.php(691): CodeIgniter\Database\MySQLi\Connection->execute('INSERT INTO `Ca...')
#2 C:\wamp64\www\Api_Template\system\Database\BaseConnection.php(605): CodeIgniter\Database\BaseConnection->simpleQuery('INSERT INTO `Ca...')
#3 C:\wamp64\www\Api_Template\system\Database\BaseBuilder.php(2309): CodeIgniter\Database\BaseConnection->query('INSERT INTO `Ca...', Array, false)
#4 C:\wamp64\www\Api_Template\app\Models\Producto.php(39): CodeIgniter\Database\BaseBuilder->insert(Array)
#5 C:\wamp64\www\Api_Template\app\Controllers\Productos.php(58): App\Models\Producto->insert(Array)
#6 C:\wamp64\www\Api_Template\system\CodeIgniter.php(934): App\Controllers\Productos->CrearProducto()
#7 C:\wamp64\www\Api_Template\system\CodeIgniter.php(499): CodeIgniter\CodeIgniter->runController(Object(App\Controllers\Productos))
#8 C:\wamp64\www\Api_Template\system\CodeIgniter.php(368): CodeIgniter\CodeIgniter->handleRequest(NULL, Object(Config\Cache), false)
#9 C:\wamp64\www\Api_Template\index.php(73): CodeIgniter\CodeIgniter->run()
#10 {main}
CRITICAL - 2024-09-30 12:22:36 --> Cannot add or update a child row: a foreign key constraint fails (`cointic_template`.`catproduct_fort`, CONSTRAINT `relmarca_products` FOREIGN KEY (`idProducto_Fort`) REFERENCES `relmarcasolucion` (`idrel`) ON DELETE RESTRICT ON UPDATE RESTRICT)
in SYSTEMPATH\Database\BaseConnection.php on line 645.
 1 SYSTEMPATH\Database\BaseBuilder.php(2309): CodeIgniter\Database\BaseConnection->query('INSERT INTO `CatProduct_Fort` (`Unit`, `SKU`, `Description`, `Price`, `Contract_1Yr`, `Contract_2Yr`, `Contract_3Yr`, `Contract_4Yr`, `Contract_5Yr`, `Comments`, `Category`) VALUES (:Unit:, :SKU:, :Description:, :Price:, :Contract_1Yr:, :Contract_2Yr:, :Contract_3Yr:, :Contract_4Yr:, :Contract_5Yr:, :Comments:, :Category:)', [...], false)
 2 APPPATH\Models\Producto.php(39): CodeIgniter\Database\BaseBuilder->insert([...])
 3 APPPATH\Controllers\Productos.php(58): App\Models\Producto->insert([...])
 4 SYSTEMPATH\CodeIgniter.php(934): App\Controllers\Productos->CrearProducto()
 5 SYSTEMPATH\CodeIgniter.php(499): CodeIgniter\CodeIgniter->runController(Object(App\Controllers\Productos))
 6 SYSTEMPATH\CodeIgniter.php(368): CodeIgniter\CodeIgniter->handleRequest(null, Object(Config\Cache), false)
 7 FCPATH\index.php(73): CodeIgniter\CodeIgniter->run()
ERROR - 2024-09-30 12:22:37 --> mysqli_sql_exception: Cannot add or update a child row: a foreign key constraint fails (`cointic_template`.`catproduct_fort`, CONSTRAINT `relmarca_products` FOREIGN KEY (`idProducto_Fort`) REFERENCES `relmarcasolucion` (`idrel`) ON DELETE RESTRICT ON UPDATE RESTRICT) in C:\wamp64\www\Api_Template\system\Database\MySQLi\Connection.php:295
Stack trace:
#0 C:\wamp64\www\Api_Template\system\Database\MySQLi\Connection.php(295): mysqli->query('INSERT INTO `Ca...', 0)
#1 C:\wamp64\www\Api_Template\system\Database\BaseConnection.php(691): CodeIgniter\Database\MySQLi\Connection->execute('INSERT INTO `Ca...')
#2 C:\wamp64\www\Api_Template\system\Database\BaseConnection.php(605): CodeIgniter\Database\BaseConnection->simpleQuery('INSERT INTO `Ca...')
#3 C:\wamp64\www\Api_Template\system\Database\BaseBuilder.php(2309): CodeIgniter\Database\BaseConnection->query('INSERT INTO `Ca...', Array, false)
#4 C:\wamp64\www\Api_Template\app\Models\Producto.php(39): CodeIgniter\Database\BaseBuilder->insert(Array)
#5 C:\wamp64\www\Api_Template\app\Controllers\Productos.php(58): App\Models\Producto->insert(Array)
#6 C:\wamp64\www\Api_Template\system\CodeIgniter.php(934): App\Controllers\Productos->CrearProducto()
#7 C:\wamp64\www\Api_Template\system\CodeIgniter.php(499): CodeIgniter\CodeIgniter->runController(Object(App\Controllers\Productos))
#8 C:\wamp64\www\Api_Template\system\CodeIgniter.php(368): CodeIgniter\CodeIgniter->handleRequest(NULL, Object(Config\Cache), false)
#9 C:\wamp64\www\Api_Template\index.php(73): CodeIgniter\CodeIgniter->run()
#10 {main}
CRITICAL - 2024-09-30 12:22:37 --> Cannot add or update a child row: a foreign key constraint fails (`cointic_template`.`catproduct_fort`, CONSTRAINT `relmarca_products` FOREIGN KEY (`idProducto_Fort`) REFERENCES `relmarcasolucion` (`idrel`) ON DELETE RESTRICT ON UPDATE RESTRICT)
in SYSTEMPATH\Database\BaseConnection.php on line 645.
 1 SYSTEMPATH\Database\BaseBuilder.php(2309): CodeIgniter\Database\BaseConnection->query('INSERT INTO `CatProduct_Fort` (`Unit`, `SKU`, `Description`, `Price`, `Contract_1Yr`, `Contract_2Yr`, `Contract_3Yr`, `Contract_4Yr`, `Contract_5Yr`, `Comments`, `Category`) VALUES (:Unit:, :SKU:, :Description:, :Price:, :Contract_1Yr:, :Contract_2Yr:, :Contract_3Yr:, :Contract_4Yr:, :Contract_5Yr:, :Comments:, :Category:)', [...], false)
 2 APPPATH\Models\Producto.php(39): CodeIgniter\Database\BaseBuilder->insert([...])
 3 APPPATH\Controllers\Productos.php(58): App\Models\Producto->insert([...])
 4 SYSTEMPATH\CodeIgniter.php(934): App\Controllers\Productos->CrearProducto()
 5 SYSTEMPATH\CodeIgniter.php(499): CodeIgniter\CodeIgniter->runController(Object(App\Controllers\Productos))
 6 SYSTEMPATH\CodeIgniter.php(368): CodeIgniter\CodeIgniter->handleRequest(null, Object(Config\Cache), false)
 7 FCPATH\index.php(73): CodeIgniter\CodeIgniter->run()
ERROR - 2024-09-30 12:22:37 --> mysqli_sql_exception: Cannot add or update a child row: a foreign key constraint fails (`cointic_template`.`catproduct_fort`, CONSTRAINT `relmarca_products` FOREIGN KEY (`idProducto_Fort`) REFERENCES `relmarcasolucion` (`idrel`) ON DELETE RESTRICT ON UPDATE RESTRICT) in C:\wamp64\www\Api_Template\system\Database\MySQLi\Connection.php:295
Stack trace:
#0 C:\wamp64\www\Api_Template\system\Database\MySQLi\Connection.php(295): mysqli->query('INSERT INTO `Ca...', 0)
#1 C:\wamp64\www\Api_Template\system\Database\BaseConnection.php(691): CodeIgniter\Database\MySQLi\Connection->execute('INSERT INTO `Ca...')
#2 C:\wamp64\www\Api_Template\system\Database\BaseConnection.php(605): CodeIgniter\Database\BaseConnection->simpleQuery('INSERT INTO `Ca...')
#3 C:\wamp64\www\Api_Template\system\Database\BaseBuilder.php(2309): CodeIgniter\Database\BaseConnection->query('INSERT INTO `Ca...', Array, false)
#4 C:\wamp64\www\Api_Template\app\Models\Producto.php(39): CodeIgniter\Database\BaseBuilder->insert(Array)
#5 C:\wamp64\www\Api_Template\app\Controllers\Productos.php(58): App\Models\Producto->insert(Array)
#6 C:\wamp64\www\Api_Template\system\CodeIgniter.php(934): App\Controllers\Productos->CrearProducto()
#7 C:\wamp64\www\Api_Template\system\CodeIgniter.php(499): CodeIgniter\CodeIgniter->runController(Object(App\Controllers\Productos))
#8 C:\wamp64\www\Api_Template\system\CodeIgniter.php(368): CodeIgniter\CodeIgniter->handleRequest(NULL, Object(Config\Cache), false)
#9 C:\wamp64\www\Api_Template\index.php(73): CodeIgniter\CodeIgniter->run()
#10 {main}
CRITICAL - 2024-09-30 12:22:37 --> Cannot add or update a child row: a foreign key constraint fails (`cointic_template`.`catproduct_fort`, CONSTRAINT `relmarca_products` FOREIGN KEY (`idProducto_Fort`) REFERENCES `relmarcasolucion` (`idrel`) ON DELETE RESTRICT ON UPDATE RESTRICT)
in SYSTEMPATH\Database\BaseConnection.php on line 645.
 1 SYSTEMPATH\Database\BaseBuilder.php(2309): CodeIgniter\Database\BaseConnection->query('INSERT INTO `CatProduct_Fort` (`Unit`, `SKU`, `Description`, `Price`, `Contract_1Yr`, `Contract_2Yr`, `Contract_3Yr`, `Contract_4Yr`, `Contract_5Yr`, `Comments`, `Category`) VALUES (:Unit:, :SKU:, :Description:, :Price:, :Contract_1Yr:, :Contract_2Yr:, :Contract_3Yr:, :Contract_4Yr:, :Contract_5Yr:, :Comments:, :Category:)', [...], false)
 2 APPPATH\Models\Producto.php(39): CodeIgniter\Database\BaseBuilder->insert([...])
 3 APPPATH\Controllers\Productos.php(58): App\Models\Producto->insert([...])
 4 SYSTEMPATH\CodeIgniter.php(934): App\Controllers\Productos->CrearProducto()
 5 SYSTEMPATH\CodeIgniter.php(499): CodeIgniter\CodeIgniter->runController(Object(App\Controllers\Productos))
 6 SYSTEMPATH\CodeIgniter.php(368): CodeIgniter\CodeIgniter->handleRequest(null, Object(Config\Cache), false)
 7 FCPATH\index.php(73): CodeIgniter\CodeIgniter->run()
ERROR - 2024-09-30 12:22:37 --> mysqli_sql_exception: Cannot add or update a child row: a foreign key constraint fails (`cointic_template`.`catproduct_fort`, CONSTRAINT `relmarca_products` FOREIGN KEY (`idProducto_Fort`) REFERENCES `relmarcasolucion` (`idrel`) ON DELETE RESTRICT ON UPDATE RESTRICT) in C:\wamp64\www\Api_Template\system\Database\MySQLi\Connection.php:295
Stack trace:
#0 C:\wamp64\www\Api_Template\system\Database\MySQLi\Connection.php(295): mysqli->query('INSERT INTO `Ca...', 0)
#1 C:\wamp64\www\Api_Template\system\Database\BaseConnection.php(691): CodeIgniter\Database\MySQLi\Connection->execute('INSERT INTO `Ca...')
#2 C:\wamp64\www\Api_Template\system\Database\BaseConnection.php(605): CodeIgniter\Database\BaseConnection->simpleQuery('INSERT INTO `Ca...')
#3 C:\wamp64\www\Api_Template\system\Database\BaseBuilder.php(2309): CodeIgniter\Database\BaseConnection->query('INSERT INTO `Ca...', Array, false)
#4 C:\wamp64\www\Api_Template\app\Models\Producto.php(39): CodeIgniter\Database\BaseBuilder->insert(Array)
#5 C:\wamp64\www\Api_Template\app\Controllers\Productos.php(58): App\Models\Producto->insert(Array)
#6 C:\wamp64\www\Api_Template\system\CodeIgniter.php(934): App\Controllers\Productos->CrearProducto()
#7 C:\wamp64\www\Api_Template\system\CodeIgniter.php(499): CodeIgniter\CodeIgniter->runController(Object(App\Controllers\Productos))
#8 C:\wamp64\www\Api_Template\system\CodeIgniter.php(368): CodeIgniter\CodeIgniter->handleRequest(NULL, Object(Config\Cache), false)
#9 C:\wamp64\www\Api_Template\index.php(73): CodeIgniter\CodeIgniter->run()
#10 {main}
CRITICAL - 2024-09-30 12:22:37 --> Cannot add or update a child row: a foreign key constraint fails (`cointic_template`.`catproduct_fort`, CONSTRAINT `relmarca_products` FOREIGN KEY (`idProducto_Fort`) REFERENCES `relmarcasolucion` (`idrel`) ON DELETE RESTRICT ON UPDATE RESTRICT)
in SYSTEMPATH\Database\BaseConnection.php on line 645.
 1 SYSTEMPATH\Database\BaseBuilder.php(2309): CodeIgniter\Database\BaseConnection->query('INSERT INTO `CatProduct_Fort` (`Unit`, `SKU`, `Description`, `Price`, `Contract_1Yr`, `Contract_2Yr`, `Contract_3Yr`, `Contract_4Yr`, `Contract_5Yr`, `Comments`, `Category`) VALUES (:Unit:, :SKU:, :Description:, :Price:, :Contract_1Yr:, :Contract_2Yr:, :Contract_3Yr:, :Contract_4Yr:, :Contract_5Yr:, :Comments:, :Category:)', [...], false)
 2 APPPATH\Models\Producto.php(39): CodeIgniter\Database\BaseBuilder->insert([...])
 3 APPPATH\Controllers\Productos.php(58): App\Models\Producto->insert([...])
 4 SYSTEMPATH\CodeIgniter.php(934): App\Controllers\Productos->CrearProducto()
 5 SYSTEMPATH\CodeIgniter.php(499): CodeIgniter\CodeIgniter->runController(Object(App\Controllers\Productos))
 6 SYSTEMPATH\CodeIgniter.php(368): CodeIgniter\CodeIgniter->handleRequest(null, Object(Config\Cache), false)
 7 FCPATH\index.php(73): CodeIgniter\CodeIgniter->run()
ERROR - 2024-09-30 12:22:37 --> mysqli_sql_exception: Cannot add or update a child row: a foreign key constraint fails (`cointic_template`.`catproduct_fort`, CONSTRAINT `relmarca_products` FOREIGN KEY (`idProducto_Fort`) REFERENCES `relmarcasolucion` (`idrel`) ON DELETE RESTRICT ON UPDATE RESTRICT) in C:\wamp64\www\Api_Template\system\Database\MySQLi\Connection.php:295
Stack trace:
#0 C:\wamp64\www\Api_Template\system\Database\MySQLi\Connection.php(295): mysqli->query('INSERT INTO `Ca...', 0)
#1 C:\wamp64\www\Api_Template\system\Database\BaseConnection.php(691): CodeIgniter\Database\MySQLi\Connection->execute('INSERT INTO `Ca...')
#2 C:\wamp64\www\Api_Template\system\Database\BaseConnection.php(605): CodeIgniter\Database\BaseConnection->simpleQuery('INSERT INTO `Ca...')
#3 C:\wamp64\www\Api_Template\system\Database\BaseBuilder.php(2309): CodeIgniter\Database\BaseConnection->query('INSERT INTO `Ca...', Array, false)
#4 C:\wamp64\www\Api_Template\app\Models\Producto.php(39): CodeIgniter\Database\BaseBuilder->insert(Array)
#5 C:\wamp64\www\Api_Template\app\Controllers\Productos.php(58): App\Models\Producto->insert(Array)
#6 C:\wamp64\www\Api_Template\system\CodeIgniter.php(934): App\Controllers\Productos->CrearProducto()
#7 C:\wamp64\www\Api_Template\system\CodeIgniter.php(499): CodeIgniter\CodeIgniter->runController(Object(App\Controllers\Productos))
#8 C:\wamp64\www\Api_Template\system\CodeIgniter.php(368): CodeIgniter\CodeIgniter->handleRequest(NULL, Object(Config\Cache), false)
#9 C:\wamp64\www\Api_Template\index.php(73): CodeIgniter\CodeIgniter->run()
#10 {main}
CRITICAL - 2024-09-30 12:22:37 --> Cannot add or update a child row: a foreign key constraint fails (`cointic_template`.`catproduct_fort`, CONSTRAINT `relmarca_products` FOREIGN KEY (`idProducto_Fort`) REFERENCES `relmarcasolucion` (`idrel`) ON DELETE RESTRICT ON UPDATE RESTRICT)
in SYSTEMPATH\Database\BaseConnection.php on line 645.
 1 SYSTEMPATH\Database\BaseBuilder.php(2309): CodeIgniter\Database\BaseConnection->query('INSERT INTO `CatProduct_Fort` (`Unit`, `SKU`, `Description`, `Price`, `Contract_1Yr`, `Contract_2Yr`, `Contract_3Yr`, `Contract_4Yr`, `Contract_5Yr`, `Comments`, `Category`) VALUES (:Unit:, :SKU:, :Description:, :Price:, :Contract_1Yr:, :Contract_2Yr:, :Contract_3Yr:, :Contract_4Yr:, :Contract_5Yr:, :Comments:, :Category:)', [...], false)
 2 APPPATH\Models\Producto.php(39): CodeIgniter\Database\BaseBuilder->insert([...])
 3 APPPATH\Controllers\Productos.php(58): App\Models\Producto->insert([...])
 4 SYSTEMPATH\CodeIgniter.php(934): App\Controllers\Productos->CrearProducto()
 5 SYSTEMPATH\CodeIgniter.php(499): CodeIgniter\CodeIgniter->runController(Object(App\Controllers\Productos))
 6 SYSTEMPATH\CodeIgniter.php(368): CodeIgniter\CodeIgniter->handleRequest(null, Object(Config\Cache), false)
 7 FCPATH\index.php(73): CodeIgniter\CodeIgniter->run()
ERROR - 2024-09-30 12:22:37 --> mysqli_sql_exception: Cannot add or update a child row: a foreign key constraint fails (`cointic_template`.`catproduct_fort`, CONSTRAINT `relmarca_products` FOREIGN KEY (`idProducto_Fort`) REFERENCES `relmarcasolucion` (`idrel`) ON DELETE RESTRICT ON UPDATE RESTRICT) in C:\wamp64\www\Api_Template\system\Database\MySQLi\Connection.php:295
Stack trace:
#0 C:\wamp64\www\Api_Template\system\Database\MySQLi\Connection.php(295): mysqli->query('INSERT INTO `Ca...', 0)
#1 C:\wamp64\www\Api_Template\system\Database\BaseConnection.php(691): CodeIgniter\Database\MySQLi\Connection->execute('INSERT INTO `Ca...')
#2 C:\wamp64\www\Api_Template\system\Database\BaseConnection.php(605): CodeIgniter\Database\BaseConnection->simpleQuery('INSERT INTO `Ca...')
#3 C:\wamp64\www\Api_Template\system\Database\BaseBuilder.php(2309): CodeIgniter\Database\BaseConnection->query('INSERT INTO `Ca...', Array, false)
#4 C:\wamp64\www\Api_Template\app\Models\Producto.php(39): CodeIgniter\Database\BaseBuilder->insert(Array)
#5 C:\wamp64\www\Api_Template\app\Controllers\Productos.php(58): App\Models\Producto->insert(Array)
#6 C:\wamp64\www\Api_Template\system\CodeIgniter.php(934): App\Controllers\Productos->CrearProducto()
#7 C:\wamp64\www\Api_Template\system\CodeIgniter.php(499): CodeIgniter\CodeIgniter->runController(Object(App\Controllers\Productos))
#8 C:\wamp64\www\Api_Template\system\CodeIgniter.php(368): CodeIgniter\CodeIgniter->handleRequest(NULL, Object(Config\Cache), false)
#9 C:\wamp64\www\Api_Template\index.php(73): CodeIgniter\CodeIgniter->run()
#10 {main}
CRITICAL - 2024-09-30 12:22:37 --> Cannot add or update a child row: a foreign key constraint fails (`cointic_template`.`catproduct_fort`, CONSTRAINT `relmarca_products` FOREIGN KEY (`idProducto_Fort`) REFERENCES `relmarcasolucion` (`idrel`) ON DELETE RESTRICT ON UPDATE RESTRICT)
in SYSTEMPATH\Database\BaseConnection.php on line 645.
 1 SYSTEMPATH\Database\BaseBuilder.php(2309): CodeIgniter\Database\BaseConnection->query('INSERT INTO `CatProduct_Fort` (`Unit`, `SKU`, `Description`, `Price`, `Contract_1Yr`, `Contract_2Yr`, `Contract_3Yr`, `Contract_4Yr`, `Contract_5Yr`, `Comments`, `Category`) VALUES (:Unit:, :SKU:, :Description:, :Price:, :Contract_1Yr:, :Contract_2Yr:, :Contract_3Yr:, :Contract_4Yr:, :Contract_5Yr:, :Comments:, :Category:)', [...], false)
 2 APPPATH\Models\Producto.php(39): CodeIgniter\Database\BaseBuilder->insert([...])
 3 APPPATH\Controllers\Productos.php(58): App\Models\Producto->insert([...])
 4 SYSTEMPATH\CodeIgniter.php(934): App\Controllers\Productos->CrearProducto()
 5 SYSTEMPATH\CodeIgniter.php(499): CodeIgniter\CodeIgniter->runController(Object(App\Controllers\Productos))
 6 SYSTEMPATH\CodeIgniter.php(368): CodeIgniter\CodeIgniter->handleRequest(null, Object(Config\Cache), false)
 7 FCPATH\index.php(73): CodeIgniter\CodeIgniter->run()
ERROR - 2024-09-30 12:22:37 --> mysqli_sql_exception: Cannot add or update a child row: a foreign key constraint fails (`cointic_template`.`catproduct_fort`, CONSTRAINT `relmarca_products` FOREIGN KEY (`idProducto_Fort`) REFERENCES `relmarcasolucion` (`idrel`) ON DELETE RESTRICT ON UPDATE RESTRICT) in C:\wamp64\www\Api_Template\system\Database\MySQLi\Connection.php:295
Stack trace:
#0 C:\wamp64\www\Api_Template\system\Database\MySQLi\Connection.php(295): mysqli->query('INSERT INTO `Ca...', 0)
#1 C:\wamp64\www\Api_Template\system\Database\BaseConnection.php(691): CodeIgniter\Database\MySQLi\Connection->execute('INSERT INTO `Ca...')
#2 C:\wamp64\www\Api_Template\system\Database\BaseConnection.php(605): CodeIgniter\Database\BaseConnection->simpleQuery('INSERT INTO `Ca...')
#3 C:\wamp64\www\Api_Template\system\Database\BaseBuilder.php(2309): CodeIgniter\Database\BaseConnection->query('INSERT INTO `Ca...', Array, false)
#4 C:\wamp64\www\Api_Template\app\Models\Producto.php(39): CodeIgniter\Database\BaseBuilder->insert(Array)
#5 C:\wamp64\www\Api_Template\app\Controllers\Productos.php(58): App\Models\Producto->insert(Array)
#6 C:\wamp64\www\Api_Template\system\CodeIgniter.php(934): App\Controllers\Productos->CrearProducto()
#7 C:\wamp64\www\Api_Template\system\CodeIgniter.php(499): CodeIgniter\CodeIgniter->runController(Object(App\Controllers\Productos))
#8 C:\wamp64\www\Api_Template\system\CodeIgniter.php(368): CodeIgniter\CodeIgniter->handleRequest(NULL, Object(Config\Cache), false)
#9 C:\wamp64\www\Api_Template\index.php(73): CodeIgniter\CodeIgniter->run()
#10 {main}
CRITICAL - 2024-09-30 12:22:37 --> Cannot add or update a child row: a foreign key constraint fails (`cointic_template`.`catproduct_fort`, CONSTRAINT `relmarca_products` FOREIGN KEY (`idProducto_Fort`) REFERENCES `relmarcasolucion` (`idrel`) ON DELETE RESTRICT ON UPDATE RESTRICT)
in SYSTEMPATH\Database\BaseConnection.php on line 645.
 1 SYSTEMPATH\Database\BaseBuilder.php(2309): CodeIgniter\Database\BaseConnection->query('INSERT INTO `CatProduct_Fort` (`Unit`, `SKU`, `Description`, `Price`, `Contract_1Yr`, `Contract_2Yr`, `Contract_3Yr`, `Contract_4Yr`, `Contract_5Yr`, `Comments`, `Category`) VALUES (:Unit:, :SKU:, :Description:, :Price:, :Contract_1Yr:, :Contract_2Yr:, :Contract_3Yr:, :Contract_4Yr:, :Contract_5Yr:, :Comments:, :Category:)', [...], false)
 2 APPPATH\Models\Producto.php(39): CodeIgniter\Database\BaseBuilder->insert([...])
 3 APPPATH\Controllers\Productos.php(58): App\Models\Producto->insert([...])
 4 SYSTEMPATH\CodeIgniter.php(934): App\Controllers\Productos->CrearProducto()
 5 SYSTEMPATH\CodeIgniter.php(499): CodeIgniter\CodeIgniter->runController(Object(App\Controllers\Productos))
 6 SYSTEMPATH\CodeIgniter.php(368): CodeIgniter\CodeIgniter->handleRequest(null, Object(Config\Cache), false)
 7 FCPATH\index.php(73): CodeIgniter\CodeIgniter->run()
ERROR - 2024-09-30 12:22:38 --> mysqli_sql_exception: Cannot add or update a child row: a foreign key constraint fails (`cointic_template`.`catproduct_fort`, CONSTRAINT `relmarca_products` FOREIGN KEY (`idProducto_Fort`) REFERENCES `relmarcasolucion` (`idrel`) ON DELETE RESTRICT ON UPDATE RESTRICT) in C:\wamp64\www\Api_Template\system\Database\MySQLi\Connection.php:295
Stack trace:
#0 C:\wamp64\www\Api_Template\system\Database\MySQLi\Connection.php(295): mysqli->query('INSERT INTO `Ca...', 0)
#1 C:\wamp64\www\Api_Template\system\Database\BaseConnection.php(691): CodeIgniter\Database\MySQLi\Connection->execute('INSERT INTO `Ca...')
#2 C:\wamp64\www\Api_Template\system\Database\BaseConnection.php(605): CodeIgniter\Database\BaseConnection->simpleQuery('INSERT INTO `Ca...')
#3 C:\wamp64\www\Api_Template\system\Database\BaseBuilder.php(2309): CodeIgniter\Database\BaseConnection->query('INSERT INTO `Ca...', Array, false)
#4 C:\wamp64\www\Api_Template\app\Models\Producto.php(39): CodeIgniter\Database\BaseBuilder->insert(Array)
#5 C:\wamp64\www\Api_Template\app\Controllers\Productos.php(58): App\Models\Producto->insert(Array)
#6 C:\wamp64\www\Api_Template\system\CodeIgniter.php(934): App\Controllers\Productos->CrearProducto()
#7 C:\wamp64\www\Api_Template\system\CodeIgniter.php(499): CodeIgniter\CodeIgniter->runController(Object(App\Controllers\Productos))
#8 C:\wamp64\www\Api_Template\system\CodeIgniter.php(368): CodeIgniter\CodeIgniter->handleRequest(NULL, Object(Config\Cache), false)
#9 C:\wamp64\www\Api_Template\index.php(73): CodeIgniter\CodeIgniter->run()
#10 {main}
CRITICAL - 2024-09-30 12:22:38 --> Cannot add or update a child row: a foreign key constraint fails (`cointic_template`.`catproduct_fort`, CONSTRAINT `relmarca_products` FOREIGN KEY (`idProducto_Fort`) REFERENCES `relmarcasolucion` (`idrel`) ON DELETE RESTRICT ON UPDATE RESTRICT)
in SYSTEMPATH\Database\BaseConnection.php on line 645.
 1 SYSTEMPATH\Database\BaseBuilder.php(2309): CodeIgniter\Database\BaseConnection->query('INSERT INTO `CatProduct_Fort` (`Unit`, `SKU`, `Description`, `Price`, `Contract_1Yr`, `Contract_2Yr`, `Contract_3Yr`, `Contract_4Yr`, `Contract_5Yr`, `Comments`, `Category`) VALUES (:Unit:, :SKU:, :Description:, :Price:, :Contract_1Yr:, :Contract_2Yr:, :Contract_3Yr:, :Contract_4Yr:, :Contract_5Yr:, :Comments:, :Category:)', [...], false)
 2 APPPATH\Models\Producto.php(39): CodeIgniter\Database\BaseBuilder->insert([...])
 3 APPPATH\Controllers\Productos.php(58): App\Models\Producto->insert([...])
 4 SYSTEMPATH\CodeIgniter.php(934): App\Controllers\Productos->CrearProducto()
 5 SYSTEMPATH\CodeIgniter.php(499): CodeIgniter\CodeIgniter->runController(Object(App\Controllers\Productos))
 6 SYSTEMPATH\CodeIgniter.php(368): CodeIgniter\CodeIgniter->handleRequest(null, Object(Config\Cache), false)
 7 FCPATH\index.php(73): CodeIgniter\CodeIgniter->run()
ERROR - 2024-09-30 12:22:38 --> mysqli_sql_exception: Cannot add or update a child row: a foreign key constraint fails (`cointic_template`.`catproduct_fort`, CONSTRAINT `relmarca_products` FOREIGN KEY (`idProducto_Fort`) REFERENCES `relmarcasolucion` (`idrel`) ON DELETE RESTRICT ON UPDATE RESTRICT) in C:\wamp64\www\Api_Template\system\Database\MySQLi\Connection.php:295
Stack trace:
#0 C:\wamp64\www\Api_Template\system\Database\MySQLi\Connection.php(295): mysqli->query('INSERT INTO `Ca...', 0)
#1 C:\wamp64\www\Api_Template\system\Database\BaseConnection.php(691): CodeIgniter\Database\MySQLi\Connection->execute('INSERT INTO `Ca...')
#2 C:\wamp64\www\Api_Template\system\Database\BaseConnection.php(605): CodeIgniter\Database\BaseConnection->simpleQuery('INSERT INTO `Ca...')
#3 C:\wamp64\www\Api_Template\system\Database\BaseBuilder.php(2309): CodeIgniter\Database\BaseConnection->query('INSERT INTO `Ca...', Array, false)
#4 C:\wamp64\www\Api_Template\app\Models\Producto.php(39): CodeIgniter\Database\BaseBuilder->insert(Array)
#5 C:\wamp64\www\Api_Template\app\Controllers\Productos.php(58): App\Models\Producto->insert(Array)
#6 C:\wamp64\www\Api_Template\system\CodeIgniter.php(934): App\Controllers\Productos->CrearProducto()
#7 C:\wamp64\www\Api_Template\system\CodeIgniter.php(499): CodeIgniter\CodeIgniter->runController(Object(App\Controllers\Productos))
#8 C:\wamp64\www\Api_Template\system\CodeIgniter.php(368): CodeIgniter\CodeIgniter->handleRequest(NULL, Object(Config\Cache), false)
#9 C:\wamp64\www\Api_Template\index.php(73): CodeIgniter\CodeIgniter->run()
#10 {main}
CRITICAL - 2024-09-30 12:22:38 --> Cannot add or update a child row: a foreign key constraint fails (`cointic_template`.`catproduct_fort`, CONSTRAINT `relmarca_products` FOREIGN KEY (`idProducto_Fort`) REFERENCES `relmarcasolucion` (`idrel`) ON DELETE RESTRICT ON UPDATE RESTRICT)
in SYSTEMPATH\Database\BaseConnection.php on line 645.
 1 SYSTEMPATH\Database\BaseBuilder.php(2309): CodeIgniter\Database\BaseConnection->query('INSERT INTO `CatProduct_Fort` (`Unit`, `SKU`, `Description`, `Price`, `Contract_1Yr`, `Contract_2Yr`, `Contract_3Yr`, `Contract_4Yr`, `Contract_5Yr`, `Comments`, `Category`) VALUES (:Unit:, :SKU:, :Description:, :Price:, :Contract_1Yr:, :Contract_2Yr:, :Contract_3Yr:, :Contract_4Yr:, :Contract_5Yr:, :Comments:, :Category:)', [...], false)
 2 APPPATH\Models\Producto.php(39): CodeIgniter\Database\BaseBuilder->insert([...])
 3 APPPATH\Controllers\Productos.php(58): App\Models\Producto->insert([...])
 4 SYSTEMPATH\CodeIgniter.php(934): App\Controllers\Productos->CrearProducto()
 5 SYSTEMPATH\CodeIgniter.php(499): CodeIgniter\CodeIgniter->runController(Object(App\Controllers\Productos))
 6 SYSTEMPATH\CodeIgniter.php(368): CodeIgniter\CodeIgniter->handleRequest(null, Object(Config\Cache), false)
 7 FCPATH\index.php(73): CodeIgniter\CodeIgniter->run()
ERROR - 2024-09-30 12:22:38 --> mysqli_sql_exception: Cannot add or update a child row: a foreign key constraint fails (`cointic_template`.`catproduct_fort`, CONSTRAINT `relmarca_products` FOREIGN KEY (`idProducto_Fort`) REFERENCES `relmarcasolucion` (`idrel`) ON DELETE RESTRICT ON UPDATE RESTRICT) in C:\wamp64\www\Api_Template\system\Database\MySQLi\Connection.php:295
Stack trace:
#0 C:\wamp64\www\Api_Template\system\Database\MySQLi\Connection.php(295): mysqli->query('INSERT INTO `Ca...', 0)
#1 C:\wamp64\www\Api_Template\system\Database\BaseConnection.php(691): CodeIgniter\Database\MySQLi\Connection->execute('INSERT INTO `Ca...')
#2 C:\wamp64\www\Api_Template\system\Database\BaseConnection.php(605): CodeIgniter\Database\BaseConnection->simpleQuery('INSERT INTO `Ca...')
#3 C:\wamp64\www\Api_Template\system\Database\BaseBuilder.php(2309): CodeIgniter\Database\BaseConnection->query('INSERT INTO `Ca...', Array, false)
#4 C:\wamp64\www\Api_Template\app\Models\Producto.php(39): CodeIgniter\Database\BaseBuilder->insert(Array)
#5 C:\wamp64\www\Api_Template\app\Controllers\Productos.php(58): App\Models\Producto->insert(Array)
#6 C:\wamp64\www\Api_Template\system\CodeIgniter.php(934): App\Controllers\Productos->CrearProducto()
#7 C:\wamp64\www\Api_Template\system\CodeIgniter.php(499): CodeIgniter\CodeIgniter->runController(Object(App\Controllers\Productos))
#8 C:\wamp64\www\Api_Template\system\CodeIgniter.php(368): CodeIgniter\CodeIgniter->handleRequest(NULL, Object(Config\Cache), false)
#9 C:\wamp64\www\Api_Template\index.php(73): CodeIgniter\CodeIgniter->run()
#10 {main}
CRITICAL - 2024-09-30 12:22:38 --> Cannot add or update a child row: a foreign key constraint fails (`cointic_template`.`catproduct_fort`, CONSTRAINT `relmarca_products` FOREIGN KEY (`idProducto_Fort`) REFERENCES `relmarcasolucion` (`idrel`) ON DELETE RESTRICT ON UPDATE RESTRICT)
in SYSTEMPATH\Database\BaseConnection.php on line 645.
 1 SYSTEMPATH\Database\BaseBuilder.php(2309): CodeIgniter\Database\BaseConnection->query('INSERT INTO `CatProduct_Fort` (`Unit`, `SKU`, `Description`, `Price`, `Contract_1Yr`, `Contract_2Yr`, `Contract_3Yr`, `Contract_4Yr`, `Contract_5Yr`, `Comments`, `Category`) VALUES (:Unit:, :SKU:, :Description:, :Price:, :Contract_1Yr:, :Contract_2Yr:, :Contract_3Yr:, :Contract_4Yr:, :Contract_5Yr:, :Comments:, :Category:)', [...], false)
 2 APPPATH\Models\Producto.php(39): CodeIgniter\Database\BaseBuilder->insert([...])
 3 APPPATH\Controllers\Productos.php(58): App\Models\Producto->insert([...])
 4 SYSTEMPATH\CodeIgniter.php(934): App\Controllers\Productos->CrearProducto()
 5 SYSTEMPATH\CodeIgniter.php(499): CodeIgniter\CodeIgniter->runController(Object(App\Controllers\Productos))
 6 SYSTEMPATH\CodeIgniter.php(368): CodeIgniter\CodeIgniter->handleRequest(null, Object(Config\Cache), false)
 7 FCPATH\index.php(73): CodeIgniter\CodeIgniter->run()
ERROR - 2024-09-30 12:22:49 --> mysqli_sql_exception: Cannot add or update a child row: a foreign key constraint fails (`cointic_template`.`catproduct_fort`, CONSTRAINT `relmarca_products` FOREIGN KEY (`idProducto_Fort`) REFERENCES `relmarcasolucion` (`idrel`) ON DELETE RESTRICT ON UPDATE RESTRICT) in C:\wamp64\www\Api_Template\system\Database\MySQLi\Connection.php:295
Stack trace:
#0 C:\wamp64\www\Api_Template\system\Database\MySQLi\Connection.php(295): mysqli->query('INSERT INTO `Ca...', 0)
#1 C:\wamp64\www\Api_Template\system\Database\BaseConnection.php(691): CodeIgniter\Database\MySQLi\Connection->execute('INSERT INTO `Ca...')
#2 C:\wamp64\www\Api_Template\system\Database\BaseConnection.php(605): CodeIgniter\Database\BaseConnection->simpleQuery('INSERT INTO `Ca...')
#3 C:\wamp64\www\Api_Template\system\Database\BaseBuilder.php(2309): CodeIgniter\Database\BaseConnection->query('INSERT INTO `Ca...', Array, false)
#4 C:\wamp64\www\Api_Template\app\Models\Producto.php(39): CodeIgniter\Database\BaseBuilder->insert(Array)
#5 C:\wamp64\www\Api_Template\app\Controllers\Productos.php(58): App\Models\Producto->insert(Array)
#6 C:\wamp64\www\Api_Template\system\CodeIgniter.php(934): App\Controllers\Productos->CrearProducto()
#7 C:\wamp64\www\Api_Template\system\CodeIgniter.php(499): CodeIgniter\CodeIgniter->runController(Object(App\Controllers\Productos))
#8 C:\wamp64\www\Api_Template\system\CodeIgniter.php(368): CodeIgniter\CodeIgniter->handleRequest(NULL, Object(Config\Cache), false)
#9 C:\wamp64\www\Api_Template\index.php(73): CodeIgniter\CodeIgniter->run()
#10 {main}
CRITICAL - 2024-09-30 12:22:49 --> Cannot add or update a child row: a foreign key constraint fails (`cointic_template`.`catproduct_fort`, CONSTRAINT `relmarca_products` FOREIGN KEY (`idProducto_Fort`) REFERENCES `relmarcasolucion` (`idrel`) ON DELETE RESTRICT ON UPDATE RESTRICT)
in SYSTEMPATH\Database\BaseConnection.php on line 645.
 1 SYSTEMPATH\Database\BaseBuilder.php(2309): CodeIgniter\Database\BaseConnection->query('INSERT INTO `CatProduct_Fort` (`Unit`, `SKU`, `Description`, `Price`, `Contract_1Yr`, `Contract_2Yr`, `Contract_3Yr`, `Contract_4Yr`, `Contract_5Yr`, `Comments`, `Category`) VALUES (:Unit:, :SKU:, :Description:, :Price:, :Contract_1Yr:, :Contract_2Yr:, :Contract_3Yr:, :Contract_4Yr:, :Contract_5Yr:, :Comments:, :Category:)', [...], false)
 2 APPPATH\Models\Producto.php(39): CodeIgniter\Database\BaseBuilder->insert([...])
 3 APPPATH\Controllers\Productos.php(58): App\Models\Producto->insert([...])
 4 SYSTEMPATH\CodeIgniter.php(934): App\Controllers\Productos->CrearProducto()
 5 SYSTEMPATH\CodeIgniter.php(499): CodeIgniter\CodeIgniter->runController(Object(App\Controllers\Productos))
 6 SYSTEMPATH\CodeIgniter.php(368): CodeIgniter\CodeIgniter->handleRequest(null, Object(Config\Cache), false)
 7 FCPATH\index.php(73): CodeIgniter\CodeIgniter->run()
ERROR - 2024-09-30 12:31:36 --> mysqli_sql_exception: Cannot add or update a child row: a foreign key constraint fails (`cointic_template`.`catproduct_fort`, CONSTRAINT `relmarca_products` FOREIGN KEY (`idProducto_Fort`) REFERENCES `relmarcasolucion` (`idrel`) ON DELETE RESTRICT ON UPDATE RESTRICT) in C:\wamp64\www\Api_Template\system\Database\MySQLi\Connection.php:295
Stack trace:
#0 C:\wamp64\www\Api_Template\system\Database\MySQLi\Connection.php(295): mysqli->query('INSERT INTO `Ca...', 0)
#1 C:\wamp64\www\Api_Template\system\Database\BaseConnection.php(691): CodeIgniter\Database\MySQLi\Connection->execute('INSERT INTO `Ca...')
#2 C:\wamp64\www\Api_Template\system\Database\BaseConnection.php(605): CodeIgniter\Database\BaseConnection->simpleQuery('INSERT INTO `Ca...')
#3 C:\wamp64\www\Api_Template\system\Database\BaseBuilder.php(2309): CodeIgniter\Database\BaseConnection->query('INSERT INTO `Ca...', Array, false)
#4 C:\wamp64\www\Api_Template\app\Models\Producto.php(39): CodeIgniter\Database\BaseBuilder->insert(Array)
#5 C:\wamp64\www\Api_Template\app\Controllers\Productos.php(58): App\Models\Producto->insert(Array)
#6 C:\wamp64\www\Api_Template\system\CodeIgniter.php(934): App\Controllers\Productos->CrearProducto()
#7 C:\wamp64\www\Api_Template\system\CodeIgniter.php(499): CodeIgniter\CodeIgniter->runController(Object(App\Controllers\Productos))
#8 C:\wamp64\www\Api_Template\system\CodeIgniter.php(368): CodeIgniter\CodeIgniter->handleRequest(NULL, Object(Config\Cache), false)
#9 C:\wamp64\www\Api_Template\index.php(73): CodeIgniter\CodeIgniter->run()
#10 {main}
CRITICAL - 2024-09-30 12:31:36 --> Cannot add or update a child row: a foreign key constraint fails (`cointic_template`.`catproduct_fort`, CONSTRAINT `relmarca_products` FOREIGN KEY (`idProducto_Fort`) REFERENCES `relmarcasolucion` (`idrel`) ON DELETE RESTRICT ON UPDATE RESTRICT)
in SYSTEMPATH\Database\BaseConnection.php on line 645.
 1 SYSTEMPATH\Database\BaseBuilder.php(2309): CodeIgniter\Database\BaseConnection->query('INSERT INTO `CatProduct_Fort` (`Unit`, `SKU`, `Description`, `Price`, `Contract_1Yr`, `Contract_2Yr`, `Contract_3Yr`, `Contract_4Yr`, `Contract_5Yr`, `Comments`, `Category`) VALUES (:Unit:, :SKU:, :Description:, :Price:, :Contract_1Yr:, :Contract_2Yr:, :Contract_3Yr:, :Contract_4Yr:, :Contract_5Yr:, :Comments:, :Category:)', [...], false)
 2 APPPATH\Models\Producto.php(39): CodeIgniter\Database\BaseBuilder->insert([...])
 3 APPPATH\Controllers\Productos.php(58): App\Models\Producto->insert([...])
 4 SYSTEMPATH\CodeIgniter.php(934): App\Controllers\Productos->CrearProducto()
 5 SYSTEMPATH\CodeIgniter.php(499): CodeIgniter\CodeIgniter->runController(Object(App\Controllers\Productos))
 6 SYSTEMPATH\CodeIgniter.php(368): CodeIgniter\CodeIgniter->handleRequest(null, Object(Config\Cache), false)
 7 FCPATH\index.php(73): CodeIgniter\CodeIgniter->run()
ERROR - 2024-09-30 12:31:37 --> mysqli_sql_exception: Cannot add or update a child row: a foreign key constraint fails (`cointic_template`.`catproduct_fort`, CONSTRAINT `relmarca_products` FOREIGN KEY (`idProducto_Fort`) REFERENCES `relmarcasolucion` (`idrel`) ON DELETE RESTRICT ON UPDATE RESTRICT) in C:\wamp64\www\Api_Template\system\Database\MySQLi\Connection.php:295
Stack trace:
#0 C:\wamp64\www\Api_Template\system\Database\MySQLi\Connection.php(295): mysqli->query('INSERT INTO `Ca...', 0)
#1 C:\wamp64\www\Api_Template\system\Database\BaseConnection.php(691): CodeIgniter\Database\MySQLi\Connection->execute('INSERT INTO `Ca...')
#2 C:\wamp64\www\Api_Template\system\Database\BaseConnection.php(605): CodeIgniter\Database\BaseConnection->simpleQuery('INSERT INTO `Ca...')
#3 C:\wamp64\www\Api_Template\system\Database\BaseBuilder.php(2309): CodeIgniter\Database\BaseConnection->query('INSERT INTO `Ca...', Array, false)
#4 C:\wamp64\www\Api_Template\app\Models\Producto.php(39): CodeIgniter\Database\BaseBuilder->insert(Array)
#5 C:\wamp64\www\Api_Template\app\Controllers\Productos.php(58): App\Models\Producto->insert(Array)
#6 C:\wamp64\www\Api_Template\system\CodeIgniter.php(934): App\Controllers\Productos->CrearProducto()
#7 C:\wamp64\www\Api_Template\system\CodeIgniter.php(499): CodeIgniter\CodeIgniter->runController(Object(App\Controllers\Productos))
#8 C:\wamp64\www\Api_Template\system\CodeIgniter.php(368): CodeIgniter\CodeIgniter->handleRequest(NULL, Object(Config\Cache), false)
#9 C:\wamp64\www\Api_Template\index.php(73): CodeIgniter\CodeIgniter->run()
#10 {main}
CRITICAL - 2024-09-30 12:31:37 --> Cannot add or update a child row: a foreign key constraint fails (`cointic_template`.`catproduct_fort`, CONSTRAINT `relmarca_products` FOREIGN KEY (`idProducto_Fort`) REFERENCES `relmarcasolucion` (`idrel`) ON DELETE RESTRICT ON UPDATE RESTRICT)
in SYSTEMPATH\Database\BaseConnection.php on line 645.
 1 SYSTEMPATH\Database\BaseBuilder.php(2309): CodeIgniter\Database\BaseConnection->query('INSERT INTO `CatProduct_Fort` (`Unit`, `SKU`, `Description`, `Price`, `Contract_1Yr`, `Contract_2Yr`, `Contract_3Yr`, `Contract_4Yr`, `Contract_5Yr`, `Comments`, `Category`) VALUES (:Unit:, :SKU:, :Description:, :Price:, :Contract_1Yr:, :Contract_2Yr:, :Contract_3Yr:, :Contract_4Yr:, :Contract_5Yr:, :Comments:, :Category:)', [...], false)
 2 APPPATH\Models\Producto.php(39): CodeIgniter\Database\BaseBuilder->insert([...])
 3 APPPATH\Controllers\Productos.php(58): App\Models\Producto->insert([...])
 4 SYSTEMPATH\CodeIgniter.php(934): App\Controllers\Productos->CrearProducto()
 5 SYSTEMPATH\CodeIgniter.php(499): CodeIgniter\CodeIgniter->runController(Object(App\Controllers\Productos))
 6 SYSTEMPATH\CodeIgniter.php(368): CodeIgniter\CodeIgniter->handleRequest(null, Object(Config\Cache), false)
 7 FCPATH\index.php(73): CodeIgniter\CodeIgniter->run()
ERROR - 2024-09-30 12:31:37 --> mysqli_sql_exception: Cannot add or update a child row: a foreign key constraint fails (`cointic_template`.`catproduct_fort`, CONSTRAINT `relmarca_products` FOREIGN KEY (`idProducto_Fort`) REFERENCES `relmarcasolucion` (`idrel`) ON DELETE RESTRICT ON UPDATE RESTRICT) in C:\wamp64\www\Api_Template\system\Database\MySQLi\Connection.php:295
Stack trace:
#0 C:\wamp64\www\Api_Template\system\Database\MySQLi\Connection.php(295): mysqli->query('INSERT INTO `Ca...', 0)
#1 C:\wamp64\www\Api_Template\system\Database\BaseConnection.php(691): CodeIgniter\Database\MySQLi\Connection->execute('INSERT INTO `Ca...')
#2 C:\wamp64\www\Api_Template\system\Database\BaseConnection.php(605): CodeIgniter\Database\BaseConnection->simpleQuery('INSERT INTO `Ca...')
#3 C:\wamp64\www\Api_Template\system\Database\BaseBuilder.php(2309): CodeIgniter\Database\BaseConnection->query('INSERT INTO `Ca...', Array, false)
#4 C:\wamp64\www\Api_Template\app\Models\Producto.php(39): CodeIgniter\Database\BaseBuilder->insert(Array)
#5 C:\wamp64\www\Api_Template\app\Controllers\Productos.php(58): App\Models\Producto->insert(Array)
#6 C:\wamp64\www\Api_Template\system\CodeIgniter.php(934): App\Controllers\Productos->CrearProducto()
#7 C:\wamp64\www\Api_Template\system\CodeIgniter.php(499): CodeIgniter\CodeIgniter->runController(Object(App\Controllers\Productos))
#8 C:\wamp64\www\Api_Template\system\CodeIgniter.php(368): CodeIgniter\CodeIgniter->handleRequest(NULL, Object(Config\Cache), false)
#9 C:\wamp64\www\Api_Template\index.php(73): CodeIgniter\CodeIgniter->run()
#10 {main}
CRITICAL - 2024-09-30 12:31:37 --> Cannot add or update a child row: a foreign key constraint fails (`cointic_template`.`catproduct_fort`, CONSTRAINT `relmarca_products` FOREIGN KEY (`idProducto_Fort`) REFERENCES `relmarcasolucion` (`idrel`) ON DELETE RESTRICT ON UPDATE RESTRICT)
in SYSTEMPATH\Database\BaseConnection.php on line 645.
 1 SYSTEMPATH\Database\BaseBuilder.php(2309): CodeIgniter\Database\BaseConnection->query('INSERT INTO `CatProduct_Fort` (`Unit`, `SKU`, `Description`, `Price`, `Contract_1Yr`, `Contract_2Yr`, `Contract_3Yr`, `Contract_4Yr`, `Contract_5Yr`, `Comments`, `Category`) VALUES (:Unit:, :SKU:, :Description:, :Price:, :Contract_1Yr:, :Contract_2Yr:, :Contract_3Yr:, :Contract_4Yr:, :Contract_5Yr:, :Comments:, :Category:)', [...], false)
 2 APPPATH\Models\Producto.php(39): CodeIgniter\Database\BaseBuilder->insert([...])
 3 APPPATH\Controllers\Productos.php(58): App\Models\Producto->insert([...])
 4 SYSTEMPATH\CodeIgniter.php(934): App\Controllers\Productos->CrearProducto()
 5 SYSTEMPATH\CodeIgniter.php(499): CodeIgniter\CodeIgniter->runController(Object(App\Controllers\Productos))
 6 SYSTEMPATH\CodeIgniter.php(368): CodeIgniter\CodeIgniter->handleRequest(null, Object(Config\Cache), false)
 7 FCPATH\index.php(73): CodeIgniter\CodeIgniter->run()
ERROR - 2024-09-30 12:31:37 --> mysqli_sql_exception: Cannot add or update a child row: a foreign key constraint fails (`cointic_template`.`catproduct_fort`, CONSTRAINT `relmarca_products` FOREIGN KEY (`idProducto_Fort`) REFERENCES `relmarcasolucion` (`idrel`) ON DELETE RESTRICT ON UPDATE RESTRICT) in C:\wamp64\www\Api_Template\system\Database\MySQLi\Connection.php:295
Stack trace:
#0 C:\wamp64\www\Api_Template\system\Database\MySQLi\Connection.php(295): mysqli->query('INSERT INTO `Ca...', 0)
#1 C:\wamp64\www\Api_Template\system\Database\BaseConnection.php(691): CodeIgniter\Database\MySQLi\Connection->execute('INSERT INTO `Ca...')
#2 C:\wamp64\www\Api_Template\system\Database\BaseConnection.php(605): CodeIgniter\Database\BaseConnection->simpleQuery('INSERT INTO `Ca...')
#3 C:\wamp64\www\Api_Template\system\Database\BaseBuilder.php(2309): CodeIgniter\Database\BaseConnection->query('INSERT INTO `Ca...', Array, false)
#4 C:\wamp64\www\Api_Template\app\Models\Producto.php(39): CodeIgniter\Database\BaseBuilder->insert(Array)
#5 C:\wamp64\www\Api_Template\app\Controllers\Productos.php(58): App\Models\Producto->insert(Array)
#6 C:\wamp64\www\Api_Template\system\CodeIgniter.php(934): App\Controllers\Productos->CrearProducto()
#7 C:\wamp64\www\Api_Template\system\CodeIgniter.php(499): CodeIgniter\CodeIgniter->runController(Object(App\Controllers\Productos))
#8 C:\wamp64\www\Api_Template\system\CodeIgniter.php(368): CodeIgniter\CodeIgniter->handleRequest(NULL, Object(Config\Cache), false)
#9 C:\wamp64\www\Api_Template\index.php(73): CodeIgniter\CodeIgniter->run()
#10 {main}
CRITICAL - 2024-09-30 12:31:37 --> Cannot add or update a child row: a foreign key constraint fails (`cointic_template`.`catproduct_fort`, CONSTRAINT `relmarca_products` FOREIGN KEY (`idProducto_Fort`) REFERENCES `relmarcasolucion` (`idrel`) ON DELETE RESTRICT ON UPDATE RESTRICT)
in SYSTEMPATH\Database\BaseConnection.php on line 645.
 1 SYSTEMPATH\Database\BaseBuilder.php(2309): CodeIgniter\Database\BaseConnection->query('INSERT INTO `CatProduct_Fort` (`Unit`, `SKU`, `Description`, `Price`, `Contract_1Yr`, `Contract_2Yr`, `Contract_3Yr`, `Contract_4Yr`, `Contract_5Yr`, `Comments`, `Category`) VALUES (:Unit:, :SKU:, :Description:, :Price:, :Contract_1Yr:, :Contract_2Yr:, :Contract_3Yr:, :Contract_4Yr:, :Contract_5Yr:, :Comments:, :Category:)', [...], false)
 2 APPPATH\Models\Producto.php(39): CodeIgniter\Database\BaseBuilder->insert([...])
 3 APPPATH\Controllers\Productos.php(58): App\Models\Producto->insert([...])
 4 SYSTEMPATH\CodeIgniter.php(934): App\Controllers\Productos->CrearProducto()
 5 SYSTEMPATH\CodeIgniter.php(499): CodeIgniter\CodeIgniter->runController(Object(App\Controllers\Productos))
 6 SYSTEMPATH\CodeIgniter.php(368): CodeIgniter\CodeIgniter->handleRequest(null, Object(Config\Cache), false)
 7 FCPATH\index.php(73): CodeIgniter\CodeIgniter->run()
ERROR - 2024-09-30 12:31:37 --> mysqli_sql_exception: Cannot add or update a child row: a foreign key constraint fails (`cointic_template`.`catproduct_fort`, CONSTRAINT `relmarca_products` FOREIGN KEY (`idProducto_Fort`) REFERENCES `relmarcasolucion` (`idrel`) ON DELETE RESTRICT ON UPDATE RESTRICT) in C:\wamp64\www\Api_Template\system\Database\MySQLi\Connection.php:295
Stack trace:
#0 C:\wamp64\www\Api_Template\system\Database\MySQLi\Connection.php(295): mysqli->query('INSERT INTO `Ca...', 0)
#1 C:\wamp64\www\Api_Template\system\Database\BaseConnection.php(691): CodeIgniter\Database\MySQLi\Connection->execute('INSERT INTO `Ca...')
#2 C:\wamp64\www\Api_Template\system\Database\BaseConnection.php(605): CodeIgniter\Database\BaseConnection->simpleQuery('INSERT INTO `Ca...')
#3 C:\wamp64\www\Api_Template\system\Database\BaseBuilder.php(2309): CodeIgniter\Database\BaseConnection->query('INSERT INTO `Ca...', Array, false)
#4 C:\wamp64\www\Api_Template\app\Models\Producto.php(39): CodeIgniter\Database\BaseBuilder->insert(Array)
#5 C:\wamp64\www\Api_Template\app\Controllers\Productos.php(58): App\Models\Producto->insert(Array)
#6 C:\wamp64\www\Api_Template\system\CodeIgniter.php(934): App\Controllers\Productos->CrearProducto()
#7 C:\wamp64\www\Api_Template\system\CodeIgniter.php(499): CodeIgniter\CodeIgniter->runController(Object(App\Controllers\Productos))
#8 C:\wamp64\www\Api_Template\system\CodeIgniter.php(368): CodeIgniter\CodeIgniter->handleRequest(NULL, Object(Config\Cache), false)
#9 C:\wamp64\www\Api_Template\index.php(73): CodeIgniter\CodeIgniter->run()
#10 {main}
CRITICAL - 2024-09-30 12:31:38 --> Cannot add or update a child row: a foreign key constraint fails (`cointic_template`.`catproduct_fort`, CONSTRAINT `relmarca_products` FOREIGN KEY (`idProducto_Fort`) REFERENCES `relmarcasolucion` (`idrel`) ON DELETE RESTRICT ON UPDATE RESTRICT)
in SYSTEMPATH\Database\BaseConnection.php on line 645.
 1 SYSTEMPATH\Database\BaseBuilder.php(2309): CodeIgniter\Database\BaseConnection->query('INSERT INTO `CatProduct_Fort` (`Unit`, `SKU`, `Description`, `Price`, `Contract_1Yr`, `Contract_2Yr`, `Contract_3Yr`, `Contract_4Yr`, `Contract_5Yr`, `Comments`, `Category`) VALUES (:Unit:, :SKU:, :Description:, :Price:, :Contract_1Yr:, :Contract_2Yr:, :Contract_3Yr:, :Contract_4Yr:, :Contract_5Yr:, :Comments:, :Category:)', [...], false)
 2 APPPATH\Models\Producto.php(39): CodeIgniter\Database\BaseBuilder->insert([...])
 3 APPPATH\Controllers\Productos.php(58): App\Models\Producto->insert([...])
 4 SYSTEMPATH\CodeIgniter.php(934): App\Controllers\Productos->CrearProducto()
 5 SYSTEMPATH\CodeIgniter.php(499): CodeIgniter\CodeIgniter->runController(Object(App\Controllers\Productos))
 6 SYSTEMPATH\CodeIgniter.php(368): CodeIgniter\CodeIgniter->handleRequest(null, Object(Config\Cache), false)
 7 FCPATH\index.php(73): CodeIgniter\CodeIgniter->run()
ERROR - 2024-09-30 12:31:38 --> mysqli_sql_exception: Cannot add or update a child row: a foreign key constraint fails (`cointic_template`.`catproduct_fort`, CONSTRAINT `relmarca_products` FOREIGN KEY (`idProducto_Fort`) REFERENCES `relmarcasolucion` (`idrel`) ON DELETE RESTRICT ON UPDATE RESTRICT) in C:\wamp64\www\Api_Template\system\Database\MySQLi\Connection.php:295
Stack trace:
#0 C:\wamp64\www\Api_Template\system\Database\MySQLi\Connection.php(295): mysqli->query('INSERT INTO `Ca...', 0)
#1 C:\wamp64\www\Api_Template\system\Database\BaseConnection.php(691): CodeIgniter\Database\MySQLi\Connection->execute('INSERT INTO `Ca...')
#2 C:\wamp64\www\Api_Template\system\Database\BaseConnection.php(605): CodeIgniter\Database\BaseConnection->simpleQuery('INSERT INTO `Ca...')
#3 C:\wamp64\www\Api_Template\system\Database\BaseBuilder.php(2309): CodeIgniter\Database\BaseConnection->query('INSERT INTO `Ca...', Array, false)
#4 C:\wamp64\www\Api_Template\app\Models\Producto.php(39): CodeIgniter\Database\BaseBuilder->insert(Array)
#5 C:\wamp64\www\Api_Template\app\Controllers\Productos.php(58): App\Models\Producto->insert(Array)
#6 C:\wamp64\www\Api_Template\system\CodeIgniter.php(934): App\Controllers\Productos->CrearProducto()
#7 C:\wamp64\www\Api_Template\system\CodeIgniter.php(499): CodeIgniter\CodeIgniter->runController(Object(App\Controllers\Productos))
#8 C:\wamp64\www\Api_Template\system\CodeIgniter.php(368): CodeIgniter\CodeIgniter->handleRequest(NULL, Object(Config\Cache), false)
#9 C:\wamp64\www\Api_Template\index.php(73): CodeIgniter\CodeIgniter->run()
#10 {main}
CRITICAL - 2024-09-30 12:31:38 --> Cannot add or update a child row: a foreign key constraint fails (`cointic_template`.`catproduct_fort`, CONSTRAINT `relmarca_products` FOREIGN KEY (`idProducto_Fort`) REFERENCES `relmarcasolucion` (`idrel`) ON DELETE RESTRICT ON UPDATE RESTRICT)
in SYSTEMPATH\Database\BaseConnection.php on line 645.
 1 SYSTEMPATH\Database\BaseBuilder.php(2309): CodeIgniter\Database\BaseConnection->query('INSERT INTO `CatProduct_Fort` (`Unit`, `SKU`, `Description`, `Price`, `Contract_1Yr`, `Contract_2Yr`, `Contract_3Yr`, `Contract_4Yr`, `Contract_5Yr`, `Comments`, `Category`) VALUES (:Unit:, :SKU:, :Description:, :Price:, :Contract_1Yr:, :Contract_2Yr:, :Contract_3Yr:, :Contract_4Yr:, :Contract_5Yr:, :Comments:, :Category:)', [...], false)
 2 APPPATH\Models\Producto.php(39): CodeIgniter\Database\BaseBuilder->insert([...])
 3 APPPATH\Controllers\Productos.php(58): App\Models\Producto->insert([...])
 4 SYSTEMPATH\CodeIgniter.php(934): App\Controllers\Productos->CrearProducto()
 5 SYSTEMPATH\CodeIgniter.php(499): CodeIgniter\CodeIgniter->runController(Object(App\Controllers\Productos))
 6 SYSTEMPATH\CodeIgniter.php(368): CodeIgniter\CodeIgniter->handleRequest(null, Object(Config\Cache), false)
 7 FCPATH\index.php(73): CodeIgniter\CodeIgniter->run()
ERROR - 2024-09-30 12:31:38 --> mysqli_sql_exception: Cannot add or update a child row: a foreign key constraint fails (`cointic_template`.`catproduct_fort`, CONSTRAINT `relmarca_products` FOREIGN KEY (`idProducto_Fort`) REFERENCES `relmarcasolucion` (`idrel`) ON DELETE RESTRICT ON UPDATE RESTRICT) in C:\wamp64\www\Api_Template\system\Database\MySQLi\Connection.php:295
Stack trace:
#0 C:\wamp64\www\Api_Template\system\Database\MySQLi\Connection.php(295): mysqli->query('INSERT INTO `Ca...', 0)
#1 C:\wamp64\www\Api_Template\system\Database\BaseConnection.php(691): CodeIgniter\Database\MySQLi\Connection->execute('INSERT INTO `Ca...')
#2 C:\wamp64\www\Api_Template\system\Database\BaseConnection.php(605): CodeIgniter\Database\BaseConnection->simpleQuery('INSERT INTO `Ca...')
#3 C:\wamp64\www\Api_Template\system\Database\BaseBuilder.php(2309): CodeIgniter\Database\BaseConnection->query('INSERT INTO `Ca...', Array, false)
#4 C:\wamp64\www\Api_Template\app\Models\Producto.php(39): CodeIgniter\Database\BaseBuilder->insert(Array)
#5 C:\wamp64\www\Api_Template\app\Controllers\Productos.php(58): App\Models\Producto->insert(Array)
#6 C:\wamp64\www\Api_Template\system\CodeIgniter.php(934): App\Controllers\Productos->CrearProducto()
#7 C:\wamp64\www\Api_Template\system\CodeIgniter.php(499): CodeIgniter\CodeIgniter->runController(Object(App\Controllers\Productos))
#8 C:\wamp64\www\Api_Template\system\CodeIgniter.php(368): CodeIgniter\CodeIgniter->handleRequest(NULL, Object(Config\Cache), false)
#9 C:\wamp64\www\Api_Template\index.php(73): CodeIgniter\CodeIgniter->run()
#10 {main}
CRITICAL - 2024-09-30 12:31:38 --> Cannot add or update a child row: a foreign key constraint fails (`cointic_template`.`catproduct_fort`, CONSTRAINT `relmarca_products` FOREIGN KEY (`idProducto_Fort`) REFERENCES `relmarcasolucion` (`idrel`) ON DELETE RESTRICT ON UPDATE RESTRICT)
in SYSTEMPATH\Database\BaseConnection.php on line 645.
 1 SYSTEMPATH\Database\BaseBuilder.php(2309): CodeIgniter\Database\BaseConnection->query('INSERT INTO `CatProduct_Fort` (`Unit`, `SKU`, `Description`, `Price`, `Contract_1Yr`, `Contract_2Yr`, `Contract_3Yr`, `Contract_4Yr`, `Contract_5Yr`, `Comments`, `Category`) VALUES (:Unit:, :SKU:, :Description:, :Price:, :Contract_1Yr:, :Contract_2Yr:, :Contract_3Yr:, :Contract_4Yr:, :Contract_5Yr:, :Comments:, :Category:)', [...], false)
 2 APPPATH\Models\Producto.php(39): CodeIgniter\Database\BaseBuilder->insert([...])
 3 APPPATH\Controllers\Productos.php(58): App\Models\Producto->insert([...])
 4 SYSTEMPATH\CodeIgniter.php(934): App\Controllers\Productos->CrearProducto()
 5 SYSTEMPATH\CodeIgniter.php(499): CodeIgniter\CodeIgniter->runController(Object(App\Controllers\Productos))
 6 SYSTEMPATH\CodeIgniter.php(368): CodeIgniter\CodeIgniter->handleRequest(null, Object(Config\Cache), false)
 7 FCPATH\index.php(73): CodeIgniter\CodeIgniter->run()
